[ibus_protocol] Sliced data:  10 <Buffer >
[ibus_protocol] Buffered messages size:  0
[ibus_protocol] Processing:  605
[ibus_protocol] Current buffer:  <Buffer >
[ibus_protocol] Current chunk:  <Buffer 80>
[ibus_protocol] Concated chunk:  <Buffer 80>
[ibus_protocol] Buffered messages size:  1
[ibus_protocol] Processing:  606
[ibus_protocol] Current buffer:  <Buffer 80>
[ibus_protocol] Current chunk:  <Buffer 0a>
[ibus_protocol] Concated chunk:  <Buffer 80 0a>
[ibus_protocol] Buffered messages size:  2
[ibus_protocol] Processing:  607
[ibus_protocol] Current buffer:  <Buffer 80 0a>
[ibus_protocol] Current chunk:  <Buffer bf>
[ibus_protocol] Concated chunk:  <Buffer 80 0a bf>
[ibus_protocol] Buffered messages size:  3
[ibus_protocol] Processing:  608
[ibus_protocol] Current buffer:  <Buffer 80 0a bf>
[ibus_protocol] Current chunk:  <Buffer 13>
[ibus_protocol] Concated chunk:  <Buffer 80 0a bf 13>
[ibus_protocol] Buffered messages size:  4
[ibus_protocol] Processing:  609
[ibus_protocol] Current buffer:  <Buffer 80 0a bf 13>
[ibus_protocol] Current chunk:  <Buffer 00>
[ibus_protocol] Concated chunk:  <Buffer 80 0a bf 13 00>
[ibus_protocol] Analyzing:  <Buffer 80 0a bf 13 00>
[ibus_protocol] Buffered messages size:  5
[ibus_protocol] Processing:  610
[ibus_protocol] Current buffer:  <Buffer 80 0a bf 13 00>
[ibus_protocol] Current chunk:  <Buffer 00>
[ibus_protocol] Concated chunk:  <Buffer 80 0a bf 13 00 00>
[ibus_protocol] Analyzing:  <Buffer 80 0a bf 13 00 00>
[ibus_protocol] Buffered messages size:  6
[ibus_protocol] Processing:  611
[ibus_protocol] Current buffer:  <Buffer 80 0a bf 13 00 00>
[ibus_protocol] Current chunk:  <Buffer 00>
[ibus_protocol] Concated chunk:  <Buffer 80 0a bf 13 00 00 00>
[ibus_protocol] Analyzing:  <Buffer 80 0a bf 13 00 00 00>
[ibus_protocol] Buffered messages size:  7
[ibus_protocol] Processing:  612
[ibus_protocol] Current buffer:  <Buffer 80 0a bf 13 00 00 00>
[ibus_protocol] Current chunk:  <Buffer 00 00>
[ibus_protocol] Concated chunk:  <Buffer 80 0a bf 13 00 00 00 00 00>
[ibus_protocol] Analyzing:  <Buffer 80 0a bf 13 00 00 00 00 00>
[ibus_protocol] Buffered messages size:  9
[ibus_protocol] Processing:  613
[ibus_protocol] Current buffer:  <Buffer 80 0a bf 13 00 00 00 00 00>
[ibus_protocol] Current chunk:  <Buffer 08>
[ibus_protocol] Concated chunk:  <Buffer 80 0a bf 13 00 00 00 00 00 08>
[ibus_protocol] Analyzing:  <Buffer 80 0a bf 13 00 00 00 00 00 08>
{ id: 1479257784120,
  src: '0',
  len: '0',
  dst: '0',
  msg: <Buffer >,
  crc: '0' }

