# It was probably this:
# IKE,GLO,IKE sensor status Handbrake_On
# 80 BF 13 01 00 00 00 00 00


[ibus_protocol] Sliced data            : 6 <Buffer 00 00 00 08>
[ibus_protocol] Buffered messages size : 4
[ibus_protocol] Processing             : 614
[ibus_protocol] Current buffer         : <Buffer 00 00 00 08>

[ibus_protocol] Current chunk          : <Buffer 16>
[ibus_protocol] Concated chunk         : <Buffer 00 00 00 08 16>
[ibus_protocol] Analyzing              : <Buffer 00 00 00 08 16>
[ibus_protocol] Buffered messages size : 5
[ibus_protocol] Processing             : 615
[ibus_protocol] Current buffer         : <Buffer 00 00 00 08 16>
[ibus_protocol] Current chunk          : <Buffer 38>
[ibus_protocol] Concated chunk         : <Buffer 00 00 00 08 16 38>
[ibus_protocol] Analyzing              : <Buffer 00 00 00 08 16 38>
{ id: 1479257784123,
  src: '0',
  len: '0',
  dst: '0',
  msg: <Buffer >,
  crc: '0' }
