2016-05-09 23:07:53.909:  !
2016-05-09 23:07:53.909:  ! NavCoder v2.9.183.Beta [EN-US] [i/k-bus] logging started
2016-05-09 23:07:53.909:  ! Running on Windows 7 Ultimate Edition, 32-bit (Service Pack 1)  [en-US]
2016-05-09 23:07:53.909:  ! [Debug Mode]
2016-05-09 23:07:53.909:  ! [Procotol = Auto]
2016-05-09 23:07:53.925:  ! Script: Setting Scripting state to Off
2016-05-09 23:07:54.049:  ! showBatteryVoltage: Nave not alive, exiting...
2016-05-09 23:07:54.377:  ! Setting COM port parameters for COM1
2016-05-09 23:07:54.564:  ! COM1 opened
2016-05-09 23:08:03.724:  ! Protocol watchdog timer fired: reverting protcol to Auto
2016-05-09 23:08:03.724:  ! Bus protocol set to Auto
2016-05-09 23:08:05.315:  ! Databus protocol unknown, starting Protocol Detection...
2016-05-09 23:08:05.315:  ! Detecting protocol via analysis of received data; trying i/k-bus protocol...
2016-05-09 23:08:05.315:  ! Bus protocol set to I/K-bus
2016-05-09 23:08:05.315:  ! Protocol detection successful
2016-05-09 23:08:06.641:  !------------------------------------------------------
2016-05-09 23:08:06.641:  !     Workbench Mode (no vehicle detected), Protocol = i/k-bus
2016-05-09 23:08:06.641:  !------------------------------------------------------
2016-05-09 23:08:06.641:  ! BMBT --> GLO : Device status ready, after Reset
2016-05-09 23:08:14.892:  ! Protocol watchdog timer fired: reverting protcol to Auto
2016-05-09 23:08:14.892:  ! Bus protocol set to Auto
2016-05-09 23:08:20.757:  ! Databus protocol unknown, starting Protocol Detection...
2016-05-09 23:08:20.757:  ! Detecting protocol via analysis of received data; trying i/k-bus protocol...
2016-05-09 23:08:20.757:  ! Bus protocol set to I/K-bus
2016-05-09 23:08:20.757:  ! Protocol detection successful
2016-05-09 23:08:22.067:  !------------------------------------------------------
2016-05-09 23:08:22.067:  !     Workbench Mode (no vehicle detected), Protocol = i/k-bus
2016-05-09 23:08:22.067:  !------------------------------------------------------
2016-05-09 23:08:22.067:  ! BMBT --> RAD : Device status request
2016-05-09 23:08:22.067:  ! DIA  --> LCM : Read AIS, Data="02"    [ ]
2016-05-09 23:08:22.067:  ! DIA  --> LCM : Read AIS, Data="02"    [ ]
2016-05-09 23:08:22.067:  ! DIA  --> LCM : Read AIS, Data="02"    [ ]
2016-05-09 23:08:22.067:  ! MID  --> GLO : Device status ready, after Reset
2016-05-09 23:08:30.178:  ! Protocol watchdog timer fired: reverting protcol to Auto
2016-05-09 23:08:30.178:  ! Bus protocol set to Auto
2016-05-09 23:08:30.771:  ! Databus protocol unknown, starting Protocol Detection...
2016-05-09 23:08:30.771:  ! Detecting protocol via analysis of received data; trying i/k-bus protocol...
2016-05-09 23:08:30.771:  ! Bus protocol set to I/K-bus
2016-05-09 23:08:30.771:  ! Protocol detection successful
2016-05-09 23:08:32.081:  !------------------------------------------------------
2016-05-09 23:08:32.081:  !     Workbench Mode (no vehicle detected), Protocol = i/k-bus
2016-05-09 23:08:32.081:  !------------------------------------------------------
2016-05-09 23:08:32.081:  ! MID  --> RAD : Device status request
2016-05-09 23:08:32.081:  ! DIA  --> LCM : Read AIS, Data="02"    [ ]
2016-05-09 23:08:32.081:  ! DIA  --> LCM : Read AIS, Data="02"    [ ]
2016-05-09 23:08:32.081:  ! DIA  --> LCM : Read AIS, Data="02"    [ ]
2016-05-09 23:08:40.332:  ! Protocol watchdog timer fired: reverting protcol to Auto
2016-05-09 23:08:40.332:  ! Bus protocol set to Auto
2016-05-09 23:08:54.292:  ! Databus protocol unknown, starting Protocol Detection...
2016-05-09 23:08:54.292:  ! Detecting protocol via analysis of received data; trying i/k-bus protocol...
2016-05-09 23:08:54.307:  ! Bus protocol set to I/K-bus
2016-05-09 23:08:54.307:  ! Protocol detection successful
2016-05-09 23:08:55.618:  !------------------------------------------------------
2016-05-09 23:08:55.618:  !     Workbench Mode (no vehicle detected), Protocol = i/k-bus
2016-05-09 23:08:55.618:  !------------------------------------------------------
2016-05-09 23:08:55.618:  ! MID  --> RAD : Device status request
2016-05-09 23:08:55.618:  ! DIA  --> LCM : Read AIS, Data="02"    [ ]
2016-05-09 23:08:55.618:  ! DIA  --> LCM : Read AIS, Data="02"    [ ]
2016-05-09 23:08:55.618:  ! DIA  --> LCM : Read AIS, Data="02"    [ ]
2016-05-09 23:08:55.618:  ! MID  --> GLO : Device status ready, after Reset
2016-05-09 23:09:03.744:  ! Protocol watchdog timer fired: reverting protcol to Auto
2016-05-09 23:09:03.744:  ! Bus protocol set to Auto
2016-05-09 23:09:07.066:  ! Databus protocol unknown, starting Protocol Detection...
2016-05-09 23:09:07.066:  ! Detecting protocol via analysis of received data; trying i/k-bus protocol...
2016-05-09 23:09:07.066:  ! Bus protocol set to I/K-bus
2016-05-09 23:09:07.066:  ! Protocol detection successful
2016-05-09 23:09:08.377:  !------------------------------------------------------
2016-05-09 23:09:08.377:  !     Workbench Mode (no vehicle detected), Protocol = i/k-bus
2016-05-09 23:09:08.377:  !------------------------------------------------------
2016-05-09 23:09:08.377:  ! MID  --> RAD : Device status request
2016-05-09 23:09:08.377:  ! DIA  --> LCM : Read AIS, Data="02"    [ ]
2016-05-09 23:09:08.392:  ! DIA  --> LCM : Read AIS, Data="02"    [ ]
2016-05-09 23:09:08.392:  ! DIA  --> LCM : Read AIS, Data="02"    [ ]
2016-05-09 23:09:08.673:  ! IKE  --> LOC : Check Control button, BC_pressed
2016-05-09 23:09:08.860:  ! DIA  --> LCM : Read AIS, Data="02"    [ ]
2016-05-09 23:09:08.860:  ! DIA  --> LCM : Read AIS, Data="02"    [ ]
2016-05-09 23:09:08.876:  ! DIA  --> LCM : Read AIS, Data="02"    [ ]
2016-05-09 23:09:11.996:  ! IKE  --> LOC : Check Control button, CHECK_pressed
2016-05-09 23:09:12.198:  ! IKE  --> LOC : Check Control button, CHECK_released
2016-05-09 23:09:13.056:  ! IKE  --> LOC : Check Control button, CHECK_pressed
2016-05-09 23:09:13.072:  ! IKE  --> LOC : Check Control button, CHECK_released
2016-05-09 23:09:13.618:  ! IKE  --> LOC : Check Control button, BC_pressed
2016-05-09 23:09:16.004:  ! IKE  --> LOC : Check Control button, BC_pressed
2016-05-09 23:09:17.642:  ! IKE  --> LOC : Check Control button, CHECK_pressed
2016-05-09 23:09:19.670:  ! IKE  --> LOC : Check Control button, CHECK_released
2016-05-09 23:09:20.512:  ! IKE  --> LOC : Check Control button, CHECK_pressed
2016-05-09 23:09:21.214:  ! IKE  --> LOC : Check Control button, CHECK_released
2016-05-09 23:09:21.963:  ! IKE  --> LOC : Check Control button, CHECK_pressed
2016-05-09 23:09:22.587:  ! IKE  --> LOC : Check Control button, CHECK_released
2016-05-09 23:09:22.790:  ! IKE  --> LOC : Check Control button, CHECK_pressed
2016-05-09 23:09:31.010:  ! IKE  --> LOC : Check Control button, CHECK_released
2016-05-09 23:09:40.291:  ! Protocol watchdog timer fired: reverting protcol to Auto
2016-05-09 23:09:40.291:  ! Bus protocol set to Auto
2016-05-09 23:09:46.983:  ! NavCoder logging stopped by user
