2016-05-09 22:58:44.460:  !
2016-05-09 22:58:44.460:  ! NavCoder v2.9.183.Beta [EN-US] [i/k-bus] logging started
2016-05-09 22:58:44.460:  ! Running on Windows 7 Ultimate Edition, 32-bit (Service Pack 1)  [en-US]
2016-05-09 22:58:44.460:  ! [Debug Mode]
2016-05-09 22:58:44.460:  ! [Procotol = Auto]
2016-05-09 22:58:44.460:  ! Script: Setting Scripting state to Off
2016-05-09 22:58:44.601:  ! showBatteryVoltage: Nave not alive, exiting...
2016-05-09 22:58:44.912:  ! Setting COM port parameters for COM1
2016-05-09 22:58:45.100:  ! COM1 opened
2016-05-09 22:58:48.281:  !
2016-05-09 22:58:48.281:  ! Audio scan started
2016-05-09 22:58:48.297:  ! Scanning device: BMBT
2016-05-09 22:58:48.375:  ! DIA  --> BMBT: Read identity
2016-05-09 22:58:48.749:  ! DIA  --> BMBT: Read identity
2016-05-09 22:58:49.123:  ! DIA  --> BMBT: Read identity
2016-05-09 22:58:49.498:  ! IKE  --> BMBT: Device status request
2016-05-09 22:58:49.872:  ! IKE  --> BMBT: Device status request
2016-05-09 22:58:50.246:  ! IKE  --> BMBT: Device status request
2016-05-09 22:58:50.558:  ! Scanning device: FMBT
2016-05-09 22:58:50.621:  ! DIA  --> FMBT: Read identity
2016-05-09 22:58:50.995:  ! DIA  --> FMBT: Read identity
2016-05-09 22:58:51.369:  ! DIA  --> FMBT: Read identity
2016-05-09 22:58:51.744:  ! IKE  --> FMBT: Device status request
2016-05-09 22:58:52.055:  ! IKE  --> FMBT: Device status request
2016-05-09 22:58:52.664:  ! IKE  --> FMBT: Device status request
2016-05-09 22:58:52.976:  ! Scanning device: MFL
2016-05-09 22:58:53.038:  ! DIA  --> MFL : Read identity
2016-05-09 22:58:53.412:  ! WARNING: Discarded 8 bytes: [B8 00 12 03 7F 03 11 C4]
2016-05-09 22:58:53.428:  ! DIA  --> MFL : Read identity
2016-05-09 22:58:53.802:  ! DIA  --> MFL : Read identity
2016-05-09 22:58:56.422:  ! IKE  --> MFL : Device status request
2016-05-09 22:58:56.797:  ! IKE  --> MFL : Device status request
2016-05-09 22:58:57.171:  ! IKE  --> MFL : Device status request
2016-05-09 22:58:57.483:  ! Scanning device: MID
2016-05-09 22:58:57.545:  ! DIA  --> MID : Read identity
2016-05-09 22:58:57.920:  ! DIA  --> MID : Read identity
2016-05-09 22:58:58.294:  ! DIA  --> MID : Read identity
2016-05-09 22:58:58.668:  ! IKE  --> MID : Device status request
2016-05-09 22:58:59.043:  ! IKE  --> MID : Device status request
2016-05-09 22:58:59.417:  ! IKE  --> MID : Device status request
2016-05-09 22:58:59.729:  ! Scanning device: FID
2016-05-09 22:58:59.791:  ! DIA  --> FID : Read identity
2016-05-09 22:59:00.165:  ! DIA  --> FID : Read identity
2016-05-09 22:59:00.540:  ! DIA  --> FID : Read identity
2016-05-09 22:59:00.914:  ! IKE  --> FID : Device status request
2016-05-09 22:59:01.288:  ! IKE  --> FID : Device status request
2016-05-09 22:59:01.663:  ! IKE  --> FID : Device status request
2016-05-09 22:59:01.975:  ! Scanning device: IRIS
2016-05-09 22:59:02.037:  ! DIA  --> IRIS: Read identity
2016-05-09 22:59:02.411:  ! WARNING: Discarded 8 bytes: [B8 50 12 03 7F 03 11 94]
2016-05-09 22:59:02.443:  ! DIA  --> IRIS: Read identity
2016-05-09 22:59:02.770:  ! DIA  --> IRIS: Read identity
2016-05-09 22:59:03.222:  ! IKE  --> IRIS: Device status request
2016-05-09 22:59:03.597:  ! IKE  --> IRIS: Device status request
2016-05-09 22:59:03.971:  ! IKE  --> IRIS: Device status request
2016-05-09 22:59:04.283:  ! Scanning device: GT
2016-05-09 22:59:04.345:  ! DIA  --> GT  : Read identity
2016-05-09 22:59:04.720:  ! DIA  --> GT  : Read identity
2016-05-09 22:59:05.094:  ! DIA  --> GT  : Read identity
2016-05-09 22:59:05.468:  ! IKE  --> GT  : Device status request
2016-05-09 22:59:05.858:  ! IKE  --> GT  : Device status request
2016-05-09 22:59:06.232:  ! IKE  --> GT  : Device status request
2016-05-09 22:59:06.544:  ! Scanning device: NAV
2016-05-09 22:59:06.607:  ! DIA  --> NAV : Read identity
2016-05-09 22:59:06.997:  ! DIA  --> NAV : Read identity
2016-05-09 22:59:07.387:  ! WARNING: Discarded 8 bytes: [B8 50 12 03 7F 03 11 94]
2016-05-09 22:59:07.402:  ! DIA  --> NAV : Read identity
2016-05-09 22:59:07.792:  ! IKE  --> NAV : Device status request
2016-05-09 22:59:08.182:  ! IKE  --> NAV : Device status request
2016-05-09 22:59:08.557:  ! IKE  --> NAV : Device status request
2016-05-09 22:59:08.884:  ! Scanning device: RAD
2016-05-09 22:59:08.947:  ! DIA  --> RAD : Read identity
2016-05-09 22:59:09.336:  ! DIA  --> RAD : Read identity
2016-05-09 22:59:09.711:  ! DIA  --> RAD : Read identity
2016-05-09 22:59:10.101:  ! IKE  --> RAD : Device status request
2016-05-09 22:59:10.491:  ! IKE  --> RAD : Device status request
2016-05-09 22:59:10.865:  ! IKE  --> RAD : Device status request
2016-05-09 22:59:11.193:  ! Scanning device: DSP
2016-05-09 22:59:11.255:  ! DIA  --> DSP : Read identity
2016-05-09 22:59:11.629:  ! DIA  --> DSP : Read identity
2016-05-09 22:59:12.004:  ! DIA  --> DSP : Read identity
2016-05-09 22:59:12.394:  ! WARNING: Discarded 8 bytes: [B8 50 12 03 7F 03 11 94]
2016-05-09 22:59:12.394:  ! IKE  --> DSP : Device status request
2016-05-09 22:59:12.784:  ! IKE  --> DSP : Device status request
2016-05-09 22:59:13.158:  ! IKE  --> DSP : Device status request
2016-05-09 22:59:13.470:  ! Scanning device: DSPC
2016-05-09 22:59:13.532:  ! DIA  --> DSPC: Read identity
2016-05-09 22:59:13.907:  ! DIA  --> DSPC: Read identity
2016-05-09 22:59:14.281:  ! DIA  --> DSPC: Read identity
2016-05-09 22:59:14.655:  ! IKE  --> DSPC: Device status request
2016-05-09 22:59:15.030:  ! IKE  --> DSPC: Device status request
2016-05-09 22:59:15.404:  ! IKE  --> DSPC: Device status request
2016-05-09 22:59:15.716:  ! Scanning device: CDC
2016-05-09 22:59:15.778:  ! DIA  --> CDC : Read identity
2016-05-09 22:59:16.153:  ! DIA  --> CDC : Read identity
2016-05-09 22:59:16.527:  ! DIA  --> CDC : Read identity
2016-05-09 22:59:16.901:  ! IKE  --> CDC : Device status request
2016-05-09 22:59:17.276:  ! IKE  --> CDC : Device status request
2016-05-09 22:59:17.666:  ! IKE  --> CDC : Device status request
2016-05-09 22:59:17.993:  ! Scanning device: CDCD
2016-05-09 22:59:18.056:  ! DIA  --> CDCD: Read identity
2016-05-09 22:59:18.430:  ! WARNING: Discarded 8 bytes: [B8 6A 12 03 7F 03 11 AE]
2016-05-09 22:59:18.446:  ! DIA  --> CDCD: Read identity
2016-05-09 22:59:18.836:  ! DIA  --> CDCD: Read identity
2016-05-09 22:59:19.210:  ! IKE  --> CDCD: Device status request
2016-05-09 22:59:19.584:  ! IKE  --> CDCD: Device status request
2016-05-09 22:59:19.959:  ! IKE  --> CDCD: Device status request
2016-05-09 22:59:20.271:  ! Scanning device: VID
2016-05-09 22:59:20.333:  ! DIA  --> VID : Read identity
2016-05-09 22:59:20.707:  ! DIA  --> VID : Read identity
2016-05-09 22:59:21.082:  ! DIA  --> VID : Read identity
2016-05-09 22:59:21.456:  ! IKE  --> VID : Device status request
2016-05-09 22:59:21.846:  ! IKE  --> VID : Device status request
2016-05-09 22:59:22.220:  ! IKE  --> VID : Device status request
2016-05-09 22:59:22.548:  ! Scanning device: TEL
2016-05-09 22:59:22.610:  ! DIA  --> TEL : Read identity
2016-05-09 22:59:22.985:  ! DIA  --> TEL : Read identity
2016-05-09 22:59:23.359:  ! WARNING: Discarded 8 bytes: [B8 6A 12 03 7F 03 11 AE]
2016-05-09 22:59:23.359:  ! DIA  --> TEL : Read identity
2016-05-09 22:59:23.749:  ! IKE  --> TEL : Device status request
2016-05-09 22:59:24.123:  ! IKE  --> TEL : Device status request
2016-05-09 22:59:24.498:  ! IKE  --> TEL : Device status request
2016-05-09 22:59:24.841:  ! Scan completed
2016-05-09 23:00:00.030:  ! GT   --> IKE : On-board computer set data, : Set Time = 23:00
2016-05-09 23:00:00.045:  ! GT   --> IKE : On-board computer set data, : Set Date = 09/05/16
2016-05-09 23:03:36.234:  ! IKE  --> GLO : Device status ready, after Reset
2016-05-09 23:03:36.250:  ! IKE  --> RAD : Device status request
2016-05-09 23:03:38.013:  ! IKE  --> GLO : Speed/RPM, Speed 0 km/h  [0 mph], 0 RPM
2016-05-09 23:03:38.013:  ! IKE  --> GLO : Ignition status, Pos1_Acc Pos2_On
2016-05-09 23:03:46.234:  ! IKE  --> GLO : Ignition status, Off
2016-05-09 23:03:46.265:  ! IKE  --> RAD : Device status request
2016-05-09 23:03:55.001:  ! IKE  --> GLO : Speed/RPM, Speed 0 km/h  [0 mph], 0 RPM
2016-05-09 23:03:55.001:  ! IKE  --> GLO : Device status ready, after Reset
2016-05-09 23:03:55.001:  ! IKE  --> RAD : Device status request
2016-05-09 23:03:55.001:  ! IKE  --> GLO : Speed/RPM, Speed 0 km/h  [0 mph], 0 RPM
2016-05-09 23:03:55.017:  ! IKE  --> GLO : Ignition status, Pos1_Acc Pos2_On
2016-05-09 23:03:55.547:  ! IKE  --> GLO : Ignition status, Off
2016-05-09 23:03:55.984:  ! IKE  --> GLO : Device status ready, after Reset
2016-05-09 23:03:55.984:  ! IKE  --> RAD : Device status request
2016-05-09 23:03:55.984:  ! IKE  --> GLO : Speed/RPM, Speed 0 km/h  [0 mph], 0 RPM
2016-05-09 23:03:55.999:  ! IKE  --> GLO : Ignition status, Pos1_Acc Pos2_On
2016-05-09 23:03:56.249:  ! IKE  --> RAD : Device status request
2016-05-09 23:03:56.265:  ! IKE  --> GLO : Speed/RPM, Speed 0 km/h  [0 mph], 0 RPM
2016-05-09 23:03:56.405:  ! IKE  --> GLO : Ignition status, Off
2016-05-09 23:04:07.309:  ! MFL  --> RAD : Volume Control, Increase 1 step
2016-05-09 23:04:07.497:  ! MFL  --> RAD : Volume Control, Increase 1 step
2016-05-09 23:04:07.699:  ! MFL  --> RAD : Volume Control, Increase 1 step
2016-05-09 23:04:07.871:  ! MFL  --> RAD : Volume Control, Increase 1 step
2016-05-09 23:04:08.043:  ! MFL  --> RAD : Volume Control, Increase 1 step
2016-05-09 23:04:08.230:  ! MFL  --> RAD : Volume Control, Increase 1 step
2016-05-09 23:04:08.401:  ! MFL  --> RAD : Volume Control, Increase 1 step
2016-05-09 23:04:08.573:  ! MFL  --> RAD : Volume Control, Increase 1 step
2016-05-09 23:04:08.745:  ! MFL  --> RAD : Volume Control, Increase 1 step
2016-05-09 23:04:08.916:  ! MFL  --> RAD : Volume Control, Increase 1 step
2016-05-09 23:04:09.088:  ! MFL  --> RAD : Volume Control, Increase 1 step
2016-05-09 23:04:09.244:  ! MFL  --> RAD : Volume Control, Increase 1 step
2016-05-09 23:04:09.415:  ! MFL  --> RAD : Volume Control, Increase 1 step
2016-05-09 23:04:09.602:  ! MFL  --> RAD : Volume Control, Increase 1 step
2016-05-09 23:04:09.790:  ! MFL  --> RAD : Volume Control, Increase 1 step
2016-05-09 23:04:13.019:  ! MFL  --> RAD : Radio/Telephone control, Search_Down_pressed
2016-05-09 23:04:13.034:  ! MFL  --> RAD : Radio/Telephone control, Search_Down_released
2016-05-09 23:04:13.222:  ! MFL  --> RAD : Radio/Telephone control, Search_Down_pressed
2016-05-09 23:04:13.409:  ! MFL  --> RAD : Radio/Telephone control, Search_Down_released
2016-05-09 23:04:14.345:  ! MFL  --> RAD : Radio/Telephone control, Search_Down_pressed
2016-05-09 23:04:14.470:  ! MFL  --> RAD : Radio/Telephone control, Search_Down_released
2016-05-09 23:04:23.127:  ! MFL  --> TEL : Radio/Telephone control, Send/End_pressed
2016-05-09 23:04:23.143:  ! MFL  --> TEL : Radio/Telephone control, Send/End_released
2016-05-09 23:04:24.360:  ! MFL  --> RAD : Radio/Telephone control, R/T_pressed
2016-05-09 23:04:24.375:  ! MFL  --> RAD : Radio/Telephone control, R/T_released
2016-05-09 23:04:29.414:  ! BMBT --> GLO : Device status ready, after Reset
2016-05-09 23:04:33.626:  ! BMBT --> RAD : Device status request
2016-05-09 23:04:33.829:  ! BMBT --> RAD : Device status request
2016-05-09 23:04:35.077:  ! BMBT --> GT  : BM Button, Radio_on/off_pressed
2016-05-09 23:04:35.077:  ! BMBT --> GT  : BM Button, Radio_on/off_released
2016-05-09 23:04:35.092:  ! BMBT --> GT  : BM Button, Radio_on/off_pressed
2016-05-09 23:04:35.966:  ! BMBT --> GT  : BM Button, Radio_on/off_released
2016-05-09 23:04:36.153:  ! BMBT --> RAD : Device status request
2016-05-09 23:04:36.356:  ! BMBT --> GT  : BM Button, Radio_on/off_pressed
2016-05-09 23:04:36.356:  ! BMBT --> GT  : BM Button, Radio_on/off_released
2016-05-09 23:04:36.372:  ! BMBT --> GT  : BM Button, Radio_on/off_pressed
2016-05-09 23:04:37.573:  ! BMBT --> GT  : BM Button, Radio_on/off_released
2016-05-09 23:04:39.414:  ! GT   --> BMBT: RGB control, LCD_off
2016-05-09 23:04:42.377:  ! BMBT --> RAD : Device status request
2016-05-09 23:04:42.580:  ! BMBT --> RAD : Device status request
2016-05-09 23:04:47.962:  ! BMBT --> GT  : BM Button, Radio_on/off_pressed
2016-05-09 23:04:48.165:  ! GT   --> BMBT: RGB control, LCD_on
2016-05-09 23:04:48.181:  ! BMBT --> GT  : BM Button, Radio_on/off_released
2016-05-09 23:04:48.196:  ! BMBT --> GT  : BM Button, BM_Knob_pressed
2016-05-09 23:04:49.429:  ! GT   --> BMBT: RGB control, LCD_on
2016-05-09 23:04:49.444:  ! BMBT --> GT  : BM Button, BM_Knob_released
2016-05-09 23:04:51.753:  ! BMBT --> RAD : Device status request
2016-05-09 23:04:51.956:  ! BMBT --> LOC : BM Status, INFO_pressed
2016-05-09 23:04:53.282:  ! GT   --> BMBT: RGB control, LCD_on
2016-05-09 23:04:53.484:  ! BMBT --> LOC : BM Status, INFO_released
2016-05-09 23:04:54.280:  ! BMBT --> GT  : BM Button, MODE_pressed
2016-05-09 23:04:54.296:  ! BMBT --> GT  : BM Button, MODE_released
2016-05-09 23:04:54.311:  ! BMBT --> GT  : BM Button, Preset_1_pressed
2016-05-09 23:04:55.934:  ! BMBT --> GT  : BM Button, Preset_1_released
2016-05-09 23:04:55.949:  ! BMBT --> GT  : BM Button, TELEPHONE_pressed
2016-05-09 23:04:56.885:  ! BMBT --> GT  : BM Button, TELEPHONE_released
2016-05-09 23:04:56.901:  ! BMBT --> GT  : BM Button, Tape_Direction_pressed
2016-05-09 23:04:57.540:  ! BMBT --> GT  : BM Button, Tape_Direction_released
2016-05-09 23:04:57.556:  ! BMBT --> GT  : BM Button, TONE_pressed
2016-05-09 23:04:58.336:  ! BMBT --> GT  : BM Button, TONE_released
2016-05-09 23:04:58.352:  ! BMBT --> LOC : BM Status, SELECT_pressed
2016-05-09 23:04:59.007:  ! BMBT --> LOC : BM Status, SELECT_released
2016-05-09 23:04:59.210:  ! BMBT --> GT  : BM Button, SEARCH_>_pressed
2016-05-09 23:04:59.428:  ! BMBT --> GT  : BM Button, SEARCH_>_released
2016-05-09 23:05:00.052:  ! BMBT --> RAD : Device status request
2016-05-09 23:05:42.904:  ! BMBT --> GT  : BM Button, EJECT_pressed
2016-05-09 23:05:42.904:  ! BMBT --> GT  : BM Button, EJECT_released
2016-05-09 23:05:42.904:  ! DIA  --> RAD : Read identity
2016-05-09 23:05:43.278:  ! DIA  --> RAD : Read identity
2016-05-09 23:05:43.653:  ! DIA  --> RAD : Read identity
2016-05-09 23:05:43.965:  ! ERROR: getAndDisplayIDandSN.CheckResponse
2016-05-09 23:05:43.965:  ! ERROR: Radio - Error - No response from device (timeout); ;  Check interface connections, and check that the device is switched on
2016-05-09 23:05:43.965:  ! ERROR: ibus Msg = 
2016-05-09 23:05:52.591:  ! DIA  --> RAD : Read identity
2016-05-09 23:05:52.966:  ! DIA  --> RAD : Read identity
2016-05-09 23:05:53.340:  ! DIA  --> RAD : Read identity
2016-05-09 23:05:53.652:  ! ERROR: getAndDisplayIDandSN.CheckResponse
2016-05-09 23:05:53.652:  ! ERROR: Radio - Error - No response from device (timeout); ;  Check interface connections, and check that the device is switched on
2016-05-09 23:05:53.652:  ! ERROR: ibus Msg = 
2016-05-09 23:06:00.781:  ! Setting COM port parameters for COM1
2016-05-09 23:06:03.652:  ! COM1 opened
2016-05-09 23:06:11.795:  ! DIA  --> RAD : Read identity
2016-05-09 23:06:12.247:  ! DIA  --> RAD : Read identity
2016-05-09 23:06:12.621:  ! DIA  --> RAD : Read identity
2016-05-09 23:06:12.933:  ! ERROR: getAndDisplayIDandSN.CheckResponse
2016-05-09 23:06:12.933:  ! ERROR: Radio - Error - No response from device (timeout); ;  Check interface connections, and check that the device is switched on
2016-05-09 23:06:12.933:  ! ERROR: ibus Msg = 
2016-05-09 23:06:16.256:  ! NavCoder logging stopped, NavCoder closed
2016-05-09 23:06:16.256:  !
