2016-05-09 22:39:44.610:  !
2016-05-09 22:39:44.610:  ! NavCoder v2.9.183.Beta [EN-US] [i/k-bus] logging started
2016-05-09 22:39:44.610:  ! Running on Windows 7 Ultimate Edition, 32-bit (Service Pack 1)  [en-US]
2016-05-09 22:39:44.610:  ! [Debug Mode]
2016-05-09 22:39:44.610:  ! [Procotol = Auto]
2016-05-09 22:39:44.610:  ! Script: Setting Scripting state to Off
2016-05-09 22:39:44.750:  ! showBatteryVoltage: Nave not alive, exiting...
2016-05-09 22:39:45.062:  ! Setting COM port parameters for COM1
2016-05-09 22:39:45.234:  ! COM1 opened
2016-05-09 22:39:55.374:  !
2016-05-09 22:39:55.389:  D0 04 53 87
2016-05-09 22:39:55.389:  ! DIA  --> LCM : Read manufacturer data
2016-05-09 22:39:55.514:  D0 0E A0 8B 03 08 7A 03 35 03 28 FC 04 61
2016-05-09 22:39:55.514:  ! LCM  --> DIA : Diagnostic command acknowledged, Data="8B 03 08 7A 03 35 03 28 FC 04"    [‹  z 5 (ü ]
2016-05-09 22:39:55.826:  D0 04 53 87
2016-05-09 22:39:55.826:  ! DIA  --> LCM : Read manufacturer data
2016-05-09 22:39:55.889:  D0 0E A0 8B 03 08 7A 03 35 03 28 FC 04 61
2016-05-09 22:39:55.889:  ! LCM  --> DIA : Diagnostic command acknowledged, Data="8B 03 08 7A 03 35 03 28 FC 04"    [‹  z 5 (ü ]
2016-05-09 22:39:56.201:  D0 04 53 87
2016-05-09 22:39:56.201:  ! DIA  --> LCM : Read manufacturer data
2016-05-09 22:39:56.263:  D0 0E A0 8B 03 08 7A 03 35 03 28 FC 04 61
2016-05-09 22:39:56.263:  ! LCM  --> DIA : Diagnostic command acknowledged, Data="8B 03 08 7A 03 35 03 28 FC 04"    [‹  z 5 (ü ]
2016-05-09 22:39:56.513:  ! Scan completed
2016-05-09 22:40:01.270:  ! Keep-alive fired (5.0s): requesting IKE identity...
2016-05-09 22:40:01.333:  80 04 00 84
2016-05-09 22:40:01.333:  ! DIA  --> IKE : Read identity
2016-05-09 22:40:01.395:  80 12 A0 F6 94 21 98 25 12 09 15 27 06 10 21 04 46 90
2016-05-09 22:40:01.395:  ! IKE  --> DIA : Diagnostic command acknowledged, Data="F6 94 21 98 25 12 09 15 27 06 10 21 04 46"    [ö”!˜%   '  ! F]
2016-05-09 22:40:06.465:  ! Keep-alive fired (5.0s): requesting IKE identity...
2016-05-09 22:40:06.528:  80 04 00 84
2016-05-09 22:40:06.528:  ! DIA  --> IKE : Read identity
2016-05-09 22:40:06.590:  80 12 A0 F6 94 21 98 25 12 09 15 27 06 10 21 04 46 90
2016-05-09 22:40:06.590:  ! IKE  --> DIA : Diagnostic command acknowledged, Data="F6 94 21 98 25 12 09 15 27 06 10 21 04 46"    [ö”!˜%   '  ! F]
2016-05-09 22:40:07.542:  BF 05 02 01 B9
2016-05-09 22:40:07.542:  ! DIA  --> GLO : Read AIS, Block 01
2016-05-09 22:40:07.588:  68 04 01 6D
2016-05-09 22:40:07.588:  ! DIA  --> RAD : Write identity
2016-05-09 22:40:12.596:  ! Keep-alive fired (5.0s): requesting IKE identity...
2016-05-09 22:40:12.658:  68 04 B0 DC
2016-05-09 22:40:12.658:  ! RAD  --> DIA : Diagnostic parameter error
2016-05-09 22:40:12.658:  80 04 00 84
2016-05-09 22:40:12.658:  ! DIA  --> IKE : Read identity
2016-05-09 22:40:12.721:  80 12 A0 F6 94 21 98 25 12 09 15 27 06 10 21 04 46 90
2016-05-09 22:40:12.721:  ! IKE  --> DIA : Diagnostic command acknowledged, Data="F6 94 21 98 25 12 09 15 27 06 10 21 04 46"    [ö”!˜%   '  ! F]
2016-05-09 22:40:17.556:  68 04 01 6D
2016-05-09 22:40:17.556:  ! DIA  --> RAD : Write identity
2016-05-09 22:40:17.634:  68 04 B0 DC
2016-05-09 22:40:17.634:  ! RAD  --> DIA : Diagnostic parameter error
2016-05-09 22:40:19.491:  68 04 01 6D
2016-05-09 22:40:19.491:  ! DIA  --> RAD : Write identity
2016-05-09 22:40:19.678:  3B 05 48 06 70
2016-05-09 22:40:19.678:  ! DIA  --> GT  : Cmd_0x48, Data="06"    [ ]
2016-05-09 22:40:21.316:  3B 05 48 86 F0
2016-05-09 22:40:21.316:  ! DIA  --> GT  : Cmd_0x48, Data="86"    [†]
2016-05-09 22:40:21.332:  3B 05 48 06 70
2016-05-09 22:40:21.332:  ! DIA  --> GT  : Cmd_0x48, Data="06"    [ ]
2016-05-09 22:40:22.112:  3B 05 48 86 F0
2016-05-09 22:40:22.112:  ! DIA  --> GT  : Cmd_0x48, Data="86"    [†]
2016-05-09 22:40:22.314:  68 04 01 6D
2016-05-09 22:40:22.314:  ! DIA  --> RAD : Write identity
2016-05-09 22:40:23.391:  3B 05 48 06 70
2016-05-09 22:40:23.391:  ! DIA  --> GT  : Cmd_0x48, Data="06"    [ ]
2016-05-09 22:40:23.406:  3B 05 48 86 F0
2016-05-09 22:40:23.406:  ! DIA  --> GT  : Cmd_0x48, Data="86"    [†]
2016-05-09 22:40:27.571:  3B 05 48 06 70
2016-05-09 22:40:27.571:  ! DIA  --> GT  : Cmd_0x48, Data="06"    [ ]
2016-05-09 22:40:27.587:  3B 05 48 86 F0
2016-05-09 22:40:27.587:  ! DIA  --> GT  : Cmd_0x48, Data="86"    [†]
2016-05-09 22:40:27.649:  68 04 01 6D
2016-05-09 22:40:27.649:  ! DIA  --> RAD : Write identity
2016-05-09 22:40:28.539:  68 04 B0 DC
2016-05-09 22:40:28.539:  ! RAD  --> DIA : Diagnostic parameter error
2016-05-09 22:40:28.741:  68 04 01 6D
2016-05-09 22:40:28.741:  ! DIA  --> RAD : Write identity
2016-05-09 22:40:32.173:  3B 05 48 06 70
2016-05-09 22:40:32.173:  ! DIA  --> GT  : Cmd_0x48, Data="06"    [ ]
2016-05-09 22:40:32.189:  3B 05 48 86 F0
2016-05-09 22:40:32.189:  ! DIA  --> GT  : Cmd_0x48, Data="86"    [†]
2016-05-09 22:40:32.735:  3B 05 48 06 70
2016-05-09 22:40:32.735:  ! DIA  --> GT  : Cmd_0x48, Data="06"    [ ]
2016-05-09 22:40:32.938:  3B 05 48 86 F0
2016-05-09 22:40:32.938:  ! DIA  --> GT  : Cmd_0x48, Data="86"    [†]
2016-05-09 22:40:32.953:  68 04 01 6D
2016-05-09 22:40:32.953:  ! DIA  --> RAD : Write identity
2016-05-09 22:40:33.125:  3B 05 48 06 70
2016-05-09 22:40:33.125:  ! DIA  --> GT  : Cmd_0x48, Data="06"    [ ]
2016-05-09 22:40:33.140:  3B 05 48 86 F0
2016-05-09 22:40:33.140:  ! DIA  --> GT  : Cmd_0x48, Data="86"    [†]
2016-05-09 22:40:33.156:  3B 05 48 06 70
2016-05-09 22:40:33.156:  ! DIA  --> GT  : Cmd_0x48, Data="06"    [ ]
2016-05-09 22:40:34.498:  3B 05 48 86 F0
2016-05-09 22:40:34.498:  ! DIA  --> GT  : Cmd_0x48, Data="86"    [†]
2016-05-09 22:40:34.622:  68 05 32 11 4E
2016-05-09 22:40:34.622:  ! DIA  --> RAD : Start test program, Data="11"    [ ]
2016-05-09 22:40:35.730:  68 04 FF 93
2016-05-09 22:40:35.746:  ! RAD  --> DIA : Diagnostic command not acknowledged
2016-05-09 22:40:35.792:  68 05 32 11 4E
2016-05-09 22:40:35.792:  ! DIA  --> RAD : Start test program, Data="11"    [ ]
2016-05-09 22:40:37.493:  68 04 FF 93
2016-05-09 22:40:37.493:  ! RAD  --> DIA : Diagnostic command not acknowledged
2016-05-09 22:40:37.586:  68 05 32 10 4F
2016-05-09 22:40:37.586:  ! DIA  --> RAD : Start test program, Data="10"    [ ]
2016-05-09 22:40:37.618:  68 04 01 6D
2016-05-09 22:40:37.618:  ! DIA  --> RAD : Write identity
2016-05-09 22:40:39.084:  68 04 FF 93
2016-05-09 22:40:39.084:  ! RAD  --> DIA : Diagnostic command not acknowledged
2016-05-09 22:40:39.115:  FF 06 47 00 38 86
2016-05-09 22:40:39.115:  ! DIA  --> LOC : Cmd_0x47, Data="00 38"    [ 8]
2016-05-09 22:40:40.145:  FF 06 47 00 B8 06
2016-05-09 22:40:40.145:  ! DIA  --> LOC : Cmd_0x47, Data="00 B8"    [ ¸]
2016-05-09 22:40:41.330:  FF 06 47 00 38 86
2016-05-09 22:40:41.330:  ! DIA  --> LOC : Cmd_0x47, Data="00 38"    [ 8]
2016-05-09 22:40:41.346:  FF 06 47 00 B8 06
2016-05-09 22:40:41.346:  ! DIA  --> LOC : Cmd_0x47, Data="00 B8"    [ ¸]
2016-05-09 22:40:41.361:  3B 05 48 23 55
2016-05-09 22:40:41.361:  ! DIA  --> GT  : Cmd_0x48, Data="23"    [#]
2016-05-09 22:40:42.937:  3B 05 48 A3 D5
2016-05-09 22:40:42.937:  ! DIA  --> GT  : Cmd_0x48, Data="A3"    [£]
2016-05-09 22:40:42.953:  3B 05 48 23 55
2016-05-09 22:40:42.953:  ! DIA  --> GT  : Cmd_0x48, Data="23"    [#]
2016-05-09 22:40:44.637:  3B 05 48 A3 D5
2016-05-09 22:40:44.637:  ! DIA  --> GT  : Cmd_0x48, Data="A3"    [£]
2016-05-09 22:40:44.856:  68 04 01 6D
2016-05-09 22:40:44.856:  ! DIA  --> RAD : Write identity
2016-05-09 22:40:45.417:  3B 05 48 06 70
2016-05-09 22:40:45.417:  ! DIA  --> GT  : Cmd_0x48, Data="06"    [ ]
2016-05-09 22:40:45.433:  3B 05 48 86 F0
2016-05-09 22:40:45.433:  ! DIA  --> GT  : Cmd_0x48, Data="86"    [†]
2016-05-09 22:40:45.449:  3B 05 48 06 70
2016-05-09 22:40:45.449:  ! DIA  --> GT  : Cmd_0x48, Data="06"    [ ]
2016-05-09 22:40:46.135:  3B 05 48 86 F0
2016-05-09 22:40:46.135:  ! DIA  --> GT  : Cmd_0x48, Data="86"    [†]
2016-05-09 22:40:46.338:  68 04 01 6D
2016-05-09 22:40:46.338:  ! DIA  --> RAD : Write identity
2016-05-09 22:40:47.087:  3B 05 48 06 70
2016-05-09 22:40:47.087:  ! DIA  --> GT  : Cmd_0x48, Data="06"    [ ]
2016-05-09 22:40:47.118:  3B 05 48 86 F0
2016-05-09 22:40:47.118:  ! DIA  --> GT  : Cmd_0x48, Data="86"    [†]
2016-05-09 22:40:47.133:  3B 05 48 06 70
2016-05-09 22:40:47.133:  ! DIA  --> GT  : Cmd_0x48, Data="06"    [ ]
2016-05-09 22:40:47.586:  3B 05 48 86 F0
2016-05-09 22:40:47.586:  ! DIA  --> GT  : Cmd_0x48, Data="86"    [†]
2016-05-09 22:40:47.679:  68 04 01 6D
2016-05-09 22:40:47.679:  ! DIA  --> RAD : Write identity
2016-05-09 22:40:52.687:  ! Keep-alive fired (5.0s): requesting IKE identity...
2016-05-09 22:40:52.749:  68 04 B0 DC
2016-05-09 22:40:52.749:  ! RAD  --> DIA : Diagnostic parameter error
2016-05-09 22:40:52.765:  80 04 00 84
2016-05-09 22:40:52.765:  ! DIA  --> IKE : Read identity
2016-05-09 22:40:53.155:  80 12 A0 F6 94 21 98 25 12 09 15 27 06 10 21 04 46 90
2016-05-09 22:40:53.155:  ! IKE  --> DIA : Diagnostic command acknowledged, Data="F6 94 21 98 25 12 09 15 27 06 10 21 04 46"    [ö”!˜%   '  ! F]
2016-05-09 22:40:53.170:  80 04 00 84
2016-05-09 22:40:53.170:  ! DIA  --> IKE : Read identity
2016-05-09 22:40:57.585:  80 12 A0 F6 94 21 98 25 12 09 15 27 06 10 21 04 46 90
2016-05-09 22:40:57.585:  ! IKE  --> DIA : Diagnostic command acknowledged, Data="F6 94 21 98 25 12 09 15 27 06 10 21 04 46"    [ö”!˜%   '  ! F]
2016-05-09 22:40:57.679:  68 04 01 6D
2016-05-09 22:40:57.679:  ! DIA  --> RAD : Write identity
2016-05-09 22:41:02.686:  ! Keep-alive fired (5.0s): requesting IKE identity...
2016-05-09 22:41:02.749:  68 04 B0 DC
2016-05-09 22:41:02.749:  ! RAD  --> DIA : Diagnostic parameter error
2016-05-09 22:41:02.764:  80 04 00 84
2016-05-09 22:41:02.764:  ! DIA  --> IKE : Read identity
2016-05-09 22:41:02.780:  80 12 A0 F6 94 21 98 25 12 09 15 27 06 10 21 04 46 90
2016-05-09 22:41:02.780:  ! IKE  --> DIA : Diagnostic command acknowledged, Data="F6 94 21 98 25 12 09 15 27 06 10 21 04 46"    [ö”!˜%   '  ! F]
2016-05-09 22:41:07.600:  68 04 01 6D
2016-05-09 22:41:07.600:  ! DIA  --> RAD : Write identity
2016-05-09 22:41:07.678:  68 04 B0 DC
2016-05-09 22:41:07.678:  ! RAD  --> DIA : Diagnostic parameter error
2016-05-09 22:41:12.685:  ! Keep-alive fired (5.0s): requesting IKE identity...
2016-05-09 22:41:12.748:  80 04 00 84
2016-05-09 22:41:12.748:  ! DIA  --> IKE : Read identity
2016-05-09 22:41:12.748:  80 12 A0 F6 94 21 98 25 12 09 15 27 06 10 21 04 46 90
2016-05-09 22:41:12.748:  ! IKE  --> DIA : Diagnostic command acknowledged, Data="F6 94 21 98 25 12 09 15 27 06 10 21 04 46"    [ö”!˜%   '  ! F]
2016-05-09 22:41:14.557:  FF 05 57 02 AF
2016-05-09 22:41:14.557:  ! DIA  --> LOC : Cmd_0x57, Data="02"    [ ]
2016-05-09 22:41:15.712:  FF 05 57 02 AF
2016-05-09 22:41:15.712:  ! DIA  --> LOC : Cmd_0x57, Data="02"    [ ]
2016-05-09 22:41:16.149:  FF 05 57 02 AF
2016-05-09 22:41:16.149:  ! DIA  --> LOC : Cmd_0x57, Data="02"    [ ]
2016-05-09 22:41:16.383:  FF 05 57 02 AF
2016-05-09 22:41:16.383:  ! DIA  --> LOC : Cmd_0x57, Data="02"    [ ]
2016-05-09 22:41:16.570:  FF 05 57 02 AF
2016-05-09 22:41:16.570:  ! DIA  --> LOC : Cmd_0x57, Data="02"    [ ]
2016-05-09 22:41:16.772:  FF 05 57 02 AF
2016-05-09 22:41:16.772:  ! DIA  --> LOC : Cmd_0x57, Data="02"    [ ]
2016-05-09 22:41:17.272:  FF 05 57 02 AF
2016-05-09 22:41:17.272:  ! DIA  --> LOC : Cmd_0x57, Data="02"    [ ]
2016-05-09 22:41:17.474:  FF 05 57 02 AF
2016-05-09 22:41:17.474:  ! DIA  --> LOC : Cmd_0x57, Data="02"    [ ]
2016-05-09 22:41:17.662:  FF 05 57 02 AF
2016-05-09 22:41:17.662:  ! DIA  --> LOC : Cmd_0x57, Data="02"    [ ]
2016-05-09 22:41:22.669:  ! Keep-alive fired (5.0s): requesting IKE identity...
2016-05-09 22:41:22.731:  80 04 00 84
2016-05-09 22:41:22.731:  ! DIA  --> IKE : Read identity
2016-05-09 22:41:23.121:  80 12 A0 F6 94 21 98 25 12 09 15 27 06 10 21 04 46 90
2016-05-09 22:41:23.121:  ! IKE  --> DIA : Diagnostic command acknowledged, Data="F6 94 21 98 25 12 09 15 27 06 10 21 04 46"    [ö”!˜%   '  ! F]
2016-05-09 22:41:23.137:  80 04 00 84
2016-05-09 22:41:23.137:  ! DIA  --> IKE : Read identity
2016-05-09 22:41:28.223:  ! Keep-alive fired (5.0s): requesting IKE identity...
2016-05-09 22:41:28.223:  80 12 A0 F6 94 21 98 25 12 09 15 27 06 10 21 04 46 90
2016-05-09 22:41:28.223:  ! IKE  --> DIA : Diagnostic command acknowledged, Data="F6 94 21 98 25 12 09 15 27 06 10 21 04 46"    [ö”!˜%   '  ! F]
2016-05-09 22:41:28.301:  80 04 00 84
2016-05-09 22:41:28.301:  ! DIA  --> IKE : Read identity
2016-05-09 22:41:28.316:  80 12 A0 F6 94 21 98 25 12 09 15 27 06 10 21 04 46 90
2016-05-09 22:41:28.316:  ! IKE  --> DIA : Diagnostic command acknowledged, Data="F6 94 21 98 25 12 09 15 27 06 10 21 04 46"    [ö”!˜%   '  ! F]
2016-05-09 22:41:33.402:  ! Keep-alive fired (5.0s): requesting IKE identity...
2016-05-09 22:41:33.464:  80 04 00 84
2016-05-09 22:41:33.464:  ! DIA  --> IKE : Read identity
2016-05-09 22:41:34.213:  ! Setting COM port parameters for COM1
2016-05-09 22:41:34.384:  ! COM1 opened
2016-05-09 22:41:38.549:  ! Keep-alive fired (5.0s): requesting IKE identity...
2016-05-09 22:41:38.674:  80 12 A0
2016-05-09 22:41:38.674:  ! WARNING: Discarded 3 bytes: [80 12 A0]
2016-05-09 22:41:38.737:  80 04 00 84
2016-05-09 22:41:38.737:  ! DIA  --> IKE : Read identity
2016-05-09 22:41:38.752:  80 12 A0 F6 94 21 98 25 12 09 15 27 06 10 21 04 46 90
2016-05-09 22:41:38.752:  ! IKE  --> DIA : Diagnostic command acknowledged, Data="F6 94 21 98 25 12 09 15 27 06 10 21 04 46"    [ö”!˜%   '  ! F]
2016-05-09 22:41:43.900:  ! Keep-alive fired (5.0s): requesting IKE identity...
2016-05-09 22:41:43.962:  80 04 00 84
2016-05-09 22:41:43.962:  ! DIA  --> IKE : Read identity
2016-05-09 22:41:44.040:  80 12 A0 F6 94 21 98 25 12 09 15 27 06 10 21 04 46 90
2016-05-09 22:41:44.040:  ! IKE  --> DIA : Diagnostic command acknowledged, Data="F6 94 21 98 25 12 09 15 27 06 10 21 04 46"    [ö”!˜%   '  ! F]
2016-05-09 22:41:49.126:  ! Keep-alive fired (5.0s): requesting IKE identity...
2016-05-09 22:41:49.188:  80 04 00 84
2016-05-09 22:41:49.188:  ! DIA  --> IKE : Read identity
2016-05-09 22:41:49.578:  80 12 A0 F6 94 21 98 25 12 09 15 27 06 10 21 04 46 90
2016-05-09 22:41:49.578:  ! IKE  --> DIA : Diagnostic command acknowledged, Data="F6 94 21 98 25 12 09 15 27 06 10 21 04 46"    [ö”!˜%   '  ! F]
2016-05-09 22:41:49.594:  80 04 00 84
2016-05-09 22:41:49.594:  ! DIA  --> IKE : Read identity
2016-05-09 22:41:54.679:  ! Keep-alive fired (5.0s): requesting IKE identity...
2016-05-09 22:41:54.742:  80 12 A0 F6 94 21 98 25 12 09 15 27 06 10 21 04 46 90
2016-05-09 22:41:54.742:  ! IKE  --> DIA : Diagnostic command acknowledged, Data="F6 94 21 98 25 12 09 15 27 06 10 21 04 46"    [ö”!˜%   '  ! F]
2016-05-09 22:41:54.757:  80 04 00 84
2016-05-09 22:41:54.757:  ! DIA  --> IKE : Read identity
2016-05-09 22:41:59.843:  ! Keep-alive fired (5.0s): requesting IKE identity...
2016-05-09 22:41:59.905:  80 12 A0 F6 94 21 98 25 12 09 15 27 06 10 21 04 46 90
2016-05-09 22:41:59.905:  ! IKE  --> DIA : Diagnostic command acknowledged, Data="F6 94 21 98 25 12 09 15 27 06 10 21 04 46"    [ö”!˜%   '  ! F]
2016-05-09 22:41:59.905:  80 04 00 84
2016-05-09 22:41:59.905:  ! DIA  --> IKE : Read identity
2016-05-09 22:41:59.905:  80 12 A0 F6 94 21 98 25 12 09 15 27 06 10 21 04 46 90
2016-05-09 22:41:59.905:  ! IKE  --> DIA : Diagnostic command acknowledged, Data="F6 94 21 98 25 12 09 15 27 06 10 21 04 46"    [ö”!˜%   '  ! F]
2016-05-09 22:42:04.975:  ! Keep-alive fired (5.0s): requesting IKE identity...
2016-05-09 22:42:05.037:  80 04 00 84
2016-05-09 22:42:05.037:  ! DIA  --> IKE : Read identity
2016-05-09 22:42:05.100:  80 12 A0 F6 94 21 98 25 12 09 15 27 06 10 21 04 46 90
2016-05-09 22:42:05.100:  ! IKE  --> DIA : Diagnostic command acknowledged, Data="F6 94 21 98 25 12 09 15 27 06 10 21 04 46"    [ö”!˜%   '  ! F]
2016-05-09 22:42:10.107:  ! Keep-alive fired (5.0s): requesting IKE identity...
2016-05-09 22:42:10.170:  80 04 00 84
2016-05-09 22:42:10.170:  ! DIA  --> IKE : Read identity
2016-05-09 22:42:10.232:  80 12 A0 F6 94 21 98 25 12 09 15 27 06 10 21 04 46 90
2016-05-09 22:42:10.232:  ! IKE  --> DIA : Diagnostic command acknowledged, Data="F6 94 21 98 25 12 09 15 27 06 10 21 04 46"    [ö”!˜%   '  ! F]
2016-05-09 22:42:15.302:  ! Keep-alive fired (5.0s): requesting IKE identity...
2016-05-09 22:42:15.364:  80 04 00 84
2016-05-09 22:42:15.364:  ! DIA  --> IKE : Read identity
2016-05-09 22:42:15.427:  80 12 A0 F6 94 21 98 25 12 09 15 27 06 10 21 04 46 90
2016-05-09 22:42:15.427:  ! IKE  --> DIA : Diagnostic command acknowledged, Data="F6 94 21 98 25 12 09 15 27 06 10 21 04 46"    [ö”!˜%   '  ! F]
2016-05-09 22:42:20.497:  ! Keep-alive fired (5.0s): requesting IKE identity...
2016-05-09 22:42:20.559:  80 04 00 84
2016-05-09 22:42:20.559:  ! DIA  --> IKE : Read identity
2016-05-09 22:42:20.933:  80 12 A0 F6 94 21 98 25 12 09 15 27 06 10 21 04 46 90
2016-05-09 22:42:20.933:  ! IKE  --> DIA : Diagnostic command acknowledged, Data="F6 94 21 98 25 12 09 15 27 06 10 21 04 46"    [ö”!˜%   '  ! F]
2016-05-09 22:42:20.933:  80 04 00 84
2016-05-09 22:42:20.933:  ! DIA  --> IKE : Read identity
2016-05-09 22:42:20.996:  80 12 A0 F6 94 21 98 25 12 09 15 27 06 10 21 04 46 90
2016-05-09 22:42:20.996:  ! IKE  --> DIA : Diagnostic command acknowledged, Data="F6 94 21 98 25 12 09 15 27 06 10 21 04 46"    [ö”!˜%   '  ! F]
2016-05-09 22:42:26.003:  ! Keep-alive fired (5.0s): requesting IKE identity...
2016-05-09 22:42:26.066:  80 04 00 84
2016-05-09 22:42:26.066:  ! DIA  --> IKE : Read identity
2016-05-09 22:42:26.128:  80 12 A0 F6 94 21 98 25 12 09 15 27 06 10 21 04 46 90
2016-05-09 22:42:26.128:  ! IKE  --> DIA : Diagnostic command acknowledged, Data="F6 94 21 98 25 12 09 15 27 06 10 21 04 46"    [ö”!˜%   '  ! F]
2016-05-09 22:42:31.198:  ! Keep-alive fired (5.0s): requesting IKE identity...
2016-05-09 22:42:31.198:  80 04 00 84
2016-05-09 22:42:31.198:  ! DIA  --> IKE : Read identity
2016-05-09 22:42:31.338:  80 12 A0 F6 94 21 98 25 12 09 15 27 06 10 21 04 46 90
2016-05-09 22:42:31.338:  ! IKE  --> DIA : Diagnostic command acknowledged, Data="F6 94 21 98 25 12 09 15 27 06 10 21 04 46"    [ö”!˜%   '  ! F]
2016-05-09 22:42:36.408:  ! Keep-alive fired (5.0s): requesting IKE identity...
2016-05-09 22:42:36.471:  80 04 00 84
2016-05-09 22:42:36.471:  ! DIA  --> IKE : Read identity
2016-05-09 22:42:36.533:  80 12 A0 F6 94 21 98 25 12 09 15 27 06 10 21 04 46 90
2016-05-09 22:42:36.533:  ! IKE  --> DIA : Diagnostic command acknowledged, Data="F6 94 21 98 25 12 09 15 27 06 10 21 04 46"    [ö”!˜%   '  ! F]
2016-05-09 22:42:41.603:  ! Keep-alive fired (5.0s): requesting IKE identity...
2016-05-09 22:42:41.665:  80 04 00 84
2016-05-09 22:42:41.665:  ! DIA  --> IKE : Read identity
2016-05-09 22:42:41.977:  80 12 A0 F6 94 21 98 25 12 09 15 27 06 10 21 04 46 90
2016-05-09 22:42:41.977:  ! IKE  --> DIA : Diagnostic command acknowledged, Data="F6 94 21 98 25 12 09 15 27 06 10 21 04 46"    [ö”!˜%   '  ! F]
2016-05-09 22:42:41.993:  80 04 00 84
2016-05-09 22:42:41.993:  ! DIA  --> IKE : Read identity
2016-05-09 22:42:42.071:  80 12 A0 F6 94 21 98 25 12 09 15 27 06 10 21 04 46 90
2016-05-09 22:42:42.071:  ! IKE  --> DIA : Diagnostic command acknowledged, Data="F6 94 21 98 25 12 09 15 27 06 10 21 04 46"    [ö”!˜%   '  ! F]
2016-05-09 22:42:47.078:  ! Keep-alive fired (5.0s): requesting IKE identity...
2016-05-09 22:42:47.141:  80 04 00 84
2016-05-09 22:42:47.141:  ! DIA  --> IKE : Read identity
2016-05-09 22:42:47.203:  80 12 A0 F6 94 21 98 25 12 09 15 27 06 10 21 04 46 90
2016-05-09 22:42:47.203:  ! IKE  --> DIA : Diagnostic command acknowledged, Data="F6 94 21 98 25 12 09 15 27 06 10 21 04 46"    [ö”!˜%   '  ! F]
2016-05-09 22:42:52.289:  ! Keep-alive fired (5.0s): requesting IKE identity...
2016-05-09 22:42:52.367:  80 04 00 84
2016-05-09 22:42:52.367:  ! DIA  --> IKE : Read identity
2016-05-09 22:42:52.679:  80 12 A0 F6 94 21 98 25 12 09 15 27 06 10 21 04 46 90
2016-05-09 22:42:52.679:  ! IKE  --> DIA : Diagnostic command acknowledged, Data="F6 94 21 98 25 12 09 15 27 06 10 21 04 46"    [ö”!˜%   '  ! F]
2016-05-09 22:42:52.757:  80 04 00 84
2016-05-09 22:42:52.757:  ! DIA  --> IKE : Read identity
2016-05-09 22:42:52.757:  80 12 A0 F6 94 21 98 25 12 09 15 27 06 10 21 04 46 90
2016-05-09 22:42:52.757:  ! IKE  --> DIA : Diagnostic command acknowledged, Data="F6 94 21 98 25 12 09 15 27 06 10 21 04 46"    [ö”!˜%   '  ! F]
2016-05-09 22:42:57.764:  ! Keep-alive fired (5.0s): requesting IKE identity...
2016-05-09 22:42:57.826:  80 04 00 84
2016-05-09 22:42:57.826:  ! DIA  --> IKE : Read identity
2016-05-09 22:42:57.826:  80 12 A0 F6 94 21 98 25 12 09 15 27 06 10 21 04 46 90
2016-05-09 22:42:57.826:  ! IKE  --> DIA : Diagnostic command acknowledged, Data="F6 94 21 98 25 12 09 15 27 06 10 21 04 46"    [ö”!˜%   '  ! F]
2016-05-09 22:43:00.026:  80 07 40 01 16 2B FB
2016-05-09 22:43:00.026:  ! DIA  --> IKE : Read adjustment value, Block 01 Data="16 2B"    [  +]
2016-05-09 22:43:00.057:  80 08 40 02 09 05 10 D6
2016-05-09 22:43:00.057:  ! DIA  --> IKE : Read adjustment value, Block 02 Data="09 05 10"    [    ]
2016-05-09 22:43:05.065:  ! Keep-alive fired (5.0s): requesting IKE identity...
2016-05-09 22:43:05.127:  80 04 FF 7B
2016-05-09 22:43:05.127:  ! IKE  --> DIA : Diagnostic command not acknowledged
2016-05-09 22:43:05.127:  80 04 00 84
2016-05-09 22:43:05.127:  ! DIA  --> IKE : Read identity
2016-05-09 22:43:05.143:  80 12 A0 F6 94 21 98 25 12 09 15 27 06 10 21 04 46 90
2016-05-09 22:43:05.143:  ! IKE  --> DIA : Diagnostic command acknowledged, Data="F6 94 21 98 25 12 09 15 27 06 10 21 04 46"    [ö”!˜%   '  ! F]
2016-05-09 22:43:05.283:  80 04 00 84
2016-05-09 22:43:05.283:  ! DIA  --> IKE : Read identity
2016-05-09 22:43:10.368:  ! Keep-alive fired (5.0s): requesting IKE identity...
2016-05-09 22:43:10.431:  80 12 A0 F6 94 21 98 25 12 09 15 27 06 10 21 04 46 90
2016-05-09 22:43:10.431:  ! IKE  --> DIA : Diagnostic command acknowledged, Data="F6 94 21 98 25 12 09 15 27 06 10 21 04 46"    [ö”!˜%   '  ! F]
2016-05-09 22:43:10.446:  80 04 00 84
2016-05-09 22:43:10.446:  ! DIA  --> IKE : Read identity
2016-05-09 22:43:15.532:  ! Keep-alive fired (5.0s): requesting IKE identity...
2016-05-09 22:43:15.594:  80 12 A0 F6 94 21 98 25 12 09 15 27 06 10 21 04 46 90
2016-05-09 22:43:15.594:  ! IKE  --> DIA : Diagnostic command acknowledged, Data="F6 94 21 98 25 12 09 15 27 06 10 21 04 46"    [ö”!˜%   '  ! F]
2016-05-09 22:43:15.610:  80 04 00 84
2016-05-09 22:43:15.610:  ! DIA  --> IKE : Read identity
2016-05-09 22:43:20.695:  ! Keep-alive fired (5.0s): requesting IKE identity...
2016-05-09 22:43:20.758:  80 12 A0 F6 94 21 98 25 12 09 15 27 06 10 21 04 46 90
2016-05-09 22:43:20.758:  ! IKE  --> DIA : Diagnostic command acknowledged, Data="F6 94 21 98 25 12 09 15 27 06 10 21 04 46"    [ö”!˜%   '  ! F]
2016-05-09 22:43:20.789:  80 04 00 84
2016-05-09 22:43:20.789:  ! DIA  --> IKE : Read identity
2016-05-09 22:43:25.874:  ! Keep-alive fired (5.0s): requesting IKE identity...
2016-05-09 22:43:25.937:  80 12 A0 F6 94 21 98 25 12 09 15 27 06 10 21 04 46 90
2016-05-09 22:43:25.937:  ! IKE  --> DIA : Diagnostic command acknowledged, Data="F6 94 21 98 25 12 09 15 27 06 10 21 04 46"    [ö”!˜%   '  ! F]
2016-05-09 22:43:25.952:  80 04 00 84
2016-05-09 22:43:25.952:  ! DIA  --> IKE : Read identity
2016-05-09 22:43:31.053:  ! Keep-alive fired (5.0s): requesting IKE identity...
2016-05-09 22:43:31.116:  80 12 A0 F6 94 21 98 25 12 09 15 27 06 10 21 04 46 90
2016-05-09 22:43:31.116:  ! IKE  --> DIA : Diagnostic command acknowledged, Data="F6 94 21 98 25 12 09 15 27 06 10 21 04 46"    [ö”!˜%   '  ! F]
2016-05-09 22:43:31.131:  80 04 00 84
2016-05-09 22:43:31.131:  ! DIA  --> IKE : Read identity
2016-05-09 22:43:36.232:  ! Keep-alive fired (5.0s): requesting IKE identity...
2016-05-09 22:43:36.295:  80 12 A0 F6 94 21 98 25 12 09 15 27 06 10 21 04 46 90
2016-05-09 22:43:36.295:  ! IKE  --> DIA : Diagnostic command acknowledged, Data="F6 94 21 98 25 12 09 15 27 06 10 21 04 46"    [ö”!˜%   '  ! F]
2016-05-09 22:43:36.310:  80 04 00 84
2016-05-09 22:43:36.310:  ! DIA  --> IKE : Read identity
2016-05-09 22:43:41.396:  ! Keep-alive fired (5.0s): requesting IKE identity...
2016-05-09 22:43:41.396:  80 12 A0 F6 94 21 98 25 12 09 15 27 06 10 21 04 46 90
2016-05-09 22:43:41.396:  ! IKE  --> DIA : Diagnostic command acknowledged, Data="F6 94 21 98 25 12 09 15 27 06 10 21 04 46"    [ö”!˜%   '  ! F]
2016-05-09 22:43:41.474:  80 04 00 84
2016-05-09 22:43:41.474:  ! DIA  --> IKE : Read identity
2016-05-09 22:43:46.559:  ! Keep-alive fired (5.0s): requesting IKE identity...
2016-05-09 22:43:46.622:  80 12 A0 F6 94 21 98 25 12 09 15 27 06 10 21 04 46 90
2016-05-09 22:43:46.622:  ! IKE  --> DIA : Diagnostic command acknowledged, Data="F6 94 21 98 25 12 09 15 27 06 10 21 04 46"    [ö”!˜%   '  ! F]
2016-05-09 22:43:46.637:  80 04 00 84
2016-05-09 22:43:46.637:  ! DIA  --> IKE : Read identity
2016-05-09 22:43:46.668:  80 12 A0 F6 94 21 98 25 12 09 15 27 06 10 21 04 46 90
2016-05-09 22:43:46.668:  ! IKE  --> DIA : Diagnostic command acknowledged, Data="F6 94 21 98 25 12 09 15 27 06 10 21 04 46"    [ö”!˜%   '  ! F]
2016-05-09 22:43:49.071:  ! NavCoder logging stopped by user
