2016-05-09 22:26:04.506:  !
2016-05-09 22:26:04.506:  ! NavCoder v2.9.183.Beta [EN-US] [i/k-bus] logging started
2016-05-09 22:26:04.506:  ! Running on Windows 7 Ultimate Edition, 32-bit (Service Pack 1)  [en-US]
2016-05-09 22:26:04.506:  ! [Debug Mode]
2016-05-09 22:26:04.506:  ! [Procotol = Auto]
2016-05-09 22:26:04.506:  ! Script: Setting Scripting state to Off
2016-05-09 22:26:04.631:  ! showBatteryVoltage: Nave not alive, exiting...
2016-05-09 22:26:15.145:  ! Protocol watchdog timer fired: reverting protcol to Auto
2016-05-09 22:26:15.145:  ! Bus protocol set to Auto
2016-05-09 22:26:31.166:  !
2016-05-09 22:26:31.166:  ! Audio scan started
2016-05-09 22:26:31.181:  ! Scanning device: BMBT
2016-05-09 22:26:31.181:  ! Databus protocol unknown, starting Protocol Detection...
2016-05-09 22:26:31.181:  ! Detecting protocol via VIN Request; trying OBD (d-bus) protocol...
2016-05-09 22:26:31.384:  ! Protocol watchdog timer fired: reverting protcol to Auto
2016-05-09 22:26:31.384:  ! Bus protocol set to Auto
2016-05-09 22:26:32.320:  ! Detecting protocol via VIN Request; trying i/k-bus protocol...
2016-05-09 22:26:32.445:  ! Protocol watchdog timer fired: reverting protcol to Auto
2016-05-09 22:26:32.445:  ! Bus protocol set to Auto
2016-05-09 22:26:33.443:  ! Bus protocol set to Auto
2016-05-09 22:26:33.443:  ! Protocol detection failed; protocol reverted to Auto, exiting Protocol Detector...
2016-05-09 22:26:34.566:  ! Databus protocol unknown, starting Protocol Detection...
2016-05-09 22:26:34.566:  ! Detecting protocol via VIN Request; trying OBD (d-bus) protocol...
2016-05-09 22:26:34.566:  ! Protocol watchdog timer fired: reverting protcol to Auto
2016-05-09 22:26:34.566:  ! Bus protocol set to Auto
2016-05-09 22:26:35.690:  ! Detecting protocol via VIN Request; trying i/k-bus protocol...
2016-05-09 22:26:36.688:  ! Protocol watchdog timer fired: reverting protcol to Auto
2016-05-09 22:26:36.688:  ! Bus protocol set to Auto
2016-05-09 22:26:36.813:  ! Bus protocol set to Auto
2016-05-09 22:26:36.813:  ! Protocol detection failed; protocol reverted to Auto, exiting Protocol Detector...
2016-05-09 22:26:37.936:  ! Scanning device: FMBT
2016-05-09 22:26:37.936:  ! Databus protocol unknown, starting Protocol Detection...
2016-05-09 22:26:37.936:  ! Detecting protocol via VIN Request; trying OBD (d-bus) protocol...
2016-05-09 22:26:38.810:  ! Protocol watchdog timer fired: reverting protcol to Auto
2016-05-09 22:26:38.810:  ! Bus protocol set to Auto
2016-05-09 22:26:39.059:  ! Detecting protocol via VIN Request; trying i/k-bus protocol...
2016-05-09 22:26:39.870:  ! Protocol watchdog timer fired: reverting protcol to Auto
2016-05-09 22:26:39.870:  ! Bus protocol set to Auto
2016-05-09 22:26:40.182:  ! Bus protocol set to Auto
2016-05-09 22:26:40.182:  ! Protocol detection failed; protocol reverted to Auto, exiting Protocol Detector...
2016-05-09 22:26:41.305:  ! Databus protocol unknown, starting Protocol Detection...
2016-05-09 22:26:41.305:  ! Detecting protocol via VIN Request; trying OBD (d-bus) protocol...
2016-05-09 22:26:41.992:  ! Protocol watchdog timer fired: reverting protcol to Auto
2016-05-09 22:26:41.992:  ! Bus protocol set to Auto
2016-05-09 22:26:42.429:  ! Detecting protocol via VIN Request; trying i/k-bus protocol...
2016-05-09 22:26:43.053:  ! Protocol watchdog timer fired: reverting protcol to Auto
2016-05-09 22:26:43.053:  ! Bus protocol set to Auto
2016-05-09 22:26:43.552:  ! Bus protocol set to Auto
2016-05-09 22:26:43.552:  ! Protocol detection failed; protocol reverted to Auto, exiting Protocol Detector...
2016-05-09 22:26:44.675:  ! Scanning device: MFL
2016-05-09 22:26:44.675:  ! Databus protocol unknown, starting Protocol Detection...
2016-05-09 22:26:44.675:  ! Detecting protocol via VIN Request; trying OBD (d-bus) protocol...
2016-05-09 22:26:45.174:  ! Protocol watchdog timer fired: reverting protcol to Auto
2016-05-09 22:26:45.174:  ! Bus protocol set to Auto
2016-05-09 22:26:45.798:  ! Detecting protocol via VIN Request; trying i/k-bus protocol...
2016-05-09 22:26:46.235:  ! Protocol watchdog timer fired: reverting protcol to Auto
2016-05-09 22:26:46.235:  ! Bus protocol set to Auto
2016-05-09 22:26:46.921:  ! Bus protocol set to Auto
2016-05-09 22:26:46.921:  ! Protocol detection failed; protocol reverted to Auto, exiting Protocol Detector...
2016-05-09 22:26:48.045:  ! Databus protocol unknown, starting Protocol Detection...
2016-05-09 22:26:48.045:  ! Detecting protocol via VIN Request; trying OBD (d-bus) protocol...
2016-05-09 22:26:48.357:  ! Protocol watchdog timer fired: reverting protcol to Auto
2016-05-09 22:26:48.357:  ! Bus protocol set to Auto
2016-05-09 22:26:49.168:  ! Detecting protocol via VIN Request; trying i/k-bus protocol...
2016-05-09 22:26:49.417:  ! Protocol watchdog timer fired: reverting protcol to Auto
2016-05-09 22:26:49.417:  ! Bus protocol set to Auto
2016-05-09 22:26:50.291:  ! Bus protocol set to Auto
2016-05-09 22:26:50.291:  ! Protocol detection failed; protocol reverted to Auto, exiting Protocol Detector...
2016-05-09 22:26:51.430:  ! Scanning device: MID
2016-05-09 22:26:51.430:  ! Databus protocol unknown, starting Protocol Detection...
2016-05-09 22:26:51.430:  ! Detecting protocol via VIN Request; trying OBD (d-bus) protocol...
2016-05-09 22:26:51.492:  ! Protocol watchdog timer fired: reverting protcol to Auto
2016-05-09 22:26:51.492:  ! Bus protocol set to Auto
2016-05-09 22:26:52.553:  ! Detecting protocol via VIN Request; trying i/k-bus protocol...
2016-05-09 22:26:52.553:  ! Protocol watchdog timer fired: reverting protcol to Auto
2016-05-09 22:26:52.553:  ! Bus protocol set to Auto
2016-05-09 22:26:53.676:  ! Bus protocol set to Auto
2016-05-09 22:26:53.676:  ! Protocol detection failed; protocol reverted to Auto, exiting Protocol Detector...
2016-05-09 22:26:54.799:  ! Databus protocol unknown, starting Protocol Detection...
2016-05-09 22:26:54.799:  ! Detecting protocol via VIN Request; trying OBD (d-bus) protocol...
2016-05-09 22:26:55.735:  ! Protocol watchdog timer fired: reverting protcol to Auto
2016-05-09 22:26:55.735:  ! Bus protocol set to Auto
2016-05-09 22:26:55.922:  ! Detecting protocol via VIN Request; trying i/k-bus protocol...
2016-05-09 22:26:56.796:  ! Protocol watchdog timer fired: reverting protcol to Auto
2016-05-09 22:26:56.796:  ! Bus protocol set to Auto
2016-05-09 22:26:57.045:  ! Bus protocol set to Auto
2016-05-09 22:26:57.045:  ! Protocol detection failed; protocol reverted to Auto, exiting Protocol Detector...
2016-05-09 22:26:58.169:  ! Scanning device: FID
2016-05-09 22:26:58.169:  ! Databus protocol unknown, starting Protocol Detection...
2016-05-09 22:26:58.169:  ! Detecting protocol via VIN Request; trying OBD (d-bus) protocol...
2016-05-09 22:26:58.917:  ! Protocol watchdog timer fired: reverting protcol to Auto
2016-05-09 22:26:58.917:  ! Bus protocol set to Auto
2016-05-09 22:26:59.292:  ! Detecting protocol via VIN Request; trying i/k-bus protocol...
2016-05-09 22:26:59.978:  ! Protocol watchdog timer fired: reverting protcol to Auto
2016-05-09 22:26:59.978:  ! Bus protocol set to Auto
2016-05-09 22:27:00.415:  ! Bus protocol set to Auto
2016-05-09 22:27:00.415:  ! Protocol detection failed; protocol reverted to Auto, exiting Protocol Detector...
2016-05-09 22:27:01.538:  ! Databus protocol unknown, starting Protocol Detection...
2016-05-09 22:27:01.538:  ! Detecting protocol via VIN Request; trying OBD (d-bus) protocol...
2016-05-09 22:27:02.100:  ! Protocol watchdog timer fired: reverting protcol to Auto
2016-05-09 22:27:02.100:  ! Bus protocol set to Auto
2016-05-09 22:27:02.661:  ! Detecting protocol via VIN Request; trying i/k-bus protocol...
2016-05-09 22:27:03.161:  ! Protocol watchdog timer fired: reverting protcol to Auto
2016-05-09 22:27:03.161:  ! Bus protocol set to Auto
2016-05-09 22:27:03.785:  ! Bus protocol set to Auto
2016-05-09 22:27:03.785:  ! Protocol detection failed; protocol reverted to Auto, exiting Protocol Detector...
2016-05-09 22:27:04.908:  ! Scanning device: IRIS
2016-05-09 22:27:04.908:  ! Databus protocol unknown, starting Protocol Detection...
2016-05-09 22:27:04.908:  ! Detecting protocol via VIN Request; trying OBD (d-bus) protocol...
2016-05-09 22:27:05.282:  ! Protocol watchdog timer fired: reverting protcol to Auto
2016-05-09 22:27:05.282:  ! Bus protocol set to Auto
2016-05-09 22:27:06.031:  ! Detecting protocol via VIN Request; trying i/k-bus protocol...
2016-05-09 22:27:06.343:  ! Protocol watchdog timer fired: reverting protcol to Auto
2016-05-09 22:27:06.343:  ! Bus protocol set to Auto
2016-05-09 22:27:07.154:  ! Bus protocol set to Auto
2016-05-09 22:27:07.154:  ! Protocol detection failed; protocol reverted to Auto, exiting Protocol Detector...
2016-05-09 22:27:08.277:  ! Databus protocol unknown, starting Protocol Detection...
2016-05-09 22:27:08.277:  ! Detecting protocol via VIN Request; trying OBD (d-bus) protocol...
2016-05-09 22:27:08.464:  ! Protocol watchdog timer fired: reverting protcol to Auto
2016-05-09 22:27:08.464:  ! Bus protocol set to Auto
2016-05-09 22:27:09.463:  ! Detecting protocol via VIN Request; trying i/k-bus protocol...
2016-05-09 22:27:09.525:  ! Protocol watchdog timer fired: reverting protcol to Auto
2016-05-09 22:27:09.525:  ! Bus protocol set to Auto
2016-05-09 22:27:10.586:  ! Bus protocol set to Auto
2016-05-09 22:27:10.586:  ! Protocol detection failed; protocol reverted to Auto, exiting Protocol Detector...
2016-05-09 22:27:11.709:  ! Scan canceled
2016-05-09 22:29:54.584:  ! NavCoder logging stopped, NavCoder closed
2016-05-09 22:29:54.584:  !
