2016-05-09 22:36:16.136:  !
2016-05-09 22:36:16.136:  ! NavCoder v2.9.183.Beta [EN-US] [Multi-protocol] logging started
2016-05-09 22:36:16.136:  ! Running on Windows 7 Ultimate Edition, 32-bit (Service Pack 1)  [en-US]
2016-05-09 22:36:16.136:  ! [Debug Mode]
2016-05-09 22:36:16.136:  ! [Multi-procotol enabled]
2016-05-09 22:36:16.136:  ! [Procotol = Auto]
2016-05-09 22:36:24.123:  ! Databus protocol unknown, starting Protocol Detection...
2016-05-09 22:36:24.123:  ! Detecting protocol via VIN Request; trying OBD (d-bus) protocol...
2016-05-09 22:36:24.186:  D0 05 02 02 D5
2016-05-09 22:36:24.186:  ! DIA  --> LCM : Read AIS, Data="02"    [ ]
2016-05-09 22:36:24.248:  D0 0A A0 02 47 43 95 64 60 ED
2016-05-09 22:36:24.248:  ! LCM  --> DIA : Diagnostic command acknowledged, Data="02 47 43 95 64 60"    [ GC•d`]
2016-05-09 22:36:24.310:  ! Bus protocol set to D-bus
2016-05-09 22:36:24.310:  ! Protocol detection successful
2016-05-09 22:36:24.310:  !------------------------------------------------------
2016-05-09 22:36:24.310:  !     Connected to VIN GC95646 via OBD (d-bus)
2016-05-09 22:36:24.310:  !------------------------------------------------------
2016-05-09 22:36:24.373:  68 04 00 6C
2016-05-09 22:36:24.373:  ! DIA  --> RAD : Read identity
2016-05-09 22:36:24.435:  68 10 A0 86 90 27 18 45 00 25 09 07 00 17 42 CA
2016-05-09 22:36:24.435:  ! RAD  --> DIA : Diagnostic command acknowledged, Data="86 90 27 18 45 00 25 09 07 00 17 42"    [†' E %    B]
2016-05-09 22:36:24.560:  68 04 53 3F
2016-05-09 22:36:24.560:  ! DIA  --> RAD : Read manufacturer data
2016-05-09 22:36:24.622:  68 09 A0 42 00 24 68 99 56
2016-05-09 22:36:24.622:  ! RAD  --> DIA : Diagnostic command acknowledged, Data="42 00 24 68 99"    [B $h™]
2016-05-09 22:36:24.685:  68 04 0B 67
2016-05-09 22:36:24.685:  ! DIA  --> RAD : Read IO status
2016-05-09 22:36:24.825:  68 0E A0 05 08 56 30 30 30 30 30 30 31 AC
2016-05-09 22:36:24.825:  ! RAD  --> DIA : Diagnostic command acknowledged, Data="05 08 56 30 30 30 30 30 30 31"    [  V0000001]
2016-05-09 22:36:25.153:  68 04 0B 67
2016-05-09 22:36:25.153:  ! DIA  --> RAD : Read IO status
2016-05-09 22:36:25.215:  68 0E A0 05 08 56 30 30 30 30 30 30 31 AC
2016-05-09 22:36:25.215:  ! RAD  --> DIA : Diagnostic command acknowledged, Data="05 08 56 30 30 30 30 30 30 31"    [  V0000001]
2016-05-09 22:36:25.543:  68 04 0B 67
2016-05-09 22:36:25.543:  ! DIA  --> RAD : Read IO status
2016-05-09 22:36:25.668:  68 0E A0 05 08 56 30 30 30 30 30 30 31 AC
2016-05-09 22:36:25.668:  ! RAD  --> DIA : Diagnostic command acknowledged, Data="05 08 56 30 30 30 30 30 30 31"    [  V0000001]
2016-05-09 22:36:25.995:  68 04 0B 67
2016-05-09 22:36:25.995:  ! DIA  --> RAD : Read IO status
2016-05-09 22:36:26.042:  68 0E A0 05 08 56 30 30 30 30 30 30 30 AD
2016-05-09 22:36:26.042:  ! RAD  --> DIA : Diagnostic command acknowledged, Data="05 08 56 30 30 30 30 30 30 30"    [  V0000000]
2016-05-09 22:36:28.242:  68 04 0B 67
2016-05-09 22:36:28.242:  ! DIA  --> RAD : Read IO status
2016-05-09 22:36:28.273:  68 0E A0 04 08 56 30 30 30 30 30 30 30 AC
2016-05-09 22:36:28.273:  ! RAD  --> DIA : Diagnostic command acknowledged, Data="04 08 56 30 30 30 30 30 30 30"    [  V0000000]
2016-05-09 22:36:28.507:  68 04 0B 67
2016-05-09 22:36:28.507:  ! DIA  --> RAD : Read IO status
2016-05-09 22:36:28.632:  68 0E A0 04 08 56 30 30 30 30 30 30 30 AC
2016-05-09 22:36:28.632:  ! RAD  --> DIA : Diagnostic command acknowledged, Data="04 08 56 30 30 30 30 30 30 30"    [  V0000000]
2016-05-09 22:36:28.959:  68 04 0B 67
2016-05-09 22:36:28.959:  ! DIA  --> RAD : Read IO status
2016-05-09 22:36:29.084:  68 0E A0 04 08 56 30 30 30 30 30 30 30 AC
2016-05-09 22:36:29.084:  ! RAD  --> DIA : Diagnostic command acknowledged, Data="04 08 56 30 30 30 30 30 30 30"    [  V0000000]
2016-05-09 22:36:29.412:  68 04 0B 67
2016-05-09 22:36:29.412:  ! DIA  --> RAD : Read IO status
2016-05-09 22:36:29.474:  68 0E A0 04 08 56 30 30 30 30 30 30 30 AC
2016-05-09 22:36:29.474:  ! RAD  --> DIA : Diagnostic command acknowledged, Data="04 08 56 30 30 30 30 30 30 30"    [  V0000000]
2016-05-09 22:36:29.802:  68 04 0B 67
2016-05-09 22:36:29.802:  ! DIA  --> RAD : Read IO status
2016-05-09 22:36:29.864:  68 0E A0 04 08 56 30 30 30 30 30 30 30 AC
2016-05-09 22:36:29.864:  ! RAD  --> DIA : Diagnostic command acknowledged, Data="04 08 56 30 30 30 30 30 30 30"    [  V0000000]
2016-05-09 22:36:30.207:  68 04 0B 67
2016-05-09 22:36:30.207:  ! DIA  --> RAD : Read IO status
2016-05-09 22:36:30.285:  68 0E A0 04 08 56 30 30 30 30 30 30 30 AC
2016-05-09 22:36:30.285:  ! RAD  --> DIA : Diagnostic command acknowledged, Data="04 08 56 30 30 30 30 30 30 30"    [  V0000000]
2016-05-09 22:36:32.641:  68 04 0B 67
2016-05-09 22:36:32.641:  ! DIA  --> RAD : Read IO status
2016-05-09 22:36:32.703:  68 0E A0 04 08 56 30 30 30 30 30 30 30 AC
2016-05-09 22:36:32.703:  ! RAD  --> DIA : Diagnostic command acknowledged, Data="04 08 56 30 30 30 30 30 30 30"    [  V0000000]
2016-05-09 22:36:33.046:  68 04 0B 67
2016-05-09 22:36:33.046:  ! DIA  --> RAD : Read IO status
2016-05-09 22:36:33.109:  68 0E A0 04 08 56 30 30 30 30 30 30 30 AC
2016-05-09 22:36:33.109:  ! RAD  --> DIA : Diagnostic command acknowledged, Data="04 08 56 30 30 30 30 30 30 30"    [  V0000000]
2016-05-09 22:36:33.452:  68 04 0B 67
2016-05-09 22:36:33.452:  ! DIA  --> RAD : Read IO status
2016-05-09 22:36:33.530:  68 0E A0 04 08 56 30 30 30 30 30 30 30 AC
2016-05-09 22:36:33.530:  ! RAD  --> DIA : Diagnostic command acknowledged, Data="04 08 56 30 30 30 30 30 30 30"    [  V0000000]
2016-05-09 22:36:33.873:  68 04 0B 67
2016-05-09 22:36:33.873:  ! DIA  --> RAD : Read IO status
2016-05-09 22:36:33.951:  68 0E A0 04 08 56 30 30 30 30 30 30 30 AC
2016-05-09 22:36:33.951:  ! RAD  --> DIA : Diagnostic command acknowledged, Data="04 08 56 30 30 30 30 30 30 30"    [  V0000000]
2016-05-09 22:36:34.294:  68 04 0B 67
2016-05-09 22:36:34.294:  ! DIA  --> RAD : Read IO status
2016-05-09 22:36:34.372:  68 0E A0 05 08 56 30 30 30 30 30 30 30 AD
2016-05-09 22:36:34.372:  ! RAD  --> DIA : Diagnostic command acknowledged, Data="05 08 56 30 30 30 30 30 30 30"    [  V0000000]
2016-05-09 22:36:34.715:  68 04 0B 67
2016-05-09 22:36:34.715:  ! DIA  --> RAD : Read IO status
2016-05-09 22:36:34.793:  68 0E A0 05 08 56 30 30 30 30 30 30 30 AD
2016-05-09 22:36:34.793:  ! RAD  --> DIA : Diagnostic command acknowledged, Data="05 08 56 30 30 30 30 30 30 30"    [  V0000000]
2016-05-09 22:36:35.137:  68 04 0B 67
2016-05-09 22:36:35.137:  ! DIA  --> RAD : Read IO status
2016-05-09 22:36:35.215:  68 0E A0 05 08 56 30 30 30 30 30 30 32 AF
2016-05-09 22:36:35.215:  ! RAD  --> DIA : Diagnostic command acknowledged, Data="05 08 56 30 30 30 30 30 30 32"    [  V0000002]
2016-05-09 22:36:35.558:  68 04 0B 67
2016-05-09 22:36:35.558:  ! DIA  --> RAD : Read IO status
2016-05-09 22:36:35.698:  68 0E A0 05 08 56 30 30 30 30 30 30 32 AF
2016-05-09 22:36:35.698:  ! RAD  --> DIA : Diagnostic command acknowledged, Data="05 08 56 30 30 30 30 30 30 32"    [  V0000002]
2016-05-09 22:36:36.041:  68 04 0B 67
2016-05-09 22:36:36.041:  ! DIA  --> RAD : Read IO status
2016-05-09 22:36:36.119:  68 0E A0 05 08 56 30 30 30 30 31 30 32 AE
2016-05-09 22:36:36.119:  ! RAD  --> DIA : Diagnostic command acknowledged, Data="05 08 56 30 30 30 30 31 30 32"    [  V0000102]
2016-05-09 22:36:36.463:  68 04 0B 67
2016-05-09 22:36:36.463:  ! DIA  --> RAD : Read IO status
2016-05-09 22:36:36.541:  68 0E A0 05 08 56 30 30 30 30 30 30 31 AC
2016-05-09 22:36:36.541:  ! RAD  --> DIA : Diagnostic command acknowledged, Data="05 08 56 30 30 30 30 30 30 31"    [  V0000001]
2016-05-09 22:36:36.884:  68 04 0B 67
2016-05-09 22:36:36.884:  ! DIA  --> RAD : Read IO status
2016-05-09 22:36:36.962:  68 0E A0 05 08 56 30 30 30 30 31 30 31 AD
2016-05-09 22:36:36.962:  ! RAD  --> DIA : Diagnostic command acknowledged, Data="05 08 56 30 30 30 30 31 30 31"    [  V0000101]
2016-05-09 22:36:37.305:  68 04 0B 67
2016-05-09 22:36:37.305:  ! DIA  --> RAD : Read IO status
2016-05-09 22:36:37.383:  68 0E A0 05 08 56 30 30 30 30 30 30 31 AC
2016-05-09 22:36:37.383:  ! RAD  --> DIA : Diagnostic command acknowledged, Data="05 08 56 30 30 30 30 30 30 31"    [  V0000001]
2016-05-09 22:36:37.726:  68 04 0B 67
2016-05-09 22:36:37.726:  ! DIA  --> RAD : Read IO status
2016-05-09 22:36:37.804:  68 0E A0 05 08 56 30 30 30 30 31 30 31 AD
2016-05-09 22:36:37.804:  ! RAD  --> DIA : Diagnostic command acknowledged, Data="05 08 56 30 30 30 30 31 30 31"    [  V0000101]
2016-05-09 22:36:38.147:  68 04 0B 67
2016-05-09 22:36:38.147:  ! DIA  --> RAD : Read IO status
2016-05-09 22:36:38.225:  68 0E A0 05 08 56 30 30 30 30 31 30 31 AD
2016-05-09 22:36:38.225:  ! RAD  --> DIA : Diagnostic command acknowledged, Data="05 08 56 30 30 30 30 31 30 31"    [  V0000101]
2016-05-09 22:36:38.569:  68 04 0B 67
2016-05-09 22:36:38.569:  ! DIA  --> RAD : Read IO status
2016-05-09 22:36:38.647:  68 0E A0 05 08 56 30 30 30 30 31 30 32 AE
2016-05-09 22:36:38.647:  ! RAD  --> DIA : Diagnostic command acknowledged, Data="05 08 56 30 30 30 30 31 30 32"    [  V0000102]
2016-05-09 22:36:38.990:  68 04 0B 67
2016-05-09 22:36:38.990:  ! DIA  --> RAD : Read IO status
2016-05-09 22:36:39.068:  68 0E A0 05 08 56 30 30 30 30 31 30 32 AE
2016-05-09 22:36:39.068:  ! RAD  --> DIA : Diagnostic command acknowledged, Data="05 08 56 30 30 30 30 31 30 32"    [  V0000102]
2016-05-09 22:36:39.411:  68 04 0B 67
2016-05-09 22:36:39.411:  ! DIA  --> RAD : Read IO status
2016-05-09 22:36:39.427:  68 0E A0 05 08 56 30 30 30 30 31 30 32 AE
2016-05-09 22:36:39.427:  ! RAD  --> DIA : Diagnostic command acknowledged, Data="05 08 56 30 30 30 30 31 30 32"    [  V0000102]
2016-05-09 22:36:39.848:  68 04 0B 67
2016-05-09 22:36:39.848:  ! DIA  --> RAD : Read IO status
2016-05-09 22:36:39.926:  68 0E A0 05 08 56 30 30 30 30 31 30 31 AD
2016-05-09 22:36:39.926:  ! RAD  --> DIA : Diagnostic command acknowledged, Data="05 08 56 30 30 30 30 31 30 31"    [  V0000101]
2016-05-09 22:36:40.269:  68 04 0B 67
2016-05-09 22:36:40.269:  ! DIA  --> RAD : Read IO status
2016-05-09 22:36:40.347:  68 0E A0 05 08 56 30 30 30 30 31 30 31 AD
2016-05-09 22:36:40.347:  ! RAD  --> DIA : Diagnostic command acknowledged, Data="05 08 56 30 30 30 30 31 30 31"    [  V0000101]
2016-05-09 22:36:40.690:  68 04 0B 67
2016-05-09 22:36:40.690:  ! DIA  --> RAD : Read IO status
2016-05-09 22:36:40.768:  68 0E A0 05 08 56 30 30 30 30 30 30 30 AD
2016-05-09 22:36:40.768:  ! RAD  --> DIA : Diagnostic command acknowledged, Data="05 08 56 30 30 30 30 30 30 30"    [  V0000000]
2016-05-09 22:36:41.111:  68 04 0B 67
2016-05-09 22:36:41.111:  ! DIA  --> RAD : Read IO status
2016-05-09 22:36:41.189:  68 0E A0 05 08 56 30 30 30 30 30 30 30 AD
2016-05-09 22:36:41.189:  ! RAD  --> DIA : Diagnostic command acknowledged, Data="05 08 56 30 30 30 30 30 30 30"    [  V0000000]
2016-05-09 22:36:41.532:  68 04 0B 67
2016-05-09 22:36:41.532:  ! DIA  --> RAD : Read IO status
2016-05-09 22:36:41.673:  68 0E A0 05 08 56 30 30 30 30 30 30 30 AD
2016-05-09 22:36:41.673:  ! RAD  --> DIA : Diagnostic command acknowledged, Data="05 08 56 30 30 30 30 30 30 30"    [  V0000000]
2016-05-09 22:36:42.016:  68 04 0B 67
2016-05-09 22:36:42.016:  ! DIA  --> RAD : Read IO status
2016-05-09 22:36:42.094:  68 0E A0 05 08 56 30 30 30 30 30 30 32 AF
2016-05-09 22:36:42.094:  ! RAD  --> DIA : Diagnostic command acknowledged, Data="05 08 56 30 30 30 30 30 30 32"    [  V0000002]
2016-05-09 22:36:42.437:  68 04 0B 67
2016-05-09 22:36:42.437:  ! DIA  --> RAD : Read IO status
2016-05-09 22:36:42.515:  68 0E A0 05 08 56 30 30 30 30 30 30 32 AF
2016-05-09 22:36:42.515:  ! RAD  --> DIA : Diagnostic command acknowledged, Data="05 08 56 30 30 30 30 30 30 32"    [  V0000002]
2016-05-09 22:36:42.858:  68 04 0B 67
2016-05-09 22:36:42.858:  ! DIA  --> RAD : Read IO status
2016-05-09 22:36:42.936:  68 0E A0 05 08 56 30 30 30 30 30 30 32 AF
2016-05-09 22:36:42.936:  ! RAD  --> DIA : Diagnostic command acknowledged, Data="05 08 56 30 30 30 30 30 30 32"    [  V0000002]
2016-05-09 22:36:43.280:  68 04 0B 67
2016-05-09 22:36:43.280:  ! DIA  --> RAD : Read IO status
2016-05-09 22:36:43.358:  68 0E A0 05 08 56 30 30 30 30 30 30 32 AF
2016-05-09 22:36:43.358:  ! RAD  --> DIA : Diagnostic command acknowledged, Data="05 08 56 30 30 30 30 30 30 32"    [  V0000002]
2016-05-09 22:36:43.701:  68 04 0B 67
2016-05-09 22:36:43.701:  ! DIA  --> RAD : Read IO status
2016-05-09 22:36:43.779:  68 0E A0 05 08 56 30 30 30 30 30 30 30 AD
2016-05-09 22:36:43.779:  ! RAD  --> DIA : Diagnostic command acknowledged, Data="05 08 56 30 30 30 30 30 30 30"    [  V0000000]
2016-05-09 22:36:44.122:  68 04 0B 67
2016-05-09 22:36:44.122:  ! DIA  --> RAD : Read IO status
2016-05-09 22:36:44.200:  68 0E A0 05 08 56 30 30 30 30 30 30 30 AD
2016-05-09 22:36:44.200:  ! RAD  --> DIA : Diagnostic command acknowledged, Data="05 08 56 30 30 30 30 30 30 30"    [  V0000000]
2016-05-09 22:36:44.543:  68 04 0B 67
2016-05-09 22:36:44.543:  ! DIA  --> RAD : Read IO status
2016-05-09 22:36:44.621:  68 0E A0 05 08 56 30 30 30 30 30 30 30 AD
2016-05-09 22:36:44.621:  ! RAD  --> DIA : Diagnostic command acknowledged, Data="05 08 56 30 30 30 30 30 30 30"    [  V0000000]
2016-05-09 22:36:44.964:  68 04 0B 67
2016-05-09 22:36:44.964:  ! DIA  --> RAD : Read IO status
2016-05-09 22:36:45.042:  68 0E A0 05 08 56 30 30 30 30 30 30 33 AE
2016-05-09 22:36:45.042:  ! RAD  --> DIA : Diagnostic command acknowledged, Data="05 08 56 30 30 30 30 30 30 33"    [  V0000003]
2016-05-09 22:36:45.386:  68 04 0B 67
2016-05-09 22:36:45.386:  ! DIA  --> RAD : Read IO status
2016-05-09 22:36:45.464:  68 0E A0 05 08 56 30 30 30 30 30 30 33 AE
2016-05-09 22:36:45.464:  ! RAD  --> DIA : Diagnostic command acknowledged, Data="05 08 56 30 30 30 30 30 30 33"    [  V0000003]
2016-05-09 22:36:45.807:  68 04 0B 67
2016-05-09 22:36:45.807:  ! DIA  --> RAD : Read IO status
2016-05-09 22:36:45.885:  68 0E A0 05 08 56 30 30 30 30 30 30 33 AE
2016-05-09 22:36:45.885:  ! RAD  --> DIA : Diagnostic command acknowledged, Data="05 08 56 30 30 30 30 30 30 33"    [  V0000003]
2016-05-09 22:36:46.228:  68 04 0B 67
2016-05-09 22:36:46.228:  ! DIA  --> RAD : Read IO status
2016-05-09 22:36:46.306:  68 0E A0 05 08 56 30 30 30 30 30 30 33 AE
2016-05-09 22:36:46.306:  ! RAD  --> DIA : Diagnostic command acknowledged, Data="05 08 56 30 30 30 30 30 30 33"    [  V0000003]
2016-05-09 22:36:46.649:  68 04 0B 67
2016-05-09 22:36:46.649:  ! DIA  --> RAD : Read IO status
2016-05-09 22:36:46.727:  68 0E A0 05 08 56 30 30 30 30 30 30 33 AE
2016-05-09 22:36:46.727:  ! RAD  --> DIA : Diagnostic command acknowledged, Data="05 08 56 30 30 30 30 30 30 33"    [  V0000003]
2016-05-09 22:36:47.070:  68 04 0B 67
2016-05-09 22:36:47.070:  ! DIA  --> RAD : Read IO status
2016-05-09 22:36:47.148:  68 0E A0 05 08 56 30 30 30 30 30 30 32 AF
2016-05-09 22:36:47.148:  ! RAD  --> DIA : Diagnostic command acknowledged, Data="05 08 56 30 30 30 30 30 30 32"    [  V0000002]
2016-05-09 22:36:47.492:  68 04 0B 67
2016-05-09 22:36:47.492:  ! DIA  --> RAD : Read IO status
2016-05-09 22:36:47.569:  68 0E A0 05 08 56 30 30 30 30 30 30 30 AD
2016-05-09 22:36:47.569:  ! RAD  --> DIA : Diagnostic command acknowledged, Data="05 08 56 30 30 30 30 30 30 30"    [  V0000000]
2016-05-09 22:36:47.913:  68 04 0B 67
2016-05-09 22:36:47.913:  ! DIA  --> RAD : Read IO status
2016-05-09 22:36:47.991:  68 0E A0 05 08 56 30 30 30 30 30 30 30 AD
2016-05-09 22:36:47.991:  ! RAD  --> DIA : Diagnostic command acknowledged, Data="05 08 56 30 30 30 30 30 30 30"    [  V0000000]
2016-05-09 22:36:48.334:  68 04 0B 67
2016-05-09 22:36:48.334:  ! DIA  --> RAD : Read IO status
2016-05-09 22:36:48.474:  68 0E A0 05 08 56 30 30 30 30 30 30 30 AD
2016-05-09 22:36:48.474:  ! RAD  --> DIA : Diagnostic command acknowledged, Data="05 08 56 30 30 30 30 30 30 30"    [  V0000000]
2016-05-09 22:36:48.817:  68 04 0B 67
2016-05-09 22:36:48.817:  ! DIA  --> RAD : Read IO status
2016-05-09 22:36:48.895:  68 0E A0 05 08 56 30 30 30 30 30 30 31 AC
2016-05-09 22:36:48.895:  ! RAD  --> DIA : Diagnostic command acknowledged, Data="05 08 56 30 30 30 30 30 30 31"    [  V0000001]
2016-05-09 22:36:49.239:  68 04 0B 67
2016-05-09 22:36:49.239:  ! DIA  --> RAD : Read IO status
2016-05-09 22:36:49.317:  68 0E A0 05 08 56 30 30 30 30 30 30 31 AC
2016-05-09 22:36:49.317:  ! RAD  --> DIA : Diagnostic command acknowledged, Data="05 08 56 30 30 30 30 30 30 31"    [  V0000001]
2016-05-09 22:36:49.660:  68 04 0B 67
2016-05-09 22:36:49.660:  ! DIA  --> RAD : Read IO status
2016-05-09 22:36:49.738:  68 0E A0 05 08 56 30 30 30 30 30 30 32 AF
2016-05-09 22:36:49.738:  ! RAD  --> DIA : Diagnostic command acknowledged, Data="05 08 56 30 30 30 30 30 30 32"    [  V0000002]
2016-05-09 22:36:50.081:  68 04 0B 67
2016-05-09 22:36:50.081:  ! DIA  --> RAD : Read IO status
2016-05-09 22:36:50.159:  68 0E A0 05 08 56 30 30 30 30 30 30 32 AF
2016-05-09 22:36:50.159:  ! RAD  --> DIA : Diagnostic command acknowledged, Data="05 08 56 30 30 30 30 30 30 32"    [  V0000002]
2016-05-09 22:36:50.502:  68 04 0B 67
2016-05-09 22:36:50.502:  ! DIA  --> RAD : Read IO status
2016-05-09 22:36:50.580:  68 0E A0 05 08 56 30 30 30 30 30 30 32 AF
2016-05-09 22:36:50.580:  ! RAD  --> DIA : Diagnostic command acknowledged, Data="05 08 56 30 30 30 30 30 30 32"    [  V0000002]
2016-05-09 22:36:50.923:  68 04 0B 67
2016-05-09 22:36:50.923:  ! DIA  --> RAD : Read IO status
2016-05-09 22:36:51.001:  68 0E A0 05 08 56 30 30 30 30 30 30 32 AF
2016-05-09 22:36:51.001:  ! RAD  --> DIA : Diagnostic command acknowledged, Data="05 08 56 30 30 30 30 30 30 32"    [  V0000002]
2016-05-09 22:36:51.345:  68 04 0B 67
2016-05-09 22:36:51.345:  ! DIA  --> RAD : Read IO status
2016-05-09 22:36:51.423:  68 0E A0 05 08 56 30 30 30 30 30 30 32 AF
2016-05-09 22:36:51.423:  ! RAD  --> DIA : Diagnostic command acknowledged, Data="05 08 56 30 30 30 30 30 30 32"    [  V0000002]
2016-05-09 22:36:51.766:  68 04 0B 67
2016-05-09 22:36:51.766:  ! DIA  --> RAD : Read IO status
2016-05-09 22:36:51.844:  68 0E A0 05 08 56 30 30 30 30 30 30 32 AF
2016-05-09 22:36:51.844:  ! RAD  --> DIA : Diagnostic command acknowledged, Data="05 08 56 30 30 30 30 30 30 32"    [  V0000002]
2016-05-09 22:36:52.187:  68 04 0B 67
2016-05-09 22:36:52.187:  ! DIA  --> RAD : Read IO status
2016-05-09 22:36:52.265:  68 0E A0 05 08 56 30 30 30 30 30 30 30 AD
2016-05-09 22:36:52.265:  ! RAD  --> DIA : Diagnostic command acknowledged, Data="05 08 56 30 30 30 30 30 30 30"    [  V0000000]
2016-05-09 22:36:52.608:  68 04 0B 67
2016-05-09 22:36:52.608:  ! DIA  --> RAD : Read IO status
2016-05-09 22:36:52.686:  68 0E A0 05 08 56 30 30 30 30 30 30 30 AD
2016-05-09 22:36:52.686:  ! RAD  --> DIA : Diagnostic command acknowledged, Data="05 08 56 30 30 30 30 30 30 30"    [  V0000000]
2016-05-09 22:36:53.029:  68 04 0B 67
2016-05-09 22:36:53.029:  ! DIA  --> RAD : Read IO status
2016-05-09 22:36:53.107:  68 0E A0 05 08 56 30 30 30 30 30 30 32 AF
2016-05-09 22:36:53.107:  ! RAD  --> DIA : Diagnostic command acknowledged, Data="05 08 56 30 30 30 30 30 30 32"    [  V0000002]
2016-05-09 22:36:53.451:  68 04 0B 67
2016-05-09 22:36:53.451:  ! DIA  --> RAD : Read IO status
2016-05-09 22:36:53.529:  68 0E A0 05 08 56 30 30 30 30 30 30 32 AF
2016-05-09 22:36:53.529:  ! RAD  --> DIA : Diagnostic command acknowledged, Data="05 08 56 30 30 30 30 30 30 32"    [  V0000002]
2016-05-09 22:36:53.872:  68 04 0B 67
2016-05-09 22:36:53.872:  ! DIA  --> RAD : Read IO status
2016-05-09 22:36:54.075:  68 0E A0 05 08 56 30 30 30 30 30 30 30 AD
2016-05-09 22:36:54.075:  ! RAD  --> DIA : Diagnostic command acknowledged, Data="05 08 56 30 30 30 30 30 30 30"    [  V0000000]
2016-05-09 22:36:54.418:  68 04 0B 67
2016-05-09 22:36:54.418:  ! DIA  --> RAD : Read IO status
2016-05-09 22:36:54.496:  68 0E A0 05 08 56 30 30 30 30 30 30 30 AD
2016-05-09 22:36:54.496:  ! RAD  --> DIA : Diagnostic command acknowledged, Data="05 08 56 30 30 30 30 30 30 30"    [  V0000000]
2016-05-09 22:36:54.839:  68 04 0B 67
2016-05-09 22:36:54.839:  ! DIA  --> RAD : Read IO status
2016-05-09 22:36:54.979:  68 0E A0 05 08 56 30 30 30 30 30 30 30 AD
2016-05-09 22:36:54.979:  ! RAD  --> DIA : Diagnostic command acknowledged, Data="05 08 56 30 30 30 30 30 30 30"    [  V0000000]
2016-05-09 22:36:55.322:  68 04 0B 67
2016-05-09 22:36:55.322:  ! DIA  --> RAD : Read IO status
2016-05-09 22:36:55.400:  68 0E A0 05 08 56 30 30 30 30 30 30 30 AD
2016-05-09 22:36:55.400:  ! RAD  --> DIA : Diagnostic command acknowledged, Data="05 08 56 30 30 30 30 30 30 30"    [  V0000000]
2016-05-09 22:36:55.744:  68 04 0B 67
2016-05-09 22:36:55.744:  ! DIA  --> RAD : Read IO status
2016-05-09 22:36:55.822:  68 0E A0 05 08 56 30 30 30 30 30 30 30 AD
2016-05-09 22:36:55.822:  ! RAD  --> DIA : Diagnostic command acknowledged, Data="05 08 56 30 30 30 30 30 30 30"    [  V0000000]
2016-05-09 22:36:56.165:  68 04 0B 67
2016-05-09 22:36:56.165:  ! DIA  --> RAD : Read IO status
2016-05-09 22:36:56.243:  68 0E A0 05 08 56 30 30 30 30 30 30 30 AD
2016-05-09 22:36:56.243:  ! RAD  --> DIA : Diagnostic command acknowledged, Data="05 08 56 30 30 30 30 30 30 30"    [  V0000000]
2016-05-09 22:36:56.586:  68 04 0B 67
2016-05-09 22:36:56.586:  ! DIA  --> RAD : Read IO status
2016-05-09 22:36:56.664:  68 0E A0 05 08 56 30 30 30 30 30 30 30 AD
2016-05-09 22:36:56.664:  ! RAD  --> DIA : Diagnostic command acknowledged, Data="05 08 56 30 30 30 30 30 30 30"    [  V0000000]
2016-05-09 22:36:57.007:  68 04 0B 67
2016-05-09 22:36:57.007:  ! DIA  --> RAD : Read IO status
2016-05-09 22:36:57.085:  68 0E A0 05 08 56 30 30 30 30 30 30 30 AD
2016-05-09 22:36:57.085:  ! RAD  --> DIA : Diagnostic command acknowledged, Data="05 08 56 30 30 30 30 30 30 30"    [  V0000000]
2016-05-09 22:36:57.428:  68 04 0B 67
2016-05-09 22:36:57.428:  ! DIA  --> RAD : Read IO status
2016-05-09 22:36:57.506:  68 0E A0 05 08 56 30 30 30 30 30 30 30 AD
2016-05-09 22:36:57.506:  ! RAD  --> DIA : Diagnostic command acknowledged, Data="05 08 56 30 30 30 30 30 30 30"    [  V0000000]
2016-05-09 22:36:57.850:  68 04 0B 67
2016-05-09 22:36:57.850:  ! DIA  --> RAD : Read IO status
2016-05-09 22:36:57.928:  68 0E A0 05 08 56 30 30 30 30 30 30 30 AD
2016-05-09 22:36:57.928:  ! RAD  --> DIA : Diagnostic command acknowledged, Data="05 08 56 30 30 30 30 30 30 30"    [  V0000000]
2016-05-09 22:36:58.271:  68 04 0B 67
2016-05-09 22:36:58.271:  ! DIA  --> RAD : Read IO status
2016-05-09 22:36:58.349:  68 0E A0 05 08 56 30 30 30 30 30 30 30 AD
2016-05-09 22:36:58.349:  ! RAD  --> DIA : Diagnostic command acknowledged, Data="05 08 56 30 30 30 30 30 30 30"    [  V0000000]
2016-05-09 22:36:58.692:  68 04 0B 67
2016-05-09 22:36:58.692:  ! DIA  --> RAD : Read IO status
2016-05-09 22:36:58.770:  68 0E A0 05 08 56 30 30 30 30 30 30 30 AD
2016-05-09 22:36:58.770:  ! RAD  --> DIA : Diagnostic command acknowledged, Data="05 08 56 30 30 30 30 30 30 30"    [  V0000000]
2016-05-09 22:36:59.113:  68 04 0B 67
2016-05-09 22:36:59.113:  ! DIA  --> RAD : Read IO status
2016-05-09 22:36:59.191:  68 0E A0 05 08 56 30 30 30 30 30 30 30 AD
2016-05-09 22:36:59.191:  ! RAD  --> DIA : Diagnostic command acknowledged, Data="05 08 56 30 30 30 30 30 30 30"    [  V0000000]
2016-05-09 22:36:59.534:  68 04 0B 67
2016-05-09 22:36:59.534:  ! DIA  --> RAD : Read IO status
2016-05-09 22:36:59.675:  68 0E A0 05 08 56 30 30 30 30 30 30 30 AD
2016-05-09 22:36:59.675:  ! RAD  --> DIA : Diagnostic command acknowledged, Data="05 08 56 30 30 30 30 30 30 30"    [  V0000000]
2016-05-09 22:37:04.682:  ! Keep-alive fired (5.0s): requesting IKE identity...
2016-05-09 22:37:04.745:  80 04 00 84
2016-05-09 22:37:04.745:  ! DIA  --> IKE : Read identity
2016-05-09 22:37:04.823:  80 12 A0 F6 94 21 98 25 12 09 15 27 06 10 21 04 46 90
2016-05-09 22:37:04.823:  ! IKE  --> DIA : Diagnostic command acknowledged, Data="F6 94 21 98 25 12 09 15 27 06 10 21 04 46"    [ö”!˜%   '  ! F]
2016-05-09 22:37:09.908:  ! Keep-alive fired (5.0s): requesting IKE identity...
2016-05-09 22:37:09.971:  80 04 00 84
2016-05-09 22:37:09.971:  ! DIA  --> IKE : Read identity
2016-05-09 22:37:09.986:  80 12 A0 F6 94 21 98 25 12 09 15 27 06 10 21 04 46 90
2016-05-09 22:37:09.986:  ! IKE  --> DIA : Diagnostic command acknowledged, Data="F6 94 21 98 25 12 09 15 27 06 10 21 04 46"    [ö”!˜%   '  ! F]
2016-05-09 22:37:15.150:  ! Keep-alive fired (5.0s): requesting IKE identity...
2016-05-09 22:37:15.212:  80 04 00 84
2016-05-09 22:37:15.212:  ! DIA  --> IKE : Read identity
2016-05-09 22:37:15.228:  80 12 A0 F6 94 21 98 25 12 09 15 27 06 10 21 04 46 90
2016-05-09 22:37:15.228:  ! IKE  --> DIA : Diagnostic command acknowledged, Data="F6 94 21 98 25 12 09 15 27 06 10 21 04 46"    [ö”!˜%   '  ! F]
2016-05-09 22:37:19.206:  68 04 0B 67
2016-05-09 22:37:19.206:  ! DIA  --> RAD : Read IO status
2016-05-09 22:37:19.346:  68 0E A0 05 08 56 30 30 30 30 39 31 35 A0
2016-05-09 22:37:19.346:  ! RAD  --> DIA : Diagnostic command acknowledged, Data="05 08 56 30 30 30 30 39 31 35"    [  V0000915]
2016-05-09 22:37:19.689:  68 04 0B 67
2016-05-09 22:37:19.689:  ! DIA  --> RAD : Read IO status
2016-05-09 22:37:19.767:  68 0E A0 05 08 56 30 30 30 30 39 31 35 A0
2016-05-09 22:37:19.767:  ! RAD  --> DIA : Diagnostic command acknowledged, Data="05 08 56 30 30 30 30 39 31 35"    [  V0000915]
2016-05-09 22:37:20.110:  68 04 0B 67
2016-05-09 22:37:20.110:  ! DIA  --> RAD : Read IO status
2016-05-09 22:37:20.188:  68 0E A0 05 08 56 30 30 30 30 39 31 35 A0
2016-05-09 22:37:20.188:  ! RAD  --> DIA : Diagnostic command acknowledged, Data="05 08 56 30 30 30 30 39 31 35"    [  V0000915]
2016-05-09 22:37:20.532:  68 04 0B 67
2016-05-09 22:37:20.532:  ! DIA  --> RAD : Read IO status
2016-05-09 22:37:20.610:  68 0E A0 05 08 56 30 30 30 30 39 31 35 A0
2016-05-09 22:37:20.610:  ! RAD  --> DIA : Diagnostic command acknowledged, Data="05 08 56 30 30 30 30 39 31 35"    [  V0000915]
2016-05-09 22:37:20.953:  68 04 0B 67
2016-05-09 22:37:20.953:  ! DIA  --> RAD : Read IO status
2016-05-09 22:37:21.031:  68 0E A0 05 08 56 30 30 30 30 39 31 35 A0
2016-05-09 22:37:21.031:  ! RAD  --> DIA : Diagnostic command acknowledged, Data="05 08 56 30 30 30 30 39 31 35"    [  V0000915]
2016-05-09 22:37:21.374:  68 04 0B 67
2016-05-09 22:37:21.374:  ! DIA  --> RAD : Read IO status
2016-05-09 22:37:21.452:  68 0E A0 05 08 56 30 30 30 30 39 31 35 A0
2016-05-09 22:37:21.452:  ! RAD  --> DIA : Diagnostic command acknowledged, Data="05 08 56 30 30 30 30 39 31 35"    [  V0000915]
2016-05-09 22:37:21.795:  68 04 0B 67
2016-05-09 22:37:21.795:  ! DIA  --> RAD : Read IO status
2016-05-09 22:37:21.873:  68 0E A0 05 08 56 30 30 30 30 38 31 35 A1
2016-05-09 22:37:21.873:  ! RAD  --> DIA : Diagnostic command acknowledged, Data="05 08 56 30 30 30 30 38 31 35"    [  V0000815]
2016-05-09 22:37:22.216:  68 04 0B 67
2016-05-09 22:37:22.216:  ! DIA  --> RAD : Read IO status
2016-05-09 22:37:22.294:  68 0E A0 05 08 56 30 30 30 30 39 31 35 A0
2016-05-09 22:37:22.294:  ! RAD  --> DIA : Diagnostic command acknowledged, Data="05 08 56 30 30 30 30 39 31 35"    [  V0000915]
2016-05-09 22:37:22.638:  68 04 0B 67
2016-05-09 22:37:22.638:  ! DIA  --> RAD : Read IO status
2016-05-09 22:37:22.778:  68 0E A0 05 08 56 30 30 30 30 39 31 35 A0
2016-05-09 22:37:22.778:  ! RAD  --> DIA : Diagnostic command acknowledged, Data="05 08 56 30 30 30 30 39 31 35"    [  V0000915]
2016-05-09 22:37:23.121:  68 04 0B 67
2016-05-09 22:37:23.121:  ! DIA  --> RAD : Read IO status
2016-05-09 22:37:23.199:  68 0E A0 05 08 56 30 30 30 30 39 31 35 A0
2016-05-09 22:37:23.199:  ! RAD  --> DIA : Diagnostic command acknowledged, Data="05 08 56 30 30 30 30 39 31 35"    [  V0000915]
2016-05-09 22:37:23.542:  68 04 0B 67
2016-05-09 22:37:23.542:  ! DIA  --> RAD : Read IO status
2016-05-09 22:37:23.620:  68 0E A0 05 08 56 30 30 30 30 39 31 35 A0
2016-05-09 22:37:23.620:  ! RAD  --> DIA : Diagnostic command acknowledged, Data="05 08 56 30 30 30 30 39 31 35"    [  V0000915]
2016-05-09 22:37:23.963:  68 04 0B 67
2016-05-09 22:37:23.963:  ! DIA  --> RAD : Read IO status
2016-05-09 22:37:24.041:  68 0E A0 05 08 56 30 30 30 30 39 31 35 A0
2016-05-09 22:37:24.041:  ! RAD  --> DIA : Diagnostic command acknowledged, Data="05 08 56 30 30 30 30 39 31 35"    [  V0000915]
2016-05-09 22:37:24.385:  68 04 0B 67
2016-05-09 22:37:24.385:  ! DIA  --> RAD : Read IO status
2016-05-09 22:37:24.463:  68 0E A0 05 08 56 30 30 30 30 39 31 35 A0
2016-05-09 22:37:24.463:  ! RAD  --> DIA : Diagnostic command acknowledged, Data="05 08 56 30 30 30 30 39 31 35"    [  V0000915]
2016-05-09 22:37:24.806:  68 04 0B 67
2016-05-09 22:37:24.806:  ! DIA  --> RAD : Read IO status
2016-05-09 22:37:24.884:  68 0E A0 05 08 56 30 30 30 30 38 31 35 A1
2016-05-09 22:37:24.884:  ! RAD  --> DIA : Diagnostic command acknowledged, Data="05 08 56 30 30 30 30 38 31 35"    [  V0000815]
2016-05-09 22:37:25.227:  68 04 0B 67
2016-05-09 22:37:25.227:  ! DIA  --> RAD : Read IO status
2016-05-09 22:37:25.305:  68 0E A0 05 08 56 30 30 30 30 39 31 35 A0
2016-05-09 22:37:25.305:  ! RAD  --> DIA : Diagnostic command acknowledged, Data="05 08 56 30 30 30 30 39 31 35"    [  V0000915]
2016-05-09 22:37:25.648:  68 04 0B 67
2016-05-09 22:37:25.648:  ! DIA  --> RAD : Read IO status
2016-05-09 22:37:25.726:  68 0E A0 05 08 56 30 30 30 30 39 31 35 A0
2016-05-09 22:37:25.726:  ! RAD  --> DIA : Diagnostic command acknowledged, Data="05 08 56 30 30 30 30 39 31 35"    [  V0000915]
2016-05-09 22:37:26.069:  68 04 0B 67
2016-05-09 22:37:26.069:  ! DIA  --> RAD : Read IO status
2016-05-09 22:37:26.147:  68 0E A0 05 08 56 30 30 30 30 39 31 35 A0
2016-05-09 22:37:26.147:  ! RAD  --> DIA : Diagnostic command acknowledged, Data="05 08 56 30 30 30 30 39 31 35"    [  V0000915]
2016-05-09 22:37:26.491:  68 04 0B 67
2016-05-09 22:37:26.491:  ! DIA  --> RAD : Read IO status
2016-05-09 22:37:26.569:  68 0E A0 05 08 56 30 30 30 30 38 31 35 A1
2016-05-09 22:37:26.569:  ! RAD  --> DIA : Diagnostic command acknowledged, Data="05 08 56 30 30 30 30 38 31 35"    [  V0000815]
2016-05-09 22:37:26.912:  68 04 0B 67
2016-05-09 22:37:26.912:  ! DIA  --> RAD : Read IO status
2016-05-09 22:37:26.990:  68 0E A0 05 08 56 30 30 30 30 38 31 35 A1
2016-05-09 22:37:26.990:  ! RAD  --> DIA : Diagnostic command acknowledged, Data="05 08 56 30 30 30 30 38 31 35"    [  V0000815]
2016-05-09 22:37:27.333:  68 04 0B 67
2016-05-09 22:37:27.333:  ! DIA  --> RAD : Read IO status
2016-05-09 22:37:27.473:  68 0E A0 05 08 56 30 30 30 30 38 31 35 A1
2016-05-09 22:37:27.473:  ! RAD  --> DIA : Diagnostic command acknowledged, Data="05 08 56 30 30 30 30 38 31 35"    [  V0000815]
2016-05-09 22:37:27.817:  68 04 0B 67
2016-05-09 22:37:27.817:  ! DIA  --> RAD : Read IO status
2016-05-09 22:37:27.895:  68 0E A0 05 08 56 30 30 30 30 39 31 35 A0
2016-05-09 22:37:27.895:  ! RAD  --> DIA : Diagnostic command acknowledged, Data="05 08 56 30 30 30 30 39 31 35"    [  V0000915]
2016-05-09 22:37:28.238:  68 04 0B 67
2016-05-09 22:37:28.238:  ! DIA  --> RAD : Read IO status
2016-05-09 22:37:28.316:  68 0E A0 05 08 56 30 30 30 30 39 31 35 A0
2016-05-09 22:37:28.316:  ! RAD  --> DIA : Diagnostic command acknowledged, Data="05 08 56 30 30 30 30 39 31 35"    [  V0000915]
2016-05-09 22:37:28.659:  68 04 0B 67
2016-05-09 22:37:28.659:  ! DIA  --> RAD : Read IO status
2016-05-09 22:37:28.737:  68 0E A0 05 08 56 30 30 30 30 38 31 35 A1
2016-05-09 22:37:28.737:  ! RAD  --> DIA : Diagnostic command acknowledged, Data="05 08 56 30 30 30 30 38 31 35"    [  V0000815]
2016-05-09 22:37:29.080:  68 04 0B 67
2016-05-09 22:37:29.080:  ! DIA  --> RAD : Read IO status
2016-05-09 22:37:29.158:  68 0E A0 05 08 56 30 30 30 30 39 31 35 A0
2016-05-09 22:37:29.158:  ! RAD  --> DIA : Diagnostic command acknowledged, Data="05 08 56 30 30 30 30 39 31 35"    [  V0000915]
2016-05-09 22:37:29.501:  68 04 0B 67
2016-05-09 22:37:29.501:  ! DIA  --> RAD : Read IO status
2016-05-09 22:37:29.579:  68 0E A0 05 08 56 30 30 30 30 39 31 35 A0
2016-05-09 22:37:29.579:  ! RAD  --> DIA : Diagnostic command acknowledged, Data="05 08 56 30 30 30 30 39 31 35"    [  V0000915]
2016-05-09 22:37:29.923:  68 04 0B 67
2016-05-09 22:37:29.923:  ! DIA  --> RAD : Read IO status
2016-05-09 22:37:30.001:  68 0E A0 05 08 56 30 30 30 30 39 31 35 A0
2016-05-09 22:37:30.001:  ! RAD  --> DIA : Diagnostic command acknowledged, Data="05 08 56 30 30 30 30 39 31 35"    [  V0000915]
2016-05-09 22:37:35.008:  ! Keep-alive fired (5.0s): requesting IKE identity...
2016-05-09 22:37:35.070:  80 04 00 84
2016-05-09 22:37:35.070:  ! DIA  --> IKE : Read identity
2016-05-09 22:37:35.070:  80 12 A0 F6 94 21 98 25 12 09 15 27 06 10 21 04 46 90
2016-05-09 22:37:35.070:  ! IKE  --> DIA : Diagnostic command acknowledged, Data="F6 94 21 98 25 12 09 15 27 06 10 21 04 46"    [ö”!˜%   '  ! F]
2016-05-09 22:37:40.218:  ! Keep-alive fired (5.0s): requesting IKE identity...
2016-05-09 22:37:40.281:  80 04 00 84
2016-05-09 22:37:40.281:  ! DIA  --> IKE : Read identity
2016-05-09 22:37:40.296:  80 12 A0 F6 94 21 98 25 12 09 15 27 06 10 21 04 46 90
2016-05-09 22:37:40.296:  ! IKE  --> DIA : Diagnostic command acknowledged, Data="F6 94 21 98 25 12 09 15 27 06 10 21 04 46"    [ö”!˜%   '  ! F]
2016-05-09 22:37:45.460:  ! Keep-alive fired (5.0s): requesting IKE identity...
2016-05-09 22:37:45.522:  80 04 00 84
2016-05-09 22:37:45.522:  ! DIA  --> IKE : Read identity
2016-05-09 22:37:45.522:  80 12 A0 F6 94 21 98 25 12 09 15 27 06 10 21 04 46 90
2016-05-09 22:37:45.522:  ! IKE  --> DIA : Diagnostic command acknowledged, Data="F6 94 21 98 25 12 09 15 27 06 10 21 04 46"    [ö”!˜%   '  ! F]
2016-05-09 22:37:50.686:  ! Keep-alive fired (5.0s): requesting IKE identity...
2016-05-09 22:37:50.748:  80 04 00 84
2016-05-09 22:37:50.748:  ! DIA  --> IKE : Read identity
2016-05-09 22:37:50.826:  80 12 A0 F6 94 21 98 25 12 09 15 27 06 10 21 04 46 90
2016-05-09 22:37:50.826:  ! IKE  --> DIA : Diagnostic command acknowledged, Data="F6 94 21 98 25 12 09 15 27 06 10 21 04 46"    [ö”!˜%   '  ! F]
2016-05-09 22:37:55.912:  ! Keep-alive fired (5.0s): requesting IKE identity...
2016-05-09 22:37:55.974:  80 04 00 84
2016-05-09 22:37:55.974:  ! DIA  --> IKE : Read identity
2016-05-09 22:37:56.052:  80 12 A0 F6 94 21 98 25 12 09 15 27 06 10 21 04 46 90
2016-05-09 22:37:56.052:  ! IKE  --> DIA : Diagnostic command acknowledged, Data="F6 94 21 98 25 12 09 15 27 06 10 21 04 46"    [ö”!˜%   '  ! F]
2016-05-09 22:38:01.138:  ! Keep-alive fired (5.0s): requesting IKE identity...
2016-05-09 22:38:01.200:  80 04 00 84
2016-05-09 22:38:01.200:  ! DIA  --> IKE : Read identity
2016-05-09 22:38:01.200:  80 12 A0 F6 94 21 98 25 12 09 15 27 06 10 21 04 46 90
2016-05-09 22:38:01.200:  ! IKE  --> DIA : Diagnostic command acknowledged, Data="F6 94 21 98 25 12 09 15 27 06 10 21 04 46"    [ö”!˜%   '  ! F]
2016-05-09 22:38:06.363:  ! Keep-alive fired (5.0s): requesting IKE identity...
2016-05-09 22:38:06.426:  80 04 00 84
2016-05-09 22:38:06.426:  ! DIA  --> IKE : Read identity
2016-05-09 22:38:06.426:  80 12 A0 F6 94 21 98 25 12 09 15 27 06 10 21 04 46 90
2016-05-09 22:38:06.426:  ! IKE  --> DIA : Diagnostic command acknowledged, Data="F6 94 21 98 25 12 09 15 27 06 10 21 04 46"    [ö”!˜%   '  ! F]
2016-05-09 22:38:11.589:  ! Keep-alive fired (5.0s): requesting IKE identity...
2016-05-09 22:38:11.652:  80 04 00 84
2016-05-09 22:38:11.652:  ! DIA  --> IKE : Read identity
2016-05-09 22:38:11.730:  80 12 A0 F6 94 21 98 25 12 09 15 27 06 10 21 04 46 90
2016-05-09 22:38:11.730:  ! IKE  --> DIA : Diagnostic command acknowledged, Data="F6 94 21 98 25 12 09 15 27 06 10 21 04 46"    [ö”!˜%   '  ! F]
2016-05-09 22:38:16.815:  ! Keep-alive fired (5.0s): requesting IKE identity...
2016-05-09 22:38:16.878:  80 04 00 84
2016-05-09 22:38:16.878:  ! DIA  --> IKE : Read identity
2016-05-09 22:38:16.878:  80 12 A0 F6 94 21 98 25 12 09 15 27 06 10 21 04 46 90
2016-05-09 22:38:16.878:  ! IKE  --> DIA : Diagnostic command acknowledged, Data="F6 94 21 98 25 12 09 15 27 06 10 21 04 46"    [ö”!˜%   '  ! F]
2016-05-09 22:38:22.041:  ! Keep-alive fired (5.0s): requesting IKE identity...
2016-05-09 22:38:22.103:  80 04 00 84
2016-05-09 22:38:22.103:  ! DIA  --> IKE : Read identity
2016-05-09 22:38:22.103:  80 12 A0 F6 94 21 98 25 12 09 15 27 06 10 21 04 46 90
2016-05-09 22:38:22.103:  ! IKE  --> DIA : Diagnostic command acknowledged, Data="F6 94 21 98 25 12 09 15 27 06 10 21 04 46"    [ö”!˜%   '  ! F]
2016-05-09 22:38:27.267:  ! Keep-alive fired (5.0s): requesting IKE identity...
2016-05-09 22:38:27.329:  80 04 00 84
2016-05-09 22:38:27.329:  ! DIA  --> IKE : Read identity
2016-05-09 22:38:27.329:  80 12 A0 F6 94 21 98 25 12 09 15 27 06 10 21 04 46 90
2016-05-09 22:38:27.329:  ! IKE  --> DIA : Diagnostic command acknowledged, Data="F6 94 21 98 25 12 09 15 27 06 10 21 04 46"    [ö”!˜%   '  ! F]
2016-05-09 22:38:32.602:  ! Keep-alive fired (5.0s): requesting IKE identity...
2016-05-09 22:38:32.664:  80 04 00 84
2016-05-09 22:38:32.664:  ! DIA  --> IKE : Read identity
2016-05-09 22:38:32.664:  80 12 A0 F6 94 21 98 25 12 09 15 27 06 10 21 04 46 90
2016-05-09 22:38:32.664:  ! IKE  --> DIA : Diagnostic command acknowledged, Data="F6 94 21 98 25 12 09 15 27 06 10 21 04 46"    [ö”!˜%   '  ! F]
2016-05-09 22:38:37.828:  ! Keep-alive fired (5.0s): requesting IKE identity...
2016-05-09 22:38:37.890:  80 04 00 84
2016-05-09 22:38:37.890:  ! DIA  --> IKE : Read identity
2016-05-09 22:38:37.921:  80 12 A0 F6 94 21 98 25 12 09 15 27 06 10 21 04 46 90
2016-05-09 22:38:37.921:  ! IKE  --> DIA : Diagnostic command acknowledged, Data="F6 94 21 98 25 12 09 15 27 06 10 21 04 46"    [ö”!˜%   '  ! F]
2016-05-09 22:38:41.962:  ! NavCoder logging stopped, NavCoder closed
2016-05-09 22:38:41.962:  !
