2016-06-26 14:01:46.495:  !
2016-06-26 14:01:46.495:  ! NavCoder v2.9.183.Beta [EN-US] [i/k-bus] logging started
2016-06-26 14:01:46.495:  ! Running on Windows 7 Ultimate Edition, 32-bit (Service Pack 1)  [en-US]
2016-06-26 14:01:46.495:  ! [Debug Mode]
2016-06-26 14:01:46.495:  ! [Procotol = Auto]
2016-06-26 14:01:46.495:  ! Script: Setting Scripting state to Off
2016-06-26 14:01:46.636:  ! showBatteryVoltage: Nave not alive, exiting...
2016-06-26 14:01:55.167:  ! Setting COM port parameters for COM2
2016-06-26 14:01:55.214:  ! COM2 opened
2016-06-26 14:01:55.339:  80 0A BF 13 00 03 00 00 00 08 24 09
2016-06-26 14:01:55.339:  ! IKE  --> GLO : IKE sensor status, Motor_Running  Vehicle_Driving
2016-06-26 14:01:55.683:  80 05 BF 18 41 19 7A
2016-06-26 14:01:55.683:  ! IKE  --> GLO : Speed/RPM, Speed 130 km/h  [81 mph], 2,500 RPM
2016-06-26 14:01:55.698:  80 06 BF 19 20 5F 00 5F
2016-06-26 14:01:55.698:  ! IKE  --> GLO : Temperature, Outside 32°C [90°F], Coolant 95°C [203°F]
2016-06-26 14:01:55.745:  80 0A BF 13 00 03 00 00 00 00 24 01
2016-06-26 14:01:55.745:  ! IKE  --> GLO : IKE sensor status, Motor_Running  Vehicle_Driving
2016-06-26 14:01:56.136:  80 0A BF 13 00 03 00 00 00 08 24 09
2016-06-26 14:01:56.136:  ! IKE  --> GLO : IKE sensor status, Motor_Running  Vehicle_Driving
2016-06-26 14:01:56.542:  80 0A BF 13 00 03 00 00 00 00 24 01
2016-06-26 14:01:56.542:  ! IKE  --> GLO : IKE sensor status, Motor_Running  Vehicle_Driving
2016-06-26 14:01:56.964:  80 0A BF 13 00 03 00 00 00 08 24 09
2016-06-26 14:01:56.964:  ! IKE  --> GLO : IKE sensor status, Motor_Running  Vehicle_Driving
2016-06-26 14:01:57.339:  80 0A BF 13 00 03 00 00 00 00 24 01
2016-06-26 14:01:57.339:  ! IKE  --> GLO : IKE sensor status, Motor_Running  Vehicle_Driving
2016-06-26 14:01:57.683:  80 05 BF 18 3F 18 05
2016-06-26 14:01:57.683:  ! IKE  --> GLO : Speed/RPM, Speed 126 km/h  [78 mph], 2,400 RPM
2016-06-26 14:01:57.745:  80 0A BF 13 00 03 00 00 00 08 24 09
2016-06-26 14:01:57.745:  ! IKE  --> GLO : IKE sensor status, Motor_Running  Vehicle_Driving
2016-06-26 14:01:57.870:  D0 07 BF 5B 01 00 00 00 32
2016-06-26 14:01:57.870:  ! LCM  --> GLO : Lamp status, Park  All_OK
2016-06-26 14:01:58.152:  80 0A BF 13 00 03 00 00 00 00 24 01
2016-06-26 14:01:58.152:  ! IKE  --> GLO : IKE sensor status, Motor_Running  Vehicle_Driving
2016-06-26 14:01:58.558:  80 0A BF 13 00 03 00 00 00 08 24 09
2016-06-26 14:01:58.558:  ! IKE  --> GLO : IKE sensor status, Motor_Running  Vehicle_Driving
2016-06-26 14:01:58.948:  80 0A BF 13 00 03 00 00 00 00 24 01
2016-06-26 14:01:58.948:  ! IKE  --> GLO : IKE sensor status, Motor_Running  Vehicle_Driving
2016-06-26 14:01:59.355:  80 0A BF 13 00 03 00 00 00 08 24 09
2016-06-26 14:01:59.355:  ! IKE  --> GLO : IKE sensor status, Motor_Running  Vehicle_Driving
2016-06-26 14:01:59.698:  80 05 BF 18 3E 18 04
2016-06-26 14:01:59.698:  ! IKE  --> GLO : Speed/RPM, Speed 124 km/h  [77 mph], 2,400 RPM
2016-06-26 14:01:59.761:  80 0A BF 13 00 03 00 00 00 00 24 01
2016-06-26 14:01:59.761:  ! IKE  --> GLO : IKE sensor status, Motor_Running  Vehicle_Driving
2016-06-26 14:01:59.933:  80 0E E7 24 0A 00 32 32 2E 37 20 4D 50 48 20 0B
2016-06-26 14:01:59.933:  ! IKE  --> ANZV: Update Text, Layout=Average_Speed  Flags=  F0="22.7 MPH "
2016-06-26 14:02:00.152:  80 0A BF 13 00 03 00 00 00 08 24 09
2016-06-26 14:02:00.152:  ! IKE  --> GLO : IKE sensor status, Motor_Running  Vehicle_Driving
2016-06-26 14:02:00.558:  80 0A BF 13 00 03 00 00 00 00 24 01
2016-06-26 14:02:00.558:  ! IKE  --> GLO : IKE sensor status, Motor_Running  Vehicle_Driving
2016-06-26 14:02:00.886:  D0 07 BF 5B 01 00 00 00 32
2016-06-26 14:02:00.886:  ! LCM  --> GLO : Lamp status, Park  All_OK
2016-06-26 14:02:00.964:  80 0A BF 13 00 03 00 00 00 08 24 09
2016-06-26 14:02:00.964:  ! IKE  --> GLO : IKE sensor status, Motor_Running  Vehicle_Driving
2016-06-26 14:02:01.369:  80 0A BF 13 00 03 00 00 00 00 24 01
2016-06-26 14:02:01.369:  ! IKE  --> GLO : IKE sensor status, Motor_Running  Vehicle_Driving
2016-06-26 14:02:01.711:  80 05 BF 18 3D 18 07
2016-06-26 14:02:01.711:  ! IKE  --> GLO : Speed/RPM, Speed 122 km/h  [76 mph], 2,400 RPM
2016-06-26 14:02:01.774:  80 0A BF 13 00 03 00 00 00 08 24 09
2016-06-26 14:02:01.774:  ! IKE  --> GLO : IKE sensor status, Motor_Running  Vehicle_Driving
2016-06-26 14:02:02.178:  80 0A BF 13 00 03 00 00 00 00 24 01
2016-06-26 14:02:02.178:  ! IKE  --> GLO : IKE sensor status, Motor_Running  Vehicle_Driving
2016-06-26 14:02:02.583:  80 0A BF 13 00 03 00 00 00 08 24 09
2016-06-26 14:02:02.583:  ! IKE  --> GLO : IKE sensor status, Motor_Running  Vehicle_Driving
2016-06-26 14:02:02.972:  80 0A BF 13 00 03 00 00 00 00 24 01
2016-06-26 14:02:02.972:  ! IKE  --> GLO : IKE sensor status, Motor_Running  Vehicle_Driving
2016-06-26 14:02:03.035:  F0 03 68 01 9A
2016-06-26 14:02:03.035:  ! BMBT --> RAD : Device status request
2016-06-26 14:02:03.393:  80 0A BF 13 00 03 00 00 00 08 24 09
2016-06-26 14:02:03.393:  ! IKE  --> GLO : IKE sensor status, Motor_Running  Vehicle_Driving
2016-06-26 14:02:03.704:  80 05 BF 18 3D 18 07
2016-06-26 14:02:03.704:  ! IKE  --> GLO : Speed/RPM, Speed 122 km/h  [76 mph], 2,400 RPM
2016-06-26 14:02:03.767:  80 0A BF 13 00 03 00 00 00 00 24 01
2016-06-26 14:02:03.767:  ! IKE  --> GLO : IKE sensor status, Motor_Running  Vehicle_Driving
2016-06-26 14:02:03.875:  D0 07 BF 5B 01 00 00 00 32
2016-06-26 14:02:03.875:  ! LCM  --> GLO : Lamp status, Park  All_OK
2016-06-26 14:02:04.187:  80 0A BF 13 00 03 00 00 00 08 24 09
2016-06-26 14:02:04.187:  ! IKE  --> GLO : IKE sensor status, Motor_Running  Vehicle_Driving
2016-06-26 14:02:04.561:  80 0A BF 13 00 03 00 00 00 00 24 01
2016-06-26 14:02:04.561:  ! IKE  --> GLO : IKE sensor status, Motor_Running  Vehicle_Driving
2016-06-26 14:02:04.965:  80 0A BF 13 00 03 00 00 00 08 24 09
2016-06-26 14:02:04.965:  ! IKE  --> GLO : IKE sensor status, Motor_Running  Vehicle_Driving
2016-06-26 14:02:05.355:  80 0A BF 13 00 03 00 00 00 00 24 01
2016-06-26 14:02:05.355:  ! IKE  --> GLO : IKE sensor status, Motor_Running  Vehicle_Driving
2016-06-26 14:02:05.697:  80 05 BF 18 3E 18 04
2016-06-26 14:02:05.697:  ! IKE  --> GLO : Speed/RPM, Speed 124 km/h  [77 mph], 2,400 RPM
2016-06-26 14:02:05.713:  80 06 BF 19 20 5F 00 5F
2016-06-26 14:02:05.713:  ! IKE  --> GLO : Temperature, Outside 32°C [90°F], Coolant 95°C [203°F]
2016-06-26 14:02:05.760:  80 0A BF 13 00 03 00 00 00 08 24 09
2016-06-26 14:02:05.760:  ! IKE  --> GLO : IKE sensor status, Motor_Running  Vehicle_Driving
2016-06-26 14:02:05.791:  80 0C E7 24 01 00 20 32 3A 30 32 50 4D 79
2016-06-26 14:02:05.791:  ! IKE  --> ANZV: Update Text, Layout=Time  Flags=  F0=" 2:02PM"
2016-06-26 14:02:06.164:  80 0A BF 13 00 03 00 00 00 00 24 01
2016-06-26 14:02:06.164:  ! IKE  --> GLO : IKE sensor status, Motor_Running  Vehicle_Driving
2016-06-26 14:02:06.569:  80 0A BF 13 00 03 00 00 00 08 24 09
2016-06-26 14:02:06.569:  ! IKE  --> GLO : IKE sensor status, Motor_Running  Vehicle_Driving
2016-06-26 14:02:06.881:  D0 07 BF 5B 01 00 00 00 32
2016-06-26 14:02:06.881:  ! LCM  --> GLO : Lamp status, Park  All_OK
2016-06-26 14:02:06.927:  80 0A BF 13 00 03 00 00 00 00 24 01
2016-06-26 14:02:06.927:  ! IKE  --> GLO : IKE sensor status, Motor_Running  Vehicle_Driving
2016-06-26 14:02:07.332:  80 0A BF 13 00 03 00 00 00 08 24 09
2016-06-26 14:02:07.332:  ! IKE  --> GLO : IKE sensor status, Motor_Running  Vehicle_Driving
2016-06-26 14:02:07.706:  80 05 BF 18 3E 18 04
2016-06-26 14:02:07.706:  ! IKE  --> GLO : Speed/RPM, Speed 124 km/h  [77 mph], 2,400 RPM
2016-06-26 14:02:07.737:  80 0A BF 13 00 03 00 00 00 00 24 01
2016-06-26 14:02:07.737:  ! IKE  --> GLO : IKE sensor status, Motor_Running  Vehicle_Driving
2016-06-26 14:02:07.799:  80 0C E7 24 06 00 32 34 36 20 4D 4C 53 0B
2016-06-26 14:02:07.799:  ! IKE  --> ANZV: Update Text, Layout=Range  Flags=  F0="246 MLS"
2016-06-26 14:02:08.126:  80 0A BF 13 00 03 00 00 00 08 24 09
2016-06-26 14:02:08.126:  ! IKE  --> GLO : IKE sensor status, Motor_Running  Vehicle_Driving
2016-06-26 14:02:08.547:  80 0A BF 13 00 03 00 00 00 00 24 01
2016-06-26 14:02:08.547:  ! IKE  --> GLO : IKE sensor status, Motor_Running  Vehicle_Driving
2016-06-26 14:02:08.936:  80 0A BF 13 00 03 00 00 00 08 24 09
2016-06-26 14:02:08.936:  ! IKE  --> GLO : IKE sensor status, Motor_Running  Vehicle_Driving
2016-06-26 14:02:09.341:  80 0A BF 13 00 03 00 00 00 00 24 01
2016-06-26 14:02:09.341:  ! IKE  --> GLO : IKE sensor status, Motor_Running  Vehicle_Driving
2016-06-26 14:02:09.699:  80 05 BF 18 3E 18 04
2016-06-26 14:02:09.699:  ! IKE  --> GLO : Speed/RPM, Speed 124 km/h  [77 mph], 2,400 RPM
2016-06-26 14:02:09.730:  80 0A BF 13 00 03 00 00 00 08 24 09
2016-06-26 14:02:09.730:  ! IKE  --> GLO : IKE sensor status, Motor_Running  Vehicle_Driving
2016-06-26 14:02:09.886:  D0 07 BF 5B 01 00 00 00 32
2016-06-26 14:02:09.886:  ! LCM  --> GLO : Lamp status, Park  All_OK
2016-06-26 14:02:10.135:  80 0A BF 13 00 03 00 00 00 00 24 01
2016-06-26 14:02:10.135:  ! IKE  --> GLO : IKE sensor status, Motor_Running  Vehicle_Driving
2016-06-26 14:02:10.540:  80 0A BF 13 00 03 00 00 00 08 24 09
2016-06-26 14:02:10.540:  ! IKE  --> GLO : IKE sensor status, Motor_Running  Vehicle_Driving
2016-06-26 14:02:10.633:  D0 07 BF 5B 21 00 04 00 16
2016-06-26 14:02:10.633:  ! LCM  --> GLO : Lamp status, Park Indicator_Left Indicator_sync  All_OK
2016-06-26 14:02:10.944:  80 0A BF 13 00 03 00 00 00 00 24 01
2016-06-26 14:02:10.944:  ! IKE  --> GLO : IKE sensor status, Motor_Running  Vehicle_Driving
2016-06-26 14:02:11.287:  D0 07 BF 5B 21 00 04 00 16
2016-06-26 14:02:11.287:  ! LCM  --> GLO : Lamp status, Park Indicator_Left Indicator_sync  All_OK
2016-06-26 14:02:11.334:  80 0A BF 13 00 03 00 00 00 08 24 09
2016-06-26 14:02:11.334:  ! IKE  --> GLO : IKE sensor status, Motor_Running  Vehicle_Driving
2016-06-26 14:02:11.707:  80 05 BF 18 3E 18 04
2016-06-26 14:02:11.707:  ! IKE  --> GLO : Speed/RPM, Speed 124 km/h  [77 mph], 2,400 RPM
2016-06-26 14:02:11.738:  80 0A BF 13 00 03 00 00 00 00 24 01
2016-06-26 14:02:11.738:  ! IKE  --> GLO : IKE sensor status, Motor_Running  Vehicle_Driving
2016-06-26 14:02:11.925:  D0 07 BF 5B 21 00 04 00 16
2016-06-26 14:02:11.925:  ! LCM  --> GLO : Lamp status, Park Indicator_Left Indicator_sync  All_OK
2016-06-26 14:02:12.128:  80 0A BF 13 00 03 00 00 00 08 24 09
2016-06-26 14:02:12.128:  ! IKE  --> GLO : IKE sensor status, Motor_Running  Vehicle_Driving
2016-06-26 14:02:12.533:  80 0A BF 13 00 03 00 00 00 00 24 01
2016-06-26 14:02:12.533:  ! IKE  --> GLO : IKE sensor status, Motor_Running  Vehicle_Driving
2016-06-26 14:02:12.564:  D0 07 BF 5B 21 00 04 00 16
2016-06-26 14:02:12.564:  ! LCM  --> GLO : Lamp status, Park Indicator_Left Indicator_sync  All_OK
2016-06-26 14:02:12.937:  80 0A BF 13 00 03 00 00 00 08 24 09
2016-06-26 14:02:12.937:  ! IKE  --> GLO : IKE sensor status, Motor_Running  Vehicle_Driving
2016-06-26 14:02:13.031:  F0 03 68 01 9A
2016-06-26 14:02:13.031:  ! BMBT --> RAD : Device status request
2016-06-26 14:02:13.202:  D0 07 BF 5B 21 00 04 00 16
2016-06-26 14:02:13.202:  ! LCM  --> GLO : Lamp status, Park Indicator_Left Indicator_sync  All_OK
2016-06-26 14:02:13.327:  80 0A BF 13 00 03 00 00 00 00 24 01
2016-06-26 14:02:13.327:  ! IKE  --> GLO : IKE sensor status, Motor_Running  Vehicle_Driving
2016-06-26 14:02:13.700:  80 05 BF 18 3E 18 04
2016-06-26 14:02:13.700:  ! IKE  --> GLO : Speed/RPM, Speed 124 km/h  [77 mph], 2,400 RPM
2016-06-26 14:02:13.731:  80 0A BF 13 00 03 00 00 00 08 24 09
2016-06-26 14:02:13.731:  ! IKE  --> GLO : IKE sensor status, Motor_Running  Vehicle_Driving
2016-06-26 14:02:13.840:  D0 07 BF 5B 21 00 04 00 16
2016-06-26 14:02:13.840:  ! LCM  --> GLO : Lamp status, Park Indicator_Left Indicator_sync  All_OK
2016-06-26 14:02:14.136:  80 0A BF 13 00 03 00 00 00 00 24 01
2016-06-26 14:02:14.136:  ! IKE  --> GLO : IKE sensor status, Motor_Running  Vehicle_Driving
2016-06-26 14:02:14.494:  D0 07 BF 5B 21 00 04 00 16
2016-06-26 14:02:14.494:  ! LCM  --> GLO : Lamp status, Park Indicator_Left Indicator_sync  All_OK
2016-06-26 14:02:14.541:  80 0A BF 13 00 03 00 00 00 08 24 09
2016-06-26 14:02:14.541:  ! IKE  --> GLO : IKE sensor status, Motor_Running  Vehicle_Driving
2016-06-26 14:02:14.930:  80 0A BF 13 00 03 00 00 00 00 24 01
2016-06-26 14:02:14.930:  ! IKE  --> GLO : IKE sensor status, Motor_Running  Vehicle_Driving
2016-06-26 14:02:15.039:  D0 07 BF 5B 01 00 00 00 32
2016-06-26 14:02:15.039:  ! LCM  --> GLO : Lamp status, Park  All_OK
2016-06-26 14:02:15.351:  D0 07 BF 5B 01 00 00 00 32
2016-06-26 14:02:15.351:  ! LCM  --> GLO : Lamp status, Park  All_OK
2016-06-26 14:02:15.366:  80 0A BF 13 00 03 00 00 00 08 24 09
2016-06-26 14:02:15.366:  ! IKE  --> GLO : IKE sensor status, Motor_Running  Vehicle_Driving
2016-06-26 14:02:15.709:  80 05 BF 18 3F 18 05
2016-06-26 14:02:15.709:  ! IKE  --> GLO : Speed/RPM, Speed 126 km/h  [78 mph], 2,400 RPM
2016-06-26 14:02:15.724:  80 06 BF 19 20 60 00 60
2016-06-26 14:02:15.724:  ! IKE  --> GLO : Temperature, Outside 32°C [90°F], Coolant 96°C [205°F]
2016-06-26 14:02:15.756:  80 0A BF 13 00 03 00 00 00 00 24 01
2016-06-26 14:02:15.756:  ! IKE  --> GLO : IKE sensor status, Motor_Running  Vehicle_Driving
2016-06-26 14:02:16.145:  80 0A BF 13 00 03 00 00 00 08 24 09
2016-06-26 14:02:16.145:  ! IKE  --> GLO : IKE sensor status, Motor_Running  Vehicle_Driving
2016-06-26 14:02:16.550:  80 0A BF 13 00 03 00 00 00 00 24 01
2016-06-26 14:02:16.550:  ! IKE  --> GLO : IKE sensor status, Motor_Running  Vehicle_Driving
2016-06-26 14:02:16.955:  80 0A BF 13 00 03 00 00 00 08 24 09
2016-06-26 14:02:16.955:  ! IKE  --> GLO : IKE sensor status, Motor_Running  Vehicle_Driving
2016-06-26 14:02:17.344:  80 0A BF 13 00 03 00 00 00 00 24 01
2016-06-26 14:02:17.344:  ! IKE  --> GLO : IKE sensor status, Motor_Running  Vehicle_Driving
2016-06-26 14:02:17.702:  80 05 BF 18 3F 18 05
2016-06-26 14:02:17.702:  ! IKE  --> GLO : Speed/RPM, Speed 126 km/h  [78 mph], 2,400 RPM
2016-06-26 14:02:17.749:  80 0A BF 13 00 03 00 00 00 08 24 09
2016-06-26 14:02:17.749:  ! IKE  --> GLO : IKE sensor status, Motor_Running  Vehicle_Driving
2016-06-26 14:02:18.138:  80 0A BF 13 00 03 00 00 00 00 24 01
2016-06-26 14:02:18.138:  ! IKE  --> GLO : IKE sensor status, Motor_Running  Vehicle_Driving
2016-06-26 14:02:18.356:  D0 07 BF 5B 01 00 00 00 32
2016-06-26 14:02:18.356:  ! LCM  --> GLO : Lamp status, Park  All_OK
2016-06-26 14:02:18.543:  80 0A BF 13 00 03 00 00 00 08 24 09
2016-06-26 14:02:18.543:  ! IKE  --> GLO : IKE sensor status, Motor_Running  Vehicle_Driving
2016-06-26 14:02:18.948:  80 0A BF 13 00 03 00 00 00 00 24 01
2016-06-26 14:02:18.948:  ! IKE  --> GLO : IKE sensor status, Motor_Running  Vehicle_Driving
2016-06-26 14:02:19.337:  80 0A BF 13 00 03 00 00 00 08 24 09
2016-06-26 14:02:19.337:  ! IKE  --> GLO : IKE sensor status, Motor_Running  Vehicle_Driving
2016-06-26 14:02:19.710:  80 05 BF 18 3F 18 05
2016-06-26 14:02:19.710:  ! IKE  --> GLO : Speed/RPM, Speed 126 km/h  [78 mph], 2,400 RPM
2016-06-26 14:02:19.726:  80 0A BF 13 00 03 00 00 00 00 24 01
2016-06-26 14:02:19.726:  ! IKE  --> GLO : IKE sensor status, Motor_Running  Vehicle_Driving
2016-06-26 14:02:20.146:  80 0A BF 13 00 03 00 00 00 08 24 09
2016-06-26 14:02:20.146:  ! IKE  --> GLO : IKE sensor status, Motor_Running  Vehicle_Driving
2016-06-26 14:02:20.536:  80 0A BF 13 00 03 00 00 00 00 24 01
2016-06-26 14:02:20.536:  ! IKE  --> GLO : IKE sensor status, Motor_Running  Vehicle_Driving
2016-06-26 14:02:20.909:  80 0A BF 13 00 03 00 00 00 08 24 09
2016-06-26 14:02:20.909:  ! IKE  --> GLO : IKE sensor status, Motor_Running  Vehicle_Driving
2016-06-26 14:02:21.299:  80 0A BF 13 00 03 00 00 00 00 24 01
2016-06-26 14:02:21.299:  ! IKE  --> GLO : IKE sensor status, Motor_Running  Vehicle_Driving
2016-06-26 14:02:21.361:  D0 07 BF 5B 01 00 00 00 32
2016-06-26 14:02:21.361:  ! LCM  --> GLO : Lamp status, Park  All_OK
2016-06-26 14:02:21.703:  80 0A BF 13 00 03 00 00 00 08 24 09
2016-06-26 14:02:21.703:  ! IKE  --> GLO : IKE sensor status, Motor_Running  Vehicle_Driving
2016-06-26 14:02:21.735:  80 05 BF 18 3E 18 04
2016-06-26 14:02:21.735:  ! IKE  --> GLO : Speed/RPM, Speed 124 km/h  [77 mph], 2,400 RPM
2016-06-26 14:02:22.108:  80 0A BF 13 00 03 00 00 00 00 24 01
2016-06-26 14:02:22.108:  ! IKE  --> GLO : IKE sensor status, Motor_Running  Vehicle_Driving
2016-06-26 14:02:22.513:  80 0A BF 13 00 03 00 00 00 08 24 09
2016-06-26 14:02:22.513:  ! IKE  --> GLO : IKE sensor status, Motor_Running  Vehicle_Driving
2016-06-26 14:02:22.902:  80 0A BF 13 00 03 00 00 00 00 24 01
2016-06-26 14:02:22.902:  ! IKE  --> GLO : IKE sensor status, Motor_Running  Vehicle_Driving
2016-06-26 14:02:23.027:  F0 03 68 01 9A
2016-06-26 14:02:23.027:  ! BMBT --> RAD : Device status request
2016-06-26 14:02:23.307:  80 0A BF 13 00 03 00 00 00 08 24 09
2016-06-26 14:02:23.307:  ! IKE  --> GLO : IKE sensor status, Motor_Running  Vehicle_Driving
2016-06-26 14:02:23.712:  80 0A BF 13 00 03 00 00 00 00 24 01
2016-06-26 14:02:23.712:  ! IKE  --> GLO : IKE sensor status, Motor_Running  Vehicle_Driving
2016-06-26 14:02:23.728:  80 05 BF 18 3E 18 04
2016-06-26 14:02:23.728:  ! IKE  --> GLO : Speed/RPM, Speed 124 km/h  [77 mph], 2,400 RPM
2016-06-26 14:02:24.101:  80 0A BF 13 00 03 00 00 00 08 24 09
2016-06-26 14:02:24.101:  ! IKE  --> GLO : IKE sensor status, Motor_Running  Vehicle_Driving
2016-06-26 14:02:24.366:  D0 07 BF 5B 01 00 00 00 32
2016-06-26 14:02:24.366:  ! LCM  --> GLO : Lamp status, Park  All_OK
2016-06-26 14:02:24.506:  80 0A BF 13 00 03 00 00 00 00 24 01
2016-06-26 14:02:24.506:  ! IKE  --> GLO : IKE sensor status, Motor_Running  Vehicle_Driving
2016-06-26 14:02:24.740:  80 0C E7 24 06 00 32 34 36 20 4D 4C 53 0B
2016-06-26 14:02:24.740:  ! IKE  --> ANZV: Update Text, Layout=Range  Flags=  F0="246 MLS"
2016-06-26 14:02:24.911:  80 0A BF 13 00 03 00 00 00 08 24 09
2016-06-26 14:02:24.911:  ! IKE  --> GLO : IKE sensor status, Motor_Running  Vehicle_Driving
2016-06-26 14:02:25.300:  80 0A BF 13 00 03 00 00 00 00 24 01
2016-06-26 14:02:25.300:  ! IKE  --> GLO : IKE sensor status, Motor_Running  Vehicle_Driving
2016-06-26 14:02:25.705:  80 0A BF 13 00 03 00 00 00 08 24 09
2016-06-26 14:02:25.705:  ! IKE  --> GLO : IKE sensor status, Motor_Running  Vehicle_Driving
2016-06-26 14:02:25.721:  80 05 BF 18 3E 18 04
2016-06-26 14:02:25.721:  ! IKE  --> GLO : Speed/RPM, Speed 124 km/h  [77 mph], 2,400 RPM
2016-06-26 14:02:25.752:  80 06 BF 19 20 5F 00 5F
2016-06-26 14:02:25.752:  ! IKE  --> GLO : Temperature, Outside 32°C [90°F], Coolant 95°C [203°F]
2016-06-26 14:02:26.110:  80 0A BF 13 00 03 00 00 00 00 24 01
2016-06-26 14:02:26.110:  ! IKE  --> GLO : IKE sensor status, Motor_Running  Vehicle_Driving
2016-06-26 14:02:26.530:  80 0A BF 13 00 03 00 00 00 08 24 09
2016-06-26 14:02:26.530:  ! IKE  --> GLO : IKE sensor status, Motor_Running  Vehicle_Driving
2016-06-26 14:02:26.920:  80 0A BF 13 00 03 00 00 00 00 24 01
2016-06-26 14:02:26.920:  ! IKE  --> GLO : IKE sensor status, Motor_Running  Vehicle_Driving
2016-06-26 14:02:27.340:  80 0A BF 13 00 03 00 00 00 08 24 09
2016-06-26 14:02:27.340:  ! IKE  --> GLO : IKE sensor status, Motor_Running  Vehicle_Driving
2016-06-26 14:02:27.356:  D0 07 BF 5B 01 00 00 00 32
2016-06-26 14:02:27.356:  ! LCM  --> GLO : Lamp status, Park  All_OK
2016-06-26 14:02:27.698:  80 05 BF 18 3E 18 04
2016-06-26 14:02:27.698:  ! IKE  --> GLO : Speed/RPM, Speed 124 km/h  [77 mph], 2,400 RPM
2016-06-26 14:02:27.729:  80 0A BF 13 00 03 00 00 00 00 24 01
2016-06-26 14:02:27.729:  ! IKE  --> GLO : IKE sensor status, Motor_Running  Vehicle_Driving
2016-06-26 14:02:28.134:  80 0A BF 13 00 03 00 00 00 08 24 09
2016-06-26 14:02:28.134:  ! IKE  --> GLO : IKE sensor status, Motor_Running  Vehicle_Driving
2016-06-26 14:02:28.539:  80 0A BF 13 00 03 00 00 00 00 24 01
2016-06-26 14:02:28.539:  ! IKE  --> GLO : IKE sensor status, Motor_Running  Vehicle_Driving
2016-06-26 14:02:28.928:  80 0A BF 13 00 03 00 00 00 08 25 08
2016-06-26 14:02:28.928:  ! IKE  --> GLO : IKE sensor status, Motor_Running  Vehicle_Driving
2016-06-26 14:02:29.333:  80 0A BF 13 00 03 00 00 00 00 25 00
2016-06-26 14:02:29.333:  ! IKE  --> GLO : IKE sensor status, Motor_Running  Vehicle_Driving
2016-06-26 14:02:29.707:  80 05 BF 18 3E 18 04
2016-06-26 14:02:29.707:  ! IKE  --> GLO : Speed/RPM, Speed 124 km/h  [77 mph], 2,400 RPM
2016-06-26 14:02:29.738:  80 0A BF 13 00 03 00 00 00 08 25 08
2016-06-26 14:02:29.738:  ! IKE  --> GLO : IKE sensor status, Motor_Running  Vehicle_Driving
2016-06-26 14:02:30.143:  80 0A BF 13 00 03 00 00 00 00 25 00
2016-06-26 14:02:30.143:  ! IKE  --> GLO : IKE sensor status, Motor_Running  Vehicle_Driving
2016-06-26 14:02:30.361:  D0 07 BF 5B 01 00 00 00 32
2016-06-26 14:02:30.361:  ! LCM  --> GLO : Lamp status, Park  All_OK
2016-06-26 14:02:30.516:  80 0A BF 13 00 03 00 00 00 08 25 08
2016-06-26 14:02:30.516:  ! IKE  --> GLO : IKE sensor status, Motor_Running  Vehicle_Driving
2016-06-26 14:02:30.921:  80 0A BF 13 00 03 00 00 00 00 25 00
2016-06-26 14:02:30.921:  ! IKE  --> GLO : IKE sensor status, Motor_Running  Vehicle_Driving
2016-06-26 14:02:31.326:  80 0A BF 13 00 03 00 00 00 08 25 08
2016-06-26 14:02:31.326:  ! IKE  --> GLO : IKE sensor status, Motor_Running  Vehicle_Driving
2016-06-26 14:02:31.684:  80 0A BF 13 00 03 00 00 00 00 25 00
2016-06-26 14:02:31.684:  ! IKE  --> GLO : IKE sensor status, Motor_Running  Vehicle_Driving
2016-06-26 14:02:31.715:  80 05 BF 18 3F 18 05
2016-06-26 14:02:31.715:  ! IKE  --> GLO : Speed/RPM, Speed 126 km/h  [78 mph], 2,400 RPM
2016-06-26 14:02:32.089:  80 0A BF 13 00 03 00 00 00 08 25 08
2016-06-26 14:02:32.089:  ! IKE  --> GLO : IKE sensor status, Motor_Running  Vehicle_Driving
2016-06-26 14:02:32.478:  80 0A BF 13 00 03 00 00 00 00 25 00
2016-06-26 14:02:32.478:  ! IKE  --> GLO : IKE sensor status, Motor_Running  Vehicle_Driving
2016-06-26 14:02:32.899:  80 0A BF 13 00 03 00 00 00 08 25 08
2016-06-26 14:02:32.899:  ! IKE  --> GLO : IKE sensor status, Motor_Running  Vehicle_Driving
2016-06-26 14:02:32.930:  80 0C E7 24 03 00 2B 33 32 2E 35 A8 43 96
2016-06-26 14:02:32.930:  ! IKE  --> ANZV: Update Text, Layout=Outside_Temp  Flags=  F0="+32.5°C"
2016-06-26 14:02:33.023:  F0 03 68 01 9A
2016-06-26 14:02:33.023:  ! BMBT --> RAD : Device status request
2016-06-26 14:02:33.288:  80 0A BF 13 00 03 00 00 00 00 25 00
2016-06-26 14:02:33.288:  ! IKE  --> GLO : IKE sensor status, Motor_Running  Vehicle_Driving
2016-06-26 14:02:33.366:  D0 07 BF 5B 01 00 00 00 32
2016-06-26 14:02:33.366:  ! LCM  --> GLO : Lamp status, Park  All_OK
2016-06-26 14:02:33.693:  80 0A BF 13 00 03 00 00 00 08 25 08
2016-06-26 14:02:33.693:  ! IKE  --> GLO : IKE sensor status, Motor_Running  Vehicle_Driving
2016-06-26 14:02:33.708:  80 05 BF 18 3F 18 05
2016-06-26 14:02:33.708:  ! IKE  --> GLO : Speed/RPM, Speed 126 km/h  [78 mph], 2,400 RPM
2016-06-26 14:02:34.097:  80 0A BF 13 00 03 00 00 00 00 25 00
2016-06-26 14:02:34.097:  ! IKE  --> GLO : IKE sensor status, Motor_Running  Vehicle_Driving
2016-06-26 14:02:34.502:  80 0A BF 13 00 03 00 00 00 08 25 08
2016-06-26 14:02:34.502:  ! IKE  --> GLO : IKE sensor status, Motor_Running  Vehicle_Driving
2016-06-26 14:02:34.892:  80 0A BF 13 00 03 00 00 00 00 25 00
2016-06-26 14:02:34.892:  ! IKE  --> GLO : IKE sensor status, Motor_Running  Vehicle_Driving
2016-06-26 14:02:35.296:  80 0A BF 13 00 03 00 00 00 08 25 08
2016-06-26 14:02:35.296:  ! IKE  --> GLO : IKE sensor status, Motor_Running  Vehicle_Driving
2016-06-26 14:02:35.686:  80 0A BF 13 00 03 00 00 00 00 25 00
2016-06-26 14:02:35.686:  ! IKE  --> GLO : IKE sensor status, Motor_Running  Vehicle_Driving
2016-06-26 14:02:35.717:  80 05 BF 18 3F 18 05
2016-06-26 14:02:35.717:  ! IKE  --> GLO : Speed/RPM, Speed 126 km/h  [78 mph], 2,400 RPM
2016-06-26 14:02:35.732:  80 06 BF 19 20 60 00 60
2016-06-26 14:02:35.732:  ! IKE  --> GLO : Temperature, Outside 32°C [90°F], Coolant 96°C [205°F]
2016-06-26 14:02:36.090:  80 0A BF 13 00 03 00 00 00 08 25 08
2016-06-26 14:02:36.090:  ! IKE  --> GLO : IKE sensor status, Motor_Running  Vehicle_Driving
2016-06-26 14:02:36.371:  D0 07 BF 5B 01 00 00 00 32
2016-06-26 14:02:36.371:  ! LCM  --> GLO : Lamp status, Park  All_OK
2016-06-26 14:02:36.495:  80 0A BF 13 00 03 00 00 00 00 25 00
2016-06-26 14:02:36.495:  ! IKE  --> GLO : IKE sensor status, Motor_Running  Vehicle_Driving
2016-06-26 14:02:36.900:  80 0A BF 13 00 03 00 00 00 08 25 08
2016-06-26 14:02:36.900:  ! IKE  --> GLO : IKE sensor status, Motor_Running  Vehicle_Driving
2016-06-26 14:02:37.289:  80 0A BF 13 00 03 00 00 00 00 25 00
2016-06-26 14:02:37.289:  ! IKE  --> GLO : IKE sensor status, Motor_Running  Vehicle_Driving
2016-06-26 14:02:37.694:  80 0A BF 13 00 03 00 00 00 08 25 08
2016-06-26 14:02:37.694:  ! IKE  --> GLO : IKE sensor status, Motor_Running  Vehicle_Driving
2016-06-26 14:02:37.710:  80 05 BF 18 40 18 7A
2016-06-26 14:02:37.710:  ! IKE  --> GLO : Speed/RPM, Speed 128 km/h  [80 mph], 2,400 RPM
2016-06-26 14:02:38.099:  80 0A BF 13 00 03 00 00 00 00 25 00
2016-06-26 14:02:38.099:  ! IKE  --> GLO : IKE sensor status, Motor_Running  Vehicle_Driving
2016-06-26 14:02:38.488:  80 0A BF 13 00 03 00 00 00 08 25 08
2016-06-26 14:02:38.488:  ! IKE  --> GLO : IKE sensor status, Motor_Running  Vehicle_Driving
2016-06-26 14:02:38.878:  80 0A BF 13 00 03 00 00 00 00 25 00
2016-06-26 14:02:38.878:  ! IKE  --> GLO : IKE sensor status, Motor_Running  Vehicle_Driving
2016-06-26 14:02:39.267:  D0 07 BF 5B 03 00 00 00 30
2016-06-26 14:02:39.267:  ! LCM  --> GLO : Lamp status, Park Low_Beam  All_OK
2016-06-26 14:02:39.298:  80 0A BF 13 00 03 00 00 00 08 25 08
2016-06-26 14:02:39.298:  ! IKE  --> GLO : IKE sensor status, Motor_Running  Vehicle_Driving
2016-06-26 14:02:39.563:  D0 07 BF 5B 03 00 00 00 30
2016-06-26 14:02:39.563:  ! LCM  --> GLO : Lamp status, Park Low_Beam  All_OK
2016-06-26 14:02:39.672:  80 0A BF 13 00 03 00 00 00 00 25 00
2016-06-26 14:02:39.672:  ! IKE  --> GLO : IKE sensor status, Motor_Running  Vehicle_Driving
2016-06-26 14:02:39.718:  80 05 BF 18 40 19 7B
2016-06-26 14:02:39.718:  ! IKE  --> GLO : Speed/RPM, Speed 128 km/h  [80 mph], 2,500 RPM
2016-06-26 14:02:40.076:  80 0A BF 13 00 03 00 00 00 08 25 08
2016-06-26 14:02:40.076:  ! IKE  --> GLO : IKE sensor status, Motor_Running  Vehicle_Driving
2016-06-26 14:02:40.388:  D0 07 BF 5B 07 00 00 00 34
2016-06-26 14:02:40.388:  ! LCM  --> GLO : Lamp status, Park Low_Beam High_Beam  All_OK
2016-06-26 14:02:40.466:  80 0A BF 13 00 03 00 00 00 00 25 00
2016-06-26 14:02:40.466:  ! IKE  --> GLO : IKE sensor status, Motor_Running  Vehicle_Driving
2016-06-26 14:02:40.684:  D0 07 BF 5B 07 00 00 00 34
2016-06-26 14:02:40.684:  ! LCM  --> GLO : Lamp status, Park Low_Beam High_Beam  All_OK
2016-06-26 14:02:40.871:  80 0A BF 13 00 03 00 00 00 08 25 08
2016-06-26 14:02:40.871:  ! IKE  --> GLO : IKE sensor status, Motor_Running  Vehicle_Driving
2016-06-26 14:02:41.275:  80 0A BF 13 00 03 00 00 00 00 25 00
2016-06-26 14:02:41.275:  ! IKE  --> GLO : IKE sensor status, Motor_Running  Vehicle_Driving
2016-06-26 14:02:41.680:  80 0A BF 13 00 03 00 00 00 08 25 08
2016-06-26 14:02:41.680:  ! IKE  --> GLO : IKE sensor status, Motor_Running  Vehicle_Driving
2016-06-26 14:02:41.711:  80 05 BF 18 40 19 7B
2016-06-26 14:02:41.711:  ! IKE  --> GLO : Speed/RPM, Speed 128 km/h  [80 mph], 2,500 RPM
2016-06-26 14:02:42.069:  80 0A BF 13 00 03 00 00 00 00 25 00
2016-06-26 14:02:42.069:  ! IKE  --> GLO : IKE sensor status, Motor_Running  Vehicle_Driving
2016-06-26 14:02:42.474:  80 0A BF 13 00 03 00 00 00 08 25 08
2016-06-26 14:02:42.474:  ! IKE  --> GLO : IKE sensor status, Motor_Running  Vehicle_Driving
2016-06-26 14:02:42.739:  80 0C E7 24 06 00 32 34 35 20 4D 4C 53 08
2016-06-26 14:02:42.739:  ! IKE  --> ANZV: Update Text, Layout=Range  Flags=  F0="245 MLS"
2016-06-26 14:02:42.864:  80 0A BF 13 00 03 00 00 00 00 25 00
2016-06-26 14:02:42.864:  ! IKE  --> GLO : IKE sensor status, Motor_Running  Vehicle_Driving
2016-06-26 14:02:43.019:  F0 03 68 01 9A
2016-06-26 14:02:43.019:  ! BMBT --> RAD : Device status request
2016-06-26 14:02:43.268:  80 0A BF 13 00 03 00 00 00 08 25 08
2016-06-26 14:02:43.268:  ! IKE  --> GLO : IKE sensor status, Motor_Running  Vehicle_Driving
2016-06-26 14:02:43.673:  80 0A BF 13 00 03 00 00 00 00 25 00
2016-06-26 14:02:43.673:  ! IKE  --> GLO : IKE sensor status, Motor_Running  Vehicle_Driving
2016-06-26 14:02:43.689:  D0 07 BF 5B 07 00 00 00 34
2016-06-26 14:02:43.689:  ! LCM  --> GLO : Lamp status, Park Low_Beam High_Beam  All_OK
2016-06-26 14:02:43.704:  80 05 BF 18 40 19 7B
2016-06-26 14:02:43.704:  ! IKE  --> GLO : Speed/RPM, Speed 128 km/h  [80 mph], 2,500 RPM
2016-06-26 14:02:43.985:  D0 07 BF 5B 03 00 00 00 30
2016-06-26 14:02:43.985:  ! LCM  --> GLO : Lamp status, Park Low_Beam  All_OK
2016-06-26 14:02:44.078:  80 0A BF 13 00 03 00 00 00 08 25 08
2016-06-26 14:02:44.078:  ! IKE  --> GLO : IKE sensor status, Motor_Running  Vehicle_Driving
2016-06-26 14:02:44.280:  D0 07 BF 5B 03 00 00 00 30
2016-06-26 14:02:44.280:  ! LCM  --> GLO : Lamp status, Park Low_Beam  All_OK
2016-06-26 14:02:44.467:  80 0A BF 13 00 03 00 00 00 00 25 00
2016-06-26 14:02:44.467:  ! IKE  --> GLO : IKE sensor status, Motor_Running  Vehicle_Driving
2016-06-26 14:02:44.872:  80 0A BF 13 00 03 00 00 00 08 25 08
2016-06-26 14:02:44.872:  ! IKE  --> GLO : IKE sensor status, Motor_Running  Vehicle_Driving
2016-06-26 14:02:45.277:  80 0A BF 13 00 03 00 00 00 00 25 00
2016-06-26 14:02:45.277:  ! IKE  --> GLO : IKE sensor status, Motor_Running  Vehicle_Driving
2016-06-26 14:02:45.542:  D0 07 BF 5B 01 00 00 00 32
2016-06-26 14:02:45.542:  ! LCM  --> GLO : Lamp status, Park  All_OK
2016-06-26 14:02:45.666:  80 0A BF 13 00 03 00 00 00 08 25 08
2016-06-26 14:02:45.666:  ! IKE  --> GLO : IKE sensor status, Motor_Running  Vehicle_Driving
2016-06-26 14:02:45.697:  80 05 BF 18 40 19 7B
2016-06-26 14:02:45.697:  ! IKE  --> GLO : Speed/RPM, Speed 128 km/h  [80 mph], 2,500 RPM
2016-06-26 14:02:45.728:  80 06 BF 19 20 60 00 60
2016-06-26 14:02:45.728:  ! IKE  --> GLO : Temperature, Outside 32°C [90°F], Coolant 96°C [205°F]
2016-06-26 14:02:45.853:  D0 07 BF 5B 01 00 00 00 32
2016-06-26 14:02:45.853:  ! LCM  --> GLO : Lamp status, Park  All_OK
2016-06-26 14:02:46.071:  80 0A BF 13 00 03 00 00 00 00 25 00
2016-06-26 14:02:46.071:  ! IKE  --> GLO : IKE sensor status, Motor_Running  Vehicle_Driving
2016-06-26 14:02:46.476:  80 0A BF 13 00 03 00 00 00 08 25 08
2016-06-26 14:02:46.476:  ! IKE  --> GLO : IKE sensor status, Motor_Running  Vehicle_Driving
2016-06-26 14:02:46.896:  80 0A BF 13 00 03 00 00 00 00 25 00
2016-06-26 14:02:46.896:  ! IKE  --> GLO : IKE sensor status, Motor_Running  Vehicle_Driving
2016-06-26 14:02:47.285:  80 0A BF 13 00 03 00 00 00 08 25 08
2016-06-26 14:02:47.285:  ! IKE  --> GLO : IKE sensor status, Motor_Running  Vehicle_Driving
2016-06-26 14:02:47.706:  80 0A BF 13 00 03 00 00 00 00 25 00
2016-06-26 14:02:47.706:  ! IKE  --> GLO : IKE sensor status, Motor_Running  Vehicle_Driving
2016-06-26 14:02:47.721:  80 05 BF 18 41 19 7A
2016-06-26 14:02:47.721:  ! IKE  --> GLO : Speed/RPM, Speed 130 km/h  [81 mph], 2,500 RPM
2016-06-26 14:02:48.095:  80 0A BF 13 00 03 00 00 00 08 25 08
2016-06-26 14:02:48.095:  ! IKE  --> GLO : IKE sensor status, Motor_Running  Vehicle_Driving
2016-06-26 14:02:48.500:  80 0A BF 13 00 03 00 00 00 00 25 00
2016-06-26 14:02:48.500:  ! IKE  --> GLO : IKE sensor status, Motor_Running  Vehicle_Driving
2016-06-26 14:02:48.858:  D0 07 BF 5B 01 00 00 00 32
2016-06-26 14:02:48.858:  ! LCM  --> GLO : Lamp status, Park  All_OK
2016-06-26 14:02:48.905:  80 0A BF 13 00 03 00 00 00 08 25 08
2016-06-26 14:02:48.905:  ! IKE  --> GLO : IKE sensor status, Motor_Running  Vehicle_Driving
2016-06-26 14:02:49.294:  80 0A BF 13 00 03 00 00 00 00 25 00
2016-06-26 14:02:49.294:  ! IKE  --> GLO : IKE sensor status, Motor_Running  Vehicle_Driving
2016-06-26 14:02:49.683:  80 0A BF 13 00 03 00 00 00 08 25 08
2016-06-26 14:02:49.683:  ! IKE  --> GLO : IKE sensor status, Motor_Running  Vehicle_Driving
2016-06-26 14:02:49.714:  80 05 BF 18 41 19 7A
2016-06-26 14:02:49.714:  ! IKE  --> GLO : Speed/RPM, Speed 130 km/h  [81 mph], 2,500 RPM
2016-06-26 14:02:49.823:  D0 07 BF 5B 00 00 00 00 33
2016-06-26 14:02:49.823:  ! LCM  --> GLO : Lamp status, All_Off  All_OK
2016-06-26 14:02:49.855:  D0 05 BF 5C FF 00 C9
2016-06-26 14:02:49.855:  ! LCM  --> GLO : Light dimmer, 255 (max)
2016-06-26 14:02:50.088:  80 0A BF 13 00 03 00 00 00 00 25 00
2016-06-26 14:02:50.088:  ! IKE  --> GLO : IKE sensor status, Motor_Running  Vehicle_Driving
2016-06-26 14:02:50.119:  D0 07 BF 5B 00 00 00 00 33
2016-06-26 14:02:50.119:  ! LCM  --> GLO : Lamp status, All_Off  All_OK
2016-06-26 14:02:50.462:  80 0A BF 13 00 03 00 00 00 08 25 08
2016-06-26 14:02:50.462:  ! IKE  --> GLO : IKE sensor status, Motor_Running  Vehicle_Driving
2016-06-26 14:02:50.867:  80 0A BF 13 00 03 00 00 00 00 25 00
2016-06-26 14:02:50.867:  ! IKE  --> GLO : IKE sensor status, Motor_Running  Vehicle_Driving
2016-06-26 14:02:51.287:  80 0A BF 13 00 03 00 00 00 08 25 08
2016-06-26 14:02:51.287:  ! IKE  --> GLO : IKE sensor status, Motor_Running  Vehicle_Driving
2016-06-26 14:02:51.676:  80 0A BF 13 00 03 00 00 00 00 25 00
2016-06-26 14:02:51.676:  ! IKE  --> GLO : IKE sensor status, Motor_Running  Vehicle_Driving
2016-06-26 14:02:51.707:  80 05 BF 18 41 19 7A
2016-06-26 14:02:51.707:  ! IKE  --> GLO : Speed/RPM, Speed 130 km/h  [81 mph], 2,500 RPM
2016-06-26 14:02:52.097:  80 0A BF 13 00 03 00 00 00 08 25 08
2016-06-26 14:02:52.097:  ! IKE  --> GLO : IKE sensor status, Motor_Running  Vehicle_Driving
2016-06-26 14:02:52.486:  80 0A BF 13 00 03 00 00 00 00 25 00
2016-06-26 14:02:52.486:  ! IKE  --> GLO : IKE sensor status, Motor_Running  Vehicle_Driving
2016-06-26 14:02:52.875:  80 0A BF 13 00 03 00 00 00 08 25 08
2016-06-26 14:02:52.875:  ! IKE  --> GLO : IKE sensor status, Motor_Running  Vehicle_Driving
2016-06-26 14:02:53.015:  F0 03 68 01 9A
2016-06-26 14:02:53.015:  ! BMBT --> RAD : Device status request
2016-06-26 14:02:53.124:  D0 07 BF 5B 00 00 00 00 33
2016-06-26 14:02:53.124:  ! LCM  --> GLO : Lamp status, All_Off  All_OK
2016-06-26 14:02:53.280:  80 0A BF 13 00 03 00 00 00 00 25 00
2016-06-26 14:02:53.280:  ! IKE  --> GLO : IKE sensor status, Motor_Running  Vehicle_Driving
2016-06-26 14:02:53.591:  80 0E E7 24 0A 00 32 32 2E 38 20 4D 50 48 20 04
2016-06-26 14:02:53.591:  ! IKE  --> ANZV: Update Text, Layout=Average_Speed  Flags=  F0="22.8 MPH "
2016-06-26 14:02:53.685:  80 0A BF 13 00 03 00 00 00 08 25 08
2016-06-26 14:02:53.685:  ! IKE  --> GLO : IKE sensor status, Motor_Running  Vehicle_Driving
2016-06-26 14:02:53.716:  80 05 BF 18 42 19 79
2016-06-26 14:02:53.716:  ! IKE  --> GLO : Speed/RPM, Speed 132 km/h  [82 mph], 2,500 RPM
2016-06-26 14:02:54.090:  80 0A BF 13 00 03 00 00 00 00 25 00
2016-06-26 14:02:54.090:  ! IKE  --> GLO : IKE sensor status, Motor_Running  Vehicle_Driving
2016-06-26 14:02:54.495:  80 0A BF 13 00 03 00 00 00 08 25 08
2016-06-26 14:02:54.495:  ! IKE  --> GLO : IKE sensor status, Motor_Running  Vehicle_Driving
2016-06-26 14:02:54.868:  80 0A BF 13 00 03 00 00 00 00 25 00
2016-06-26 14:02:54.868:  ! IKE  --> GLO : IKE sensor status, Motor_Running  Vehicle_Driving
2016-06-26 14:02:55.242:  80 0A BF 13 00 03 00 00 00 08 25 08
2016-06-26 14:02:55.242:  ! IKE  --> GLO : IKE sensor status, Motor_Running  Vehicle_Driving
2016-06-26 14:02:55.647:  80 0A BF 13 00 03 00 00 00 00 25 00
2016-06-26 14:02:55.647:  ! IKE  --> GLO : IKE sensor status, Motor_Running  Vehicle_Driving
2016-06-26 14:02:55.709:  80 05 BF 18 41 19 7A
2016-06-26 14:02:55.709:  ! IKE  --> GLO : Speed/RPM, Speed 130 km/h  [81 mph], 2,500 RPM
2016-06-26 14:02:55.725:  80 06 BF 19 20 5F 00 5F
2016-06-26 14:02:55.725:  ! IKE  --> GLO : Temperature, Outside 32°C [90°F], Coolant 95°C [203°F]
2016-06-26 14:02:56.052:  80 0A BF 13 00 03 00 00 00 08 24 09
2016-06-26 14:02:56.052:  ! IKE  --> GLO : IKE sensor status, Motor_Running  Vehicle_Driving
2016-06-26 14:02:56.129:  D0 07 BF 5B 00 00 00 00 33
2016-06-26 14:02:56.129:  ! LCM  --> GLO : Lamp status, All_Off  All_OK
2016-06-26 14:02:56.456:  80 0A BF 13 00 03 00 00 00 00 24 01
2016-06-26 14:02:56.456:  ! IKE  --> GLO : IKE sensor status, Motor_Running  Vehicle_Driving
2016-06-26 14:02:56.861:  80 0A BF 13 00 03 00 00 00 08 24 09
2016-06-26 14:02:56.861:  ! IKE  --> GLO : IKE sensor status, Motor_Running  Vehicle_Driving
2016-06-26 14:02:56.908:  80 0C E7 24 03 00 2B 33 33 2E 30 A8 43 92
2016-06-26 14:02:56.908:  ! IKE  --> ANZV: Update Text, Layout=Outside_Temp  Flags=  F0="+33.0°C"
2016-06-26 14:02:57.266:  80 0A BF 13 00 03 00 00 00 00 24 01
2016-06-26 14:02:57.266:  ! IKE  --> GLO : IKE sensor status, Motor_Running  Vehicle_Driving
2016-06-26 14:02:57.655:  80 0A BF 13 00 03 00 00 00 08 24 09
2016-06-26 14:02:57.655:  ! IKE  --> GLO : IKE sensor status, Motor_Running  Vehicle_Driving
2016-06-26 14:02:57.702:  80 05 BF 18 40 19 7B
2016-06-26 14:02:57.702:  ! IKE  --> GLO : Speed/RPM, Speed 128 km/h  [80 mph], 2,500 RPM
2016-06-26 14:02:58.045:  80 0A BF 13 00 03 00 00 00 00 25 00
2016-06-26 14:02:58.045:  ! IKE  --> GLO : IKE sensor status, Motor_Running  Vehicle_Driving
2016-06-26 14:02:58.465:  80 0A BF 13 00 03 00 00 00 08 25 08
2016-06-26 14:02:58.465:  ! IKE  --> GLO : IKE sensor status, Motor_Running  Vehicle_Driving
2016-06-26 14:02:58.854:  80 0A BF 13 00 03 00 00 00 00 25 00
2016-06-26 14:02:58.854:  ! IKE  --> GLO : IKE sensor status, Motor_Running  Vehicle_Driving
2016-06-26 14:02:59.134:  D0 07 BF 5B 00 00 00 00 33
2016-06-26 14:02:59.134:  ! LCM  --> GLO : Lamp status, All_Off  All_OK
2016-06-26 14:02:59.243:  80 0A BF 13 00 03 00 00 00 08 24 09
2016-06-26 14:02:59.243:  ! IKE  --> GLO : IKE sensor status, Motor_Running  Vehicle_Driving
2016-06-26 14:02:59.664:  80 0A BF 13 00 03 00 00 00 00 24 01
2016-06-26 14:02:59.664:  ! IKE  --> GLO : IKE sensor status, Motor_Running  Vehicle_Driving
2016-06-26 14:02:59.695:  80 05 BF 18 40 18 7A
2016-06-26 14:02:59.695:  ! IKE  --> GLO : Speed/RPM, Speed 128 km/h  [80 mph], 2,400 RPM
2016-06-26 14:03:00.084:  80 0A BF 13 00 03 00 00 00 08 24 09
2016-06-26 14:03:00.084:  ! IKE  --> GLO : IKE sensor status, Motor_Running  Vehicle_Driving
2016-06-26 14:03:00.474:  80 0A BF 13 00 03 00 00 00 00 24 01
2016-06-26 14:03:00.474:  ! IKE  --> GLO : IKE sensor status, Motor_Running  Vehicle_Driving
2016-06-26 14:03:00.878:  80 0A BF 13 00 03 00 00 00 08 24 09
2016-06-26 14:03:00.878:  ! IKE  --> GLO : IKE sensor status, Motor_Running  Vehicle_Driving
2016-06-26 14:03:01.252:  80 0A BF 13 00 03 00 00 00 00 24 01
2016-06-26 14:03:01.252:  ! IKE  --> GLO : IKE sensor status, Motor_Running  Vehicle_Driving
2016-06-26 14:03:01.673:  80 0A BF 13 00 03 00 00 00 08 24 09
2016-06-26 14:03:01.673:  ! IKE  --> GLO : IKE sensor status, Motor_Running  Vehicle_Driving
2016-06-26 14:03:01.689:  80 0C E7 24 06 00 32 34 34 20 4D 4C 53 09
2016-06-26 14:03:01.689:  ! IKE  --> ANZV: Update Text, Layout=Range  Flags=  F0="244 MLS"
2016-06-26 14:03:01.720:  80 05 BF 18 40 18 7A
2016-06-26 14:03:01.720:  ! IKE  --> GLO : Speed/RPM, Speed 128 km/h  [80 mph], 2,400 RPM
2016-06-26 14:03:02.063:  80 0A BF 13 00 03 00 00 00 00 24 01
2016-06-26 14:03:02.063:  ! IKE  --> GLO : IKE sensor status, Motor_Running  Vehicle_Driving
2016-06-26 14:03:02.125:  D0 07 BF 5B 00 00 00 00 33
2016-06-26 14:03:02.125:  ! LCM  --> GLO : Lamp status, All_Off  All_OK
2016-06-26 14:03:02.468:  80 0A BF 13 00 03 00 00 00 08 24 09
2016-06-26 14:03:02.468:  ! IKE  --> GLO : IKE sensor status, Motor_Running  Vehicle_Driving
2016-06-26 14:03:02.858:  80 0A BF 13 00 03 00 00 00 00 24 01
2016-06-26 14:03:02.858:  ! IKE  --> GLO : IKE sensor status, Motor_Running  Vehicle_Driving
2016-06-26 14:03:03.014:  F0 03 68 01 9A
2016-06-26 14:03:03.014:  ! BMBT --> RAD : Device status request
2016-06-26 14:03:03.263:  80 0A BF 13 00 03 00 00 00 08 24 09
2016-06-26 14:03:03.263:  ! IKE  --> GLO : IKE sensor status, Motor_Running  Vehicle_Driving
2016-06-26 14:03:03.668:  80 0A BF 13 00 03 00 00 00 00 24 01
2016-06-26 14:03:03.668:  ! IKE  --> GLO : IKE sensor status, Motor_Running  Vehicle_Driving
2016-06-26 14:03:03.699:  80 05 BF 18 40 18 7A
2016-06-26 14:03:03.699:  ! IKE  --> GLO : Speed/RPM, Speed 128 km/h  [80 mph], 2,400 RPM
2016-06-26 14:03:04.027:  80 0A BF 13 00 03 00 00 00 08 24 09
2016-06-26 14:03:04.027:  ! IKE  --> GLO : IKE sensor status, Motor_Running  Vehicle_Driving
2016-06-26 14:03:04.463:  80 0A BF 13 00 03 00 00 00 00 24 01
2016-06-26 14:03:04.463:  ! IKE  --> GLO : IKE sensor status, Motor_Running  Vehicle_Driving
2016-06-26 14:03:04.868:  80 0A BF 13 00 03 00 00 00 08 24 09
2016-06-26 14:03:04.868:  ! IKE  --> GLO : IKE sensor status, Motor_Running  Vehicle_Driving
2016-06-26 14:03:05.133:  D0 07 BF 5B 00 00 00 00 33
2016-06-26 14:03:05.133:  ! LCM  --> GLO : Lamp status, All_Off  All_OK
2016-06-26 14:03:05.258:  80 0A BF 13 00 03 00 00 00 00 24 01
2016-06-26 14:03:05.258:  ! IKE  --> GLO : IKE sensor status, Motor_Running  Vehicle_Driving
2016-06-26 14:03:05.648:  80 0C E7 24 01 00 20 32 3A 30 33 50 4D 78
2016-06-26 14:03:05.648:  ! IKE  --> ANZV: Update Text, Layout=Time  Flags=  F0=" 2:03PM"
2016-06-26 14:03:05.679:  80 0A BF 13 00 03 00 00 00 08 24 09
2016-06-26 14:03:05.679:  ! IKE  --> GLO : IKE sensor status, Motor_Running  Vehicle_Driving
2016-06-26 14:03:05.710:  80 05 BF 18 40 19 7B
2016-06-26 14:03:05.710:  ! IKE  --> GLO : Speed/RPM, Speed 128 km/h  [80 mph], 2,500 RPM
2016-06-26 14:03:05.726:  80 06 BF 19 21 5F 00 5E
2016-06-26 14:03:05.726:  ! IKE  --> GLO : Temperature, Outside 33°C [91°F], Coolant 95°C [203°F]
2016-06-26 14:03:06.068:  80 0A BF 13 00 03 00 00 00 00 24 01
2016-06-26 14:03:06.068:  ! IKE  --> GLO : IKE sensor status, Motor_Running  Vehicle_Driving
2016-06-26 14:03:06.474:  80 0A BF 13 00 03 00 00 00 08 24 09
2016-06-26 14:03:06.474:  ! IKE  --> GLO : IKE sensor status, Motor_Running  Vehicle_Driving
2016-06-26 14:03:06.832:  D0 07 BF 5B 09 00 00 00 3A
2016-06-26 14:03:06.832:  ! LCM  --> GLO : Lamp status, Park Fog_Front  All_OK
2016-06-26 14:03:06.848:  D0 05 BF 5C EC 00 DA
2016-06-26 14:03:06.848:  ! LCM  --> GLO : Light dimmer, 236
2016-06-26 14:03:06.863:  80 0A BF 13 00 03 00 00 00 00 24 01
2016-06-26 14:03:06.863:  ! IKE  --> GLO : IKE sensor status, Motor_Running  Vehicle_Driving
2016-06-26 14:03:07.128:  D0 07 BF 5B 09 00 00 00 3A
2016-06-26 14:03:07.128:  ! LCM  --> GLO : Lamp status, Park Fog_Front  All_OK
2016-06-26 14:03:07.269:  80 0A BF 13 00 03 00 00 00 08 24 09
2016-06-26 14:03:07.269:  ! IKE  --> GLO : IKE sensor status, Motor_Running  Vehicle_Driving
2016-06-26 14:03:07.658:  80 0A BF 13 00 03 00 00 00 00 24 01
2016-06-26 14:03:07.658:  ! IKE  --> GLO : IKE sensor status, Motor_Running  Vehicle_Driving
2016-06-26 14:03:07.705:  80 05 BF 18 40 19 7B
2016-06-26 14:03:07.705:  ! IKE  --> GLO : Speed/RPM, Speed 128 km/h  [80 mph], 2,500 RPM
2016-06-26 14:03:08.063:  80 0A BF 13 00 03 00 00 00 08 24 09
2016-06-26 14:03:08.063:  ! IKE  --> GLO : IKE sensor status, Motor_Running  Vehicle_Driving
2016-06-26 14:03:08.469:  80 0A BF 13 00 03 00 00 00 00 24 01
2016-06-26 14:03:08.469:  ! IKE  --> GLO : IKE sensor status, Motor_Running  Vehicle_Driving
2016-06-26 14:03:08.858:  80 0A BF 13 00 03 00 00 00 08 24 09
2016-06-26 14:03:08.858:  ! IKE  --> GLO : IKE sensor status, Motor_Running  Vehicle_Driving
2016-06-26 14:03:09.279:  80 0A BF 13 00 03 00 00 00 00 24 01
2016-06-26 14:03:09.279:  ! IKE  --> GLO : IKE sensor status, Motor_Running  Vehicle_Driving
2016-06-26 14:03:09.669:  80 0A BF 13 00 03 00 00 00 08 24 09
2016-06-26 14:03:09.669:  ! IKE  --> GLO : IKE sensor status, Motor_Running  Vehicle_Driving
2016-06-26 14:03:09.716:  80 05 BF 18 40 19 7B
2016-06-26 14:03:09.716:  ! IKE  --> GLO : Speed/RPM, Speed 128 km/h  [80 mph], 2,500 RPM
2016-06-26 14:03:10.058:  80 0A BF 13 00 03 00 00 00 00 24 01
2016-06-26 14:03:10.058:  ! IKE  --> GLO : IKE sensor status, Motor_Running  Vehicle_Driving
2016-06-26 14:03:10.136:  D0 07 BF 5B 09 00 00 00 3A
2016-06-26 14:03:10.136:  ! LCM  --> GLO : Lamp status, Park Fog_Front  All_OK
2016-06-26 14:03:10.448:  80 0A BF 13 00 03 00 00 00 08 24 09
2016-06-26 14:03:10.448:  ! IKE  --> GLO : IKE sensor status, Motor_Running  Vehicle_Driving
2016-06-26 14:03:10.869:  80 0A BF 13 00 03 00 00 00 00 24 01
2016-06-26 14:03:10.869:  ! IKE  --> GLO : IKE sensor status, Motor_Running  Vehicle_Driving
2016-06-26 14:03:11.259:  80 0A BF 13 00 03 00 00 00 08 24 09
2016-06-26 14:03:11.259:  ! IKE  --> GLO : IKE sensor status, Motor_Running  Vehicle_Driving
2016-06-26 14:03:11.352:  D0 07 BF 5B 01 00 00 00 32
2016-06-26 14:03:11.352:  ! LCM  --> GLO : Lamp status, Park  All_OK
2016-06-26 14:03:11.633:  80 0A BF 13 00 03 00 00 00 00 24 01
2016-06-26 14:03:11.633:  ! IKE  --> GLO : IKE sensor status, Motor_Running  Vehicle_Driving
2016-06-26 14:03:11.648:  D0 07 BF 5B 01 00 00 00 32
2016-06-26 14:03:11.648:  ! LCM  --> GLO : Lamp status, Park  All_OK
2016-06-26 14:03:11.711:  80 05 BF 18 40 18 7A
2016-06-26 14:03:11.711:  ! IKE  --> GLO : Speed/RPM, Speed 128 km/h  [80 mph], 2,400 RPM
2016-06-26 14:03:12.038:  80 0A BF 13 00 03 00 00 00 08 24 09
2016-06-26 14:03:12.038:  ! IKE  --> GLO : IKE sensor status, Motor_Running  Vehicle_Driving
2016-06-26 14:03:12.427:  80 0A BF 13 00 03 00 00 00 00 24 01
2016-06-26 14:03:12.427:  ! IKE  --> GLO : IKE sensor status, Motor_Running  Vehicle_Driving
2016-06-26 14:03:12.833:  80 0A BF 13 00 03 00 00 00 08 24 09
2016-06-26 14:03:12.833:  ! IKE  --> GLO : IKE sensor status, Motor_Running  Vehicle_Driving
2016-06-26 14:03:13.020:  F0 03 68 01 9A
2016-06-26 14:03:13.020:  ! BMBT --> RAD : Device status request
2016-06-26 14:03:13.238:  80 0A BF 13 00 03 00 00 00 00 24 01
2016-06-26 14:03:13.238:  ! IKE  --> GLO : IKE sensor status, Motor_Running  Vehicle_Driving
2016-06-26 14:03:13.628:  80 0A BF 13 00 03 00 00 00 08 24 09
2016-06-26 14:03:13.628:  ! IKE  --> GLO : IKE sensor status, Motor_Running  Vehicle_Driving
2016-06-26 14:03:13.721:  80 05 BF 18 40 18 7A
2016-06-26 14:03:13.721:  ! IKE  --> GLO : Speed/RPM, Speed 128 km/h  [80 mph], 2,400 RPM
2016-06-26 14:03:13.752:  D0 07 BF 5B 00 00 00 00 33
2016-06-26 14:03:13.752:  ! LCM  --> GLO : Lamp status, All_Off  All_OK
2016-06-26 14:03:13.783:  D0 05 BF 5C FF 00 C9
2016-06-26 14:03:13.783:  ! LCM  --> GLO : Light dimmer, 255 (max)
2016-06-26 14:03:14.033:  80 0A BF 13 00 03 00 00 00 00 24 01
2016-06-26 14:03:14.033:  ! IKE  --> GLO : IKE sensor status, Motor_Running  Vehicle_Driving
2016-06-26 14:03:14.064:  D0 07 BF 5B 00 00 00 00 33
2016-06-26 14:03:14.064:  ! LCM  --> GLO : Lamp status, All_Off  All_OK
2016-06-26 14:03:14.438:  80 0A BF 13 00 03 00 00 00 08 24 09
2016-06-26 14:03:14.438:  ! IKE  --> GLO : IKE sensor status, Motor_Running  Vehicle_Driving
2016-06-26 14:03:14.843:  80 0A BF 13 00 03 00 00 00 00 24 01
2016-06-26 14:03:14.843:  ! IKE  --> GLO : IKE sensor status, Motor_Running  Vehicle_Driving
2016-06-26 14:03:15.249:  80 0A BF 13 00 03 00 00 00 08 24 09
2016-06-26 14:03:15.249:  ! IKE  --> GLO : IKE sensor status, Motor_Running  Vehicle_Driving
2016-06-26 14:03:15.638:  80 0A BF 13 00 03 00 00 00 00 24 01
2016-06-26 14:03:15.638:  ! IKE  --> GLO : IKE sensor status, Motor_Running  Vehicle_Driving
2016-06-26 14:03:15.716:  80 05 BF 18 40 18 7A
2016-06-26 14:03:15.716:  ! IKE  --> GLO : Speed/RPM, Speed 128 km/h  [80 mph], 2,400 RPM
2016-06-26 14:03:15.732:  80 06 BF 19 21 5F 00 5E
2016-06-26 14:03:15.732:  ! IKE  --> GLO : Temperature, Outside 33°C [91°F], Coolant 95°C [203°F]
2016-06-26 14:03:16.028:  80 0A BF 13 00 03 00 00 00 08 24 09
2016-06-26 14:03:16.028:  ! IKE  --> GLO : IKE sensor status, Motor_Running  Vehicle_Driving
2016-06-26 14:03:16.433:  80 0A BF 13 00 03 00 00 00 00 24 01
2016-06-26 14:03:16.433:  ! IKE  --> GLO : IKE sensor status, Motor_Running  Vehicle_Driving
2016-06-26 14:03:16.838:  80 0A BF 13 00 03 00 00 00 08 24 09
2016-06-26 14:03:16.838:  ! IKE  --> GLO : IKE sensor status, Motor_Running  Vehicle_Driving
2016-06-26 14:03:17.056:  D0 07 BF 5B 00 00 00 00 33
2016-06-26 14:03:17.056:  ! LCM  --> GLO : Lamp status, All_Off  All_OK
2016-06-26 14:03:17.228:  80 0A BF 13 00 03 00 00 00 00 24 01
2016-06-26 14:03:17.243:  ! IKE  --> GLO : IKE sensor status, Motor_Running  Vehicle_Driving
2016-06-26 14:03:17.633:  80 0A BF 13 00 03 00 00 00 08 24 09
2016-06-26 14:03:17.633:  ! IKE  --> GLO : IKE sensor status, Motor_Running  Vehicle_Driving
2016-06-26 14:03:17.727:  80 05 BF 18 40 18 7A
2016-06-26 14:03:17.727:  ! IKE  --> GLO : Speed/RPM, Speed 128 km/h  [80 mph], 2,400 RPM
2016-06-26 14:03:18.038:  80 0A BF 13 00 03 00 00 00 00 24 01
2016-06-26 14:03:18.038:  ! IKE  --> GLO : IKE sensor status, Motor_Running  Vehicle_Driving
2016-06-26 14:03:18.444:  80 0A BF 13 00 03 00 00 00 08 24 09
2016-06-26 14:03:18.444:  ! IKE  --> GLO : IKE sensor status, Motor_Running  Vehicle_Driving
2016-06-26 14:03:18.833:  80 0A BF 13 00 03 00 00 00 00 24 01
2016-06-26 14:03:18.833:  ! IKE  --> GLO : IKE sensor status, Motor_Running  Vehicle_Driving
2016-06-26 14:03:19.238:  80 0A BF 13 00 03 00 00 00 08 24 09
2016-06-26 14:03:19.238:  ! IKE  --> GLO : IKE sensor status, Motor_Running  Vehicle_Driving
2016-06-26 14:03:19.628:  80 0C E7 24 06 00 32 34 34 20 4D 4C 53 09
2016-06-26 14:03:19.628:  ! IKE  --> ANZV: Update Text, Layout=Range  Flags=  F0="244 MLS"
2016-06-26 14:03:19.659:  80 0A BF 13 00 03 00 00 00 00 24 01
2016-06-26 14:03:19.659:  ! IKE  --> GLO : IKE sensor status, Motor_Running  Vehicle_Driving
2016-06-26 14:03:19.722:  80 05 BF 18 3F 18 05
2016-06-26 14:03:19.722:  ! IKE  --> GLO : Speed/RPM, Speed 126 km/h  [78 mph], 2,400 RPM
2016-06-26 14:03:20.049:  80 0A BF 13 00 03 00 00 00 08 24 09
2016-06-26 14:03:20.049:  ! IKE  --> GLO : IKE sensor status, Motor_Running  Vehicle_Driving
2016-06-26 14:03:20.080:  D0 07 BF 5B 00 00 00 00 33
2016-06-26 14:03:20.080:  ! LCM  --> GLO : Lamp status, All_Off  All_OK
2016-06-26 14:03:20.454:  80 0A BF 13 00 03 00 00 00 00 24 01
2016-06-26 14:03:20.454:  ! IKE  --> GLO : IKE sensor status, Motor_Running  Vehicle_Driving
2016-06-26 14:03:20.859:  80 0A BF 13 00 03 00 00 00 08 24 09
2016-06-26 14:03:20.859:  ! IKE  --> GLO : IKE sensor status, Motor_Running  Vehicle_Driving
2016-06-26 14:03:21.249:  80 0A BF 13 00 03 00 00 00 00 24 01
2016-06-26 14:03:21.249:  ! IKE  --> GLO : IKE sensor status, Motor_Running  Vehicle_Driving
2016-06-26 14:03:21.654:  80 0A BF 13 00 03 00 00 00 08 24 09
2016-06-26 14:03:21.654:  ! IKE  --> GLO : IKE sensor status, Motor_Running  Vehicle_Driving
2016-06-26 14:03:21.732:  80 05 BF 18 3F 18 05
2016-06-26 14:03:21.732:  ! IKE  --> GLO : Speed/RPM, Speed 126 km/h  [78 mph], 2,400 RPM
2016-06-26 14:03:22.059:  80 0A BF 13 00 03 00 00 00 00 24 01
2016-06-26 14:03:22.059:  ! IKE  --> GLO : IKE sensor status, Motor_Running  Vehicle_Driving
2016-06-26 14:03:22.449:  80 0A BF 13 00 03 00 00 00 08 24 09
2016-06-26 14:03:22.449:  ! IKE  --> GLO : IKE sensor status, Motor_Running  Vehicle_Driving
2016-06-26 14:03:22.854:  80 0A BF 13 00 03 00 00 00 00 24 01
2016-06-26 14:03:22.854:  ! IKE  --> GLO : IKE sensor status, Motor_Running  Vehicle_Driving
2016-06-26 14:03:23.041:  F0 03 68 01 9A
2016-06-26 14:03:23.041:  ! BMBT --> RAD : Device status request
2016-06-26 14:03:23.073:  D0 07 BF 5B 00 00 00 00 33
2016-06-26 14:03:23.073:  ! LCM  --> GLO : Lamp status, All_Off  All_OK
2016-06-26 14:03:23.260:  80 0A BF 13 00 03 00 00 00 08 24 09
2016-06-26 14:03:23.260:  ! IKE  --> GLO : IKE sensor status, Motor_Running  Vehicle_Driving
2016-06-26 14:03:23.649:  80 0A BF 13 00 03 00 00 00 00 24 01
2016-06-26 14:03:23.649:  ! IKE  --> GLO : IKE sensor status, Motor_Running  Vehicle_Driving
2016-06-26 14:03:23.727:  80 05 BF 18 3F 18 05
2016-06-26 14:03:23.727:  ! IKE  --> GLO : Speed/RPM, Speed 126 km/h  [78 mph], 2,400 RPM
2016-06-26 14:03:24.054:  80 0A BF 13 00 03 00 00 00 08 24 09
2016-06-26 14:03:24.054:  ! IKE  --> GLO : IKE sensor status, Motor_Running  Vehicle_Driving
2016-06-26 14:03:24.460:  80 0A BF 13 00 03 00 00 00 00 24 01
2016-06-26 14:03:24.460:  ! IKE  --> GLO : IKE sensor status, Motor_Running  Vehicle_Driving
2016-06-26 14:03:24.849:  80 0A BF 13 00 03 00 00 00 08 24 09
2016-06-26 14:03:24.849:  ! IKE  --> GLO : IKE sensor status, Motor_Running  Vehicle_Driving
2016-06-26 14:03:25.255:  80 0A BF 13 00 03 00 00 00 00 24 01
2016-06-26 14:03:25.255:  ! IKE  --> GLO : IKE sensor status, Motor_Running  Vehicle_Driving
2016-06-26 14:03:25.644:  80 0A BF 13 00 03 00 00 00 08 24 09
2016-06-26 14:03:25.644:  ! IKE  --> GLO : IKE sensor status, Motor_Running  Vehicle_Driving
2016-06-26 14:03:25.722:  80 05 BF 18 3E 18 04
2016-06-26 14:03:25.722:  ! IKE  --> GLO : Speed/RPM, Speed 124 km/h  [77 mph], 2,400 RPM
2016-06-26 14:03:25.753:  80 06 BF 19 21 60 00 61
2016-06-26 14:03:25.753:  ! IKE  --> GLO : Temperature, Outside 33°C [91°F], Coolant 96°C [205°F]
2016-06-26 14:03:26.049:  80 0A BF 13 00 03 00 00 00 00 24 01
2016-06-26 14:03:26.049:  ! IKE  --> GLO : IKE sensor status, Motor_Running  Vehicle_Driving
2016-06-26 14:03:26.081:  D0 07 BF 5B 00 00 00 00 33
2016-06-26 14:03:26.081:  ! LCM  --> GLO : Lamp status, All_Off  All_OK
2016-06-26 14:03:26.455:  80 0A BF 13 00 03 00 00 00 08 24 09
2016-06-26 14:03:26.455:  ! IKE  --> GLO : IKE sensor status, Motor_Running  Vehicle_Driving
2016-06-26 14:03:26.844:  80 0A BF 13 00 03 00 00 00 00 24 01
2016-06-26 14:03:26.844:  ! IKE  --> GLO : IKE sensor status, Motor_Running  Vehicle_Driving
2016-06-26 14:03:27.250:  80 0A BF 13 00 03 00 00 00 08 24 09
2016-06-26 14:03:27.250:  ! IKE  --> GLO : IKE sensor status, Motor_Running  Vehicle_Driving
2016-06-26 14:03:27.655:  80 0A BF 13 00 03 00 00 00 00 24 01
2016-06-26 14:03:27.655:  ! IKE  --> GLO : IKE sensor status, Motor_Running  Vehicle_Driving
2016-06-26 14:03:27.733:  80 05 BF 18 3E 18 04
2016-06-26 14:03:27.733:  ! IKE  --> GLO : Speed/RPM, Speed 124 km/h  [77 mph], 2,400 RPM
2016-06-26 14:03:28.044:  80 0A BF 13 00 03 00 00 00 08 24 09
2016-06-26 14:03:28.044:  ! IKE  --> GLO : IKE sensor status, Motor_Running  Vehicle_Driving
2016-06-26 14:03:28.419:  80 0A BF 13 00 03 00 00 00 00 24 01
2016-06-26 14:03:28.419:  ! IKE  --> GLO : IKE sensor status, Motor_Running  Vehicle_Driving
2016-06-26 14:03:28.824:  80 0A BF 13 00 03 00 00 00 08 24 09
2016-06-26 14:03:28.824:  ! IKE  --> GLO : IKE sensor status, Motor_Running  Vehicle_Driving
2016-06-26 14:03:29.089:  D0 07 BF 5B 00 00 00 00 33
2016-06-26 14:03:29.089:  ! LCM  --> GLO : Lamp status, All_Off  All_OK
2016-06-26 14:03:29.245:  80 0A BF 13 00 03 00 00 00 00 24 01
2016-06-26 14:03:29.245:  ! IKE  --> GLO : IKE sensor status, Motor_Running  Vehicle_Driving
2016-06-26 14:03:29.603:  80 0A BF 13 00 03 00 00 00 08 24 09
2016-06-26 14:03:29.603:  ! IKE  --> GLO : IKE sensor status, Motor_Running  Vehicle_Driving
2016-06-26 14:03:29.743:  80 05 BF 18 3E 18 04
2016-06-26 14:03:29.743:  ! IKE  --> GLO : Speed/RPM, Speed 124 km/h  [77 mph], 2,400 RPM
2016-06-26 14:03:30.024:  80 0A BF 13 00 03 00 00 00 00 24 01
2016-06-26 14:03:30.024:  ! IKE  --> GLO : IKE sensor status, Motor_Running  Vehicle_Driving
2016-06-26 14:03:30.039:  F0 04 68 48 06 D2
2016-06-26 14:03:30.039:  ! BMBT --> RAD : BM Button, Radio_on/off_pressed
2016-06-26 14:03:30.273:  F0 04 68 48 86 52
2016-06-26 14:03:30.273:  ! BMBT --> RAD : BM Button, Radio_on/off_released
2016-06-26 14:03:30.413:  80 0A BF 13 00 03 00 00 00 08 24 09
2016-06-26 14:03:30.413:  ! IKE  --> GLO : IKE sensor status, Motor_Running  Vehicle_Driving
2016-06-26 14:03:30.803:  80 0A BF 13 00 03 00 00 00 00 24 01
2016-06-26 14:03:30.803:  ! IKE  --> GLO : IKE sensor status, Motor_Running  Vehicle_Driving
2016-06-26 14:03:31.224:  80 0A BF 13 00 03 00 00 00 08 24 09
2016-06-26 14:03:31.224:  ! IKE  --> GLO : IKE sensor status, Motor_Running  Vehicle_Driving
2016-06-26 14:03:31.614:  80 0A BF 13 00 03 00 00 00 00 24 01
2016-06-26 14:03:31.614:  ! IKE  --> GLO : IKE sensor status, Motor_Running  Vehicle_Driving
2016-06-26 14:03:31.738:  80 05 BF 18 3D 17 08
2016-06-26 14:03:31.738:  ! IKE  --> GLO : Speed/RPM, Speed 122 km/h  [76 mph], 2,300 RPM
2016-06-26 14:03:32.019:  80 0A BF 13 00 03 00 00 00 08 24 09
2016-06-26 14:03:32.019:  ! IKE  --> GLO : IKE sensor status, Motor_Running  Vehicle_Driving
2016-06-26 14:03:32.097:  D0 07 BF 5B 00 00 00 00 33
2016-06-26 14:03:32.097:  ! LCM  --> GLO : Lamp status, All_Off  All_OK
2016-06-26 14:03:32.424:  80 0A BF 13 00 03 00 00 00 00 24 01
2016-06-26 14:03:32.424:  ! IKE  --> GLO : IKE sensor status, Motor_Running  Vehicle_Driving
2016-06-26 14:03:32.564:  D0 07 BF 5B 40 00 04 00 77
2016-06-26 14:03:32.564:  ! LCM  --> GLO : Lamp status, Indicator_Right Indicator_sync  All_OK
2016-06-26 14:03:32.814:  80 0A BF 13 00 03 00 00 00 08 24 09
2016-06-26 14:03:32.814:  ! IKE  --> GLO : IKE sensor status, Motor_Running  Vehicle_Driving
2016-06-26 14:03:33.032:  F0 03 68 01 9A
2016-06-26 14:03:33.032:  ! BMBT --> RAD : Device status request
2016-06-26 14:03:33.203:  D0 07 BF 5B 40 00 04 00 77
2016-06-26 14:03:33.203:  ! LCM  --> GLO : Lamp status, Indicator_Right Indicator_sync  All_OK
2016-06-26 14:03:33.219:  80 0A BF 13 00 03 00 00 00 00 24 01
2016-06-26 14:03:33.219:  ! IKE  --> GLO : IKE sensor status, Motor_Running  Vehicle_Driving
2016-06-26 14:03:33.297:  F0 04 68 48 06 D2
2016-06-26 14:03:33.297:  ! BMBT --> RAD : BM Button, Radio_on/off_pressed
2016-06-26 14:03:33.515:  F0 04 68 48 86 52
2016-06-26 14:03:33.515:  ! BMBT --> RAD : BM Button, Radio_on/off_released
2016-06-26 14:03:33.624:  80 0A BF 13 00 03 00 00 00 08 24 09
2016-06-26 14:03:33.624:  ! IKE  --> GLO : IKE sensor status, Motor_Running  Vehicle_Driving
2016-06-26 14:03:33.733:  80 05 BF 18 3C 17 09
2016-06-26 14:03:33.733:  ! IKE  --> GLO : Speed/RPM, Speed 120 km/h  [75 mph], 2,300 RPM
2016-06-26 14:03:33.842:  D0 07 BF 5B 40 00 04 00 77
2016-06-26 14:03:33.842:  ! LCM  --> GLO : Lamp status, Indicator_Right Indicator_sync  All_OK
2016-06-26 14:03:34.029:  80 0A BF 13 00 03 00 00 00 00 24 01
2016-06-26 14:03:34.029:  ! IKE  --> GLO : IKE sensor status, Motor_Running  Vehicle_Driving
2016-06-26 14:03:34.435:  80 0A BF 13 00 03 00 00 00 08 24 09
2016-06-26 14:03:34.435:  ! IKE  --> GLO : IKE sensor status, Motor_Running  Vehicle_Driving
2016-06-26 14:03:34.481:  D0 07 BF 5B 40 00 04 00 77
2016-06-26 14:03:34.481:  ! LCM  --> GLO : Lamp status, Indicator_Right Indicator_sync  All_OK
2016-06-26 14:03:34.824:  80 0A BF 13 00 03 00 00 00 00 24 01
2016-06-26 14:03:34.824:  ! IKE  --> GLO : IKE sensor status, Motor_Running  Vehicle_Driving
2016-06-26 14:03:35.120:  D0 07 BF 5B 40 00 04 00 77
2016-06-26 14:03:35.120:  ! LCM  --> GLO : Lamp status, Indicator_Right Indicator_sync  All_OK
2016-06-26 14:03:35.214:  80 0A BF 13 00 03 00 00 00 08 24 09
2016-06-26 14:03:35.214:  ! IKE  --> GLO : IKE sensor status, Motor_Running  Vehicle_Driving
2016-06-26 14:03:35.619:  80 0A BF 13 00 03 00 00 00 00 24 01
2016-06-26 14:03:35.619:  ! IKE  --> GLO : IKE sensor status, Motor_Running  Vehicle_Driving
2016-06-26 14:03:35.697:  D0 07 BF 5B 00 00 00 00 33
2016-06-26 14:03:35.697:  ! LCM  --> GLO : Lamp status, All_Off  All_OK
2016-06-26 14:03:35.744:  80 05 BF 18 3B 17 0E
2016-06-26 14:03:35.744:  ! IKE  --> GLO : Speed/RPM, Speed 118 km/h  [73 mph], 2,300 RPM
2016-06-26 14:03:35.759:  80 06 BF 19 21 60 00 61
2016-06-26 14:03:35.759:  ! IKE  --> GLO : Temperature, Outside 33°C [91°F], Coolant 96°C [205°F]
2016-06-26 14:03:35.993:  D0 07 BF 5B 00 00 00 00 33
2016-06-26 14:03:35.993:  ! LCM  --> GLO : Lamp status, All_Off  All_OK
2016-06-26 14:03:36.024:  80 0A BF 13 00 03 00 00 00 08 24 09
2016-06-26 14:03:36.024:  ! IKE  --> GLO : IKE sensor status, Motor_Running  Vehicle_Driving
2016-06-26 14:03:36.414:  80 0A BF 13 00 03 00 00 00 00 24 01
2016-06-26 14:03:36.414:  ! IKE  --> GLO : IKE sensor status, Motor_Running  Vehicle_Driving
2016-06-26 14:03:36.819:  80 0A BF 13 00 03 00 00 00 08 24 09
2016-06-26 14:03:36.819:  ! IKE  --> GLO : IKE sensor status, Motor_Running  Vehicle_Driving
2016-06-26 14:03:36.944:  F0 04 68 48 06 D2
2016-06-26 14:03:36.944:  ! BMBT --> RAD : BM Button, Radio_on/off_pressed
2016-06-26 14:03:37.131:  F0 04 68 48 86 52
2016-06-26 14:03:37.131:  ! BMBT --> RAD : BM Button, Radio_on/off_released
2016-06-26 14:03:37.240:  80 0A BF 13 00 03 00 00 00 00 24 01
2016-06-26 14:03:37.240:  ! IKE  --> GLO : IKE sensor status, Motor_Running  Vehicle_Driving
2016-06-26 14:03:37.645:  80 0A BF 13 00 03 00 00 00 08 25 08
2016-06-26 14:03:37.645:  ! IKE  --> GLO : IKE sensor status, Motor_Running  Vehicle_Driving
2016-06-26 14:03:37.739:  80 05 BF 18 3A 16 0E
2016-06-26 14:03:37.739:  ! IKE  --> GLO : Speed/RPM, Speed 116 km/h  [72 mph], 2,200 RPM
2016-06-26 14:03:38.035:  80 0A BF 13 00 03 00 00 00 00 25 00
2016-06-26 14:03:38.035:  ! IKE  --> GLO : IKE sensor status, Motor_Running  Vehicle_Driving
2016-06-26 14:03:38.456:  80 0A BF 13 00 03 00 00 00 08 25 08
2016-06-26 14:03:38.456:  ! IKE  --> GLO : IKE sensor status, Motor_Running  Vehicle_Driving
2016-06-26 14:03:38.845:  80 0A BF 13 00 03 00 00 00 00 25 00
2016-06-26 14:03:38.845:  ! IKE  --> GLO : IKE sensor status, Motor_Running  Vehicle_Driving
2016-06-26 14:03:38.955:  F0 04 68 48 06 D2
2016-06-26 14:03:38.955:  ! BMBT --> RAD : BM Button, Radio_on/off_pressed
2016-06-26 14:03:39.001:  D0 07 BF 5B 00 00 00 00 33
2016-06-26 14:03:39.001:  ! LCM  --> GLO : Lamp status, All_Off  All_OK
2016-06-26 14:03:39.173:  F0 04 68 48 86 52
2016-06-26 14:03:39.173:  ! BMBT --> RAD : BM Button, Radio_on/off_released
2016-06-26 14:03:39.251:  80 0A BF 13 00 03 00 00 00 08 25 08
2016-06-26 14:03:39.251:  ! IKE  --> GLO : IKE sensor status, Motor_Running  Vehicle_Driving
2016-06-26 14:03:39.625:  80 0A BF 13 00 03 00 00 00 00 25 00
2016-06-26 14:03:39.625:  ! IKE  --> GLO : IKE sensor status, Motor_Running  Vehicle_Driving
2016-06-26 14:03:39.749:  80 05 BF 18 39 16 0D
2016-06-26 14:03:39.749:  ! IKE  --> GLO : Speed/RPM, Speed 114 km/h  [71 mph], 2,200 RPM
2016-06-26 14:03:40.030:  80 0A BF 13 00 03 00 00 00 08 25 08
2016-06-26 14:03:40.030:  ! IKE  --> GLO : IKE sensor status, Motor_Running  Vehicle_Driving
2016-06-26 14:03:40.435:  80 0A BF 13 00 03 00 00 00 00 25 00
2016-06-26 14:03:40.435:  ! IKE  --> GLO : IKE sensor status, Motor_Running  Vehicle_Driving
2016-06-26 14:03:40.840:  80 0A BF 13 00 03 00 00 00 08 25 08
2016-06-26 14:03:40.840:  ! IKE  --> GLO : IKE sensor status, Motor_Running  Vehicle_Driving
2016-06-26 14:03:41.214:  80 0A BF 13 00 03 00 00 00 00 25 00
2016-06-26 14:03:41.214:  ! IKE  --> GLO : IKE sensor status, Motor_Running  Vehicle_Driving
2016-06-26 14:03:41.620:  80 0A BF 13 00 03 00 00 00 08 25 08
2016-06-26 14:03:41.620:  ! IKE  --> GLO : IKE sensor status, Motor_Running  Vehicle_Driving
2016-06-26 14:03:41.744:  80 05 BF 18 37 15 00
2016-06-26 14:03:41.744:  ! IKE  --> GLO : Speed/RPM, Speed 110 km/h  [68 mph], 2,100 RPM
2016-06-26 14:03:41.994:  D0 07 BF 5B 00 00 00 00 33
2016-06-26 14:03:41.994:  ! LCM  --> GLO : Lamp status, All_Off  All_OK
2016-06-26 14:03:42.025:  80 0A BF 13 00 03 00 00 00 00 25 00
2016-06-26 14:03:42.025:  ! IKE  --> GLO : IKE sensor status, Motor_Running  Vehicle_Driving
2016-06-26 14:03:42.415:  80 0A BF 13 00 03 00 00 00 08 25 08
2016-06-26 14:03:42.415:  ! IKE  --> GLO : IKE sensor status, Motor_Running  Vehicle_Driving
2016-06-26 14:03:42.804:  80 0A BF 13 00 03 00 00 00 00 25 00
2016-06-26 14:03:42.804:  ! IKE  --> GLO : IKE sensor status, Motor_Running  Vehicle_Driving
2016-06-26 14:03:43.054:  F0 03 68 01 9A
2016-06-26 14:03:43.054:  ! BMBT --> RAD : Device status request
2016-06-26 14:03:43.209:  80 0A BF 13 00 03 00 00 00 08 25 08
2016-06-26 14:03:43.209:  ! IKE  --> GLO : IKE sensor status, Motor_Running  Vehicle_Driving
2016-06-26 14:03:43.630:  80 0A BF 13 00 03 00 00 00 00 25 00
2016-06-26 14:03:43.630:  ! IKE  --> GLO : IKE sensor status, Motor_Running  Vehicle_Driving
2016-06-26 14:03:43.755:  80 05 BF 18 35 14 03
2016-06-26 14:03:43.755:  ! IKE  --> GLO : Speed/RPM, Speed 106 km/h  [66 mph], 2,000 RPM
2016-06-26 14:03:44.020:  80 0A BF 13 00 03 00 00 00 08 25 08
2016-06-26 14:03:44.020:  ! IKE  --> GLO : IKE sensor status, Motor_Running  Vehicle_Driving
2016-06-26 14:03:44.425:  80 0A BF 13 00 03 00 00 00 00 25 00
2016-06-26 14:03:44.425:  ! IKE  --> GLO : IKE sensor status, Motor_Running  Vehicle_Driving
2016-06-26 14:03:44.815:  80 0A BF 13 00 03 00 00 00 08 25 08
2016-06-26 14:03:44.815:  ! IKE  --> GLO : IKE sensor status, Motor_Running  Vehicle_Driving
2016-06-26 14:03:45.002:  D0 07 BF 5B 00 00 00 00 33
2016-06-26 14:03:45.002:  ! LCM  --> GLO : Lamp status, All_Off  All_OK
2016-06-26 14:03:45.204:  80 0A BF 13 00 03 00 00 00 00 25 00
2016-06-26 14:03:45.204:  ! IKE  --> GLO : IKE sensor status, Motor_Running  Vehicle_Driving
2016-06-26 14:03:45.610:  80 0A BF 13 00 03 00 00 00 08 25 08
2016-06-26 14:03:45.610:  ! IKE  --> GLO : IKE sensor status, Motor_Running  Vehicle_Driving
2016-06-26 14:03:45.750:  80 05 BF 18 34 14 02
2016-06-26 14:03:45.750:  ! IKE  --> GLO : Speed/RPM, Speed 104 km/h  [65 mph], 2,000 RPM
2016-06-26 14:03:45.781:  80 06 BF 19 21 60 00 61
2016-06-26 14:03:45.781:  ! IKE  --> GLO : Temperature, Outside 33°C [91°F], Coolant 96°C [205°F]
2016-06-26 14:03:46.030:  80 0A BF 13 00 03 00 00 00 00 25 00
2016-06-26 14:03:46.030:  ! IKE  --> GLO : IKE sensor status, Motor_Running  Vehicle_Driving
2016-06-26 14:03:46.436:  80 0A BF 13 00 03 00 00 00 08 25 08
2016-06-26 14:03:46.436:  ! IKE  --> GLO : IKE sensor status, Motor_Running  Vehicle_Driving
2016-06-26 14:03:46.825:  80 0A BF 13 00 03 00 00 00 00 25 00
2016-06-26 14:03:46.825:  ! IKE  --> GLO : IKE sensor status, Motor_Running  Vehicle_Driving
2016-06-26 14:03:47.231:  80 0A BF 13 00 03 00 00 00 08 25 08
2016-06-26 14:03:47.231:  ! IKE  --> GLO : IKE sensor status, Motor_Running  Vehicle_Driving
2016-06-26 14:03:47.636:  80 0A BF 13 00 03 00 00 00 00 25 00
2016-06-26 14:03:47.636:  ! IKE  --> GLO : IKE sensor status, Motor_Running  Vehicle_Driving
2016-06-26 14:03:47.760:  80 05 BF 18 31 13 00
2016-06-26 14:03:47.760:  ! IKE  --> GLO : Speed/RPM, Speed 98 km/h  [61 mph], 1,900 RPM
2016-06-26 14:03:48.010:  D0 07 BF 5B 00 00 00 00 33
2016-06-26 14:03:48.010:  ! LCM  --> GLO : Lamp status, All_Off  All_OK
2016-06-26 14:03:48.041:  80 0A BF 13 00 03 00 00 00 08 25 08
2016-06-26 14:03:48.041:  ! IKE  --> GLO : IKE sensor status, Motor_Running  Vehicle_Driving
2016-06-26 14:03:48.228:  F0 04 3B 49 01 87
2016-06-26 14:03:48.228:  ! BMBT --> GT  : BM_Knob, Left 1 step
2016-06-26 14:03:48.353:  F0 04 3B 49 03 85
2016-06-26 14:03:48.353:  ! BMBT --> GT  : BM_Knob, Left 3 steps
2016-06-26 14:03:48.431:  80 0A BF 13 00 03 00 00 00 00 25 00
2016-06-26 14:03:48.431:  ! IKE  --> GLO : IKE sensor status, Motor_Running  Vehicle_Driving
2016-06-26 14:03:48.462:  F0 04 3B 49 02 84
2016-06-26 14:03:48.462:  ! BMBT --> GT  : BM_Knob, Left 2 steps
2016-06-26 14:03:48.587:  F0 04 3B 49 82 04
2016-06-26 14:03:48.587:  ! BMBT --> GT  : BM_Knob, Right 2 steps
2016-06-26 14:03:48.696:  F0 04 3B 49 83 05
2016-06-26 14:03:48.696:  ! BMBT --> GT  : BM_Knob, Right 3 steps
2016-06-26 14:03:48.820:  F0 04 3B 49 82 04
2016-06-26 14:03:48.820:  ! BMBT --> GT  : BM_Knob, Right 2 steps
2016-06-26 14:03:48.851:  80 0A BF 13 00 03 00 00 00 08 25 08
2016-06-26 14:03:48.851:  ! IKE  --> GLO : IKE sensor status, Motor_Running  Vehicle_Driving
2016-06-26 14:03:48.883:  80 0A BF 17 22 03 03 00 1C 00 00 1C
2016-06-26 14:03:48.883:  ! IKE  --> GLO : Odometer, 197,410 kms  [122,665 mls]
2016-06-26 14:03:49.054:  F0 04 3B 49 05 83
2016-06-26 14:03:49.054:  ! BMBT --> GT  : BM_Knob, Left 5 steps
2016-06-26 14:03:49.163:  F0 04 3B 49 03 85
2016-06-26 14:03:49.163:  ! BMBT --> GT  : BM_Knob, Left 3 steps
2016-06-26 14:03:49.241:  80 0A BF 13 00 03 00 00 00 00 25 00
2016-06-26 14:03:49.241:  ! IKE  --> GLO : IKE sensor status, Motor_Running  Vehicle_Driving
2016-06-26 14:03:49.631:  80 0A BF 13 00 03 00 00 00 08 25 08
2016-06-26 14:03:49.631:  ! IKE  --> GLO : IKE sensor status, Motor_Running  Vehicle_Driving
2016-06-26 14:03:49.755:  80 05 BF 18 2E 12 1E
2016-06-26 14:03:49.755:  ! IKE  --> GLO : Speed/RPM, Speed 92 km/h  [57 mph], 1,800 RPM
2016-06-26 14:03:50.036:  80 0A BF 13 00 03 00 00 00 00 25 00
2016-06-26 14:03:50.036:  ! IKE  --> GLO : IKE sensor status, Motor_Running  Vehicle_Driving
2016-06-26 14:03:50.067:  F0 04 68 32 10 BE
2016-06-26 14:03:50.067:  ! BMBT --> RAD : Volume Control, Decrease 1 step
2016-06-26 14:03:50.098:  80 0E E7 24 0A 00 32 32 2E 38 20 4D 50 48 20 04
2016-06-26 14:03:50.098:  ! IKE  --> ANZV: Update Text, Layout=Average_Speed  Flags=  F0="22.8 MPH "
2016-06-26 14:03:50.130:  F0 04 68 32 40 EE
2016-06-26 14:03:50.130:  ! BMBT --> RAD : Volume Control, Decrease 4 steps
2016-06-26 14:03:50.161:  F0 04 68 32 20 8E
2016-06-26 14:03:50.161:  ! BMBT --> RAD : Volume Control, Decrease 2 steps
2016-06-26 14:03:50.192:  F0 04 68 32 40 EE
2016-06-26 14:03:50.192:  ! BMBT --> RAD : Volume Control, Decrease 4 steps
2016-06-26 14:03:50.239:  F0 04 68 32 20 8E
2016-06-26 14:03:50.239:  ! BMBT --> RAD : Volume Control, Decrease 2 steps
2016-06-26 14:03:50.332:  F0 04 68 32 11 BF
2016-06-26 14:03:50.332:  ! BMBT --> RAD : Volume Control, Increase 1 step
2016-06-26 14:03:50.363:  F0 04 68 32 41 EF
2016-06-26 14:03:50.363:  ! BMBT --> RAD : Volume Control, Increase 4 steps
2016-06-26 14:03:50.410:  F0 04 68 32 41 EF
2016-06-26 14:03:50.410:  ! BMBT --> RAD : Volume Control, Increase 4 steps
2016-06-26 14:03:50.441:  80 0A BF 13 00 03 00 00 00 08 25 08
2016-06-26 14:03:50.441:  ! IKE  --> GLO : IKE sensor status, Motor_Running  Vehicle_Driving
2016-06-26 14:03:50.457:  F0 04 68 32 41 EF
2016-06-26 14:03:50.457:  ! BMBT --> RAD : Volume Control, Increase 4 steps
2016-06-26 14:03:50.488:  F0 04 68 32 31 9F
2016-06-26 14:03:50.488:  ! BMBT --> RAD : Volume Control, Increase 3 steps
2016-06-26 14:03:50.550:  F0 04 68 32 41 EF
2016-06-26 14:03:50.550:  ! BMBT --> RAD : Volume Control, Increase 4 steps
2016-06-26 14:03:50.582:  F0 04 68 32 11 BF
2016-06-26 14:03:50.582:  ! BMBT --> RAD : Volume Control, Increase 1 step
2016-06-26 14:03:50.613:  F0 04 68 32 11 BF
2016-06-26 14:03:50.613:  ! BMBT --> RAD : Volume Control, Increase 1 step
2016-06-26 14:03:50.831:  80 0A BF 13 00 03 00 00 00 00 25 00
2016-06-26 14:03:50.831:  ! IKE  --> GLO : IKE sensor status, Motor_Running  Vehicle_Driving
2016-06-26 14:03:50.846:  F0 04 68 32 30 9E
2016-06-26 14:03:50.846:  ! BMBT --> RAD : Volume Control, Decrease 3 steps
2016-06-26 14:03:50.878:  F0 04 68 32 20 8E
2016-06-26 14:03:50.878:  ! BMBT --> RAD : Volume Control, Decrease 2 steps
2016-06-26 14:03:50.909:  F0 04 68 32 10 BE
2016-06-26 14:03:50.909:  ! BMBT --> RAD : Volume Control, Decrease 1 step
2016-06-26 14:03:51.018:  D0 07 BF 5B 00 00 00 00 33
2016-06-26 14:03:51.018:  ! LCM  --> GLO : Lamp status, All_Off  All_OK
2016-06-26 14:03:51.205:  80 0A BF 13 00 03 00 00 00 08 25 08
2016-06-26 14:03:51.205:  ! IKE  --> GLO : IKE sensor status, Motor_Running  Vehicle_Driving
2016-06-26 14:03:51.579:  F0 04 68 48 06 D2
2016-06-26 14:03:51.579:  ! BMBT --> RAD : BM Button, Radio_on/off_pressed
2016-06-26 14:03:51.610:  80 0A BF 13 00 03 00 00 00 00 25 00
2016-06-26 14:03:51.610:  ! IKE  --> GLO : IKE sensor status, Motor_Running  Vehicle_Driving
2016-06-26 14:03:51.766:  80 05 BF 18 2F 12 1F
2016-06-26 14:03:51.766:  ! IKE  --> GLO : Speed/RPM, Speed 94 km/h  [58 mph], 1,800 RPM
2016-06-26 14:03:51.766:  F0 04 68 48 86 52
2016-06-26 14:03:51.766:  ! BMBT --> RAD : BM Button, Radio_on/off_released
2016-06-26 14:03:52.000:  80 0A BF 13 00 03 00 00 00 08 25 08
2016-06-26 14:03:52.000:  ! IKE  --> GLO : IKE sensor status, Motor_Running  Vehicle_Driving
2016-06-26 14:03:52.421:  80 0A BF 13 00 03 00 00 00 00 25 00
2016-06-26 14:03:52.421:  ! IKE  --> GLO : IKE sensor status, Motor_Running  Vehicle_Driving
2016-06-26 14:03:52.810:  80 0A BF 13 00 03 00 00 00 08 25 08
2016-06-26 14:03:52.810:  ! IKE  --> GLO : IKE sensor status, Motor_Running  Vehicle_Driving
2016-06-26 14:03:53.060:  F0 03 68 01 9A
2016-06-26 14:03:53.060:  ! BMBT --> RAD : Device status request
2016-06-26 14:03:53.216:  80 0A BF 13 00 03 00 00 00 00 25 00
2016-06-26 14:03:53.216:  ! IKE  --> GLO : IKE sensor status, Motor_Running  Vehicle_Driving
2016-06-26 14:03:53.340:  F0 04 68 48 06 D2
2016-06-26 14:03:53.340:  ! BMBT --> RAD : BM Button, Radio_on/off_pressed
2016-06-26 14:03:53.543:  F0 04 68 48 86 52
2016-06-26 14:03:53.543:  ! BMBT --> RAD : BM Button, Radio_on/off_released
2016-06-26 14:03:53.605:  80 0A BF 13 00 03 00 00 00 08 25 08
2016-06-26 14:03:53.605:  ! IKE  --> GLO : IKE sensor status, Motor_Running  Vehicle_Driving
2016-06-26 14:03:53.761:  80 05 BF 18 30 13 01
2016-06-26 14:03:53.761:  ! IKE  --> GLO : Speed/RPM, Speed 96 km/h  [60 mph], 1,900 RPM
2016-06-26 14:03:54.026:  D0 07 BF 5B 00 00 00 00 33
2016-06-26 14:03:54.026:  ! LCM  --> GLO : Lamp status, All_Off  All_OK
2016-06-26 14:03:54.042:  80 0A BF 13 00 03 00 00 00 00 25 00
2016-06-26 14:03:54.042:  ! IKE  --> GLO : IKE sensor status, Motor_Running  Vehicle_Driving
2016-06-26 14:03:54.119:  D0 07 BF 5B 20 00 04 00 17
2016-06-26 14:03:54.119:  ! LCM  --> GLO : Lamp status, Indicator_Left Indicator_sync  All_OK
2016-06-26 14:03:54.431:  80 0A BF 13 00 03 00 00 00 08 25 08
2016-06-26 14:03:54.431:  ! IKE  --> GLO : IKE sensor status, Motor_Running  Vehicle_Driving
2016-06-26 14:03:54.774:  D0 07 BF 5B 20 00 04 00 17
2016-06-26 14:03:54.774:  ! LCM  --> GLO : Lamp status, Indicator_Left Indicator_sync  All_OK
2016-06-26 14:03:54.836:  80 0A BF 13 00 03 00 00 00 00 25 00
2016-06-26 14:03:54.836:  ! IKE  --> GLO : IKE sensor status, Motor_Running  Vehicle_Driving
2016-06-26 14:03:55.226:  80 0A BF 13 00 03 00 00 00 08 25 08
2016-06-26 14:03:55.226:  ! IKE  --> GLO : IKE sensor status, Motor_Running  Vehicle_Driving
2016-06-26 14:03:55.398:  D0 07 BF 5B 20 00 04 00 17
2016-06-26 14:03:55.398:  ! LCM  --> GLO : Lamp status, Indicator_Left Indicator_sync  All_OK
2016-06-26 14:03:55.631:  80 0A BF 13 00 03 00 00 00 00 25 00
2016-06-26 14:03:55.631:  ! IKE  --> GLO : IKE sensor status, Motor_Running  Vehicle_Driving
2016-06-26 14:03:55.772:  80 05 BF 18 33 13 02
2016-06-26 14:03:55.772:  ! IKE  --> GLO : Speed/RPM, Speed 102 km/h  [63 mph], 1,900 RPM
2016-06-26 14:03:55.787:  80 06 BF 19 21 5E 00 5F
2016-06-26 14:03:55.787:  ! IKE  --> GLO : Temperature, Outside 33°C [91°F], Coolant 94°C [201°F]
2016-06-26 14:03:56.037:  80 0A BF 13 00 03 00 00 00 08 25 08
2016-06-26 14:03:56.037:  ! IKE  --> GLO : IKE sensor status, Motor_Running  Vehicle_Driving
2016-06-26 14:03:56.052:  D0 07 BF 5B 20 00 04 00 17
2016-06-26 14:03:56.052:  ! LCM  --> GLO : Lamp status, Indicator_Left Indicator_sync  All_OK
2016-06-26 14:03:56.426:  80 0A BF 13 00 03 00 00 00 00 25 00
2016-06-26 14:03:56.426:  ! IKE  --> GLO : IKE sensor status, Motor_Running  Vehicle_Driving
2016-06-26 14:03:56.613:  D0 07 BF 5B 00 00 00 00 33
2016-06-26 14:03:56.613:  ! LCM  --> GLO : Lamp status, All_Off  All_OK
2016-06-26 14:03:56.831:  80 0A BF 13 00 03 00 00 00 08 25 08
2016-06-26 14:03:56.831:  ! IKE  --> GLO : IKE sensor status, Motor_Running  Vehicle_Driving
2016-06-26 14:03:56.925:  D0 07 BF 5B 00 00 00 00 33
2016-06-26 14:03:56.925:  ! LCM  --> GLO : Lamp status, All_Off  All_OK
2016-06-26 14:03:57.221:  80 0A BF 13 00 03 00 00 00 00 25 00
2016-06-26 14:03:57.221:  ! IKE  --> GLO : IKE sensor status, Motor_Running  Vehicle_Driving
2016-06-26 14:03:57.626:  80 0A BF 13 00 03 00 00 00 08 25 08
2016-06-26 14:03:57.626:  ! IKE  --> GLO : IKE sensor status, Motor_Running  Vehicle_Driving
2016-06-26 14:03:57.657:  80 0C E7 24 06 00 32 34 34 20 4D 4C 53 09
2016-06-26 14:03:57.657:  ! IKE  --> ANZV: Update Text, Layout=Range  Flags=  F0="244 MLS"
2016-06-26 14:03:57.751:  80 05 BF 18 33 14 05
2016-06-26 14:03:57.751:  ! IKE  --> GLO : Speed/RPM, Speed 102 km/h  [63 mph], 2,000 RPM
2016-06-26 14:03:58.032:  80 0A BF 13 00 03 00 00 00 00 25 00
2016-06-26 14:03:58.032:  ! IKE  --> GLO : IKE sensor status, Motor_Running  Vehicle_Driving
2016-06-26 14:03:58.421:  80 0A BF 13 00 03 00 00 00 08 25 08
2016-06-26 14:03:58.421:  ! IKE  --> GLO : IKE sensor status, Motor_Running  Vehicle_Driving
2016-06-26 14:03:58.826:  80 0A BF 13 00 03 00 00 00 00 25 00
2016-06-26 14:03:58.826:  ! IKE  --> GLO : IKE sensor status, Motor_Running  Vehicle_Driving
2016-06-26 14:03:59.232:  80 0A BF 13 00 03 00 00 00 08 25 08
2016-06-26 14:03:59.232:  ! IKE  --> GLO : IKE sensor status, Motor_Running  Vehicle_Driving
2016-06-26 14:03:59.621:  80 0A BF 13 00 03 00 00 00 00 25 00
2016-06-26 14:03:59.621:  ! IKE  --> GLO : IKE sensor status, Motor_Running  Vehicle_Driving
2016-06-26 14:03:59.762:  80 05 BF 18 33 13 02
2016-06-26 14:03:59.762:  ! IKE  --> GLO : Speed/RPM, Speed 102 km/h  [63 mph], 1,900 RPM
2016-06-26 14:03:59.917:  D0 07 BF 5B 00 00 00 00 33
2016-06-26 14:03:59.917:  ! LCM  --> GLO : Lamp status, All_Off  All_OK
2016-06-26 14:04:00.027:  80 0A BF 13 00 03 00 00 00 08 25 08
2016-06-26 14:04:00.027:  ! IKE  --> GLO : IKE sensor status, Motor_Running  Vehicle_Driving
2016-06-26 14:04:00.432:  80 0A BF 13 00 03 00 00 00 00 25 00
2016-06-26 14:04:00.432:  ! IKE  --> GLO : IKE sensor status, Motor_Running  Vehicle_Driving
2016-06-26 14:04:00.821:  80 0A BF 13 00 03 00 00 00 08 25 08
2016-06-26 14:04:00.821:  ! IKE  --> GLO : IKE sensor status, Motor_Running  Vehicle_Driving
2016-06-26 14:04:01.211:  80 0A BF 13 00 03 00 00 00 00 25 00
2016-06-26 14:04:01.211:  ! IKE  --> GLO : IKE sensor status, Motor_Running  Vehicle_Driving
2016-06-26 14:04:01.585:  80 0A BF 13 00 03 00 00 00 08 25 08
2016-06-26 14:04:01.585:  ! IKE  --> GLO : IKE sensor status, Motor_Running  Vehicle_Driving
2016-06-26 14:04:01.772:  80 05 BF 18 32 13 03
2016-06-26 14:04:01.772:  ! IKE  --> GLO : Speed/RPM, Speed 100 km/h  [62 mph], 1,900 RPM
2016-06-26 14:04:01.991:  80 0A BF 13 00 03 00 00 00 00 25 00
2016-06-26 14:04:01.991:  ! IKE  --> GLO : IKE sensor status, Motor_Running  Vehicle_Driving
2016-06-26 14:04:02.396:  80 0A BF 13 00 03 00 00 00 08 25 08
2016-06-26 14:04:02.396:  ! IKE  --> GLO : IKE sensor status, Motor_Running  Vehicle_Driving
2016-06-26 14:04:02.802:  80 0A BF 13 00 03 00 00 00 00 25 00
2016-06-26 14:04:02.802:  ! IKE  --> GLO : IKE sensor status, Motor_Running  Vehicle_Driving
2016-06-26 14:04:02.926:  D0 07 BF 5B 00 00 00 00 33
2016-06-26 14:04:02.926:  ! LCM  --> GLO : Lamp status, All_Off  All_OK
2016-06-26 14:04:03.082:  F0 03 68 01 9A
2016-06-26 14:04:03.082:  ! BMBT --> RAD : Device status request
2016-06-26 14:04:03.191:  80 0A BF 13 00 03 00 00 00 08 25 08
2016-06-26 14:04:03.191:  ! IKE  --> GLO : IKE sensor status, Motor_Running  Vehicle_Driving
2016-06-26 14:04:03.612:  80 0A BF 13 00 03 00 00 00 00 25 00
2016-06-26 14:04:03.612:  ! IKE  --> GLO : IKE sensor status, Motor_Running  Vehicle_Driving
2016-06-26 14:04:03.768:  80 05 BF 18 31 13 00
2016-06-26 14:04:03.768:  ! IKE  --> GLO : Speed/RPM, Speed 98 km/h  [61 mph], 1,900 RPM
2016-06-26 14:04:04.002:  80 0A BF 13 00 03 00 00 00 08 25 08
2016-06-26 14:04:04.002:  ! IKE  --> GLO : IKE sensor status, Motor_Running  Vehicle_Driving
2016-06-26 14:04:04.408:  80 0A BF 13 00 03 00 00 00 00 25 00
2016-06-26 14:04:04.408:  ! IKE  --> GLO : IKE sensor status, Motor_Running  Vehicle_Driving
2016-06-26 14:04:04.797:  80 0A BF 13 00 03 00 00 00 08 25 08
2016-06-26 14:04:04.797:  ! IKE  --> GLO : IKE sensor status, Motor_Running  Vehicle_Driving
2016-06-26 14:04:05.203:  80 0A BF 13 00 03 00 00 00 00 25 00
2016-06-26 14:04:05.203:  ! IKE  --> GLO : IKE sensor status, Motor_Running  Vehicle_Driving
2016-06-26 14:04:05.593:  80 0C E7 24 01 00 20 32 3A 30 34 50 4D 7F
2016-06-26 14:04:05.593:  ! IKE  --> ANZV: Update Text, Layout=Time  Flags=  F0=" 2:04PM"
2016-06-26 14:04:05.608:  80 0A BF 13 00 03 00 00 00 08 25 08
2016-06-26 14:04:05.608:  ! IKE  --> GLO : IKE sensor status, Motor_Running  Vehicle_Driving
2016-06-26 14:04:05.764:  80 05 BF 18 30 13 01
2016-06-26 14:04:05.764:  ! IKE  --> GLO : Speed/RPM, Speed 96 km/h  [60 mph], 1,900 RPM
2016-06-26 14:04:05.795:  80 06 BF 19 21 5E 00 5F
2016-06-26 14:04:05.795:  ! IKE  --> GLO : Temperature, Outside 33°C [91°F], Coolant 94°C [201°F]
2016-06-26 14:04:05.936:  D0 07 BF 5B 00 00 00 00 33
2016-06-26 14:04:05.936:  ! LCM  --> GLO : Lamp status, All_Off  All_OK
2016-06-26 14:04:05.998:  80 0A BF 13 00 03 00 00 00 00 25 00
2016-06-26 14:04:05.998:  ! IKE  --> GLO : IKE sensor status, Motor_Running  Vehicle_Driving
2016-06-26 14:04:06.388:  80 0A BF 13 00 03 00 00 00 08 25 08
2016-06-26 14:04:06.388:  ! IKE  --> GLO : IKE sensor status, Motor_Running  Vehicle_Driving
2016-06-26 14:04:06.809:  80 0A BF 13 00 03 00 00 00 00 25 00
2016-06-26 14:04:06.809:  ! IKE  --> GLO : IKE sensor status, Motor_Running  Vehicle_Driving
2016-06-26 14:04:07.214:  80 0A BF 13 00 03 00 00 00 08 25 08
2016-06-26 14:04:07.214:  ! IKE  --> GLO : IKE sensor status, Motor_Running  Vehicle_Driving
2016-06-26 14:04:07.620:  80 0A BF 13 00 03 00 00 00 00 25 00
2016-06-26 14:04:07.620:  ! IKE  --> GLO : IKE sensor status, Motor_Running  Vehicle_Driving
2016-06-26 14:04:07.776:  80 05 BF 18 32 13 03
2016-06-26 14:04:07.776:  ! IKE  --> GLO : Speed/RPM, Speed 100 km/h  [62 mph], 1,900 RPM
2016-06-26 14:04:08.025:  80 0A BF 13 00 03 00 00 00 08 25 08
2016-06-26 14:04:08.025:  ! IKE  --> GLO : IKE sensor status, Motor_Running  Vehicle_Driving
2016-06-26 14:04:08.087:  80 0F E7 24 04 00 31 36 2E 30 20 4D 50 47 20 20 2B
2016-06-26 14:04:08.087:  ! IKE  --> ANZV: Update Text, Layout=Consumption_1  Flags=  F0="16.0 MPG  "
2016-06-26 14:04:08.321:  80 0F E7 24 05 00 31 36 2E 30 20 4D 50 47 20 20 2A
2016-06-26 14:04:08.321:  ! IKE  --> ANZV: Update Text, Layout=Consumption_2  Flags=  F0="16.0 MPG  "
2016-06-26 14:04:08.415:  80 0A BF 13 00 03 00 00 00 00 25 00
2016-06-26 14:04:08.415:  ! IKE  --> GLO : IKE sensor status, Motor_Running  Vehicle_Driving
2016-06-26 14:04:08.820:  80 0A BF 13 00 03 00 00 00 08 25 08
2016-06-26 14:04:08.820:  ! IKE  --> GLO : IKE sensor status, Motor_Running  Vehicle_Driving
2016-06-26 14:04:08.945:  D0 07 BF 5B 00 00 00 00 33
2016-06-26 14:04:08.945:  ! LCM  --> GLO : Lamp status, All_Off  All_OK
2016-06-26 14:04:09.226:  80 0A BF 13 00 03 00 00 00 00 25 00
2016-06-26 14:04:09.226:  ! IKE  --> GLO : IKE sensor status, Motor_Running  Vehicle_Driving
2016-06-26 14:04:09.631:  80 0A BF 13 00 03 00 00 00 08 25 08
2016-06-26 14:04:09.631:  ! IKE  --> GLO : IKE sensor status, Motor_Running  Vehicle_Driving
2016-06-26 14:04:09.787:  80 05 BF 18 33 13 02
2016-06-26 14:04:09.787:  ! IKE  --> GLO : Speed/RPM, Speed 102 km/h  [63 mph], 1,900 RPM
2016-06-26 14:04:10.021:  80 0A BF 13 00 03 00 00 00 00 25 00
2016-06-26 14:04:10.021:  ! IKE  --> GLO : IKE sensor status, Motor_Running  Vehicle_Driving
2016-06-26 14:04:10.379:  80 0A BF 13 00 03 00 00 00 08 25 08
2016-06-26 14:04:10.379:  ! IKE  --> GLO : IKE sensor status, Motor_Running  Vehicle_Driving
2016-06-26 14:04:10.785:  80 0A BF 13 00 03 00 00 00 00 25 00
2016-06-26 14:04:10.785:  ! IKE  --> GLO : IKE sensor status, Motor_Running  Vehicle_Driving
2016-06-26 14:04:11.206:  80 0A BF 13 00 03 00 00 00 08 25 08
2016-06-26 14:04:11.206:  ! IKE  --> GLO : IKE sensor status, Motor_Running  Vehicle_Driving
2016-06-26 14:04:11.611:  80 0A BF 13 00 03 00 00 00 00 25 00
2016-06-26 14:04:11.611:  ! IKE  --> GLO : IKE sensor status, Motor_Running  Vehicle_Driving
2016-06-26 14:04:11.783:  80 05 BF 18 31 13 00
2016-06-26 14:04:11.783:  ! IKE  --> GLO : Speed/RPM, Speed 98 km/h  [61 mph], 1,900 RPM
2016-06-26 14:04:11.954:  D0 07 BF 5B 00 00 00 00 33
2016-06-26 14:04:11.954:  ! LCM  --> GLO : Lamp status, All_Off  All_OK
2016-06-26 14:04:12.017:  80 0A BF 13 00 03 00 00 00 08 25 08
2016-06-26 14:04:12.017:  ! IKE  --> GLO : IKE sensor status, Motor_Running  Vehicle_Driving
2016-06-26 14:04:12.406:  80 0A BF 13 00 03 00 00 00 00 25 00
2016-06-26 14:04:12.406:  ! IKE  --> GLO : IKE sensor status, Motor_Running  Vehicle_Driving
2016-06-26 14:04:12.827:  80 0A BF 13 00 03 00 00 00 08 25 08
2016-06-26 14:04:12.827:  ! IKE  --> GLO : IKE sensor status, Motor_Running  Vehicle_Driving
2016-06-26 14:04:13.093:  F0 03 68 01 9A
2016-06-26 14:04:13.093:  ! BMBT --> RAD : Device status request
2016-06-26 14:04:13.217:  80 0A BF 13 00 03 00 00 00 00 25 00
2016-06-26 14:04:13.217:  ! IKE  --> GLO : IKE sensor status, Motor_Running  Vehicle_Driving
2016-06-26 14:04:13.623:  80 0A BF 13 00 03 00 00 00 08 25 08
2016-06-26 14:04:13.623:  ! IKE  --> GLO : IKE sensor status, Motor_Running  Vehicle_Driving
2016-06-26 14:04:13.779:  80 05 BF 18 32 13 03
2016-06-26 14:04:13.779:  ! IKE  --> GLO : Speed/RPM, Speed 100 km/h  [62 mph], 1,900 RPM
2016-06-26 14:04:13.841:  ! NavCoder logging stopped, NavCoder closed
2016-06-26 14:04:13.841:  !
