2016-07-31 02:33:13.827:  !
2016-07-31 02:33:13.827:  ! NavCoder v2.9.183.Beta [EN-US] [i/k-bus] logging started
2016-07-31 02:33:13.827:  ! Running on Windows 7 Ultimate Edition, 32-bit (Service Pack 1)  [en-US]
2016-07-31 02:33:13.827:  ! [Debug Mode]
2016-07-31 02:33:13.827:  ! [Procotol = Auto]
2016-07-31 02:33:13.830:  ! Script: Setting Scripting state to Off
2016-07-31 02:33:13.978:  ! showBatteryVoltage: Nave not alive, exiting...
2016-07-31 02:33:19.487:  ! Setting COM port parameters for COM2
2016-07-31 02:33:19.648:  ! COM2 opened
2016-07-31 02:33:19.682:  80 05 BF 18 00 00 22
2016-07-31 02:33:19.682:  ! IKE  --> GLO : Speed/RPM, Speed 0 km/h  [0 mph], 0 RPM
2016-07-31 02:33:19.684:  80 0A BF 13 03 00 00 00 00 08 41 6C
2016-07-31 02:33:19.684:  ! IKE  --> GLO : IKE sensor status, Handbrake_On  Oil_Pressure_Low
2016-07-31 02:33:19.773:  F0 03 68 01 9A
2016-07-31 02:33:19.773:  ! BMBT --> RAD : Device status request
2016-07-31 02:33:19.785:  68 04 FF 02 00 91
2016-07-31 02:33:19.785:  ! RAD  --> LOC : Device status ready, 
2016-07-31 02:33:19.943:  D0 07 BF 5B 00 40 02 03 72
2016-07-31 02:33:19.943:  ! LCM  --> GLO : Lamp status, All_Off Brake Faulty: Indicator_Right Brake_Right Brake_Left
2016-07-31 02:33:20.077:  80 0A BF 13 03 00 00 00 00 00 41 64
2016-07-31 02:33:20.077:  ! IKE  --> GLO : IKE sensor status, Handbrake_On  Oil_Pressure_Low
2016-07-31 02:33:20.475:  80 0A BF 13 03 00 00 00 00 08 41 6C
2016-07-31 02:33:20.475:  ! IKE  --> GLO : IKE sensor status, Handbrake_On  Oil_Pressure_Low
2016-07-31 02:33:20.876:  80 0A BF 13 03 00 00 00 00 00 41 64
2016-07-31 02:33:20.876:  ! IKE  --> GLO : IKE sensor status, Handbrake_On  Oil_Pressure_Low
2016-07-31 02:33:21.007:  68 03 18 01 72
2016-07-31 02:33:21.007:  ! RAD  --> CDC : Device status request
2016-07-31 02:33:21.267:  80 0A BF 13 03 00 00 00 00 08 41 6C
2016-07-31 02:33:21.267:  ! IKE  --> GLO : IKE sensor status, Handbrake_On  Oil_Pressure_Low
2016-07-31 02:33:21.664:  80 05 BF 18 00 00 22
2016-07-31 02:33:21.664:  ! IKE  --> GLO : Speed/RPM, Speed 0 km/h  [0 mph], 0 RPM
2016-07-31 02:33:21.676:  80 06 BF 19 18 27 00 1F
2016-07-31 02:33:21.676:  ! IKE  --> GLO : Temperature, Outside 24°C [75°F], Coolant 39°C [102°F]
2016-07-31 02:33:21.699:  80 0A BF 13 03 00 00 00 00 00 41 64
2016-07-31 02:33:21.699:  ! IKE  --> GLO : IKE sensor status, Handbrake_On  Oil_Pressure_Low
2016-07-31 02:33:22.071:  80 0A BF 13 03 00 00 00 00 08 41 6C
2016-07-31 02:33:22.071:  ! IKE  --> GLO : IKE sensor status, Handbrake_On  Oil_Pressure_Low
2016-07-31 02:33:22.468:  80 0A BF 13 03 00 00 00 00 00 41 64
2016-07-31 02:33:22.468:  ! IKE  --> GLO : IKE sensor status, Handbrake_On  Oil_Pressure_Low
2016-07-31 02:33:22.885:  80 0A BF 13 03 00 00 00 00 08 41 6C
2016-07-31 02:33:22.885:  ! IKE  --> GLO : IKE sensor status, Handbrake_On  Oil_Pressure_Low
2016-07-31 02:33:22.958:  D0 07 BF 5B 00 40 02 03 72
2016-07-31 02:33:22.958:  ! LCM  --> GLO : Lamp status, All_Off Brake Faulty: Indicator_Right Brake_Right Brake_Left
2016-07-31 02:33:23.283:  80 0A BF 13 03 00 00 00 00 00 41 64
2016-07-31 02:33:23.283:  ! IKE  --> GLO : IKE sensor status, Handbrake_On  Oil_Pressure_Low
2016-07-31 02:33:23.662:  80 05 BF 18 00 00 22
2016-07-31 02:33:23.662:  ! IKE  --> GLO : Speed/RPM, Speed 0 km/h  [0 mph], 0 RPM
2016-07-31 02:33:23.693:  80 0A BF 13 03 00 00 00 00 08 41 6C
2016-07-31 02:33:23.693:  ! IKE  --> GLO : IKE sensor status, Handbrake_On  Oil_Pressure_Low
2016-07-31 02:33:24.099:  80 0A BF 13 03 00 00 00 00 00 41 64
2016-07-31 02:33:24.099:  ! IKE  --> GLO : IKE sensor status, Handbrake_On  Oil_Pressure_Low
2016-07-31 02:33:24.490:  80 0A BF 13 03 00 00 00 00 08 41 6C
2016-07-31 02:33:24.490:  ! IKE  --> GLO : IKE sensor status, Handbrake_On  Oil_Pressure_Low
2016-07-31 02:33:24.888:  80 0A BF 13 03 00 00 00 00 00 41 64
2016-07-31 02:33:24.888:  ! IKE  --> GLO : IKE sensor status, Handbrake_On  Oil_Pressure_Low
2016-07-31 02:33:25.287:  80 0A BF 13 03 00 00 00 00 08 41 6C
2016-07-31 02:33:25.287:  ! IKE  --> GLO : IKE sensor status, Handbrake_On  Oil_Pressure_Low
2016-07-31 02:33:25.667:  80 05 BF 18 00 00 22
2016-07-31 02:33:25.667:  ! IKE  --> GLO : Speed/RPM, Speed 0 km/h  [0 mph], 0 RPM
2016-07-31 02:33:25.685:  80 0A BF 13 03 00 00 00 00 00 41 64
2016-07-31 02:33:25.685:  ! IKE  --> GLO : IKE sensor status, Handbrake_On  Oil_Pressure_Low
2016-07-31 02:33:25.892:  00 05 BF 7A 62 1F BD
2016-07-31 02:33:25.892:  ! GM   --> GLO : Doors/flaps status, Open:  PgrDoorFr WndwDvr WndwPgr WndwDvrRr WndwPgrRr Sunroof   Ctrl_Locking: Unknown
2016-07-31 02:33:25.970:  D0 07 BF 5B 00 40 02 03 72
2016-07-31 02:33:25.970:  ! LCM  --> GLO : Lamp status, All_Off Brake Faulty: Indicator_Right Brake_Right Brake_Left
2016-07-31 02:33:26.096:  80 0A BF 13 03 00 00 00 00 08 41 6C
2016-07-31 02:33:26.096:  ! IKE  --> GLO : IKE sensor status, Handbrake_On  Oil_Pressure_Low
2016-07-31 02:33:26.489:  80 0A BF 13 03 00 00 00 00 00 41 64
2016-07-31 02:33:26.489:  ! IKE  --> GLO : IKE sensor status, Handbrake_On  Oil_Pressure_Low
2016-07-31 02:33:26.908:  80 0A BF 13 03 00 00 00 00 08 41 6C
2016-07-31 02:33:26.908:  ! IKE  --> GLO : IKE sensor status, Handbrake_On  Oil_Pressure_Low
2016-07-31 02:33:27.296:  80 0A BF 13 03 00 00 00 00 00 41 64
2016-07-31 02:33:27.296:  ! IKE  --> GLO : IKE sensor status, Handbrake_On  Oil_Pressure_Low
2016-07-31 02:33:27.667:  80 05 BF 18 00 00 22
2016-07-31 02:33:27.667:  ! IKE  --> GLO : Speed/RPM, Speed 0 km/h  [0 mph], 0 RPM
2016-07-31 02:33:27.696:  80 0A BF 13 03 00 00 00 00 08 41 6C
2016-07-31 02:33:27.696:  ! IKE  --> GLO : IKE sensor status, Handbrake_On  Oil_Pressure_Low
2016-07-31 02:33:28.099:  80 0A BF 13 03 00 00 00 00 00 41 64
2016-07-31 02:33:28.099:  ! IKE  --> GLO : IKE sensor status, Handbrake_On  Oil_Pressure_Low
2016-07-31 02:33:28.483:  80 0A BF 13 03 00 00 00 00 08 41 6C
2016-07-31 02:33:28.483:  ! IKE  --> GLO : IKE sensor status, Handbrake_On  Oil_Pressure_Low
2016-07-31 02:33:28.876:  80 0A BF 13 03 00 00 00 00 00 41 64
2016-07-31 02:33:28.876:  ! IKE  --> GLO : IKE sensor status, Handbrake_On  Oil_Pressure_Low
2016-07-31 02:33:28.978:  D0 07 BF 5B 00 40 02 03 72
2016-07-31 02:33:28.978:  ! LCM  --> GLO : Lamp status, All_Off Brake Faulty: Indicator_Right Brake_Right Brake_Left
2016-07-31 02:33:29.282:  80 0A BF 13 03 00 00 00 00 08 41 6C
2016-07-31 02:33:29.282:  ! IKE  --> GLO : IKE sensor status, Handbrake_On  Oil_Pressure_Low
2016-07-31 02:33:29.679:  80 05 BF 18 00 00 22
2016-07-31 02:33:29.679:  ! IKE  --> GLO : Speed/RPM, Speed 0 km/h  [0 mph], 0 RPM
2016-07-31 02:33:29.705:  80 0A BF 13 03 00 00 00 00 00 41 64
2016-07-31 02:33:29.705:  ! IKE  --> GLO : IKE sensor status, Handbrake_On  Oil_Pressure_Low
2016-07-31 02:33:29.788:  F0 03 68 01 9A
2016-07-31 02:33:29.788:  ! BMBT --> RAD : Device status request
2016-07-31 02:33:29.809:  68 04 FF 02 00 91
2016-07-31 02:33:29.809:  ! RAD  --> LOC : Device status ready, 
2016-07-31 02:33:30.085:  80 0A BF 13 03 00 00 00 00 08 41 6C
2016-07-31 02:33:30.085:  ! IKE  --> GLO : IKE sensor status, Handbrake_On  Oil_Pressure_Low
2016-07-31 02:33:30.495:  80 0A BF 13 03 00 00 00 00 00 41 64
2016-07-31 02:33:30.496:  ! IKE  --> GLO : IKE sensor status, Handbrake_On  Oil_Pressure_Low
2016-07-31 02:33:30.696:  A4 06 BF 70 02 00 05 6A
2016-07-31 02:33:30.696:  ! AB   --> GLO : Remote control central locking status, Data="02 00 05"
2016-07-31 02:33:30.898:  80 0A BF 13 03 00 00 00 00 08 41 6C
2016-07-31 02:33:30.898:  ! IKE  --> GLO : IKE sensor status, Handbrake_On  Oil_Pressure_Low
2016-07-31 02:33:31.099:  68 03 18 01 72
2016-07-31 02:33:31.099:  ! RAD  --> CDC : Device status request
2016-07-31 02:33:31.290:  80 0A BF 13 03 00 00 00 00 00 41 64
2016-07-31 02:33:31.291:  ! IKE  --> GLO : IKE sensor status, Handbrake_On  Oil_Pressure_Low
2016-07-31 02:33:31.682:  80 05 BF 18 00 00 22
2016-07-31 02:33:31.682:  ! IKE  --> GLO : Speed/RPM, Speed 0 km/h  [0 mph], 0 RPM
2016-07-31 02:33:31.710:  80 06 BF 19 18 28 00 10
2016-07-31 02:33:31.710:  ! IKE  --> GLO : Temperature, Outside 24°C [75°F], Coolant 40°C [104°F]
2016-07-31 02:33:31.733:  80 0A BF 13 03 00 00 00 00 08 41 6C
2016-07-31 02:33:31.733:  ! IKE  --> GLO : IKE sensor status, Handbrake_On  Oil_Pressure_Low
2016-07-31 02:33:31.991:  D0 07 BF 5B 00 40 02 03 72
2016-07-31 02:33:31.991:  ! LCM  --> GLO : Lamp status, All_Off Brake Faulty: Indicator_Right Brake_Right Brake_Left
2016-07-31 02:33:32.096:  80 0A BF 13 03 00 00 00 00 00 41 64
2016-07-31 02:33:32.096:  ! IKE  --> GLO : IKE sensor status, Handbrake_On  Oil_Pressure_Low
2016-07-31 02:33:32.278:  00 05 BF 7A 60 1F BF
2016-07-31 02:33:32.278:  ! GM   --> GLO : Doors/flaps status, Open:  WndwDvr WndwPgr WndwDvrRr WndwPgrRr Sunroof   Ctrl_Locking: Unknown
2016-07-31 02:33:32.304:  00 05 BF 7A 20 1F FF
2016-07-31 02:33:32.304:  ! GM   --> GLO : Doors/flaps status, Open:  WndwDvr WndwPgr WndwDvrRr WndwPgrRr Sunroof   Ctrl_Locking: Unknown
2016-07-31 02:33:32.490:  80 0A BF 13 03 00 00 00 00 08 41 6C
2016-07-31 02:33:32.490:  ! IKE  --> GLO : IKE sensor status, Handbrake_On  Oil_Pressure_Low
2016-07-31 02:33:32.896:  80 0A BF 13 03 00 00 00 00 00 41 64
2016-07-31 02:33:32.897:  ! IKE  --> GLO : IKE sensor status, Handbrake_On  Oil_Pressure_Low
2016-07-31 02:33:33.264:  80 0A BF 13 03 00 00 00 00 08 41 6C
2016-07-31 02:33:33.264:  ! IKE  --> GLO : IKE sensor status, Handbrake_On  Oil_Pressure_Low
2016-07-31 02:33:33.669:  80 0A BF 13 03 00 00 00 00 00 41 64
2016-07-31 02:33:33.669:  ! IKE  --> GLO : IKE sensor status, Handbrake_On  Oil_Pressure_Low
2016-07-31 02:33:33.697:  80 05 BF 18 00 00 22
2016-07-31 02:33:33.697:  ! IKE  --> GLO : Speed/RPM, Speed 0 km/h  [0 mph], 0 RPM
2016-07-31 02:33:34.080:  80 0A BF 13 03 00 00 00 00 08 41 6C
2016-07-31 02:33:34.080:  ! IKE  --> GLO : IKE sensor status, Handbrake_On  Oil_Pressure_Low
2016-07-31 02:33:34.476:  80 0A BF 13 03 00 00 00 00 00 41 64
2016-07-31 02:33:34.476:  ! IKE  --> GLO : IKE sensor status, Handbrake_On  Oil_Pressure_Low
2016-07-31 02:33:34.873:  80 0A BF 13 03 00 00 00 00 08 41 6C
2016-07-31 02:33:34.873:  ! IKE  --> GLO : IKE sensor status, Handbrake_On  Oil_Pressure_Low
2016-07-31 02:33:35.003:  D0 07 BF 5B 00 40 02 03 72
2016-07-31 02:33:35.003:  ! LCM  --> GLO : Lamp status, All_Off Brake Faulty: Indicator_Right Brake_Right Brake_Left
2016-07-31 02:33:35.272:  80 0A BF 13 03 00 00 00 00 00 41 64
2016-07-31 02:33:35.272:  ! IKE  --> GLO : IKE sensor status, Handbrake_On  Oil_Pressure_Low
2016-07-31 02:33:35.674:  80 0A BF 13 03 00 00 00 00 08 41 6C
2016-07-31 02:33:35.674:  ! IKE  --> GLO : IKE sensor status, Handbrake_On  Oil_Pressure_Low
2016-07-31 02:33:35.694:  80 05 BF 18 00 00 22
2016-07-31 02:33:35.694:  ! IKE  --> GLO : Speed/RPM, Speed 0 km/h  [0 mph], 0 RPM
2016-07-31 02:33:36.073:  80 0A BF 13 03 00 00 00 00 00 41 64
2016-07-31 02:33:36.073:  ! IKE  --> GLO : IKE sensor status, Handbrake_On  Oil_Pressure_Low
2016-07-31 02:33:36.479:  80 0A BF 13 03 00 00 00 00 08 41 6C
2016-07-31 02:33:36.479:  ! IKE  --> GLO : IKE sensor status, Handbrake_On  Oil_Pressure_Low
2016-07-31 02:33:36.882:  80 0A BF 13 03 00 00 00 00 00 41 64
2016-07-31 02:33:36.882:  ! IKE  --> GLO : IKE sensor status, Handbrake_On  Oil_Pressure_Low
2016-07-31 02:33:37.276:  80 0A BF 13 03 00 00 00 00 08 41 6C
2016-07-31 02:33:37.276:  ! IKE  --> GLO : IKE sensor status, Handbrake_On  Oil_Pressure_Low
2016-07-31 02:33:37.674:  80 0A BF 13 03 00 00 00 00 00 41 64
2016-07-31 02:33:37.675:  ! IKE  --> GLO : IKE sensor status, Handbrake_On  Oil_Pressure_Low
2016-07-31 02:33:37.709:  80 05 BF 18 00 00 22
2016-07-31 02:33:37.709:  ! IKE  --> GLO : Speed/RPM, Speed 0 km/h  [0 mph], 0 RPM
2016-07-31 02:33:38.011:  D0 07 BF 5B 00 40 02 03 72
2016-07-31 02:33:38.011:  ! LCM  --> GLO : Lamp status, All_Off Brake Faulty: Indicator_Right Brake_Right Brake_Left
2016-07-31 02:33:38.079:  80 0A BF 13 03 00 00 00 00 08 41 6C
2016-07-31 02:33:38.079:  ! IKE  --> GLO : IKE sensor status, Handbrake_On  Oil_Pressure_Low
2016-07-31 02:33:38.482:  80 0A BF 13 03 00 00 00 00 00 41 64
2016-07-31 02:33:38.482:  ! IKE  --> GLO : IKE sensor status, Handbrake_On  Oil_Pressure_Low
2016-07-31 02:33:38.875:  80 0A BF 13 03 00 00 00 00 08 41 6C
2016-07-31 02:33:38.875:  ! IKE  --> GLO : IKE sensor status, Handbrake_On  Oil_Pressure_Low
2016-07-31 02:33:39.281:  80 0A BF 13 03 00 00 00 00 00 41 64
2016-07-31 02:33:39.281:  ! IKE  --> GLO : IKE sensor status, Handbrake_On  Oil_Pressure_Low
2016-07-31 02:33:39.682:  80 0A BF 13 03 00 00 00 00 08 41 6C
2016-07-31 02:33:39.682:  ! IKE  --> GLO : IKE sensor status, Handbrake_On  Oil_Pressure_Low
2016-07-31 02:33:39.707:  80 05 BF 18 00 00 22
2016-07-31 02:33:39.707:  ! IKE  --> GLO : Speed/RPM, Speed 0 km/h  [0 mph], 0 RPM
2016-07-31 02:33:39.807:  F0 03 68 01 9A
2016-07-31 02:33:39.807:  ! BMBT --> RAD : Device status request
2016-07-31 02:33:39.828:  68 04 FF 02 00 91
2016-07-31 02:33:39.828:  ! RAD  --> LOC : Device status ready, 
2016-07-31 02:33:40.084:  80 0A BF 13 03 00 00 00 00 00 41 64
2016-07-31 02:33:40.084:  ! IKE  --> GLO : IKE sensor status, Handbrake_On  Oil_Pressure_Low
2016-07-31 02:33:40.415:  ! NavCoder logging stopped, NavCoder closed
2016-07-31 02:33:40.415:  !
