2016-08-01 21:10:01.248:  !
2016-08-01 21:10:01.248:  ! NavCoder v2.9.183.Beta [EN-US] [i/k-bus] logging started
2016-08-01 21:10:01.248:  ! Running on Windows 7 Ultimate Edition, 32-bit (Service Pack 1)  [en-US]
2016-08-01 21:10:01.248:  ! [Debug Mode]
2016-08-01 21:10:01.248:  ! [Procotol = Auto]
2016-08-01 21:10:01.248:  ! Script: Setting Scripting state to Off
2016-08-01 21:10:01.389:  ! showBatteryVoltage: Nave not alive, exiting...
2016-08-01 21:10:07.248:  ! Setting COM port parameters for COM2
2016-08-01 21:10:07.280:  ! COM2 opened
2016-08-01 21:10:20.655:  ! Setting COM port parameters for COM2
2016-08-01 21:10:20.701:  ! COM2 opened
2016-08-01 21:10:48.175:  BF 5B 60 00 04 00 57 00
2016-08-01 21:10:48.175:  ! WARNING: Discarded 8 bytes: [BF 5B 60 00 04 00 57 00]
2016-08-01 21:10:48.175:  D0 07 BF 5B 60 00 04 00 57
2016-08-01 21:10:48.175:  ! LCM  --> GLO : Lamp status, Indicator_Left Indicator_Right Indicator_sync  All_OK
2016-08-01 21:10:48.815:  D0 07 BF 5B 60 00 04 00 57
2016-08-01 21:10:48.815:  ! LCM  --> GLO : Lamp status, Indicator_Left Indicator_Right Indicator_sync  All_OK
2016-08-01 21:10:49.220:  F0 04 BF 02 01 48
2016-08-01 21:10:49.220:  ! BMBT --> GLO : Device status ready, after Reset
2016-08-01 21:10:49.236:  F0 03 80 10 63
2016-08-01 21:10:49.236:  ! BMBT --> IKE : Ignition status request
2016-08-01 21:10:49.252:  80 04 BF 11 00 2A
2016-08-01 21:10:49.252:  ! IKE  --> GLO : Ignition status, Off
2016-08-01 21:10:49.252:  F0 03 00 79 8A
2016-08-01 21:10:49.252:  ! BMBT --> GM  : Doors/flaps status request
2016-08-01 21:10:49.267:  80 04 BF 11 00 2A
2016-08-01 21:10:49.267:  ! IKE  --> GLO : Ignition status, Off
2016-08-01 21:10:49.454:  D0 07 BF 5B 60 00 04 00 57
2016-08-01 21:10:49.454:  ! LCM  --> GLO : Lamp status, Indicator_Left Indicator_Right Indicator_sync  All_OK
2016-08-01 21:10:50.094:  D0 07 BF 5B 60 00 04 00 57
2016-08-01 21:10:50.094:  ! LCM  --> GLO : Lamp status, Indicator_Left Indicator_Right Indicator_sync  All_OK
2016-08-01 21:11:41.026:  80 04 BF 11 01 2B
2016-08-01 21:11:41.026:  ! IKE  --> GLO : Ignition status, Pos1_Acc
2016-08-01 21:11:41.042:  80 0A BF 13 00 00 00 00 00 00 38 1E
2016-08-01 21:11:41.042:  ! IKE  --> GLO : IKE sensor status, 
2016-08-01 21:11:41.167:  44 05 BF 74 05 01 8E
2016-08-01 21:11:41.167:  ! EWS  --> GLO : Immobiliser status, Immobilisation_deactivated Valid_key_detected Key_1
2016-08-01 21:11:41.198:  E8 03 80 10 7B
2016-08-01 21:11:41.198:  ! RLS  --> IKE : Ignition status request
2016-08-01 21:11:41.214:  80 04 BF 11 01 2B
2016-08-01 21:11:41.214:  ! IKE  --> GLO : Ignition status, Pos1_Acc
2016-08-01 21:11:41.276:  68 04 FF 02 01 90
2016-08-01 21:11:41.276:  ! RAD  --> LOC : Device status ready, after Reset
2016-08-01 21:11:41.292:  F0 04 68 4B 05 D2
2016-08-01 21:11:41.292:  ! BMBT --> RAD : Cassette status, No_Tape
2016-08-01 21:11:41.307:  80 04 BF 11 01 2B
2016-08-01 21:11:41.307:  ! IKE  --> GLO : Ignition status, Pos1_Acc
2016-08-01 21:11:41.385:  E8 05 00 58 FF 7F 35
2016-08-01 21:11:41.385:  ! RLS  --> GM  : Headlight wipe interval, Data="FF 7F"
2016-08-01 21:11:41.588:  68 05 18 38 00 00 4D
2016-08-01 21:11:41.588:  ! RAD  --> CDC : CD_control, Status_Request
2016-08-01 21:11:41.588:  68 03 80 14 FF
2016-08-01 21:11:41.588:  ! RAD  --> IKE : Country coding status request
2016-08-01 21:11:41.619:  E8 03 00 75 9E
2016-08-01 21:11:41.619:  ! RLS  --> GM  : Wiper status request
2016-08-01 21:11:41.635:  80 07 BF 15 02 F1 FA 46 62
2016-08-01 21:11:41.635:  ! IKE  --> GLO : Country coding status, Ntwk=E38/E39 Lang=US_English Clock=12h OutTemp=°C AvgSpd=mph Limit=mls Dist=mls ArrTime=12h Consump=mpg Motor=Petrol
2016-08-01 21:11:41.666:  50 03 D0 5D DE
2016-08-01 21:11:41.666:  ! MFL  --> LCM : Light dimmer status request
2016-08-01 21:11:41.760:  A4 06 BF 70 03 00 05 6B
2016-08-01 21:11:41.760:  ! AB   --> GLO : Remote control central locking status, Data="03 00 05"
2016-08-01 21:11:41.791:  E8 03 00 75 9E
2016-08-01 21:11:41.791:  ! RLS  --> GM  : Wiper status request
2016-08-01 21:11:41.962:  50 03 D0 5D DE
2016-08-01 21:11:41.962:  ! MFL  --> LCM : Light dimmer status request
2016-08-01 21:11:41.978:  E8 03 00 75 9E
2016-08-01 21:11:41.978:  ! RLS  --> GM  : Wiper status request
2016-08-01 21:11:42.040:  F0 04 BF 02 01 48
2016-08-01 21:11:42.040:  ! BMBT --> GLO : Device status ready, after Reset
2016-08-01 21:11:42.056:  80 04 BF 11 01 2B
2016-08-01 21:11:42.056:  ! IKE  --> GLO : Ignition status, Pos1_Acc
2016-08-01 21:11:42.072:  68 04 F0 4A 90 46
2016-08-01 21:11:42.072:  ! RAD  --> BMBT: Cassette control, State_unknown, Data="90"
2016-08-01 21:11:42.087:  68 04 F0 4A 00 D6
2016-08-01 21:11:42.087:  ! RAD  --> BMBT: Cassette control, Power_Off
2016-08-01 21:11:42.087:  F0 04 68 4B 05 D2
2016-08-01 21:11:42.087:  ! BMBT --> RAD : Cassette status, No_Tape
2016-08-01 21:11:42.103:  F0 04 68 4B 05 D2
2016-08-01 21:11:42.103:  ! BMBT --> RAD : Cassette status, No_Tape
2016-08-01 21:11:42.181:  E8 04 BF 02 01 50
2016-08-01 21:11:42.181:  ! RLS  --> GLO : Device status ready, after Reset
2016-08-01 21:11:42.212:  80 04 BF 11 01 2B
2016-08-01 21:11:42.212:  ! IKE  --> GLO : Ignition status, Pos1_Acc
2016-08-01 21:11:42.274:  50 03 D0 5D DE
2016-08-01 21:11:42.274:  ! MFL  --> LCM : Light dimmer status request
2016-08-01 21:11:42.368:  50 03 C8 01 9A
2016-08-01 21:11:42.368:  ! MFL  --> TEL : Device status request
2016-08-01 21:11:42.493:  68 03 18 01 72
2016-08-01 21:11:42.493:  ! RAD  --> CDC : Device status request
2016-08-01 21:11:42.571:  50 03 D0 5D DE
2016-08-01 21:11:42.571:  ! MFL  --> LCM : Light dimmer status request
2016-08-01 21:11:42.649:  6A 04 FF 02 01 92
2016-08-01 21:11:42.649:  ! DSP  --> LOC : Device status ready, after Reset
2016-08-01 21:11:42.664:  80 04 BF 11 01 2B
2016-08-01 21:11:42.664:  ! IKE  --> GLO : Ignition status, Pos1_Acc
2016-08-01 21:11:42.680:  68 04 FF 36 AF 0A
2016-08-01 21:11:42.680:  ! RAD  --> LOC : Audio_control, Source = Off
2016-08-01 21:11:42.883:  50 03 D0 5D DE
2016-08-01 21:11:42.883:  ! MFL  --> LCM : Light dimmer status request
2016-08-01 21:11:42.945:  44 03 80 16 D1
2016-08-01 21:11:42.945:  ! EWS  --> IKE : Odometer request
2016-08-01 21:11:42.976:  80 0A BF 17 92 0B 03 00 1F 00 00 A7
2016-08-01 21:11:42.976:  ! IKE  --> GLO : Odometer, 199,570 kms  [124,007 mls]
2016-08-01 21:11:42.992:  50 03 B0 01 E2
2016-08-01 21:11:42.992:  ! MFL  --> SES : Device status request
2016-08-01 21:11:43.179:  50 03 D0 5D DE
2016-08-01 21:11:43.179:  ! MFL  --> LCM : Light dimmer status request
2016-08-01 21:11:44.474:  A4 06 BF 70 02 00 05 6A
2016-08-01 21:11:44.474:  ! AB   --> GLO : Remote control central locking status, Data="02 00 05"
2016-08-01 21:11:45.519:  50 03 B0 01 E2
2016-08-01 21:11:45.519:  ! MFL  --> SES : Device status request
2016-08-01 21:11:46.127:  50 03 C8 01 9A
2016-08-01 21:11:46.127:  ! MFL  --> TEL : Device status request
2016-08-01 21:11:48.685:  68 04 FF 36 AF 0A
2016-08-01 21:11:48.685:  ! RAD  --> LOC : Audio_control, Source = Off
2016-08-01 21:11:48.732:  80 04 BF 11 00 2A
2016-08-01 21:11:48.732:  ! IKE  --> GLO : Ignition status, Off
2016-08-01 21:11:58.700:  44 05 BF 74 04 01 8F
2016-08-01 21:11:58.700:  ! EWS  --> GLO : Immobiliser status, Valid_key_detected Key_1
2016-08-01 21:12:16.591:  80 04 BF 11 01 2B
2016-08-01 21:12:16.591:  ! IKE  --> GLO : Ignition status, Pos1_Acc
2016-08-01 21:12:16.607:  80 0A BF 13 00 00 00 00 00 00 38 1E
2016-08-01 21:12:16.607:  ! IKE  --> GLO : IKE sensor status, 
2016-08-01 21:12:16.763:  E8 03 80 10 7B
2016-08-01 21:12:16.763:  ! RLS  --> IKE : Ignition status request
2016-08-01 21:12:16.778:  44 05 BF 74 05 01 8E
2016-08-01 21:12:16.778:  ! EWS  --> GLO : Immobiliser status, Immobilisation_deactivated Valid_key_detected Key_1
2016-08-01 21:12:16.778:  80 04 BF 11 01 2B
2016-08-01 21:12:16.778:  ! IKE  --> GLO : Ignition status, Pos1_Acc
2016-08-01 21:12:16.841:  68 04 FF 02 01 90
2016-08-01 21:12:16.841:  ! RAD  --> LOC : Device status ready, after Reset
2016-08-01 21:12:16.856:  F0 04 68 4B 05 D2
2016-08-01 21:12:16.856:  ! BMBT --> RAD : Cassette status, No_Tape
2016-08-01 21:12:16.888:  80 04 BF 11 01 2B
2016-08-01 21:12:16.888:  ! IKE  --> GLO : Ignition status, Pos1_Acc
2016-08-01 21:12:16.950:  E8 05 00 58 FF 7F 35
2016-08-01 21:12:16.950:  ! RLS  --> GM  : Headlight wipe interval, Data="FF 7F"
2016-08-01 21:12:17.153:  68 05 18 38 00 00 4D
2016-08-01 21:12:17.153:  ! RAD  --> CDC : CD_control, Status_Request
2016-08-01 21:12:17.168:  68 03 80 14 FF
2016-08-01 21:12:17.168:  ! RAD  --> IKE : Country coding status request
2016-08-01 21:12:17.200:  E8 03 00 75 9E
2016-08-01 21:12:17.200:  ! RLS  --> GM  : Wiper status request
2016-08-01 21:12:17.200:  80 07 BF 15 02 F1 FA 46 62
2016-08-01 21:12:17.200:  ! IKE  --> GLO : Country coding status, Ntwk=E38/E39 Lang=US_English Clock=12h OutTemp=°C AvgSpd=mph Limit=mls Dist=mls ArrTime=12h Consump=mpg Motor=Petrol
2016-08-01 21:12:17.231:  50 03 D0 5D DE
2016-08-01 21:12:17.231:  ! MFL  --> LCM : Light dimmer status request
2016-08-01 21:12:17.293:  A4 06 BF 70 03 00 05 6B
2016-08-01 21:12:17.293:  ! AB   --> GLO : Remote control central locking status, Data="03 00 05"
2016-08-01 21:12:17.356:  E8 03 00 75 9E
2016-08-01 21:12:17.356:  ! RLS  --> GM  : Wiper status request
2016-08-01 21:12:17.527:  50 03 D0 5D DE
2016-08-01 21:12:17.527:  ! MFL  --> LCM : Light dimmer status request
2016-08-01 21:12:17.543:  E8 03 00 75 9E
2016-08-01 21:12:17.543:  ! RLS  --> GM  : Wiper status request
2016-08-01 21:12:17.605:  F0 04 BF 02 01 48
2016-08-01 21:12:17.605:  ! BMBT --> GLO : Device status ready, after Reset
2016-08-01 21:12:17.636:  68 04 F0 4A 90 46
2016-08-01 21:12:17.636:  ! RAD  --> BMBT: Cassette control, State_unknown, Data="90"
2016-08-01 21:12:17.636:  68 04 F0 4A 00 D6
2016-08-01 21:12:17.636:  ! RAD  --> BMBT: Cassette control, Power_Off
2016-08-01 21:12:17.668:  F0 04 68 4B 05 D2
2016-08-01 21:12:17.668:  ! BMBT --> RAD : Cassette status, No_Tape
2016-08-01 21:12:17.683:  F0 04 68 4B 05 D2
2016-08-01 21:12:17.683:  ! BMBT --> RAD : Cassette status, No_Tape
2016-08-01 21:12:17.683:  80 04 BF 11 01 2B
2016-08-01 21:12:17.683:  ! IKE  --> GLO : Ignition status, Pos1_Acc
2016-08-01 21:12:17.746:  E8 04 BF 02 01 50
2016-08-01 21:12:17.746:  ! RLS  --> GLO : Device status ready, after Reset
2016-08-01 21:12:17.761:  80 04 BF 11 01 2B
2016-08-01 21:12:17.761:  ! IKE  --> GLO : Ignition status, Pos1_Acc
2016-08-01 21:12:17.839:  50 03 D0 5D DE
2016-08-01 21:12:17.839:  ! MFL  --> LCM : Light dimmer status request
2016-08-01 21:12:17.933:  50 03 C8 01 9A
2016-08-01 21:12:17.933:  ! MFL  --> TEL : Device status request
2016-08-01 21:12:18.058:  68 03 18 01 72
2016-08-01 21:12:18.058:  ! RAD  --> CDC : Device status request
2016-08-01 21:12:18.136:  50 03 D0 5D DE
2016-08-01 21:12:18.136:  ! MFL  --> LCM : Light dimmer status request
2016-08-01 21:12:18.213:  6A 04 FF 02 01 92
2016-08-01 21:12:18.213:  ! DSP  --> LOC : Device status ready, after Reset
2016-08-01 21:12:18.245:  80 04 BF 11 01 2B
2016-08-01 21:12:18.245:  ! IKE  --> GLO : Ignition status, Pos1_Acc
2016-08-01 21:12:18.260:  68 04 FF 36 AF 0A
2016-08-01 21:12:18.260:  ! RAD  --> LOC : Audio_control, Source = Off
2016-08-01 21:12:18.447:  50 03 D0 5D DE
2016-08-01 21:12:18.447:  ! MFL  --> LCM : Light dimmer status request
2016-08-01 21:12:18.494:  44 03 80 16 D1
2016-08-01 21:12:18.494:  ! EWS  --> IKE : Odometer request
2016-08-01 21:12:18.525:  80 0A BF 17 92 0B 03 00 1F 00 00 A7
2016-08-01 21:12:18.525:  ! IKE  --> GLO : Odometer, 199,570 kms  [124,007 mls]
2016-08-01 21:12:18.557:  50 03 B0 01 E2
2016-08-01 21:12:18.557:  ! MFL  --> SES : Device status request
2016-08-01 21:12:18.744:  50 03 D0 5D DE
2016-08-01 21:12:18.744:  ! MFL  --> LCM : Light dimmer status request
2016-08-01 21:12:20.007:  A4 06 BF 70 02 00 05 6A
2016-08-01 21:12:20.007:  ! AB   --> GLO : Remote control central locking status, Data="02 00 05"
2016-08-01 21:12:21.084:  3F
2016-08-01 21:12:21.084:  ! WARNING: Discarded 1 bytes: [3F]
2016-08-01 21:12:21.099:  80 04 BF 11 03 29
2016-08-01 21:12:21.099:  ! IKE  --> GLO : Ignition status, Pos1_Acc Pos2_On
2016-08-01 21:12:21.099:  50 03 B0 01 E2
2016-08-01 21:12:21.099:  ! MFL  --> SES : Device status request
2016-08-01 21:12:21.130:  80 0A BF 13 01 00 00 00 00 00 38 1F
2016-08-01 21:12:21.130:  ! IKE  --> GLO : IKE sensor status, Handbrake_On
2016-08-01 21:12:21.130:  80 06 BF 19 1E 3B 00 05
2016-08-01 21:12:21.130:  ! IKE  --> GLO : Temperature, Outside 30°C [86°F], Coolant 59°C [138°F]
2016-08-01 21:12:21.162:  80 0A BF 13 01 01 00 02 00 00 38 1C
2016-08-01 21:12:21.162:  ! IKE  --> GLO : IKE sensor status, Handbrake_On  Motor_Running
2016-08-01 21:12:21.224:  80 0A BF 13 01 00 00 02 00 00 38 1D
2016-08-01 21:12:21.224:  ! IKE  --> GLO : IKE sensor status, Handbrake_On
2016-08-01 21:12:21.286:  5B 03 00 71 29
2016-08-01 21:12:21.286:  ! IHKA --> GM  : Rain sensor status
2016-08-01 21:12:21.489:  80 0A BF 13 01 00 00 02 00 08 38 15
2016-08-01 21:12:21.489:  ! IKE  --> GLO : IKE sensor status, Handbrake_On
2016-08-01 21:12:21.505:  5B 03 00 71 29
2016-08-01 21:12:21.505:  ! IHKA --> GM  : Rain sensor status
2016-08-01 21:12:21.692:  50 03 C8 01 9A
2016-08-01 21:12:21.692:  ! MFL  --> TEL : Device status request
2016-08-01 21:12:21.895:  80 0A BF 13 01 00 00 02 00 00 38 1D
2016-08-01 21:12:21.895:  ! IKE  --> GLO : IKE sensor status, Handbrake_On
2016-08-01 21:12:22.300:  80 0A BF 13 01 00 00 02 00 08 38 15
2016-08-01 21:12:22.300:  ! IKE  --> GLO : IKE sensor status, Handbrake_On
2016-08-01 21:12:22.893:  80 0A BF 13 01 00 00 02 00 00 38 1D
2016-08-01 21:12:22.893:  ! IKE  --> GLO : IKE sensor status, Handbrake_On
2016-08-01 21:12:22.924:  80 05 BF 18 00 00 22
2016-08-01 21:12:22.924:  ! IKE  --> GLO : Speed/RPM, Speed 0 km/h  [0 mph], 0 RPM
2016-08-01 21:12:23.096:  80 0A BF 13 01 00 00 02 00 08 38 15
2016-08-01 21:12:23.096:  ! IKE  --> GLO : IKE sensor status, Handbrake_On
2016-08-01 21:12:23.174:  80 0A BF 13 01 00 00 00 00 08 38 17
2016-08-01 21:12:23.174:  ! IKE  --> GLO : IKE sensor status, Handbrake_On
2016-08-01 21:12:23.486:  80 0A BF 13 01 00 00 00 00 00 38 1F
2016-08-01 21:12:23.486:  ! IKE  --> GLO : IKE sensor status, Handbrake_On
2016-08-01 21:12:23.891:  80 0A BF 13 01 00 00 00 00 08 38 17
2016-08-01 21:12:23.891:  ! IKE  --> GLO : IKE sensor status, Handbrake_On
2016-08-01 21:12:24.297:  80 0A BF 13 01 00 00 00 00 00 38 1F
2016-08-01 21:12:24.297:  ! IKE  --> GLO : IKE sensor status, Handbrake_On
2016-08-01 21:12:24.703:  80 0A BF 13 01 00 00 00 00 08 38 17
2016-08-01 21:12:24.703:  ! IKE  --> GLO : IKE sensor status, Handbrake_On
2016-08-01 21:12:24.921:  80 05 BF 18 00 00 22
2016-08-01 21:12:24.921:  ! IKE  --> GLO : Speed/RPM, Speed 0 km/h  [0 mph], 0 RPM
2016-08-01 21:12:25.092:  80 0A BF 13 01 00 00 00 00 00 38 1F
2016-08-01 21:12:25.092:  ! IKE  --> GLO : IKE sensor status, Handbrake_On
2016-08-01 21:12:25.498:  80 0A BF 13 01 00 00 00 00 08 38 17
2016-08-01 21:12:25.498:  ! IKE  --> GLO : IKE sensor status, Handbrake_On
2016-08-01 21:12:25.904:  80 0A BF 13 01 00 00 00 00 00 38 1F
2016-08-01 21:12:25.904:  ! IKE  --> GLO : IKE sensor status, Handbrake_On
2016-08-01 21:12:26.169:  50 03 B0 01 E2
2016-08-01 21:12:26.169:  ! MFL  --> SES : Device status request
2016-08-01 21:12:26.309:  80 0A BF 13 01 00 00 00 00 08 38 17
2016-08-01 21:12:26.309:  ! IKE  --> GLO : IKE sensor status, Handbrake_On
2016-08-01 21:12:26.606:  F0 03 68 01 9A
2016-08-01 21:12:26.606:  ! BMBT --> RAD : Device status request
2016-08-01 21:12:26.637:  68 04 FF 02 00 91
2016-08-01 21:12:26.637:  ! RAD  --> LOC : Device status ready, 
2016-08-01 21:12:26.637:  68 03 18 01 72
2016-08-01 21:12:26.637:  ! RAD  --> CDC : Device status request
2016-08-01 21:12:26.699:  80 0A BF 13 01 00 00 00 00 00 38 1F
2016-08-01 21:12:26.699:  ! IKE  --> GLO : IKE sensor status, Handbrake_On
2016-08-01 21:12:26.777:  50 03 C8 01 9A
2016-08-01 21:12:26.777:  ! MFL  --> TEL : Device status request
2016-08-01 21:12:26.933:  80 05 BF 18 00 00 22
2016-08-01 21:12:26.933:  ! IKE  --> GLO : Speed/RPM, Speed 0 km/h  [0 mph], 0 RPM
2016-08-01 21:12:27.073:  80 0A BF 13 01 00 00 00 00 08 38 17
2016-08-01 21:12:27.073:  ! IKE  --> GLO : IKE sensor status, Handbrake_On
2016-08-01 21:12:27.479:  80 0A BF 13 01 00 00 00 00 00 38 1F
2016-08-01 21:12:27.479:  ! IKE  --> GLO : IKE sensor status, Handbrake_On
2016-08-01 21:12:27.869:  80 0A BF 13 01 00 00 00 00 08 38 17
2016-08-01 21:12:27.869:  ! IKE  --> GLO : IKE sensor status, Handbrake_On
2016-08-01 21:12:28.275:  80 0A BF 13 01 00 00 00 00 00 38 1F
2016-08-01 21:12:28.275:  ! IKE  --> GLO : IKE sensor status, Handbrake_On
2016-08-01 21:12:28.680:  80 0A BF 13 01 00 00 00 00 08 38 17
2016-08-01 21:12:28.680:  ! IKE  --> GLO : IKE sensor status, Handbrake_On
2016-08-01 21:12:28.930:  80 05 BF 18 00 00 22
2016-08-01 21:12:28.930:  ! IKE  --> GLO : Speed/RPM, Speed 0 km/h  [0 mph], 0 RPM
2016-08-01 21:12:29.086:  80 0A BF 13 01 00 00 00 00 00 38 1F
2016-08-01 21:12:29.086:  ! IKE  --> GLO : IKE sensor status, Handbrake_On
2016-08-01 21:12:29.476:  80 0A BF 13 01 00 00 00 00 08 38 17
2016-08-01 21:12:29.476:  ! IKE  --> GLO : IKE sensor status, Handbrake_On
2016-08-01 21:12:29.866:  80 0A BF 13 01 00 00 00 00 00 38 1F
2016-08-01 21:12:29.866:  ! IKE  --> GLO : IKE sensor status, Handbrake_On
2016-08-01 21:12:30.287:  80 0A BF 13 01 00 00 00 00 08 38 17
2016-08-01 21:12:30.287:  ! IKE  --> GLO : IKE sensor status, Handbrake_On
2016-08-01 21:12:30.692:  80 0A BF 13 01 00 00 00 00 00 38 1F
2016-08-01 21:12:30.692:  ! IKE  --> GLO : IKE sensor status, Handbrake_On
2016-08-01 21:12:30.942:  80 05 BF 18 00 00 22
2016-08-01 21:12:30.942:  ! IKE  --> GLO : Speed/RPM, Speed 0 km/h  [0 mph], 0 RPM
2016-08-01 21:12:30.973:  80 06 BF 19 1E 3A 00 04
2016-08-01 21:12:30.973:  ! IKE  --> GLO : Temperature, Outside 30°C [86°F], Coolant 58°C [136°F]
2016-08-01 21:12:31.098:  80 0A BF 13 01 00 00 00 00 08 38 17
2016-08-01 21:12:31.098:  ! IKE  --> GLO : IKE sensor status, Handbrake_On
2016-08-01 21:12:31.504:  80 0A BF 13 01 00 00 00 00 00 38 1F
2016-08-01 21:12:31.504:  ! IKE  --> GLO : IKE sensor status, Handbrake_On
2016-08-01 21:12:31.581:  5B 05 80 83 00 08 55
2016-08-01 21:12:31.581:  ! IHKA --> IKE : Air conditioning compressor status, 
2016-08-01 21:12:31.893:  80 0A BF 13 01 00 00 00 00 08 38 17
2016-08-01 21:12:31.893:  ! IKE  --> GLO : IKE sensor status, Handbrake_On
2016-08-01 21:12:32.283:  80 0A BF 13 01 00 00 00 00 00 38 1F
2016-08-01 21:12:32.283:  ! IKE  --> GLO : IKE sensor status, Handbrake_On
2016-08-01 21:12:32.705:  80 0A BF 13 01 00 00 00 00 08 38 17
2016-08-01 21:12:32.705:  ! IKE  --> GLO : IKE sensor status, Handbrake_On
2016-08-01 21:12:32.939:  80 05 BF 18 00 00 22
2016-08-01 21:12:32.939:  ! IKE  --> GLO : Speed/RPM, Speed 0 km/h  [0 mph], 0 RPM
2016-08-01 21:12:33.095:  80 0A BF 13 01 00 00 00 00 00 38 1F
2016-08-01 21:12:33.095:  ! IKE  --> GLO : IKE sensor status, Handbrake_On
2016-08-01 21:12:33.500:  80 0A BF 13 01 00 00 00 00 08 38 17
2016-08-01 21:12:33.500:  ! IKE  --> GLO : IKE sensor status, Handbrake_On
2016-08-01 21:12:33.906:  80 0A BF 13 01 00 00 00 00 00 38 1F
2016-08-01 21:12:33.906:  ! IKE  --> GLO : IKE sensor status, Handbrake_On
2016-08-01 21:12:34.296:  80 0A BF 13 01 00 00 00 00 08 38 17
2016-08-01 21:12:34.296:  ! IKE  --> GLO : IKE sensor status, Handbrake_On
2016-08-01 21:12:34.701:  80 0A BF 13 01 00 00 00 00 00 38 1F
2016-08-01 21:12:34.701:  ! IKE  --> GLO : IKE sensor status, Handbrake_On
2016-08-01 21:12:34.951:  80 05 BF 18 00 00 22
2016-08-01 21:12:34.951:  ! IKE  --> GLO : Speed/RPM, Speed 0 km/h  [0 mph], 0 RPM
2016-08-01 21:12:35.107:  80 0A BF 13 01 00 00 00 00 08 38 17
2016-08-01 21:12:35.107:  ! IKE  --> GLO : IKE sensor status, Handbrake_On
2016-08-01 21:12:35.512:  80 0A BF 13 01 00 00 00 00 00 38 1F
2016-08-01 21:12:35.512:  ! IKE  --> GLO : IKE sensor status, Handbrake_On
2016-08-01 21:12:35.918:  80 0A BF 13 01 00 00 00 00 08 38 17
2016-08-01 21:12:35.918:  ! IKE  --> GLO : IKE sensor status, Handbrake_On
2016-08-01 21:12:36.308:  80 0A BF 13 01 00 00 00 00 00 38 1F
2016-08-01 21:12:36.308:  ! IKE  --> GLO : IKE sensor status, Handbrake_On
2016-08-01 21:12:36.635:  F0 03 68 01 9A
2016-08-01 21:12:36.635:  ! BMBT --> RAD : Device status request
2016-08-01 21:12:36.651:  68 04 FF 02 00 91
2016-08-01 21:12:36.651:  ! RAD  --> LOC : Device status ready, 
2016-08-01 21:12:36.698:  80 0A BF 13 01 00 00 00 00 08 38 17
2016-08-01 21:12:36.698:  ! IKE  --> GLO : IKE sensor status, Handbrake_On
2016-08-01 21:12:36.729:  68 03 18 01 72
2016-08-01 21:12:36.729:  ! RAD  --> CDC : Device status request
2016-08-01 21:12:36.947:  80 05 BF 18 00 00 22
2016-08-01 21:12:36.947:  ! IKE  --> GLO : Speed/RPM, Speed 0 km/h  [0 mph], 0 RPM
2016-08-01 21:12:37.119:  80 0A BF 13 01 00 00 00 00 00 38 1F
2016-08-01 21:12:37.119:  ! IKE  --> GLO : IKE sensor status, Handbrake_On
2016-08-01 21:12:37.509:  80 0A BF 13 01 00 00 00 00 08 38 17
2016-08-01 21:12:37.509:  ! IKE  --> GLO : IKE sensor status, Handbrake_On
2016-08-01 21:12:37.883:  80 0A BF 13 01 00 00 00 00 00 38 1F
2016-08-01 21:12:37.883:  ! IKE  --> GLO : IKE sensor status, Handbrake_On
2016-08-01 21:12:38.273:  80 0A BF 13 01 00 00 00 00 08 38 17
2016-08-01 21:12:38.273:  ! IKE  --> GLO : IKE sensor status, Handbrake_On
2016-08-01 21:12:38.679:  80 0A BF 13 01 00 00 00 00 00 38 1F
2016-08-01 21:12:38.679:  ! IKE  --> GLO : IKE sensor status, Handbrake_On
2016-08-01 21:12:38.960:  80 05 BF 18 00 00 22
2016-08-01 21:12:38.960:  ! IKE  --> GLO : Speed/RPM, Speed 0 km/h  [0 mph], 0 RPM
2016-08-01 21:12:39.069:  80 0A BF 13 01 00 00 00 00 08 38 17
2016-08-01 21:12:39.069:  ! IKE  --> GLO : IKE sensor status, Handbrake_On
2016-08-01 21:12:39.474:  80 0A BF 13 01 00 00 00 00 00 38 1F
2016-08-01 21:12:39.474:  ! IKE  --> GLO : IKE sensor status, Handbrake_On
2016-08-01 21:12:39.864:  80 0A BF 13 01 00 00 00 00 08 38 17
2016-08-01 21:12:39.864:  ! IKE  --> GLO : IKE sensor status, Handbrake_On
2016-08-01 21:12:40.270:  80 0A BF 13 01 00 00 00 00 00 38 1F
2016-08-01 21:12:40.270:  ! IKE  --> GLO : IKE sensor status, Handbrake_On
2016-08-01 21:12:40.676:  80 0A BF 13 01 00 00 00 00 08 38 17
2016-08-01 21:12:40.676:  ! IKE  --> GLO : IKE sensor status, Handbrake_On
2016-08-01 21:12:40.956:  80 05 BF 18 00 00 22
2016-08-01 21:12:40.956:  ! IKE  --> GLO : Speed/RPM, Speed 0 km/h  [0 mph], 0 RPM
2016-08-01 21:12:40.988:  80 06 BF 19 1E 39 00 07
2016-08-01 21:12:40.988:  ! IKE  --> GLO : Temperature, Outside 30°C [86°F], Coolant 57°C [135°F]
2016-08-01 21:12:41.081:  80 0A BF 13 01 00 00 00 00 00 38 1F
2016-08-01 21:12:41.081:  ! IKE  --> GLO : IKE sensor status, Handbrake_On
2016-08-01 21:12:41.502:  80 0A BF 13 01 00 00 00 00 08 38 17
2016-08-01 21:12:41.502:  ! IKE  --> GLO : IKE sensor status, Handbrake_On
2016-08-01 21:12:41.892:  80 0A BF 13 01 00 00 00 00 00 38 1F
2016-08-01 21:12:41.892:  ! IKE  --> GLO : IKE sensor status, Handbrake_On
2016-08-01 21:12:42.064:  5B 05 80 83 00 00 5D
2016-08-01 21:12:42.064:  ! IHKA --> IKE : Air conditioning compressor status, Off
2016-08-01 21:12:42.298:  80 0A BF 13 01 00 00 00 00 08 38 17
2016-08-01 21:12:42.298:  ! IKE  --> GLO : IKE sensor status, Handbrake_On
2016-08-01 21:12:42.703:  80 0A BF 13 01 00 00 00 00 00 38 1F
2016-08-01 21:12:42.703:  ! IKE  --> GLO : IKE sensor status, Handbrake_On
2016-08-01 21:12:42.953:  80 05 BF 18 00 00 22
2016-08-01 21:12:42.953:  ! IKE  --> GLO : Speed/RPM, Speed 0 km/h  [0 mph], 0 RPM
2016-08-01 21:12:43.093:  80 0A BF 13 01 00 00 00 00 08 38 17
2016-08-01 21:12:43.093:  ! IKE  --> GLO : IKE sensor status, Handbrake_On
2016-08-01 21:12:43.499:  80 0A BF 13 01 00 00 00 00 00 38 1F
2016-08-01 21:12:43.499:  ! IKE  --> GLO : IKE sensor status, Handbrake_On
2016-08-01 21:12:43.904:  80 0A BF 13 01 00 00 00 00 08 38 17
2016-08-01 21:12:43.904:  ! IKE  --> GLO : IKE sensor status, Handbrake_On
2016-08-01 21:12:44.294:  80 0A BF 13 01 00 00 00 00 00 38 1F
2016-08-01 21:12:44.294:  ! IKE  --> GLO : IKE sensor status, Handbrake_On
2016-08-01 21:12:44.684:  80 0A BF 13 01 00 00 00 00 08 38 17
2016-08-01 21:12:44.684:  ! IKE  --> GLO : IKE sensor status, Handbrake_On
2016-08-01 21:12:44.965:  80 05 BF 18 00 00 22
2016-08-01 21:12:44.965:  ! IKE  --> GLO : Speed/RPM, Speed 0 km/h  [0 mph], 0 RPM
2016-08-01 21:12:45.090:  80 0A BF 13 01 00 00 00 00 00 38 1F
2016-08-01 21:12:45.090:  ! IKE  --> GLO : IKE sensor status, Handbrake_On
2016-08-01 21:12:45.496:  80 0A BF 13 01 00 00 00 00 08 38 17
2016-08-01 21:12:45.496:  ! IKE  --> GLO : IKE sensor status, Handbrake_On
2016-08-01 21:12:45.917:  80 0A BF 13 01 00 00 00 00 00 38 1F
2016-08-01 21:12:45.917:  ! IKE  --> GLO : IKE sensor status, Handbrake_On
2016-08-01 21:12:46.307:  80 0A BF 13 01 00 00 00 00 08 38 17
2016-08-01 21:12:46.307:  ! IKE  --> GLO : IKE sensor status, Handbrake_On
2016-08-01 21:12:46.650:  F0 03 68 01 9A
2016-08-01 21:12:46.650:  ! BMBT --> RAD : Device status request
2016-08-01 21:12:46.665:  68 04 FF 02 00 91
2016-08-01 21:12:46.665:  ! RAD  --> LOC : Device status ready, 
2016-08-01 21:12:46.712:  80 0A BF 13 01 00 00 00 00 00 38 1F
2016-08-01 21:12:46.712:  ! IKE  --> GLO : IKE sensor status, Handbrake_On
2016-08-01 21:12:46.821:  68 03 18 01 72
2016-08-01 21:12:46.821:  ! RAD  --> CDC : Device status request
2016-08-01 21:12:46.962:  80 05 BF 18 00 00 22
2016-08-01 21:12:46.962:  ! IKE  --> GLO : Speed/RPM, Speed 0 km/h  [0 mph], 0 RPM
2016-08-01 21:12:47.102:  80 0A BF 13 01 00 00 00 00 08 38 17
2016-08-01 21:12:47.102:  ! IKE  --> GLO : IKE sensor status, Handbrake_On
2016-08-01 21:12:47.508:  80 0A BF 13 01 00 00 00 00 00 38 1F
2016-08-01 21:12:47.508:  ! IKE  --> GLO : IKE sensor status, Handbrake_On
2016-08-01 21:12:47.913:  80 0A BF 13 01 00 00 00 00 08 38 17
2016-08-01 21:12:47.913:  ! IKE  --> GLO : IKE sensor status, Handbrake_On
2016-08-01 21:12:48.319:  80 0A BF 13 01 00 00 00 00 00 38 1F
2016-08-01 21:12:48.319:  ! IKE  --> GLO : IKE sensor status, Handbrake_On
2016-08-01 21:12:48.709:  80 0A BF 13 01 00 00 00 00 08 38 17
2016-08-01 21:12:48.709:  ! IKE  --> GLO : IKE sensor status, Handbrake_On
2016-08-01 21:12:48.974:  80 05 BF 18 00 00 22
2016-08-01 21:12:48.974:  ! IKE  --> GLO : Speed/RPM, Speed 0 km/h  [0 mph], 0 RPM
2016-08-01 21:12:49.114:  80 0A BF 13 01 00 00 00 00 00 38 1F
2016-08-01 21:12:49.114:  ! IKE  --> GLO : IKE sensor status, Handbrake_On
2016-08-01 21:12:49.520:  80 0A BF 13 01 00 00 00 00 08 38 17
2016-08-01 21:12:49.520:  ! IKE  --> GLO : IKE sensor status, Handbrake_On
2016-08-01 21:12:49.910:  80 0A BF 13 01 00 00 00 00 00 38 1F
2016-08-01 21:12:49.910:  ! IKE  --> GLO : IKE sensor status, Handbrake_On
2016-08-01 21:12:50.316:  80 0A BF 13 01 00 00 00 00 08 38 17
2016-08-01 21:12:50.316:  ! IKE  --> GLO : IKE sensor status, Handbrake_On
2016-08-01 21:12:50.674:  80 0A BF 13 01 00 00 00 00 00 38 1F
2016-08-01 21:12:50.674:  ! IKE  --> GLO : IKE sensor status, Handbrake_On
2016-08-01 21:12:50.971:  80 05 BF 18 00 00 22
2016-08-01 21:12:50.971:  ! IKE  --> GLO : Speed/RPM, Speed 0 km/h  [0 mph], 0 RPM
2016-08-01 21:12:50.986:  80 06 BF 19 1E 3A 00 04
2016-08-01 21:12:50.986:  ! IKE  --> GLO : Temperature, Outside 30°C [86°F], Coolant 58°C [136°F]
2016-08-01 21:12:51.080:  80 0A BF 13 01 00 00 00 00 08 38 17
2016-08-01 21:12:51.080:  ! IKE  --> GLO : IKE sensor status, Handbrake_On
2016-08-01 21:12:51.470:  80 0A BF 13 01 00 00 00 00 00 38 1F
2016-08-01 21:12:51.470:  ! IKE  --> GLO : IKE sensor status, Handbrake_On
2016-08-01 21:12:51.875:  80 0A BF 13 01 00 00 00 00 08 38 17
2016-08-01 21:12:51.875:  ! IKE  --> GLO : IKE sensor status, Handbrake_On
2016-08-01 21:12:52.281:  80 0A BF 13 01 00 00 00 00 00 38 1F
2016-08-01 21:12:52.281:  ! IKE  --> GLO : IKE sensor status, Handbrake_On
2016-08-01 21:12:52.546:  5B 05 80 83 00 08 55
2016-08-01 21:12:52.546:  ! IHKA --> IKE : Air conditioning compressor status, 
2016-08-01 21:12:52.687:  80 0A BF 13 01 00 00 00 00 08 38 17
2016-08-01 21:12:52.687:  ! IKE  --> GLO : IKE sensor status, Handbrake_On
2016-08-01 21:12:52.983:  80 05 BF 18 00 00 22
2016-08-01 21:12:52.983:  ! IKE  --> GLO : Speed/RPM, Speed 0 km/h  [0 mph], 0 RPM
2016-08-01 21:12:53.076:  80 0A BF 13 01 00 00 00 00 00 38 1F
2016-08-01 21:12:53.076:  ! IKE  --> GLO : IKE sensor status, Handbrake_On
2016-08-01 21:12:53.482:  80 0A BF 13 01 00 00 00 00 08 38 17
2016-08-01 21:12:53.482:  ! IKE  --> GLO : IKE sensor status, Handbrake_On
2016-08-01 21:12:53.903:  80 0A BF 13 01 00 00 00 00 00 38 1F
2016-08-01 21:12:53.903:  ! IKE  --> GLO : IKE sensor status, Handbrake_On
2016-08-01 21:12:54.293:  80 0A BF 13 01 00 00 00 00 08 38 17
2016-08-01 21:12:54.293:  ! IKE  --> GLO : IKE sensor status, Handbrake_On
2016-08-01 21:12:54.699:  80 0A BF 13 01 00 00 00 00 00 38 1F
2016-08-01 21:12:54.699:  ! IKE  --> GLO : IKE sensor status, Handbrake_On
2016-08-01 21:12:54.980:  80 05 BF 18 00 00 22
2016-08-01 21:12:54.980:  ! IKE  --> GLO : Speed/RPM, Speed 0 km/h  [0 mph], 0 RPM
2016-08-01 21:12:55.104:  80 0A BF 13 01 00 00 00 00 08 38 17
2016-08-01 21:12:55.104:  ! IKE  --> GLO : IKE sensor status, Handbrake_On
2016-08-01 21:12:55.510:  80 0A BF 13 01 00 00 00 00 00 38 1F
2016-08-01 21:12:55.510:  ! IKE  --> GLO : IKE sensor status, Handbrake_On
2016-08-01 21:12:55.915:  80 0A BF 13 01 00 00 00 00 08 38 17
2016-08-01 21:12:55.915:  ! IKE  --> GLO : IKE sensor status, Handbrake_On
2016-08-01 21:12:56.321:  80 0A BF 13 01 00 00 00 00 00 38 1F
2016-08-01 21:12:56.321:  ! IKE  --> GLO : IKE sensor status, Handbrake_On
2016-08-01 21:12:56.664:  F0 03 68 01 9A
2016-08-01 21:12:56.664:  ! BMBT --> RAD : Device status request
2016-08-01 21:12:56.680:  68 04 FF 02 00 91
2016-08-01 21:12:56.680:  ! RAD  --> LOC : Device status ready, 
2016-08-01 21:12:56.711:  80 0A BF 13 01 00 00 00 00 08 38 17
2016-08-01 21:12:56.711:  ! IKE  --> GLO : IKE sensor status, Handbrake_On
2016-08-01 21:12:56.914:  68 03 18 01 72
2016-08-01 21:12:56.914:  ! RAD  --> CDC : Device status request
2016-08-01 21:12:56.992:  80 05 BF 18 00 00 22
2016-08-01 21:12:56.992:  ! IKE  --> GLO : Speed/RPM, Speed 0 km/h  [0 mph], 0 RPM
2016-08-01 21:12:57.101:  80 0A BF 13 01 00 00 00 00 00 38 1F
2016-08-01 21:12:57.101:  ! IKE  --> GLO : IKE sensor status, Handbrake_On
2016-08-01 21:12:57.522:  80 0A BF 13 01 00 00 00 00 08 38 17
2016-08-01 21:12:57.522:  ! IKE  --> GLO : IKE sensor status, Handbrake_On
2016-08-01 21:12:57.881:  80 0A BF 13 01 00 00 00 00 00 38 1F
2016-08-01 21:12:57.881:  ! IKE  --> GLO : IKE sensor status, Handbrake_On
2016-08-01 21:12:58.286:  80 0A BF 13 01 00 00 00 00 08 38 17
2016-08-01 21:12:58.286:  ! IKE  --> GLO : IKE sensor status, Handbrake_On
2016-08-01 21:12:58.661:  80 0A BF 13 01 00 00 00 00 00 38 1F
2016-08-01 21:12:58.661:  ! IKE  --> GLO : IKE sensor status, Handbrake_On
2016-08-01 21:12:58.988:  80 05 BF 18 00 00 22
2016-08-01 21:12:58.988:  ! IKE  --> GLO : Speed/RPM, Speed 0 km/h  [0 mph], 0 RPM
2016-08-01 21:12:59.066:  80 0A BF 13 01 00 00 00 00 08 38 17
2016-08-01 21:12:59.066:  ! IKE  --> GLO : IKE sensor status, Handbrake_On
2016-08-01 21:12:59.472:  80 0A BF 13 01 00 00 00 00 00 38 1F
2016-08-01 21:12:59.472:  ! IKE  --> GLO : IKE sensor status, Handbrake_On
2016-08-01 21:12:59.878:  80 0A BF 13 01 00 00 00 00 08 38 17
2016-08-01 21:12:59.878:  ! IKE  --> GLO : IKE sensor status, Handbrake_On
2016-08-01 21:13:00.268:  80 0A BF 13 01 00 00 00 00 00 38 1F
2016-08-01 21:13:00.268:  ! IKE  --> GLO : IKE sensor status, Handbrake_On
2016-08-01 21:13:00.689:  3F F7
2016-08-01 21:13:00.689:  ! WARNING: Discarded 2 bytes: [3F F7]
2016-08-01 21:13:00.704:  80 0A BF 13 01 00 00 00 00 08 38 17
2016-08-01 21:13:00.704:  ! IKE  --> GLO : IKE sensor status, Handbrake_On
2016-08-01 21:13:00.985:  80 05 BF 18 00 00 22
2016-08-01 21:13:00.985:  ! IKE  --> GLO : Speed/RPM, Speed 0 km/h  [0 mph], 0 RPM
2016-08-01 21:13:01.016:  80 06 BF 19 1E 3A 00 04
2016-08-01 21:13:01.016:  ! IKE  --> GLO : Temperature, Outside 30°C [86°F], Coolant 58°C [136°F]
2016-08-01 21:13:01.079:  80 0A BF 13 01 00 00 00 00 00 38 1F
2016-08-01 21:13:01.079:  ! IKE  --> GLO : IKE sensor status, Handbrake_On
2016-08-01 21:13:01.484:  80 0A BF 13 01 00 00 00 00 08 38 17
2016-08-01 21:13:01.484:  ! IKE  --> GLO : IKE sensor status, Handbrake_On
2016-08-01 21:13:01.890:  80 0A BF 13 01 00 00 00 00 00 38 1F
2016-08-01 21:13:01.890:  ! IKE  --> GLO : IKE sensor status, Handbrake_On
2016-08-01 21:13:02.295:  80 0A BF 13 01 00 00 00 00 08 38 17
2016-08-01 21:13:02.295:  ! IKE  --> GLO : IKE sensor status, Handbrake_On
2016-08-01 21:13:02.685:  80 0A BF 13 01 00 00 00 00 00 38 1F
2016-08-01 21:13:02.685:  ! IKE  --> GLO : IKE sensor status, Handbrake_On
2016-08-01 21:13:02.997:  80 05 BF 18 00 00 22
2016-08-01 21:13:02.997:  ! IKE  --> GLO : Speed/RPM, Speed 0 km/h  [0 mph], 0 RPM
2016-08-01 21:13:03.044:  5B 05 80 83 00 00 5D
2016-08-01 21:13:03.044:  ! IHKA --> IKE : Air conditioning compressor status, Off
2016-08-01 21:13:03.106:  80 0A BF 13 01 00 00 00 00 08 38 17
2016-08-01 21:13:03.106:  ! IKE  --> GLO : IKE sensor status, Handbrake_On
2016-08-01 21:13:03.496:  80 0A BF 13 01 00 00 00 00 00 38 1F
2016-08-01 21:13:03.496:  ! IKE  --> GLO : IKE sensor status, Handbrake_On
2016-08-01 21:13:03.902:  80 0A BF 13 01 00 00 00 00 08 38 17
2016-08-01 21:13:03.902:  ! IKE  --> GLO : IKE sensor status, Handbrake_On
2016-08-01 21:13:04.308:  80 0A BF 13 01 00 00 00 00 00 38 1F
2016-08-01 21:13:04.308:  ! IKE  --> GLO : IKE sensor status, Handbrake_On
2016-08-01 21:13:04.698:  80 0A BF 13 01 00 00 00 00 08 38 17
2016-08-01 21:13:04.698:  ! IKE  --> GLO : IKE sensor status, Handbrake_On
2016-08-01 21:13:05.010:  80 05 BF 18 00 00 22
2016-08-01 21:13:05.010:  ! IKE  --> GLO : Speed/RPM, Speed 0 km/h  [0 mph], 0 RPM
2016-08-01 21:13:05.103:  80 0A BF 13 01 00 00 00 00 00 38 1F
2016-08-01 21:13:05.103:  ! IKE  --> GLO : IKE sensor status, Handbrake_On
2016-08-01 21:13:05.524:  80 0A BF 13 01 00 00 00 00 08 38 17
2016-08-01 21:13:05.524:  ! IKE  --> GLO : IKE sensor status, Handbrake_On
2016-08-01 21:13:05.899:  80 0A BF 13 01 00 00 00 00 00 38 1F
2016-08-01 21:13:05.899:  ! IKE  --> GLO : IKE sensor status, Handbrake_On
2016-08-01 21:13:06.304:  80 0A BF 13 01 00 00 00 00 08 38 17
2016-08-01 21:13:06.304:  ! IKE  --> GLO : IKE sensor status, Handbrake_On
2016-08-01 21:13:06.679:  F0 03 68 01 9A
2016-08-01 21:13:06.679:  ! BMBT --> RAD : Device status request
2016-08-01 21:13:06.694:  68 04 FF 02 00 91
2016-08-01 21:13:06.694:  ! RAD  --> LOC : Device status ready, 
2016-08-01 21:13:06.710:  80 0A BF 13 01 00 00 00 00 00 38 1F
2016-08-01 21:13:06.710:  ! IKE  --> GLO : IKE sensor status, Handbrake_On
2016-08-01 21:13:07.006:  68 03 18 01 72
2016-08-01 21:13:07.006:  ! RAD  --> CDC : Device status request
2016-08-01 21:13:07.022:  80 05 BF 18 00 00 22
2016-08-01 21:13:07.022:  ! IKE  --> GLO : Speed/RPM, Speed 0 km/h  [0 mph], 0 RPM
2016-08-01 21:13:07.100:  80 0A BF 13 01 00 00 00 00 08 38 17
2016-08-01 21:13:07.100:  ! IKE  --> GLO : IKE sensor status, Handbrake_On
2016-08-01 21:13:07.474:  80 0A BF 13 01 00 00 00 00 00 38 1F
2016-08-01 21:13:07.474:  ! IKE  --> GLO : IKE sensor status, Handbrake_On
2016-08-01 21:13:07.880:  80 0A BF 13 01 00 00 00 00 08 38 17
2016-08-01 21:13:07.880:  ! IKE  --> GLO : IKE sensor status, Handbrake_On
2016-08-01 21:13:08.270:  80 0A BF 13 01 00 00 00 00 00 38 1F
2016-08-01 21:13:08.270:  ! IKE  --> GLO : IKE sensor status, Handbrake_On
2016-08-01 21:13:08.675:  80 0A BF 13 01 00 00 00 00 08 38 17
2016-08-01 21:13:08.675:  ! IKE  --> GLO : IKE sensor status, Handbrake_On
2016-08-01 21:13:09.003:  80 05 BF 18 00 00 22
2016-08-01 21:13:09.003:  ! IKE  --> GLO : Speed/RPM, Speed 0 km/h  [0 mph], 0 RPM
2016-08-01 21:13:09.081:  80 0A BF 13 01 00 00 00 00 00 38 1F
2016-08-01 21:13:09.081:  ! IKE  --> GLO : IKE sensor status, Handbrake_On
2016-08-01 21:13:09.486:  80 0A BF 13 01 00 00 00 00 08 38 17
2016-08-01 21:13:09.486:  ! IKE  --> GLO : IKE sensor status, Handbrake_On
2016-08-01 21:13:09.876:  80 0A BF 13 01 00 00 00 00 00 38 1F
2016-08-01 21:13:09.876:  ! IKE  --> GLO : IKE sensor status, Handbrake_On
2016-08-01 21:13:10.282:  80 0A BF 13 01 00 00 00 00 08 38 17
2016-08-01 21:13:10.282:  ! IKE  --> GLO : IKE sensor status, Handbrake_On
2016-08-01 21:13:10.672:  80 0A BF 13 01 00 00 00 00 00 38 1F
2016-08-01 21:13:10.672:  ! IKE  --> GLO : IKE sensor status, Handbrake_On
2016-08-01 21:13:11.015:  80 05 BF 18 00 00 22
2016-08-01 21:13:11.015:  ! IKE  --> GLO : Speed/RPM, Speed 0 km/h  [0 mph], 0 RPM
2016-08-01 21:13:11.031:  80 06 BF 19 1E 39 00 07
2016-08-01 21:13:11.031:  ! IKE  --> GLO : Temperature, Outside 30°C [86°F], Coolant 57°C [135°F]
2016-08-01 21:13:11.093:  80 0A BF 13 01 00 00 00 00 08 38 17
2016-08-01 21:13:11.093:  ! IKE  --> GLO : IKE sensor status, Handbrake_On
2016-08-01 21:13:11.483:  80 0A BF 13 01 00 00 00 00 00 38 1F
2016-08-01 21:13:11.483:  ! IKE  --> GLO : IKE sensor status, Handbrake_On
2016-08-01 21:13:11.889:  80 0A BF 13 01 00 00 00 00 08 38 17
2016-08-01 21:13:11.889:  ! IKE  --> GLO : IKE sensor status, Handbrake_On
2016-08-01 21:13:12.278:  80 0A BF 13 01 00 00 00 00 00 38 1F
2016-08-01 21:13:12.278:  ! IKE  --> GLO : IKE sensor status, Handbrake_On
2016-08-01 21:13:12.684:  80 0A BF 13 01 00 00 00 00 08 38 17
2016-08-01 21:13:12.684:  ! IKE  --> GLO : IKE sensor status, Handbrake_On
2016-08-01 21:13:13.012:  80 05 BF 18 00 00 22
2016-08-01 21:13:13.012:  ! IKE  --> GLO : Speed/RPM, Speed 0 km/h  [0 mph], 0 RPM
2016-08-01 21:13:13.090:  80 0A BF 13 01 00 00 00 00 00 38 1F
2016-08-01 21:13:13.090:  ! IKE  --> GLO : IKE sensor status, Handbrake_On
2016-08-01 21:13:13.480:  80 0A BF 13 01 00 00 00 00 08 38 17
2016-08-01 21:13:13.480:  ! IKE  --> GLO : IKE sensor status, Handbrake_On
2016-08-01 21:13:13.542:  5B 05 80 83 00 08 55
2016-08-01 21:13:13.542:  ! IHKA --> IKE : Air conditioning compressor status, 
2016-08-01 21:13:13.885:  80 0A BF 13 01 00 00 00 00 00 38 1F
2016-08-01 21:13:13.885:  ! IKE  --> GLO : IKE sensor status, Handbrake_On
2016-08-01 21:13:14.291:  80 0A BF 13 01 00 00 00 00 08 38 17
2016-08-01 21:13:14.291:  ! IKE  --> GLO : IKE sensor status, Handbrake_On
2016-08-01 21:13:14.681:  80 0A BF 13 01 00 00 00 00 00 38 1F
2016-08-01 21:13:14.681:  ! IKE  --> GLO : IKE sensor status, Handbrake_On
2016-08-01 21:13:15.024:  80 05 BF 18 00 00 22
2016-08-01 21:13:15.024:  ! IKE  --> GLO : Speed/RPM, Speed 0 km/h  [0 mph], 0 RPM
2016-08-01 21:13:15.086:  80 0A BF 13 01 00 00 00 00 08 38 17
2016-08-01 21:13:15.086:  ! IKE  --> GLO : IKE sensor status, Handbrake_On
2016-08-01 21:13:15.492:  80 0A BF 13 01 00 00 00 00 00 38 1F
2016-08-01 21:13:15.492:  ! IKE  --> GLO : IKE sensor status, Handbrake_On
2016-08-01 21:13:15.897:  80 0A BF 13 01 00 00 00 00 08 38 17
2016-08-01 21:13:15.897:  ! IKE  --> GLO : IKE sensor status, Handbrake_On
2016-08-01 21:13:16.303:  80 0A BF 13 01 00 00 00 00 00 38 1F
2016-08-01 21:13:16.303:  ! IKE  --> GLO : IKE sensor status, Handbrake_On
2016-08-01 21:13:16.693:  80 0A BF 13 01 00 00 00 00 08 38 17
2016-08-01 21:13:16.693:  ! IKE  --> GLO : IKE sensor status, Handbrake_On
2016-08-01 21:13:16.709:  F0 03 68 01 9A
2016-08-01 21:13:16.709:  ! BMBT --> RAD : Device status request
2016-08-01 21:13:16.724:  68 04 FF 02 00 91
2016-08-01 21:13:16.724:  ! RAD  --> LOC : Device status ready, 
2016-08-01 21:13:17.021:  80 05 BF 18 00 00 22
2016-08-01 21:13:17.021:  ! IKE  --> GLO : Speed/RPM, Speed 0 km/h  [0 mph], 0 RPM
2016-08-01 21:13:17.098:  80 0A BF 13 01 00 00 00 00 00 38 1F
2016-08-01 21:13:17.098:  ! IKE  --> GLO : IKE sensor status, Handbrake_On
2016-08-01 21:13:17.114:  68 03 18 01 72
2016-08-01 21:13:17.114:  ! RAD  --> CDC : Device status request
2016-08-01 21:13:17.488:  80 0A BF 13 01 00 00 00 00 08 38 17
2016-08-01 21:13:17.488:  ! IKE  --> GLO : IKE sensor status, Handbrake_On
2016-08-01 21:13:17.894:  80 0A BF 13 01 00 00 00 00 00 38 1F
2016-08-01 21:13:17.894:  ! IKE  --> GLO : IKE sensor status, Handbrake_On
2016-08-01 21:13:18.300:  80 0A BF 13 01 00 00 00 00 08 38 17
2016-08-01 21:13:18.300:  ! IKE  --> GLO : IKE sensor status, Handbrake_On
2016-08-01 21:13:18.705:  80 0A BF 13 01 00 00 00 00 00 38 1F
2016-08-01 21:13:18.705:  ! IKE  --> GLO : IKE sensor status, Handbrake_On
2016-08-01 21:13:19.033:  80 05 BF 18 00 00 22
2016-08-01 21:13:19.033:  ! IKE  --> GLO : Speed/RPM, Speed 0 km/h  [0 mph], 0 RPM
2016-08-01 21:13:19.111:  80 0A BF 13 01 00 00 00 00 08 38 17
2016-08-01 21:13:19.111:  ! IKE  --> GLO : IKE sensor status, Handbrake_On
2016-08-01 21:13:19.516:  80 0A BF 13 01 00 00 00 00 00 38 1F
2016-08-01 21:13:19.516:  ! IKE  --> GLO : IKE sensor status, Handbrake_On
2016-08-01 21:13:19.844:  D0 07 BF 5B 40 00 04 00 77
2016-08-01 21:13:19.844:  ! LCM  --> GLO : Lamp status, Indicator_Right Indicator_sync  All_OK
2016-08-01 21:13:19.906:  80 0A BF 13 01 00 00 00 00 08 38 17
2016-08-01 21:13:19.906:  ! IKE  --> GLO : IKE sensor status, Handbrake_On
2016-08-01 21:13:20.312:  80 0A BF 13 01 00 00 00 00 00 38 1F
2016-08-01 21:13:20.312:  ! IKE  --> GLO : IKE sensor status, Handbrake_On
2016-08-01 21:13:20.499:  D0 07 BF 5B 40 00 04 00 77
2016-08-01 21:13:20.499:  ! LCM  --> GLO : Lamp status, Indicator_Right Indicator_sync  All_OK
2016-08-01 21:13:20.717:  80 0A BF 13 01 00 00 00 00 08 38 17
2016-08-01 21:13:20.717:  ! IKE  --> GLO : IKE sensor status, Handbrake_On
2016-08-01 21:13:21.029:  80 05 BF 18 00 00 22
2016-08-01 21:13:21.029:  ! IKE  --> GLO : Speed/RPM, Speed 0 km/h  [0 mph], 0 RPM
2016-08-01 21:13:21.045:  80 06 BF 19 1E 3A 00 04
2016-08-01 21:13:21.045:  ! IKE  --> GLO : Temperature, Outside 30°C [86°F], Coolant 58°C [136°F]
2016-08-01 21:13:21.107:  80 0A BF 13 01 00 00 00 00 00 38 1F
2016-08-01 21:13:21.107:  ! IKE  --> GLO : IKE sensor status, Handbrake_On
2016-08-01 21:13:21.139:  D0 07 BF 5B 40 00 04 00 77
2016-08-01 21:13:21.139:  ! LCM  --> GLO : Lamp status, Indicator_Right Indicator_sync  All_OK
2016-08-01 21:13:21.513:  80 0A BF 13 01 00 00 00 00 08 38 17
2016-08-01 21:13:21.513:  ! IKE  --> GLO : IKE sensor status, Handbrake_On
2016-08-01 21:13:21.763:  D0 07 BF 5B 40 00 04 00 77
2016-08-01 21:13:21.763:  ! LCM  --> GLO : Lamp status, Indicator_Right Indicator_sync  All_OK
2016-08-01 21:13:21.903:  80 0A BF 13 01 00 00 00 00 00 38 1F
2016-08-01 21:13:21.903:  ! IKE  --> GLO : IKE sensor status, Handbrake_On
2016-08-01 21:13:22.308:  80 0A BF 13 01 00 00 00 00 08 38 17
2016-08-01 21:13:22.308:  ! IKE  --> GLO : IKE sensor status, Handbrake_On
2016-08-01 21:13:22.683:  80 0A BF 13 01 00 00 00 00 00 38 1F
2016-08-01 21:13:22.683:  ! IKE  --> GLO : IKE sensor status, Handbrake_On
2016-08-01 21:13:23.042:  80 05 BF 18 00 00 22
2016-08-01 21:13:23.042:  ! IKE  --> GLO : Speed/RPM, Speed 0 km/h  [0 mph], 0 RPM
2016-08-01 21:13:23.073:  80 0A BF 13 01 00 00 00 00 08 38 17
2016-08-01 21:13:23.073:  ! IKE  --> GLO : IKE sensor status, Handbrake_On
2016-08-01 21:13:23.494:  80 0A BF 13 01 00 00 00 00 00 38 1F
2016-08-01 21:13:23.494:  ! IKE  --> GLO : IKE sensor status, Handbrake_On
2016-08-01 21:13:23.868:  80 0A BF 13 01 00 00 00 00 08 38 17
2016-08-01 21:13:23.868:  ! IKE  --> GLO : IKE sensor status, Handbrake_On
2016-08-01 21:13:24.024:  5B 05 80 83 00 00 5D
2016-08-01 21:13:24.024:  ! IHKA --> IKE : Air conditioning compressor status, Off
2016-08-01 21:13:24.274:  80 0A BF 13 01 00 00 00 00 00 38 1F
2016-08-01 21:13:24.274:  ! IKE  --> GLO : IKE sensor status, Handbrake_On
2016-08-01 21:13:24.679:  80 0A BF 13 01 00 00 00 00 08 38 17
2016-08-01 21:13:24.679:  ! IKE  --> GLO : IKE sensor status, Handbrake_On
2016-08-01 21:13:24.960:  D0 07 BF 5B 40 00 04 00 77
2016-08-01 21:13:24.960:  ! LCM  --> GLO : Lamp status, Indicator_Right Indicator_sync  All_OK
2016-08-01 21:13:25.038:  80 05 BF 18 00 00 22
2016-08-01 21:13:25.038:  ! IKE  --> GLO : Speed/RPM, Speed 0 km/h  [0 mph], 0 RPM
2016-08-01 21:13:25.069:  80 0A BF 13 01 00 00 00 00 00 38 1F
2016-08-01 21:13:25.069:  ! IKE  --> GLO : IKE sensor status, Handbrake_On
2016-08-01 21:13:25.491:  80 0A BF 13 01 00 00 00 00 08 38 17
2016-08-01 21:13:25.491:  ! IKE  --> GLO : IKE sensor status, Handbrake_On
2016-08-01 21:13:25.615:  D0 07 BF 5B 40 00 04 00 77
2016-08-01 21:13:25.615:  ! LCM  --> GLO : Lamp status, Indicator_Right Indicator_sync  All_OK
2016-08-01 21:13:25.896:  80 0A BF 13 01 00 00 00 00 00 38 1F
2016-08-01 21:13:25.896:  ! IKE  --> GLO : IKE sensor status, Handbrake_On
2016-08-01 21:13:26.255:  D0 07 BF 5B 40 00 04 00 77
2016-08-01 21:13:26.255:  ! LCM  --> GLO : Lamp status, Indicator_Right Indicator_sync  All_OK
2016-08-01 21:13:26.286:  80 0A BF 13 01 00 00 00 00 08 38 17
2016-08-01 21:13:26.286:  ! IKE  --> GLO : IKE sensor status, Handbrake_On
2016-08-01 21:13:26.692:  80 0A BF 13 01 00 00 00 00 00 38 1F
2016-08-01 21:13:26.692:  ! IKE  --> GLO : IKE sensor status, Handbrake_On
2016-08-01 21:13:26.723:  F0 03 68 01 9A
2016-08-01 21:13:26.723:  ! BMBT --> RAD : Device status request
2016-08-01 21:13:26.723:  68 04 FF 02 00 91
2016-08-01 21:13:26.723:  ! RAD  --> LOC : Device status ready, 
2016-08-01 21:13:26.894:  D0 07 BF 5B 40 00 04 00 77
2016-08-01 21:13:26.894:  ! LCM  --> GLO : Lamp status, Indicator_Right Indicator_sync  All_OK
2016-08-01 21:13:27.035:  80 05 BF 18 00 00 22
2016-08-01 21:13:27.035:  ! IKE  --> GLO : Speed/RPM, Speed 0 km/h  [0 mph], 0 RPM
2016-08-01 21:13:27.097:  80 0A BF 13 01 00 00 00 00 08 38 17
2016-08-01 21:13:27.097:  ! IKE  --> GLO : IKE sensor status, Handbrake_On
2016-08-01 21:13:27.175:  68 03 18 01 72
2016-08-01 21:13:27.175:  ! RAD  --> CDC : Device status request
2016-08-01 21:13:27.487:  80 0A BF 13 01 00 00 00 00 00 38 1F
2016-08-01 21:13:27.487:  ! IKE  --> GLO : IKE sensor status, Handbrake_On
2016-08-01 21:13:27.534:  D0 07 BF 5B 40 00 04 00 77
2016-08-01 21:13:27.534:  ! LCM  --> GLO : Lamp status, Indicator_Right Indicator_sync  All_OK
2016-08-01 21:13:27.893:  80 0A BF 13 01 00 00 00 00 08 38 17
2016-08-01 21:13:27.893:  ! IKE  --> GLO : IKE sensor status, Handbrake_On
2016-08-01 21:13:28.174:  D0 07 BF 5B 40 00 04 00 77
2016-08-01 21:13:28.174:  ! LCM  --> GLO : Lamp status, Indicator_Right Indicator_sync  All_OK
2016-08-01 21:13:28.283:  80 0A BF 13 01 00 00 00 00 00 38 1F
2016-08-01 21:13:28.283:  ! IKE  --> GLO : IKE sensor status, Handbrake_On
2016-08-01 21:13:28.688:  80 0A BF 13 01 00 00 00 00 08 38 17
2016-08-01 21:13:28.688:  ! IKE  --> GLO : IKE sensor status, Handbrake_On
2016-08-01 21:13:28.813:  D0 07 BF 5B 40 00 04 00 77
2016-08-01 21:13:28.813:  ! LCM  --> GLO : Lamp status, Indicator_Right Indicator_sync  All_OK
2016-08-01 21:13:29.047:  80 05 BF 18 00 00 22
2016-08-01 21:13:29.047:  ! IKE  --> GLO : Speed/RPM, Speed 0 km/h  [0 mph], 0 RPM
2016-08-01 21:13:29.094:  80 0A BF 13 01 00 00 00 00 00 38 1F
2016-08-01 21:13:29.094:  ! IKE  --> GLO : IKE sensor status, Handbrake_On
2016-08-01 21:13:29.453:  D0 07 BF 5B 40 00 04 00 77
2016-08-01 21:13:29.453:  ! LCM  --> GLO : Lamp status, Indicator_Right Indicator_sync  All_OK
2016-08-01 21:13:29.499:  80 0A BF 13 01 00 00 00 00 08 38 17
2016-08-01 21:13:29.499:  ! IKE  --> GLO : IKE sensor status, Handbrake_On
2016-08-01 21:13:29.889:  80 0A BF 13 01 00 00 00 00 00 38 1F
2016-08-01 21:13:29.889:  ! IKE  --> GLO : IKE sensor status, Handbrake_On
2016-08-01 21:13:30.092:  D0 07 BF 5B 40 00 04 00 77
2016-08-01 21:13:30.092:  ! LCM  --> GLO : Lamp status, Indicator_Right Indicator_sync  All_OK
2016-08-01 21:13:30.295:  80 0A BF 13 01 00 00 00 00 08 38 17
2016-08-01 21:13:30.295:  ! IKE  --> GLO : IKE sensor status, Handbrake_On
2016-08-01 21:13:30.701:  80 0A BF 13 01 00 00 00 00 00 38 1F
2016-08-01 21:13:30.701:  ! IKE  --> GLO : IKE sensor status, Handbrake_On
2016-08-01 21:13:30.732:  D0 07 BF 5B 40 00 04 00 77
2016-08-01 21:13:30.732:  ! LCM  --> GLO : Lamp status, Indicator_Right Indicator_sync  All_OK
2016-08-01 21:13:31.044:  80 05 BF 18 00 00 22
2016-08-01 21:13:31.044:  ! IKE  --> GLO : Speed/RPM, Speed 0 km/h  [0 mph], 0 RPM
2016-08-01 21:13:31.075:  80 06 BF 19 1E 39 00 07
2016-08-01 21:13:31.075:  ! IKE  --> GLO : Temperature, Outside 30°C [86°F], Coolant 57°C [135°F]
2016-08-01 21:13:31.122:  80 0A BF 13 01 00 00 00 00 08 38 17
2016-08-01 21:13:31.122:  ! IKE  --> GLO : IKE sensor status, Handbrake_On
2016-08-01 21:13:31.371:  D0 07 BF 5B 40 00 04 00 77
2016-08-01 21:13:31.371:  ! LCM  --> GLO : Lamp status, Indicator_Right Indicator_sync  All_OK
2016-08-01 21:13:31.512:  80 0A BF 13 01 00 00 00 00 00 38 1F
2016-08-01 21:13:31.512:  ! IKE  --> GLO : IKE sensor status, Handbrake_On
2016-08-01 21:13:31.902:  80 0A BF 13 01 00 00 00 00 08 38 17
2016-08-01 21:13:31.902:  ! IKE  --> GLO : IKE sensor status, Handbrake_On
2016-08-01 21:13:32.011:  D0 07 BF 5B 40 00 04 00 77
2016-08-01 21:13:32.011:  ! LCM  --> GLO : Lamp status, Indicator_Right Indicator_sync  All_OK
2016-08-01 21:13:32.276:  80 0A BF 13 01 00 00 00 00 00 38 1F
2016-08-01 21:13:32.276:  ! IKE  --> GLO : IKE sensor status, Handbrake_On
2016-08-01 21:13:32.650:  D0 07 BF 5B 40 00 04 00 77
2016-08-01 21:13:32.650:  ! LCM  --> GLO : Lamp status, Indicator_Right Indicator_sync  All_OK
2016-08-01 21:13:32.682:  80 0A BF 13 01 00 00 00 00 08 38 17
2016-08-01 21:13:32.682:  ! IKE  --> GLO : IKE sensor status, Handbrake_On
2016-08-01 21:13:33.056:  80 05 BF 18 00 00 22
2016-08-01 21:13:33.056:  ! IKE  --> GLO : Speed/RPM, Speed 0 km/h  [0 mph], 0 RPM
2016-08-01 21:13:33.087:  80 0A BF 13 01 00 00 00 00 00 38 1F
2016-08-01 21:13:33.087:  ! IKE  --> GLO : IKE sensor status, Handbrake_On
2016-08-01 21:13:33.290:  D0 07 BF 5B 40 00 04 00 77
2016-08-01 21:13:33.290:  ! LCM  --> GLO : Lamp status, Indicator_Right Indicator_sync  All_OK
2016-08-01 21:13:33.477:  80 0A BF 13 01 00 00 00 00 08 38 17
2016-08-01 21:13:33.477:  ! IKE  --> GLO : IKE sensor status, Handbrake_On
2016-08-01 21:13:33.883:  80 0A BF 13 01 00 00 00 00 00 38 1F
2016-08-01 21:13:33.883:  ! IKE  --> GLO : IKE sensor status, Handbrake_On
2016-08-01 21:13:33.930:  D0 07 BF 5B 40 00 04 00 77
2016-08-01 21:13:33.930:  ! LCM  --> GLO : Lamp status, Indicator_Right Indicator_sync  All_OK
2016-08-01 21:13:34.273:  80 0A BF 13 01 00 00 00 00 08 38 17
2016-08-01 21:13:34.273:  ! IKE  --> GLO : IKE sensor status, Handbrake_On
2016-08-01 21:13:34.522:  5B 05 80 83 00 08 55
2016-08-01 21:13:34.522:  ! IHKA --> IKE : Air conditioning compressor status, 
2016-08-01 21:13:34.569:  D0 07 BF 5B 40 00 04 00 77
2016-08-01 21:13:34.569:  ! LCM  --> GLO : Lamp status, Indicator_Right Indicator_sync  All_OK
2016-08-01 21:13:34.694:  80 0A BF 13 01 00 00 00 00 00 38 1F
2016-08-01 21:13:34.694:  ! IKE  --> GLO : IKE sensor status, Handbrake_On
2016-08-01 21:13:35.068:  80 05 BF 18 00 00 22
2016-08-01 21:13:35.068:  ! IKE  --> GLO : Speed/RPM, Speed 0 km/h  [0 mph], 0 RPM
2016-08-01 21:13:35.084:  80 0A BF 13 01 00 00 00 00 08 38 17
2016-08-01 21:13:35.084:  ! IKE  --> GLO : IKE sensor status, Handbrake_On
2016-08-01 21:13:35.209:  D0 07 BF 5B 40 00 04 00 77
2016-08-01 21:13:35.209:  ! LCM  --> GLO : Lamp status, Indicator_Right Indicator_sync  All_OK
2016-08-01 21:13:35.521:  80 0A BF 13 01 00 00 00 00 00 38 1F
2016-08-01 21:13:35.521:  ! IKE  --> GLO : IKE sensor status, Handbrake_On
2016-08-01 21:13:35.864:  D0 07 BF 5B 40 00 04 00 77
2016-08-01 21:13:35.864:  ! LCM  --> GLO : Lamp status, Indicator_Right Indicator_sync  All_OK
2016-08-01 21:13:35.911:  80 0A BF 13 01 00 00 00 00 08 38 17
2016-08-01 21:13:35.911:  ! IKE  --> GLO : IKE sensor status, Handbrake_On
2016-08-01 21:13:36.316:  80 0A BF 13 01 00 00 00 00 00 38 1F
2016-08-01 21:13:36.316:  ! IKE  --> GLO : IKE sensor status, Handbrake_On
2016-08-01 21:13:36.488:  D0 07 BF 5B 40 00 04 00 77
2016-08-01 21:13:36.488:  ! LCM  --> GLO : Lamp status, Indicator_Right Indicator_sync  All_OK
2016-08-01 21:13:36.706:  80 0A BF 13 01 00 00 00 00 08 38 17
2016-08-01 21:13:36.706:  ! IKE  --> GLO : IKE sensor status, Handbrake_On
2016-08-01 21:13:36.737:  F0 03 68 01 9A
2016-08-01 21:13:36.737:  ! BMBT --> RAD : Device status request
2016-08-01 21:13:36.753:  68 04 FF 02 00 91
2016-08-01 21:13:36.753:  ! RAD  --> LOC : Device status ready, 
2016-08-01 21:13:37.065:  80 05 BF 18 00 00 22
2016-08-01 21:13:37.065:  ! IKE  --> GLO : Speed/RPM, Speed 0 km/h  [0 mph], 0 RPM
2016-08-01 21:13:37.112:  80 0A BF 13 01 00 00 00 00 00 38 1F
2016-08-01 21:13:37.112:  ! IKE  --> GLO : IKE sensor status, Handbrake_On
2016-08-01 21:13:37.127:  D0 07 BF 5B 40 00 04 00 77
2016-08-01 21:13:37.127:  ! LCM  --> GLO : Lamp status, Indicator_Right Indicator_sync  All_OK
2016-08-01 21:13:37.268:  68 03 18 01 72
2016-08-01 21:13:37.268:  ! RAD  --> CDC : Device status request
2016-08-01 21:13:37.517:  80 0A BF 13 01 00 00 00 00 08 38 17
2016-08-01 21:13:37.517:  ! IKE  --> GLO : IKE sensor status, Handbrake_On
2016-08-01 21:13:37.767:  D0 07 BF 5B 40 00 04 00 77
2016-08-01 21:13:37.767:  ! LCM  --> GLO : Lamp status, Indicator_Right Indicator_sync  All_OK
2016-08-01 21:13:37.907:  80 0A BF 13 01 00 00 00 00 00 38 1F
2016-08-01 21:13:37.907:  ! IKE  --> GLO : IKE sensor status, Handbrake_On
2016-08-01 21:13:38.313:  80 0A BF 13 01 00 00 00 00 08 38 17
2016-08-01 21:13:38.313:  ! IKE  --> GLO : IKE sensor status, Handbrake_On
2016-08-01 21:13:38.406:  D0 07 BF 5B 40 00 04 00 77
2016-08-01 21:13:38.406:  ! LCM  --> GLO : Lamp status, Indicator_Right Indicator_sync  All_OK
2016-08-01 21:13:38.718:  80 0A BF 13 01 00 00 00 00 00 38 1F
2016-08-01 21:13:38.718:  ! IKE  --> GLO : IKE sensor status, Handbrake_On
2016-08-01 21:13:39.046:  D0 07 BF 5B 40 00 04 00 77
2016-08-01 21:13:39.046:  ! LCM  --> GLO : Lamp status, Indicator_Right Indicator_sync  All_OK
2016-08-01 21:13:39.062:  80 05 BF 18 00 00 22
2016-08-01 21:13:39.062:  ! IKE  --> GLO : Speed/RPM, Speed 0 km/h  [0 mph], 0 RPM
2016-08-01 21:13:39.124:  80 0A BF 13 01 00 00 00 00 08 38 17
2016-08-01 21:13:39.124:  ! IKE  --> GLO : IKE sensor status, Handbrake_On
2016-08-01 21:13:39.514:  80 0A BF 13 01 00 00 00 00 00 38 1F
2016-08-01 21:13:39.514:  ! IKE  --> GLO : IKE sensor status, Handbrake_On
2016-08-01 21:13:39.686:  D0 07 BF 5B 40 00 04 00 77
2016-08-01 21:13:39.686:  ! LCM  --> GLO : Lamp status, Indicator_Right Indicator_sync  All_OK
2016-08-01 21:13:39.919:  80 0A BF 13 01 00 00 00 00 08 38 17
2016-08-01 21:13:39.919:  ! IKE  --> GLO : IKE sensor status, Handbrake_On
2016-08-01 21:13:40.325:  80 0A BF 13 01 00 00 00 00 00 38 1F
2016-08-01 21:13:40.325:  ! IKE  --> GLO : IKE sensor status, Handbrake_On
2016-08-01 21:13:40.341:  D0 07 BF 5B 40 00 04 00 77
2016-08-01 21:13:40.341:  ! LCM  --> GLO : Lamp status, Indicator_Right Indicator_sync  All_OK
2016-08-01 21:13:40.684:  80 0A BF 13 01 00 00 00 00 08 38 17
2016-08-01 21:13:40.684:  ! IKE  --> GLO : IKE sensor status, Handbrake_On
2016-08-01 21:13:40.965:  D0 07 BF 5B 40 00 04 00 77
2016-08-01 21:13:40.965:  ! LCM  --> GLO : Lamp status, Indicator_Right Indicator_sync  All_OK
2016-08-01 21:13:41.074:  80 0A BF 13 01 00 00 00 00 00 38 1F
2016-08-01 21:13:41.074:  ! IKE  --> GLO : IKE sensor status, Handbrake_On
2016-08-01 21:13:41.089:  80 05 BF 18 00 00 22
2016-08-01 21:13:41.089:  ! IKE  --> GLO : Speed/RPM, Speed 0 km/h  [0 mph], 0 RPM
2016-08-01 21:13:41.121:  80 06 BF 19 1E 3A 00 04
2016-08-01 21:13:41.121:  ! IKE  --> GLO : Temperature, Outside 30°C [86°F], Coolant 58°C [136°F]
2016-08-01 21:13:41.479:  80 0A BF 13 01 00 00 00 00 08 38 17
2016-08-01 21:13:41.479:  ! IKE  --> GLO : IKE sensor status, Handbrake_On
2016-08-01 21:13:41.604:  D0 07 BF 5B 40 00 04 00 77
2016-08-01 21:13:41.604:  ! LCM  --> GLO : Lamp status, Indicator_Right Indicator_sync  All_OK
2016-08-01 21:13:41.869:  80 0A BF 13 01 00 00 00 00 00 38 1F
2016-08-01 21:13:41.869:  ! IKE  --> GLO : IKE sensor status, Handbrake_On
2016-08-01 21:13:42.244:  D0 07 BF 5B 40 00 04 00 77
2016-08-01 21:13:42.244:  ! LCM  --> GLO : Lamp status, Indicator_Right Indicator_sync  All_OK
2016-08-01 21:13:42.275:  80 0A BF 13 01 00 00 00 00 08 38 17
2016-08-01 21:13:42.275:  ! IKE  --> GLO : IKE sensor status, Handbrake_On
2016-08-01 21:13:42.681:  80 0A BF 13 01 00 00 00 00 00 38 1F
2016-08-01 21:13:42.681:  ! IKE  --> GLO : IKE sensor status, Handbrake_On
2016-08-01 21:13:42.852:  D0 07 BF 5B 60 00 00 00 53
2016-08-01 21:13:42.852:  ! LCM  --> GLO : Lamp status, Indicator_Left Indicator_Right  All_OK
2016-08-01 21:13:42.883:  D0 07 BF 5B 60 00 04 00 57
2016-08-01 21:13:42.883:  ! LCM  --> GLO : Lamp status, Indicator_Left Indicator_Right Indicator_sync  All_OK
2016-08-01 21:13:43.086:  80 0A BF 13 01 00 00 00 00 08 38 17
2016-08-01 21:13:43.086:  ! IKE  --> GLO : IKE sensor status, Handbrake_On
2016-08-01 21:13:43.102:  80 05 BF 18 00 00 22
2016-08-01 21:13:43.102:  ! IKE  --> GLO : Speed/RPM, Speed 0 km/h  [0 mph], 0 RPM
2016-08-01 21:13:43.492:  80 0A BF 13 01 00 00 00 00 00 38 1F
2016-08-01 21:13:43.492:  ! IKE  --> GLO : IKE sensor status, Handbrake_On
2016-08-01 21:13:43.523:  D0 07 BF 5B 60 00 04 00 57
2016-08-01 21:13:43.523:  ! LCM  --> GLO : Lamp status, Indicator_Left Indicator_Right Indicator_sync  All_OK
2016-08-01 21:13:43.882:  80 0A BF 13 01 00 00 00 00 08 38 17
2016-08-01 21:13:43.882:  ! IKE  --> GLO : IKE sensor status, Handbrake_On
2016-08-01 21:13:44.162:  D0 07 BF 5B 60 00 04 00 57
2016-08-01 21:13:44.162:  ! LCM  --> GLO : Lamp status, Indicator_Left Indicator_Right Indicator_sync  All_OK
2016-08-01 21:13:44.287:  80 0A BF 13 01 00 00 00 00 00 38 1F
2016-08-01 21:13:44.287:  ! IKE  --> GLO : IKE sensor status, Handbrake_On
2016-08-01 21:13:44.693:  80 0A BF 13 01 00 00 00 00 08 38 17
2016-08-01 21:13:44.693:  ! IKE  --> GLO : IKE sensor status, Handbrake_On
2016-08-01 21:13:44.755:  D0 07 BF 5B 40 00 00 00 73
2016-08-01 21:13:44.755:  ! LCM  --> GLO : Lamp status, Indicator_Right  All_OK
2016-08-01 21:13:44.802:  D0 07 BF 5B 40 00 04 00 77
2016-08-01 21:13:44.802:  ! LCM  --> GLO : Lamp status, Indicator_Right Indicator_sync  All_OK
2016-08-01 21:13:45.005:  5B 05 80 83 00 00 5D
2016-08-01 21:13:45.005:  ! IHKA --> IKE : Air conditioning compressor status, Off
2016-08-01 21:13:45.067:  80 05 BF 18 00 00 22
2016-08-01 21:13:45.067:  ! IKE  --> GLO : Speed/RPM, Speed 0 km/h  [0 mph], 0 RPM
2016-08-01 21:13:45.098:  80 0A BF 13 01 00 00 00 00 00 38 1F
2016-08-01 21:13:45.098:  ! IKE  --> GLO : IKE sensor status, Handbrake_On
2016-08-01 21:13:45.442:  D0 07 BF 5B 40 00 04 00 77
2016-08-01 21:13:45.442:  ! LCM  --> GLO : Lamp status, Indicator_Right Indicator_sync  All_OK
2016-08-01 21:13:45.504:  80 0A BF 13 01 00 00 00 00 08 38 17
2016-08-01 21:13:45.504:  ! IKE  --> GLO : IKE sensor status, Handbrake_On
2016-08-01 21:13:45.894:  80 0A BF 13 01 00 00 00 00 00 38 1F
2016-08-01 21:13:45.894:  ! IKE  --> GLO : IKE sensor status, Handbrake_On
2016-08-01 21:13:46.097:  D0 07 BF 5B 40 00 04 00 77
2016-08-01 21:13:46.097:  ! LCM  --> GLO : Lamp status, Indicator_Right Indicator_sync  All_OK
2016-08-01 21:13:46.299:  80 0A BF 13 01 00 00 00 00 08 38 17
2016-08-01 21:13:46.299:  ! IKE  --> GLO : IKE sensor status, Handbrake_On
2016-08-01 21:13:46.705:  80 0A BF 13 01 00 00 00 00 00 38 1F
2016-08-01 21:13:46.705:  ! IKE  --> GLO : IKE sensor status, Handbrake_On
2016-08-01 21:13:46.736:  D0 07 BF 5B 40 00 04 00 77
2016-08-01 21:13:46.736:  ! LCM  --> GLO : Lamp status, Indicator_Right Indicator_sync  All_OK
2016-08-01 21:13:46.767:  F0 03 68 01 9A
2016-08-01 21:13:46.767:  ! BMBT --> RAD : Device status request
2016-08-01 21:13:46.767:  68 04 FF 02 00 91
2016-08-01 21:13:46.767:  ! RAD  --> LOC : Device status ready, 
2016-08-01 21:13:47.095:  80 0A BF 13 01 00 00 00 00 08 38 17
2016-08-01 21:13:47.095:  ! IKE  --> GLO : IKE sensor status, Handbrake_On
2016-08-01 21:13:47.126:  80 05 BF 18 00 00 22
2016-08-01 21:13:47.126:  ! IKE  --> GLO : Speed/RPM, Speed 0 km/h  [0 mph], 0 RPM
2016-08-01 21:13:47.360:  68 03 18 01 72
2016-08-01 21:13:47.360:  ! RAD  --> CDC : Device status request
2016-08-01 21:13:47.391:  D0 07 BF 5B 40 00 04 00 77
2016-08-01 21:13:47.391:  ! LCM  --> GLO : Lamp status, Indicator_Right Indicator_sync  All_OK
2016-08-01 21:13:47.501:  80 0A BF 13 01 00 00 00 00 00 38 1F
2016-08-01 21:13:47.501:  ! IKE  --> GLO : IKE sensor status, Handbrake_On
2016-08-01 21:13:47.906:  80 0A BF 13 01 00 00 00 00 08 38 17
2016-08-01 21:13:47.906:  ! IKE  --> GLO : IKE sensor status, Handbrake_On
2016-08-01 21:13:48.000:  D0 07 BF 5B 40 00 04 00 77
2016-08-01 21:13:48.000:  ! LCM  --> GLO : Lamp status, Indicator_Right Indicator_sync  All_OK
2016-08-01 21:13:48.296:  80 0A BF 13 01 00 00 00 00 00 38 1F
2016-08-01 21:13:48.296:  ! IKE  --> GLO : IKE sensor status, Handbrake_On
2016-08-01 21:13:48.639:  D0 07 BF 5B 40 00 04 00 77
2016-08-01 21:13:48.639:  ! LCM  --> GLO : Lamp status, Indicator_Right Indicator_sync  All_OK
2016-08-01 21:13:48.702:  80 0A BF 13 01 00 00 00 00 08 38 17
2016-08-01 21:13:48.702:  ! IKE  --> GLO : IKE sensor status, Handbrake_On
2016-08-01 21:13:49.092:  80 05 BF 18 00 00 22
2016-08-01 21:13:49.092:  ! IKE  --> GLO : Speed/RPM, Speed 0 km/h  [0 mph], 0 RPM
2016-08-01 21:13:49.107:  80 0A BF 13 01 00 00 00 00 00 38 1F
2016-08-01 21:13:49.107:  ! IKE  --> GLO : IKE sensor status, Handbrake_On
2016-08-01 21:13:49.279:  D0 07 BF 5B 40 00 04 00 77
2016-08-01 21:13:49.279:  ! LCM  --> GLO : Lamp status, Indicator_Right Indicator_sync  All_OK
2016-08-01 21:13:49.513:  80 0A BF 13 01 00 00 00 00 08 38 17
2016-08-01 21:13:49.513:  ! IKE  --> GLO : IKE sensor status, Handbrake_On
2016-08-01 21:13:49.918:  80 0A BF 13 01 00 00 00 00 00 38 1F
2016-08-01 21:13:49.918:  ! IKE  --> GLO : IKE sensor status, Handbrake_On
2016-08-01 21:13:49.934:  D0 07 BF 5B 40 00 04 00 77
2016-08-01 21:13:49.934:  ! LCM  --> GLO : Lamp status, Indicator_Right Indicator_sync  All_OK
2016-08-01 21:13:50.308:  80 0A BF 13 01 00 00 00 00 08 38 17
2016-08-01 21:13:50.308:  ! IKE  --> GLO : IKE sensor status, Handbrake_On
2016-08-01 21:13:50.574:  D0 07 BF 5B 40 00 04 00 77
2016-08-01 21:13:50.574:  ! LCM  --> GLO : Lamp status, Indicator_Right Indicator_sync  All_OK
2016-08-01 21:13:50.714:  80 0A BF 13 01 00 00 00 00 00 38 1F
2016-08-01 21:13:50.714:  ! IKE  --> GLO : IKE sensor status, Handbrake_On
2016-08-01 21:13:51.088:  80 05 BF 18 00 00 22
2016-08-01 21:13:51.088:  ! IKE  --> GLO : Speed/RPM, Speed 0 km/h  [0 mph], 0 RPM
2016-08-01 21:13:51.120:  80 06 BF 19 1E 3A 00 04
2016-08-01 21:13:51.120:  ! IKE  --> GLO : Temperature, Outside 30°C [86°F], Coolant 58°C [136°F]
2016-08-01 21:13:51.135:  80 0A BF 13 01 00 00 00 00 08 38 17
2016-08-01 21:13:51.135:  ! IKE  --> GLO : IKE sensor status, Handbrake_On
2016-08-01 21:13:51.213:  D0 07 BF 5B 40 00 04 00 77
2016-08-01 21:13:51.213:  ! LCM  --> GLO : Lamp status, Indicator_Right Indicator_sync  All_OK
2016-08-01 21:13:51.478:  80 0A BF 13 01 00 00 00 00 00 38 1F
2016-08-01 21:13:51.478:  ! IKE  --> GLO : IKE sensor status, Handbrake_On
2016-08-01 21:13:51.837:  D0 07 BF 5B 40 00 04 00 77
2016-08-01 21:13:51.837:  ! LCM  --> GLO : Lamp status, Indicator_Right Indicator_sync  All_OK
2016-08-01 21:13:51.884:  80 0A BF 13 01 00 00 00 00 08 38 17
2016-08-01 21:13:51.884:  ! IKE  --> GLO : IKE sensor status, Handbrake_On
2016-08-01 21:13:52.274:  80 0A BF 13 01 00 00 00 00 00 38 1F
2016-08-01 21:13:52.274:  ! IKE  --> GLO : IKE sensor status, Handbrake_On
2016-08-01 21:13:52.399:  D0 07 BF 5B 00 00 00 00 33
2016-08-01 21:13:52.399:  ! LCM  --> GLO : Lamp status, All_Off  All_OK
2016-08-01 21:13:52.679:  80 0A BF 13 01 00 00 00 00 08 38 17
2016-08-01 21:13:52.679:  ! IKE  --> GLO : IKE sensor status, Handbrake_On
2016-08-01 21:13:52.711:  D0 07 BF 5B 00 00 00 00 33
2016-08-01 21:13:52.711:  ! LCM  --> GLO : Lamp status, All_Off  All_OK
2016-08-01 21:13:53.085:  80 0A BF 13 01 00 00 00 00 00 38 1F
2016-08-01 21:13:53.085:  ! IKE  --> GLO : IKE sensor status, Handbrake_On
2016-08-01 21:13:53.101:  80 05 BF 18 00 00 22
2016-08-01 21:13:53.101:  ! IKE  --> GLO : Speed/RPM, Speed 0 km/h  [0 mph], 0 RPM
2016-08-01 21:13:53.475:  80 0A BF 13 01 00 00 00 00 08 38 17
2016-08-01 21:13:53.475:  ! IKE  --> GLO : IKE sensor status, Handbrake_On
2016-08-01 21:13:53.881:  80 0A BF 13 01 00 00 00 00 00 38 1F
2016-08-01 21:13:53.881:  ! IKE  --> GLO : IKE sensor status, Handbrake_On
2016-08-01 21:13:54.270:  80 0A BF 13 01 00 00 00 00 08 38 17
2016-08-01 21:13:54.270:  ! IKE  --> GLO : IKE sensor status, Handbrake_On
2016-08-01 21:13:54.692:  80 0A BF 13 01 00 00 00 00 00 38 1F
2016-08-01 21:13:54.692:  ! IKE  --> GLO : IKE sensor status, Handbrake_On
2016-08-01 21:13:55.097:  80 0A BF 13 01 00 00 00 00 08 38 17
2016-08-01 21:13:55.097:  ! IKE  --> GLO : IKE sensor status, Handbrake_On
2016-08-01 21:13:55.128:  80 05 BF 18 00 00 22
2016-08-01 21:13:55.128:  ! IKE  --> GLO : Speed/RPM, Speed 0 km/h  [0 mph], 0 RPM
2016-08-01 21:13:55.487:  5B 05 80 83 00 08 55
2016-08-01 21:13:55.487:  ! IHKA --> IKE : Air conditioning compressor status, 
2016-08-01 21:13:55.518:  80 0A BF 13 01 00 00 00 00 00 38 1F
2016-08-01 21:13:55.518:  ! IKE  --> GLO : IKE sensor status, Handbrake_On
2016-08-01 21:13:55.721:  D0 07 BF 5B 00 00 00 00 33
2016-08-01 21:13:55.721:  ! LCM  --> GLO : Lamp status, All_Off  All_OK
2016-08-01 21:13:55.908:  80 0A BF 13 01 00 00 00 00 08 38 17
2016-08-01 21:13:55.908:  ! IKE  --> GLO : IKE sensor status, Handbrake_On
2016-08-01 21:13:56.314:  80 0A BF 13 01 00 00 00 00 00 38 1F
2016-08-01 21:13:56.314:  ! IKE  --> GLO : IKE sensor status, Handbrake_On
2016-08-01 21:13:56.704:  80 0A BF 13 01 00 00 00 00 08 38 17
2016-08-01 21:13:56.704:  ! IKE  --> GLO : IKE sensor status, Handbrake_On
2016-08-01 21:13:56.751:  F0 03 68 01 9A
2016-08-01 21:13:56.751:  ! BMBT --> RAD : Device status request
2016-08-01 21:13:56.766:  68 04 FF 02 00 91
2016-08-01 21:13:56.766:  ! RAD  --> LOC : Device status ready, 
2016-08-01 21:13:57.109:  80 0A BF 13 01 00 00 00 00 00 38 1F
2016-08-01 21:13:57.109:  ! IKE  --> GLO : IKE sensor status, Handbrake_On
2016-08-01 21:13:57.141:  80 05 BF 18 00 00 22
2016-08-01 21:13:57.141:  ! IKE  --> GLO : Speed/RPM, Speed 0 km/h  [0 mph], 0 RPM
2016-08-01 21:13:57.453:  68 03 18 01 72
2016-08-01 21:13:57.453:  ! RAD  --> CDC : Device status request
2016-08-01 21:13:57.484:  80 0A BF 13 01 00 00 00 00 08 38 17
2016-08-01 21:13:57.484:  ! IKE  --> GLO : IKE sensor status, Handbrake_On
2016-08-01 21:13:57.874:  80 0A BF 13 01 00 00 00 00 00 38 1F
2016-08-01 21:13:57.874:  ! IKE  --> GLO : IKE sensor status, Handbrake_On
2016-08-01 21:13:58.279:  80 0A BF 13 01 00 00 00 00 08 38 17
2016-08-01 21:13:58.279:  ! IKE  --> GLO : IKE sensor status, Handbrake_On
2016-08-01 21:13:58.685:  80 0A BF 13 01 00 00 00 00 00 38 1F
2016-08-01 21:13:58.685:  ! IKE  --> GLO : IKE sensor status, Handbrake_On
2016-08-01 21:13:58.716:  D0 07 BF 5B 00 00 00 00 33
2016-08-01 21:13:58.716:  ! LCM  --> GLO : Lamp status, All_Off  All_OK
2016-08-01 21:13:59.075:  80 0A BF 13 01 00 00 00 00 08 38 17
2016-08-01 21:13:59.075:  ! IKE  --> GLO : IKE sensor status, Handbrake_On
2016-08-01 21:13:59.106:  80 05 BF 18 00 00 22
2016-08-01 21:13:59.106:  ! IKE  --> GLO : Speed/RPM, Speed 0 km/h  [0 mph], 0 RPM
2016-08-01 21:13:59.481:  80 0A BF 13 01 00 00 00 00 00 38 1F
2016-08-01 21:13:59.481:  ! IKE  --> GLO : IKE sensor status, Handbrake_On
2016-08-01 21:13:59.886:  80 0A BF 13 01 00 00 00 00 08 38 17
2016-08-01 21:13:59.886:  ! IKE  --> GLO : IKE sensor status, Handbrake_On
2016-08-01 21:14:00.276:  80 0A BF 13 01 00 00 00 00 00 38 1F
2016-08-01 21:14:00.276:  ! IKE  --> GLO : IKE sensor status, Handbrake_On
2016-08-01 21:14:00.510:  ! NavCoder logging stopped, NavCoder closed
2016-08-01 21:14:00.510:  !
