2016-08-01 21:18:40.353:  !
2016-08-01 21:18:40.353:  ! NavCoder v2.9.183.Beta [EN-US] [i/k-bus] logging started
2016-08-01 21:18:40.353:  ! Running on Windows 7 Ultimate Edition, 32-bit (Service Pack 1)  [en-US]
2016-08-01 21:18:40.353:  ! [Debug Mode]
2016-08-01 21:18:40.353:  ! [Procotol = Auto]
2016-08-01 21:18:40.355:  ! Script: Setting Scripting state to Off
2016-08-01 21:18:40.507:  ! showBatteryVoltage: Nave not alive, exiting...
2016-08-01 21:18:59.482:  ! Setting COM port parameters for COM2
2016-08-01 21:18:59.526:  ! COM2 opened
2016-08-01 21:18:59.541:  80 0A BF 13 01 00 00 00 00 08 38 17
2016-08-01 21:18:59.541:  ! IKE  --> GLO : IKE sensor status, Handbrake_On
2016-08-01 21:18:59.602:  D0 07 BF 5B 00 00 00 00 33
2016-08-01 21:18:59.602:  ! LCM  --> GLO : Lamp status, All_Off  All_OK
2016-08-01 21:18:59.673:  80 05 BF 18 00 00 22
2016-08-01 21:18:59.673:  ! IKE  --> GLO : Speed/RPM, Speed 0 km/h  [0 mph], 0 RPM
2016-08-01 21:18:59.688:  5B 05 80 83 00 00 5D
2016-08-01 21:18:59.688:  ! IHKA --> IKE : Air conditioning compressor status, Off
2016-08-01 21:18:59.937:  80 0A BF 13 01 00 00 00 00 00 38 1F
2016-08-01 21:18:59.937:  ! IKE  --> GLO : IKE sensor status, Handbrake_On
2016-08-01 21:19:00.176:  68 03 18 01 72
2016-08-01 21:19:00.176:  ! RAD  --> CDC : Device status request
2016-08-01 21:19:00.344:  80 0A BF 13 01 00 00 00 00 08 38 17
2016-08-01 21:19:00.344:  ! IKE  --> GLO : IKE sensor status, Handbrake_On
2016-08-01 21:19:00.735:  80 0A BF 13 01 00 00 00 00 00 38 1F
2016-08-01 21:19:00.735:  ! IKE  --> GLO : IKE sensor status, Handbrake_On
2016-08-01 21:19:01.131:  80 0A BF 13 01 00 00 00 00 08 38 17
2016-08-01 21:19:01.131:  ! IKE  --> GLO : IKE sensor status, Handbrake_On
2016-08-01 21:19:01.539:  80 0A BF 13 01 00 00 00 00 00 38 1F
2016-08-01 21:19:01.539:  ! IKE  --> GLO : IKE sensor status, Handbrake_On
2016-08-01 21:19:01.667:  80 05 BF 18 00 00 22
2016-08-01 21:19:01.667:  ! IKE  --> GLO : Speed/RPM, Speed 0 km/h  [0 mph], 0 RPM
2016-08-01 21:19:01.683:  80 06 BF 19 1D 39 00 04
2016-08-01 21:19:01.683:  ! IKE  --> GLO : Temperature, Outside 29°C [84°F], Coolant 57°C [135°F]
2016-08-01 21:19:01.933:  80 0A BF 13 01 00 00 00 00 08 38 17
2016-08-01 21:19:01.933:  ! IKE  --> GLO : IKE sensor status, Handbrake_On
2016-08-01 21:19:02.311:  80 0A BF 13 01 00 00 00 00 00 38 1F
2016-08-01 21:19:02.311:  ! IKE  --> GLO : IKE sensor status, Handbrake_On
2016-08-01 21:19:02.619:  D0 07 BF 5B 00 00 00 00 33
2016-08-01 21:19:02.619:  ! LCM  --> GLO : Lamp status, All_Off  All_OK
2016-08-01 21:19:02.704:  80 0A BF 13 01 00 00 00 00 08 38 17
2016-08-01 21:19:02.704:  ! IKE  --> GLO : IKE sensor status, Handbrake_On
2016-08-01 21:19:03.115:  80 0A BF 13 01 00 00 00 00 00 38 1F
2016-08-01 21:19:03.115:  ! IKE  --> GLO : IKE sensor status, Handbrake_On
2016-08-01 21:19:03.496:  80 0A BF 13 01 00 00 00 00 08 38 17
2016-08-01 21:19:03.496:  ! IKE  --> GLO : IKE sensor status, Handbrake_On
2016-08-01 21:19:03.680:  80 05 BF 18 00 00 22
2016-08-01 21:19:03.680:  ! IKE  --> GLO : Speed/RPM, Speed 0 km/h  [0 mph], 0 RPM
2016-08-01 21:19:03.908:  80 0A BF 13 01 00 00 00 00 00 38 1F
2016-08-01 21:19:03.908:  ! IKE  --> GLO : IKE sensor status, Handbrake_On
2016-08-01 21:19:04.299:  80 0A BF 13 01 00 00 00 00 08 38 17
2016-08-01 21:19:04.299:  ! IKE  --> GLO : IKE sensor status, Handbrake_On
2016-08-01 21:19:04.700:  80 0A BF 13 01 00 00 00 00 00 38 1F
2016-08-01 21:19:04.700:  ! IKE  --> GLO : IKE sensor status, Handbrake_On
2016-08-01 21:19:05.104:  80 0A BF 13 01 00 00 00 00 08 38 17
2016-08-01 21:19:05.104:  ! IKE  --> GLO : IKE sensor status, Handbrake_On
2016-08-01 21:19:05.518:  80 0A BF 13 01 00 00 00 00 00 38 1F
2016-08-01 21:19:05.518:  ! IKE  --> GLO : IKE sensor status, Handbrake_On
2016-08-01 21:19:05.627:  D0 07 BF 5B 00 00 00 00 33
2016-08-01 21:19:05.627:  ! LCM  --> GLO : Lamp status, All_Off  All_OK
2016-08-01 21:19:05.686:  80 05 BF 18 00 00 22
2016-08-01 21:19:05.686:  ! IKE  --> GLO : Speed/RPM, Speed 0 km/h  [0 mph], 0 RPM
2016-08-01 21:19:05.919:  80 0A BF 13 01 00 00 00 00 08 38 17
2016-08-01 21:19:05.919:  ! IKE  --> GLO : IKE sensor status, Handbrake_On
2016-08-01 21:19:06.316:  80 0A BF 13 01 00 00 00 00 00 38 1F
2016-08-01 21:19:06.316:  ! IKE  --> GLO : IKE sensor status, Handbrake_On
2016-08-01 21:19:06.721:  80 0A BF 13 01 00 00 00 00 08 38 17
2016-08-01 21:19:06.721:  ! IKE  --> GLO : IKE sensor status, Handbrake_On
2016-08-01 21:19:07.112:  80 0A BF 13 01 00 00 00 00 00 38 1F
2016-08-01 21:19:07.113:  ! IKE  --> GLO : IKE sensor status, Handbrake_On
2016-08-01 21:19:07.242:  F0 03 68 01 9A
2016-08-01 21:19:07.242:  ! BMBT --> RAD : Device status request
2016-08-01 21:19:07.258:  68 04 FF 02 00 91
2016-08-01 21:19:07.258:  ! RAD  --> LOC : Device status ready, 
2016-08-01 21:19:07.522:  80 0A BF 13 01 00 00 00 00 08 38 17
2016-08-01 21:19:07.522:  ! IKE  --> GLO : IKE sensor status, Handbrake_On
2016-08-01 21:19:07.678:  80 05 BF 18 00 00 22
2016-08-01 21:19:07.678:  ! IKE  --> GLO : Speed/RPM, Speed 0 km/h  [0 mph], 0 RPM
2016-08-01 21:19:07.924:  80 0A BF 13 01 00 00 00 00 00 38 1F
2016-08-01 21:19:07.924:  ! IKE  --> GLO : IKE sensor status, Handbrake_On
2016-08-01 21:19:08.325:  80 0A BF 13 01 00 00 00 00 08 38 17
2016-08-01 21:19:08.325:  ! IKE  --> GLO : IKE sensor status, Handbrake_On
2016-08-01 21:19:08.634:  D0 07 BF 5B 00 00 00 00 33
2016-08-01 21:19:08.634:  ! LCM  --> GLO : Lamp status, All_Off  All_OK
2016-08-01 21:19:08.726:  80 0A BF 13 01 00 00 00 00 00 38 1F
2016-08-01 21:19:08.726:  ! IKE  --> GLO : IKE sensor status, Handbrake_On
2016-08-01 21:19:09.117:  80 0A BF 13 01 00 00 00 00 08 38 17
2016-08-01 21:19:09.117:  ! IKE  --> GLO : IKE sensor status, Handbrake_On
2016-08-01 21:19:09.529:  80 0A BF 13 01 00 00 00 00 00 38 1F
2016-08-01 21:19:09.529:  ! IKE  --> GLO : IKE sensor status, Handbrake_On
2016-08-01 21:19:09.681:  80 05 BF 18 00 00 22
2016-08-01 21:19:09.681:  ! IKE  --> GLO : Speed/RPM, Speed 0 km/h  [0 mph], 0 RPM
2016-08-01 21:19:09.930:  80 0A BF 13 01 00 00 00 00 08 38 17
2016-08-01 21:19:09.930:  ! IKE  --> GLO : IKE sensor status, Handbrake_On
2016-08-01 21:19:10.164:  5B 05 80 83 00 08 55
2016-08-01 21:19:10.165:  ! IHKA --> IKE : Air conditioning compressor status, 
2016-08-01 21:19:10.269:  68 03 18 01 72
2016-08-01 21:19:10.269:  ! RAD  --> CDC : Device status request
2016-08-01 21:19:10.322:  80 0A BF 13 01 00 00 00 00 00 38 1F
2016-08-01 21:19:10.322:  ! IKE  --> GLO : IKE sensor status, Handbrake_On
2016-08-01 21:19:10.729:  80 0A BF 13 01 00 00 00 00 08 38 17
2016-08-01 21:19:10.729:  ! IKE  --> GLO : IKE sensor status, Handbrake_On
2016-08-01 21:19:11.126:  80 0A BF 13 01 00 00 00 00 00 38 1F
2016-08-01 21:19:11.126:  ! IKE  --> GLO : IKE sensor status, Handbrake_On
2016-08-01 21:19:11.531:  80 0A BF 13 01 00 00 00 00 08 38 17
2016-08-01 21:19:11.531:  ! IKE  --> GLO : IKE sensor status, Handbrake_On
2016-08-01 21:19:11.639:  D0 07 BF 5B 00 00 00 00 33
2016-08-01 21:19:11.639:  ! LCM  --> GLO : Lamp status, All_Off  All_OK
2016-08-01 21:19:11.687:  80 05 BF 18 00 00 22
2016-08-01 21:19:11.687:  ! IKE  --> GLO : Speed/RPM, Speed 0 km/h  [0 mph], 0 RPM
2016-08-01 21:19:11.707:  80 06 BF 19 1D 3A 00 07
2016-08-01 21:19:11.708:  ! IKE  --> GLO : Temperature, Outside 29°C [84°F], Coolant 58°C [136°F]
2016-08-01 21:19:11.932:  80 0A BF 13 01 00 00 00 00 00 38 1F
2016-08-01 21:19:11.932:  ! IKE  --> GLO : IKE sensor status, Handbrake_On
2016-08-01 21:19:12.331:  80 0A BF 13 01 00 00 00 00 08 38 17
2016-08-01 21:19:12.331:  ! IKE  --> GLO : IKE sensor status, Handbrake_On
2016-08-01 21:19:12.730:  80 0A BF 13 01 00 00 00 00 00 38 1F
2016-08-01 21:19:12.730:  ! IKE  --> GLO : IKE sensor status, Handbrake_On
2016-08-01 21:19:13.136:  80 0A BF 13 01 00 00 00 00 08 38 17
2016-08-01 21:19:13.136:  ! IKE  --> GLO : IKE sensor status, Handbrake_On
2016-08-01 21:19:13.529:  80 0A BF 13 01 00 00 00 00 00 38 1F
2016-08-01 21:19:13.529:  ! IKE  --> GLO : IKE sensor status, Handbrake_On
2016-08-01 21:19:13.692:  80 05 BF 18 00 00 22
2016-08-01 21:19:13.692:  ! IKE  --> GLO : Speed/RPM, Speed 0 km/h  [0 mph], 0 RPM
2016-08-01 21:19:13.938:  80 0A BF 13 01 00 00 00 00 08 38 17
2016-08-01 21:19:13.938:  ! IKE  --> GLO : IKE sensor status, Handbrake_On
2016-08-01 21:19:14.330:  80 0A BF 13 01 00 00 00 00 00 38 1F
2016-08-01 21:19:14.330:  ! IKE  --> GLO : IKE sensor status, Handbrake_On
2016-08-01 21:19:14.530:  44 03 80 16 D1
2016-08-01 21:19:14.530:  ! EWS  --> IKE : Odometer request
2016-08-01 21:19:14.561:  80 0A BF 17 00 00 00 00 1F 00 00 3D
2016-08-01 21:19:14.562:  ! IKE  --> GLO : Odometer, 0 kms  [0 mls]
2016-08-01 21:19:14.645:  D0 07 BF 5B 00 00 00 00 33
2016-08-01 21:19:14.645:  ! LCM  --> GLO : Lamp status, All_Off  All_OK
2016-08-01 21:19:14.740:  80 0A BF 13 01 00 00 00 00 08 38 17
2016-08-01 21:19:14.741:  ! IKE  --> GLO : IKE sensor status, Handbrake_On
2016-08-01 21:19:15.136:  80 0A BF 13 01 00 00 00 00 00 38 1F
2016-08-01 21:19:15.136:  ! IKE  --> GLO : IKE sensor status, Handbrake_On
2016-08-01 21:19:15.543:  80 0A BF 13 01 00 00 00 00 08 38 17
2016-08-01 21:19:15.543:  ! IKE  --> GLO : IKE sensor status, Handbrake_On
2016-08-01 21:19:15.698:  80 05 BF 18 00 00 22
2016-08-01 21:19:15.698:  ! IKE  --> GLO : Speed/RPM, Speed 0 km/h  [0 mph], 0 RPM
2016-08-01 21:19:15.944:  80 0A BF 13 01 00 00 00 00 00 38 1F
2016-08-01 21:19:15.944:  ! IKE  --> GLO : IKE sensor status, Handbrake_On
2016-08-01 21:19:16.339:  80 0A BF 13 01 00 00 00 00 08 38 17
2016-08-01 21:19:16.339:  ! IKE  --> GLO : IKE sensor status, Handbrake_On
2016-08-01 21:19:16.739:  80 0A BF 13 01 00 00 00 00 00 38 1F
2016-08-01 21:19:16.739:  ! IKE  --> GLO : IKE sensor status, Handbrake_On
2016-08-01 21:19:17.112:  80 0A BF 13 01 00 00 00 00 08 38 17
2016-08-01 21:19:17.112:  ! IKE  --> GLO : IKE sensor status, Handbrake_On
2016-08-01 21:19:17.259:  F0 03 68 01 9A
2016-08-01 21:19:17.259:  ! BMBT --> RAD : Device status request
2016-08-01 21:19:17.276:  68 04 FF 02 00 91
2016-08-01 21:19:17.276:  ! RAD  --> LOC : Device status ready, 
2016-08-01 21:19:17.505:  80 0A BF 13 01 00 00 00 00 00 38 1F
2016-08-01 21:19:17.505:  ! IKE  --> GLO : IKE sensor status, Handbrake_On
2016-08-01 21:19:17.664:  D0 07 BF 5B 00 00 00 00 33
2016-08-01 21:19:17.664:  ! LCM  --> GLO : Lamp status, All_Off  All_OK
2016-08-01 21:19:17.702:  80 05 BF 18 00 00 22
2016-08-01 21:19:17.702:  ! IKE  --> GLO : Speed/RPM, Speed 0 km/h  [0 mph], 0 RPM
2016-08-01 21:19:17.904:  80 0A BF 13 01 00 00 00 00 08 38 17
2016-08-01 21:19:17.905:  ! IKE  --> GLO : IKE sensor status, Handbrake_On
2016-08-01 21:19:18.302:  80 0A BF 13 01 00 00 00 00 00 38 1F
2016-08-01 21:19:18.302:  ! IKE  --> GLO : IKE sensor status, Handbrake_On
2016-08-01 21:19:18.700:  80 0A BF 13 01 00 00 00 00 08 38 17
2016-08-01 21:19:18.700:  ! IKE  --> GLO : IKE sensor status, Handbrake_On
2016-08-01 21:19:19.101:  80 0A BF 13 01 00 00 00 00 00 38 1F
2016-08-01 21:19:19.101:  ! IKE  --> GLO : IKE sensor status, Handbrake_On
2016-08-01 21:19:19.502:  80 0A BF 13 01 00 00 00 00 08 38 17
2016-08-01 21:19:19.503:  ! IKE  --> GLO : IKE sensor status, Handbrake_On
2016-08-01 21:19:19.705:  80 05 BF 18 00 00 22
2016-08-01 21:19:19.705:  ! IKE  --> GLO : Speed/RPM, Speed 0 km/h  [0 mph], 0 RPM
2016-08-01 21:19:19.909:  80 0A BF 13 01 00 00 00 00 00 38 1F
2016-08-01 21:19:19.909:  ! IKE  --> GLO : IKE sensor status, Handbrake_On
2016-08-01 21:19:20.331:  80 0A BF 13 01 00 00 00 00 08 38 17
2016-08-01 21:19:20.331:  ! IKE  --> GLO : IKE sensor status, Handbrake_On
2016-08-01 21:19:20.361:  68 03 18 01 72
2016-08-01 21:19:20.361:  ! RAD  --> CDC : Device status request
2016-08-01 21:19:20.661:  5B 05 80 83 00 00 5D
2016-08-01 21:19:20.661:  ! IHKA --> IKE : Air conditioning compressor status, Off
2016-08-01 21:19:20.676:  D0 07 BF 5B 00 00 00 00 33
2016-08-01 21:19:20.676:  ! LCM  --> GLO : Lamp status, All_Off  All_OK
2016-08-01 21:19:20.716:  80 0A BF 13 01 00 00 00 00 00 38 1F
2016-08-01 21:19:20.716:  ! IKE  --> GLO : IKE sensor status, Handbrake_On
2016-08-01 21:19:21.124:  80 0A BF 13 01 00 00 00 00 08 38 17
2016-08-01 21:19:21.124:  ! IKE  --> GLO : IKE sensor status, Handbrake_On
2016-08-01 21:19:21.528:  80 0A BF 13 01 00 00 00 00 00 38 1F
2016-08-01 21:19:21.528:  ! IKE  --> GLO : IKE sensor status, Handbrake_On
2016-08-01 21:19:21.713:  80 05 BF 18 00 00 22
2016-08-01 21:19:21.713:  ! IKE  --> GLO : Speed/RPM, Speed 0 km/h  [0 mph], 0 RPM
2016-08-01 21:19:21.727:  80 06 BF 19 1D 3A 00 07
2016-08-01 21:19:21.727:  ! IKE  --> GLO : Temperature, Outside 29°C [84°F], Coolant 58°C [136°F]
2016-08-01 21:19:21.931:  80 0A BF 13 01 00 00 00 00 08 38 17
2016-08-01 21:19:21.931:  ! IKE  --> GLO : IKE sensor status, Handbrake_On
2016-08-01 21:19:22.335:  80 0A BF 13 01 00 00 00 00 00 38 1F
2016-08-01 21:19:22.336:  ! IKE  --> GLO : IKE sensor status, Handbrake_On
2016-08-01 21:19:22.736:  80 0A BF 13 01 00 00 00 00 08 38 17
2016-08-01 21:19:22.736:  ! IKE  --> GLO : IKE sensor status, Handbrake_On
2016-08-01 21:19:23.189:  ! Setting COM port parameters for COM16
2016-08-01 21:19:23.191:  ! COM16 opened
2016-08-01 21:19:26.435:  ! NavCoder logging stopped, NavCoder closed
2016-08-01 21:19:26.436:  !
