2016-07-27 18:42:58.589:  !
2016-07-27 18:42:58.589:  ! NavCoder v2.9.183.Beta [EN-US] [i/k-bus] logging started
2016-07-27 18:42:58.589:  ! Running on Windows 7 Ultimate Edition, 32-bit (Service Pack 1)  [en-US]
2016-07-27 18:42:58.589:  ! [Debug Mode]
2016-07-27 18:42:58.589:  ! [Procotol = Auto]
2016-07-27 18:42:58.589:  ! Script: Setting Scripting state to Off
2016-07-27 18:42:58.745:  ! showBatteryVoltage: Nave not alive, exiting...
2016-07-27 18:43:02.691:  ! Setting COM port parameters for COM2
2016-07-27 18:43:02.847:  ! COM2 opened
2016-07-27 18:43:03.596:  80 05 BF 18 00 FF DD
2016-07-27 18:43:03.596:  ! IKE  --> GLO : Speed/RPM, Speed 0 km/h  [0 mph], 25,500 RPM
2016-07-27 18:43:03.596:  F0 03 68 01 9A
2016-07-27 18:43:03.596:  ! BMBT --> RAD : Device status request
2016-07-27 18:43:03.612:  68 04 FF 02 00 91
2016-07-27 18:43:03.612:  ! RAD  --> LOC : Device status ready, 
2016-07-27 18:43:04.189:  68 03 18 01 72
2016-07-27 18:43:04.189:  ! RAD  --> CDC : Device status request
2016-07-27 18:43:04.251:  D0 07 BF 5B 00 40 00 00 73
2016-07-27 18:43:04.251:  ! LCM  --> GLO : Lamp status, All_Off Faulty: Indicator_Right
2016-07-27 18:43:05.592:  80 05 BF 18 00 FF DD
2016-07-27 18:43:05.592:  ! IKE  --> GLO : Speed/RPM, Speed 0 km/h  [0 mph], 25,500 RPM
2016-07-27 18:43:07.261:  D0 07 BF 5B 00 40 00 00 73
2016-07-27 18:43:07.261:  ! LCM  --> GLO : Lamp status, All_Off Faulty: Indicator_Right
2016-07-27 18:43:07.604:  80 05 BF 18 00 FF DD
2016-07-27 18:43:07.604:  ! IKE  --> GLO : Speed/RPM, Speed 0 km/h  [0 mph], 25,500 RPM
2016-07-27 18:43:08.603:  80 06 BF 19 22 80 00 82
2016-07-27 18:43:08.603:  ! IKE  --> GLO : Temperature, Outside 34°C [93°F], Coolant -128°C [-198°F]
2016-07-27 18:43:09.601:  80 05 BF 18 00 FF DD
2016-07-27 18:43:09.601:  ! IKE  --> GLO : Speed/RPM, Speed 0 km/h  [0 mph], 25,500 RPM
2016-07-27 18:43:10.271:  D0 07 BF 5B 00 40 00 00 73
2016-07-27 18:43:10.271:  ! LCM  --> GLO : Lamp status, All_Off Faulty: Indicator_Right
2016-07-27 18:43:11.597:  80 05 BF 18 00 FF DD
2016-07-27 18:43:11.597:  ! IKE  --> GLO : Speed/RPM, Speed 0 km/h  [0 mph], 25,500 RPM
2016-07-27 18:43:13.282:  D0 07 BF 5B 00 40 00 00 73
2016-07-27 18:43:13.282:  ! LCM  --> GLO : Lamp status, All_Off Faulty: Indicator_Right
2016-07-27 18:43:13.609:  80 05 BF 18 00 FF DD
2016-07-27 18:43:13.609:  ! IKE  --> GLO : Speed/RPM, Speed 0 km/h  [0 mph], 25,500 RPM
2016-07-27 18:43:13.640:  F0 03 68 01 9A
2016-07-27 18:43:13.640:  ! BMBT --> RAD : Device status request
2016-07-27 18:43:13.640:  68 04 FF 02 00 91
2016-07-27 18:43:13.640:  ! RAD  --> LOC : Device status ready, 
2016-07-27 18:43:14.280:  68 03 18 01 72
2016-07-27 18:43:14.280:  ! RAD  --> CDC : Device status request
2016-07-27 18:43:15.294:  68 04 FF 36 AF 0A
2016-07-27 18:43:15.294:  ! RAD  --> LOC : Audio_control, Source = Off
2016-07-27 18:43:15.309:  68 04 F0 4A 00 D6
2016-07-27 18:43:15.309:  ! RAD  --> BMBT: Cassette control, Power_Off
2016-07-27 18:43:15.325:  F0 04 68 4B 05 D2
2016-07-27 18:43:15.325:  ! BMBT --> RAD : Cassette status, No_Tape
2016-07-27 18:43:15.450:  80 0A BF 13 02 00 00 02 00 80 41 E7
2016-07-27 18:43:15.450:  ! IKE  --> GLO : IKE sensor status, Oil_Pressure_Low
2016-07-27 18:43:15.481:  80 0A BF 13 02 00 00 00 00 00 41 65
2016-07-27 18:43:15.481:  ! IKE  --> GLO : IKE sensor status, Oil_Pressure_Low
2016-07-27 18:43:15.496:  80 04 BF 11 00 2A
2016-07-27 18:43:15.496:  ! IKE  --> GLO : Ignition status, Off
2016-07-27 18:43:15.512:  80 0A BF 13 00 00 00 00 00 00 41 67
2016-07-27 18:43:15.512:  ! IKE  --> GLO : IKE sensor status, 
2016-07-27 18:43:15.574:  30 19 80 1A 30 00 20 20 20 20 20 20 20 20 20 20 20 20 20 20 20 20 20 20 20 20 83
2016-07-27 18:43:15.574:  ! CCM  --> IKE : IKE Text/Gong, "                    " Immediate Clear Gong_off Warning_symbol_off
2016-07-27 18:43:15.574:  30 04 BF 51 00 DA
2016-07-27 18:43:15.574:  ! CCM  --> GLO : Checkcontrol sensors, 
2016-07-27 18:43:15.590:  80 04 30 1B 00 AF
2016-07-27 18:43:15.590:  ! IKE  --> CCM : IKE text status, 0 text messages acknowledged
2016-07-27 18:43:16.183:  30 19 80 1A 37 04 43 48 45 43 4B 20 43 4F 4F 4C 41 4E 54 20 4C 45 56 45 4C 20 E4
2016-07-27 18:43:16.183:  ! CCM  --> IKE : IKE Text/Gong, "CHECK COOLANT LEVEL " Clear Gong_off Warning_symbol_off
2016-07-27 18:43:16.198:  80 04 30 1B 00 AF
2016-07-27 18:43:16.198:  ! IKE  --> CCM : IKE text status, 0 text messages acknowledged
2016-07-27 18:43:16.276:  D0 07 BF 5B 00 40 00 00 73
2016-07-27 18:43:16.276:  ! LCM  --> GLO : Lamp status, All_Off Faulty: Indicator_Right
2016-07-27 18:43:19.255:  30 05 80 1A 35 00 9A
2016-07-27 18:43:19.255:  ! CCM  --> IKE : IKE Text/Gong, "" Immediate Clear Gong_off Warning_symbol_off
2016-07-27 18:43:19.286:  80 04 30 1B 00 AF
2016-07-27 18:43:19.286:  ! IKE  --> CCM : IKE text status, 0 text messages acknowledged
2016-07-27 18:43:25.447:  44 05 BF 74 04 01 8F
2016-07-27 18:43:25.447:  ! EWS  --> GLO : Immobiliser status, Valid_key_detected Key_1
2016-07-27 18:43:27.974:  D0 07 BF 5B 00 00 00 00 33
2016-07-27 18:43:27.974:  ! LCM  --> GLO : Lamp status, All_Off  All_OK
2016-07-27 18:43:28.083:  80 04 BF 11 01 2B
2016-07-27 18:43:28.083:  ! IKE  --> GLO : Ignition status, Pos1_Acc
2016-07-27 18:43:28.099:  80 0A BF 13 00 00 00 00 00 00 41 67
2016-07-27 18:43:28.114:  ! IKE  --> GLO : IKE sensor status, 
2016-07-27 18:43:28.114:  D0 07 BF 5B 00 00 00 00 33
2016-07-27 18:43:28.114:  ! LCM  --> GLO : Lamp status, All_Off  All_OK
2016-07-27 18:43:28.145:  D0 05 BF 5C FF 00 C9
2016-07-27 18:43:28.145:  ! LCM  --> GLO : Light dimmer, 255 (max)
2016-07-27 18:43:28.177:  30 19 80 1A 30 00 20 20 20 20 20 20 20 20 20 20 20 20 20 20 20 20 20 20 20 20 83
2016-07-27 18:43:28.177:  ! CCM  --> IKE : IKE Text/Gong, "                    " Immediate Clear Gong_off Warning_symbol_off
2016-07-27 18:43:28.208:  80 05 E7 2A 00 00 48
2016-07-27 18:43:28.208:  ! IKE  --> ANZV: On-board computer special indicators, Aux_Heating_LED = Off
2016-07-27 18:43:28.223:  30 04 BF 51 00 DA
2016-07-27 18:43:28.223:  ! CCM  --> GLO : Checkcontrol sensors, 
2016-07-27 18:43:28.223:  00 04 BF 72 00 C9
2016-07-27 18:43:28.223:  ! GM   --> GLO : ChkCtrl Remote Central Locking, No_Button_Pressed
2016-07-27 18:43:28.239:  00 05 BF 7A 13 3F EC
2016-07-27 18:43:28.239:  ! GM   --> GLO : Doors/flaps status, Open:  DvrDoorFr PgrDoorFr WndwDvr WndwPgr WndwDvrRr WndwPgrRr Sunroof Boot   Ctrl_Locking: Unlocked
2016-07-27 18:43:28.255:  80 04 30 1B 00 AF
2016-07-27 18:43:28.255:  ! IKE  --> CCM : IKE text status, 0 text messages acknowledged
2016-07-27 18:43:28.286:  44 05 BF 74 05 01 8E
2016-07-27 18:43:28.286:  ! EWS  --> GLO : Immobiliser status, Immobilisation_deactivated Valid_key_detected Key_1
2016-07-27 18:43:28.286:  80 04 BF 11 01 2B
2016-07-27 18:43:28.286:  ! IKE  --> GLO : Ignition status, Pos1_Acc
2016-07-27 18:43:28.317:  68 04 FF 02 01 90
2016-07-27 18:43:28.317:  ! RAD  --> LOC : Device status ready, after Reset
2016-07-27 18:43:28.348:  F0 04 68 4B 05 D2
2016-07-27 18:43:28.348:  ! BMBT --> RAD : Cassette status, No_Tape
2016-07-27 18:43:28.348:  80 04 BF 11 01 2B
2016-07-27 18:43:28.348:  ! IKE  --> GLO : Ignition status, Pos1_Acc
2016-07-27 18:43:28.364:  80 05 E7 2A 00 00 48
2016-07-27 18:43:28.364:  ! IKE  --> ANZV: On-board computer special indicators, Aux_Heating_LED = Off
2016-07-27 18:43:28.582:  80 04 BF 11 03 29
2016-07-27 18:43:28.582:  ! IKE  --> GLO : Ignition status, Pos1_Acc Pos2_On
2016-07-27 18:43:28.598:  D0 07 BF 5B 00 00 00 00 33
2016-07-27 18:43:28.598:  ! LCM  --> GLO : Lamp status, All_Off  All_OK
2016-07-27 18:43:28.629:  68 05 18 38 00 00 4D
2016-07-27 18:43:28.629:  ! RAD  --> CDC : CD_control, Status_Request
2016-07-27 18:43:28.660:  68 03 80 14 FF
2016-07-27 18:43:28.660:  ! RAD  --> IKE : Country coding status request
2016-07-27 18:43:28.676:  80 0A BF 13 03 00 00 00 00 00 41 64
2016-07-27 18:43:28.676:  ! IKE  --> GLO : IKE sensor status, Handbrake_On  Oil_Pressure_Low
2016-07-27 18:43:28.707:  80 06 BF 19 22 50 00 52
2016-07-27 18:43:28.707:  ! IKE  --> GLO : Temperature, Outside 34°C [93°F], Coolant 80°C [176°F]
2016-07-27 18:43:28.723:  00 04 BF 72 00 C9
2016-07-27 18:43:28.723:  ! GM   --> GLO : ChkCtrl Remote Central Locking, No_Button_Pressed
2016-07-27 18:43:28.754:  80 07 BF 15 02 FD FA 04 2C
2016-07-27 18:43:28.754:  ! IKE  --> GLO : Country coding status, Ntwk=E38/E39 Lang=US_English Clock=12h OutTemp=°C AvgSpd=mph Limit=mls Dist=mls ArrTime=12h Consump=mpg Motor=Petrol
2016-07-27 18:43:28.754:  80 03 D0 53 00
2016-07-27 18:43:28.754:  ! IKE  --> LCM : Vehicle data request
2016-07-27 18:43:28.769:  80 06 60 07 00 00 00 E1
2016-07-27 18:43:28.769:  ! IKE  --> PDC : Gong status, Data="00 00 00"
2016-07-27 18:43:28.801:  D0 10 80 54 47 43 95 64 60 07 CB 00 0E 00 00 00 00 43
2016-07-27 18:43:28.801:  ! LCM  --> IKE : Vehicle data status, VIN GC95646; Total dist 199,500 kms [123,964 mls]; SI-L 140 litres since last service; ; SI-T 0 days since last service
2016-07-27 18:43:28.801:  A4 06 BF 70 03 00 05 6B
2016-07-27 18:43:28.801:  ! AB   --> GLO : Remote control central locking status, Data="03 00 05"
2016-07-27 18:43:29.112:  30 19 80 1A 37 04 43 48 45 43 4B 20 43 4F 4F 4C 41 4E 54 20 4C 45 56 45 4C 20 E4
2016-07-27 18:43:29.112:  ! CCM  --> IKE : IKE Text/Gong, "CHECK COOLANT LEVEL " Clear Gong_off Warning_symbol_off
2016-07-27 18:43:29.144:  F0 04 BF 02 01 48
2016-07-27 18:43:29.144:  ! BMBT --> GLO : Device status ready, after Reset
2016-07-27 18:43:29.144:  68 04 F0 4A 90 46
2016-07-27 18:43:29.144:  ! RAD  --> BMBT: Cassette control, State_unknown, Data="90"
2016-07-27 18:43:29.144:  F0 04 68 4B 05 D2
2016-07-27 18:43:29.144:  ! BMBT --> RAD : Cassette status, No_Tape
2016-07-27 18:43:29.175:  68 04 F0 4A 00 D6
2016-07-27 18:43:29.175:  ! RAD  --> BMBT: Cassette control, Power_Off
2016-07-27 18:43:29.175:  F0 04 68 4B 05 D2
2016-07-27 18:43:29.175:  ! BMBT --> RAD : Cassette status, No_Tape
2016-07-27 18:43:29.175:  80 04 30 1B 00 AF
2016-07-27 18:43:29.175:  ! IKE  --> CCM : IKE text status, 0 text messages acknowledged
2016-07-27 18:43:29.206:  80 04 BF 11 03 29
2016-07-27 18:43:29.206:  ! IKE  --> GLO : Ignition status, Pos1_Acc Pos2_On
2016-07-27 18:43:29.206:  68 04 F0 4A FF 29
2016-07-27 18:43:29.206:  ! RAD  --> BMBT: Cassette control, Power_On
2016-07-27 18:43:29.222:  F0 04 68 4B 05 D2
2016-07-27 18:43:29.222:  ! BMBT --> RAD : Cassette status, No_Tape
2016-07-27 18:43:29.222:  80 05 E7 2A 00 00 48
2016-07-27 18:43:29.222:  ! IKE  --> ANZV: On-board computer special indicators, Aux_Heating_LED = Off
2016-07-27 18:43:29.237:  80 03 30 50 E3
2016-07-27 18:43:29.237:  ! IKE  --> CCM : Checkcontrol sensor request
2016-07-27 18:43:29.253:  30 04 BF 51 00 DA
2016-07-27 18:43:29.253:  ! CCM  --> GLO : Checkcontrol sensors, 
2016-07-27 18:43:29.268:  E8 04 BF 02 01 50
2016-07-27 18:43:29.268:  ! RLS  --> GLO : Device status ready, after Reset
2016-07-27 18:43:29.300:  80 04 BF 11 03 29
2016-07-27 18:43:29.300:  ! IKE  --> GLO : Ignition status, Pos1_Acc Pos2_On
2016-07-27 18:43:29.300:  80 05 E7 2A 00 00 48
2016-07-27 18:43:29.300:  ! IKE  --> ANZV: On-board computer special indicators, Aux_Heating_LED = Off
2016-07-27 18:43:29.346:  50 03 C8 01 9A
2016-07-27 18:43:29.346:  ! MFL  --> TEL : Device status request
2016-07-27 18:43:29.549:  68 03 18 01 72
2016-07-27 18:43:29.549:  ! RAD  --> CDC : Device status request
2016-07-27 18:43:29.643:  80 05 BF 18 00 00 22
2016-07-27 18:43:29.643:  ! IKE  --> GLO : Speed/RPM, Speed 0 km/h  [0 mph], 0 RPM
2016-07-27 18:43:29.690:  6A 04 FF 02 01 92
2016-07-27 18:43:29.690:  ! DSP  --> LOC : Device status ready, after Reset
2016-07-27 18:43:29.721:  68 04 FF 36 AF 0A
2016-07-27 18:43:29.721:  ! RAD  --> LOC : Audio_control, Source = Off
2016-07-27 18:43:29.736:  68 04 FF 36 68 CD
2016-07-27 18:43:29.736:  ! RAD  --> LOC : Audio_control, Bass = +8
2016-07-27 18:43:29.736:  68 04 FF 36 C2 67
2016-07-27 18:43:29.736:  ! RAD  --> LOC : Audio_control, Treble = +2
2016-07-27 18:43:29.752:  68 04 FF 36 80 25
2016-07-27 18:43:29.752:  ! RAD  --> LOC : Audio_control, Fader = Center0
2016-07-27 18:43:29.768:  68 04 FF 36 40 E5
2016-07-27 18:43:29.768:  ! RAD  --> LOC : Audio_control, Balance = Center_0
2016-07-27 18:43:29.768:  68 04 FF 36 E1 44
2016-07-27 18:43:29.768:  ! RAD  --> LOC : Audio_control, DSP_Function 1
2016-07-27 18:43:29.783:  68 04 FF 36 30 95
2016-07-27 18:43:29.783:  ! RAD  --> LOC : Audio_control, DSP_Function 0
2016-07-27 18:43:29.799:  68 04 FF 36 A1 04
2016-07-27 18:43:29.799:  ! RAD  --> LOC : Audio_control, Source = Tuner/Tape
2016-07-27 18:43:29.799:  68 04 6A 32 31 05
2016-07-27 18:43:29.799:  ! RAD  --> DSP : Volume Control, Increase 3 steps
2016-07-27 18:43:29.830:  80 04 BF 11 03 29
2016-07-27 18:43:29.830:  ! IKE  --> GLO : Ignition status, Pos1_Acc Pos2_On
2016-07-27 18:43:29.830:  80 05 E7 2A 00 00 48
2016-07-27 18:43:29.830:  ! IKE  --> ANZV: On-board computer special indicators, Aux_Heating_LED = Off
2016-07-27 18:43:29.846:  68 04 6A 32 11 25
2016-07-27 18:43:29.846:  ! RAD  --> DSP : Volume Control, Increase 1 step
2016-07-27 18:43:29.955:  50 03 B0 01 E2
2016-07-27 18:43:29.955:  ! MFL  --> SES : Device status request
2016-07-27 18:43:30.017:  80 0A BF 17 7A 0B 03 00 1F 00 00 4F
2016-07-27 18:43:30.017:  ! IKE  --> GLO : Odometer, 199,546 kms  [123,992 mls]
2016-07-27 18:43:30.360:  D0 07 BF 5B 00 40 00 00 73
2016-07-27 18:43:30.360:  ! LCM  --> GLO : Lamp status, All_Off Faulty: Indicator_Right
2016-07-27 18:43:30.657:  D0 07 BF 5B 00 40 00 00 73
2016-07-27 18:43:30.657:  ! LCM  --> GLO : Lamp status, All_Off Faulty: Indicator_Right
2016-07-27 18:43:31.514:  A4 06 BF 70 02 00 05 6A
2016-07-27 18:43:31.514:  ! AB   --> GLO : Remote control central locking status, Data="02 00 05"
2016-07-27 18:43:31.639:  80 05 BF 18 00 00 22
2016-07-27 18:43:31.639:  ! IKE  --> GLO : Speed/RPM, Speed 0 km/h  [0 mph], 0 RPM
2016-07-27 18:43:32.247:  30 05 80 1A 35 00 9A
2016-07-27 18:43:32.247:  ! CCM  --> IKE : IKE Text/Gong, "" Immediate Clear Gong_off Warning_symbol_off
2016-07-27 18:43:32.263:  80 04 30 1B 00 AF
2016-07-27 18:43:32.263:  ! IKE  --> CCM : IKE text status, 0 text messages acknowledged
2016-07-27 18:43:32.497:  50 03 B0 01 E2
2016-07-27 18:43:32.497:  ! MFL  --> SES : Device status request
2016-07-27 18:43:33.090:  50 03 C8 01 9A
2016-07-27 18:43:33.090:  ! MFL  --> TEL : Device status request
2016-07-27 18:43:33.636:  80 05 BF 18 00 00 22
2016-07-27 18:43:33.636:  ! IKE  --> GLO : Speed/RPM, Speed 0 km/h  [0 mph], 0 RPM
2016-07-27 18:43:33.667:  D0 07 BF 5B 00 40 00 00 73
2016-07-27 18:43:33.667:  ! LCM  --> GLO : Lamp status, All_Off Faulty: Indicator_Right
2016-07-27 18:43:33.698:  80 0A BF 13 03 00 00 02 00 80 41 E6
2016-07-27 18:43:33.698:  ! IKE  --> GLO : IKE sensor status, Handbrake_On  Oil_Pressure_Low
2016-07-27 18:43:35.648:  80 05 BF 18 00 FF DD
2016-07-27 18:43:35.648:  ! IKE  --> GLO : Speed/RPM, Speed 0 km/h  [0 mph], 25,500 RPM
2016-07-27 18:43:36.677:  D0 07 BF 5B 00 40 00 00 73
2016-07-27 18:43:36.677:  ! LCM  --> GLO : Lamp status, All_Off Faulty: Indicator_Right
2016-07-27 18:43:37.566:  50 03 B0 01 E2
2016-07-27 18:43:37.566:  ! MFL  --> SES : Device status request
2016-07-27 18:43:37.644:  80 05 BF 18 00 FF DD
2016-07-27 18:43:37.644:  ! IKE  --> GLO : Speed/RPM, Speed 0 km/h  [0 mph], 25,500 RPM
2016-07-27 18:43:37.675:  80 06 BF 19 22 80 00 82
2016-07-27 18:43:37.675:  ! IKE  --> GLO : Temperature, Outside 34°C [93°F], Coolant -128°C [-198°F]
2016-07-27 18:43:38.112:  F0 03 68 01 9A
2016-07-27 18:43:38.112:  ! BMBT --> RAD : Device status request
2016-07-27 18:43:38.127:  68 04 FF 02 00 91
2016-07-27 18:43:38.127:  ! RAD  --> LOC : Device status ready, 
2016-07-27 18:43:38.143:  68 03 18 01 72
2016-07-27 18:43:38.143:  ! RAD  --> CDC : Device status request
2016-07-27 18:43:38.174:  50 03 C8 01 9A
2016-07-27 18:43:38.174:  ! MFL  --> TEL : Device status request
2016-07-27 18:43:39.656:  80 05 BF 18 00 FF DD
2016-07-27 18:43:39.656:  ! IKE  --> GLO : Speed/RPM, Speed 0 km/h  [0 mph], 25,500 RPM
2016-07-27 18:43:39.687:  D0 07 BF 5B 00 40 00 00 73
2016-07-27 18:43:39.687:  ! LCM  --> GLO : Lamp status, All_Off Faulty: Indicator_Right
2016-07-27 18:43:41.668:  80 05 BF 18 00 FF DD
2016-07-27 18:43:41.668:  ! IKE  --> GLO : Speed/RPM, Speed 0 km/h  [0 mph], 25,500 RPM
2016-07-27 18:43:42.697:  D0 07 BF 5B 00 40 00 00 73
2016-07-27 18:43:42.697:  ! LCM  --> GLO : Lamp status, All_Off Faulty: Indicator_Right
2016-07-27 18:43:43.664:  80 05 BF 18 00 FF DD
2016-07-27 18:43:43.664:  ! IKE  --> GLO : Speed/RPM, Speed 0 km/h  [0 mph], 25,500 RPM
2016-07-27 18:43:45.661:  80 05 BF 18 00 FF DD
2016-07-27 18:43:45.661:  ! IKE  --> GLO : Speed/RPM, Speed 0 km/h  [0 mph], 25,500 RPM
2016-07-27 18:43:45.708:  D0 07 BF 5B 00 40 00 00 73
2016-07-27 18:43:45.708:  ! LCM  --> GLO : Lamp status, All_Off Faulty: Indicator_Right
2016-07-27 18:43:46.082:  80 0A BF 13 02 00 00 02 00 80 41 E7
2016-07-27 18:43:46.082:  ! IKE  --> GLO : IKE sensor status, Oil_Pressure_Low
2016-07-27 18:43:46.175:  80 0A BF 13 02 00 00 00 00 00 41 65
2016-07-27 18:43:46.175:  ! IKE  --> GLO : IKE sensor status, Oil_Pressure_Low
2016-07-27 18:43:46.191:  80 04 BF 11 01 2B
2016-07-27 18:43:46.191:  ! IKE  --> GLO : Ignition status, Pos1_Acc
2016-07-27 18:43:46.207:  80 0A BF 13 00 00 00 00 00 00 41 67
2016-07-27 18:43:46.207:  ! IKE  --> GLO : IKE sensor status, 
2016-07-27 18:43:46.238:  30 05 80 1A 30 00 9F
2016-07-27 18:43:46.238:  ! CCM  --> IKE : IKE Text/Gong, "" Immediate Clear Gong_off Warning_symbol_off
2016-07-27 18:43:46.253:  80 04 30 1B 00 AF
2016-07-27 18:43:46.253:  ! IKE  --> CCM : IKE text status, 0 text messages acknowledged
2016-07-27 18:43:46.285:  68 04 FF 36 AF 0A
2016-07-27 18:43:46.285:  ! RAD  --> LOC : Audio_control, Source = Off
2016-07-27 18:43:46.316:  68 04 F0 4A 00 D6
2016-07-27 18:43:46.316:  ! RAD  --> BMBT: Cassette control, Power_Off
2016-07-27 18:43:46.316:  F0 04 68 4B 05 D2
2016-07-27 18:43:46.316:  ! BMBT --> RAD : Cassette status, No_Tape
2016-07-27 18:43:46.347:  80 04 BF 11 00 2A
2016-07-27 18:43:46.347:  ! IKE  --> GLO : Ignition status, Off
2016-07-27 18:43:46.409:  30 19 80 1A 30 00 20 20 20 20 20 20 20 20 20 20 20 20 20 20 20 20 20 20 20 20 83
2016-07-27 18:43:46.409:  ! CCM  --> IKE : IKE Text/Gong, "                    " Immediate Clear Gong_off Warning_symbol_off
2016-07-27 18:43:46.425:  30 04 BF 51 00 DA
2016-07-27 18:43:46.425:  ! CCM  --> GLO : Checkcontrol sensors, 
2016-07-27 18:43:46.456:  80 04 30 1B 00 AF
2016-07-27 18:43:46.456:  ! IKE  --> CCM : IKE text status, 0 text messages acknowledged
2016-07-27 18:43:46.971:  30 19 80 1A 37 04 43 48 45 43 4B 20 43 4F 4F 4C 41 4E 54 20 4C 45 56 45 4C 20 E4
2016-07-27 18:43:46.971:  ! CCM  --> IKE : IKE Text/Gong, "CHECK COOLANT LEVEL " Clear Gong_off Warning_symbol_off
2016-07-27 18:43:46.987:  80 04 30 1B 00 AF
2016-07-27 18:43:46.987:  ! IKE  --> CCM : IKE text status, 0 text messages acknowledged
2016-07-27 18:43:47.096:  44 05 BF 74 01 FF 74
2016-07-27 18:43:47.096:  ! EWS  --> GLO : Immobiliser status, Immobilisation_deactivated Vehicle_immobilised
2016-07-27 18:43:48.718:  D0 07 BF 5B 00 40 00 00 73
2016-07-27 18:43:48.718:  ! LCM  --> GLO : Lamp status, All_Off Faulty: Indicator_Right
2016-07-27 18:43:49.342:  ! Setting COM port parameters for COM1
2016-07-27 18:43:49.388:  ! COM1 opened
2016-07-27 18:43:49.513:  ! Setting COM port parameters for COM2
2016-07-27 18:43:49.560:  ! COM2 opened
2016-07-27 18:43:49.778:  00 04 BF 72 00 C9
2016-07-27 18:43:49.778:  ! GM   --> GLO : ChkCtrl Remote Central Locking, No_Button_Pressed
2016-07-27 18:43:49.919:  00 04 BF 72 20 E9
2016-07-27 18:43:49.919:  ! GM   --> GLO : ChkCtrl Remote Central Locking, Unlock_Pressed
2016-07-27 18:43:49.966:  00 05 BF 7A 53 3F AC
2016-07-27 18:43:49.966:  ! GM   --> GLO : Doors/flaps status, Open:  DvrDoorFr PgrDoorFr WndwDvr WndwPgr WndwDvrRr WndwPgrRr Sunroof Boot   Ctrl_Locking: Unlocked
2016-07-27 18:43:50.059:  30 05 80 1A 35 00 9A
2016-07-27 18:43:50.059:  ! CCM  --> IKE : IKE Text/Gong, "" Immediate Clear Gong_off Warning_symbol_off
2016-07-27 18:43:50.075:  80 04 30 1B 00 AF
2016-07-27 18:43:50.075:  ! IKE  --> CCM : IKE text status, 0 text messages acknowledged
2016-07-27 18:43:50.870:  00 04 BF 72 00 C9
2016-07-27 18:43:50.870:  ! GM   --> GLO : ChkCtrl Remote Central Locking, No_Button_Pressed
2016-07-27 18:43:51.011:  00 04 BF 72 20 E9
2016-07-27 18:43:51.011:  ! GM   --> GLO : ChkCtrl Remote Central Locking, Unlock_Pressed
2016-07-27 18:43:51.634:  00 04 BF 72 00 C9
2016-07-27 18:43:51.634:  ! GM   --> GLO : ChkCtrl Remote Central Locking, No_Button_Pressed
2016-07-27 18:43:51.744:  00 04 BF 72 20 E9
2016-07-27 18:43:51.744:  ! GM   --> GLO : ChkCtrl Remote Central Locking, Unlock_Pressed
2016-07-27 18:43:52.430:  00 04 BF 72 00 C9
2016-07-27 18:43:52.430:  ! GM   --> GLO : ChkCtrl Remote Central Locking, No_Button_Pressed
2016-07-27 18:43:52.555:  00 04 BF 72 20 E9
2016-07-27 18:43:52.555:  ! GM   --> GLO : ChkCtrl Remote Central Locking, Unlock_Pressed
2016-07-27 18:43:53.069:  00 04 BF 72 00 C9
2016-07-27 18:43:53.069:  ! GM   --> GLO : ChkCtrl Remote Central Locking, No_Button_Pressed
2016-07-27 18:43:53.163:  00 04 BF 72 20 E9
2016-07-27 18:43:53.163:  ! GM   --> GLO : ChkCtrl Remote Central Locking, Unlock_Pressed
2016-07-27 18:43:53.974:  00 04 BF 72 00 C9
2016-07-27 18:43:53.974:  ! GM   --> GLO : ChkCtrl Remote Central Locking, No_Button_Pressed
2016-07-27 18:43:54.067:  00 04 BF 72 20 E9
2016-07-27 18:43:54.067:  ! GM   --> GLO : ChkCtrl Remote Central Locking, Unlock_Pressed
2016-07-27 18:43:55.050:  00 04 BF 72 00 C9
2016-07-27 18:43:55.050:  ! GM   --> GLO : ChkCtrl Remote Central Locking, No_Button_Pressed
2016-07-27 18:43:55.190:  00 04 BF 72 10 D9
2016-07-27 18:43:55.190:  ! GM   --> GLO : ChkCtrl Remote Central Locking, Lock_Pressed
2016-07-27 18:43:55.222:  00 04 BF 76 00 CD
2016-07-27 18:43:55.222:  ! GM   --> GLO : Crash Alarm, No_Crash
2016-07-27 18:43:55.331:  00 05 BF 7A 33 3F CC
2016-07-27 18:43:55.331:  ! GM   --> GLO : Doors/flaps status, Open:  DvrDoorFr PgrDoorFr WndwDvr WndwPgr WndwDvrRr WndwPgrRr Sunroof Boot   Ctrl_Locking: Unlocked
2016-07-27 18:43:56.329:  44 05 BF 74 00 FF 75
2016-07-27 18:43:56.329:  ! EWS  --> GLO : Immobiliser status, No_key_detected Vehicle_immobilised
2016-07-27 18:43:56.438:  00 05 BF 7A 33 3F CC
2016-07-27 18:43:56.438:  ! GM   --> GLO : Doors/flaps status, Open:  DvrDoorFr PgrDoorFr WndwDvr WndwPgr WndwDvrRr WndwPgrRr Sunroof Boot   Ctrl_Locking: Unlocked
2016-07-27 18:43:56.485:  44 05 BF 74 00 FF 75
2016-07-27 18:43:56.485:  ! EWS  --> GLO : Immobiliser status, No_key_detected Vehicle_immobilised
2016-07-27 18:43:56.610:  00 04 BF 72 00 C9
2016-07-27 18:43:56.610:  ! GM   --> GLO : ChkCtrl Remote Central Locking, No_Button_Pressed
2016-07-27 18:43:57.499:  00 04 BF 72 20 E9
2016-07-27 18:43:57.499:  ! GM   --> GLO : ChkCtrl Remote Central Locking, Unlock_Pressed
2016-07-27 18:43:57.546:  00 05 BF 7A 73 3F 8C
2016-07-27 18:43:57.546:  ! GM   --> GLO : Doors/flaps status, Open:  DvrDoorFr PgrDoorFr WndwDvr WndwPgr WndwDvrRr WndwPgrRr Sunroof Boot   Ctrl_Locking: Unlocked
2016-07-27 18:43:57.592:  00 04 BF 76 00 CD
2016-07-27 18:43:57.592:  ! GM   --> GLO : Crash Alarm, No_Crash
2016-07-27 18:43:58.762:  00 05 BF 7A 53 3F AC
2016-07-27 18:43:58.762:  ! GM   --> GLO : Doors/flaps status, Open:  DvrDoorFr PgrDoorFr WndwDvr WndwPgr WndwDvrRr WndwPgrRr Sunroof Boot   Ctrl_Locking: Unlocked
2016-07-27 18:43:58.903:  00 04 BF 72 00 C9
2016-07-27 18:43:58.903:  ! GM   --> GLO : ChkCtrl Remote Central Locking, No_Button_Pressed
2016-07-27 18:44:01.991:  44 05 BF 74 04 01 8F
2016-07-27 18:44:01.991:  ! EWS  --> GLO : Immobiliser status, Valid_key_detected Key_1
2016-07-27 18:44:04.206:  D0 07 BF 5B 00 00 00 00 33
2016-07-27 18:44:04.206:  ! LCM  --> GLO : Lamp status, All_Off  All_OK
2016-07-27 18:44:04.315:  80 04 BF 11 01 2B
2016-07-27 18:44:04.315:  ! IKE  --> GLO : Ignition status, Pos1_Acc
2016-07-27 18:44:04.346:  80 0A BF 13 00 00 00 00 00 00 41 67
2016-07-27 18:44:04.346:  ! IKE  --> GLO : IKE sensor status, 
2016-07-27 18:44:04.362:  D0 07 BF 5B 00 00 00 00 33
2016-07-27 18:44:04.362:  ! LCM  --> GLO : Lamp status, All_Off  All_OK
2016-07-27 18:44:04.362:  D0 05 BF 5C FF 00 C9
2016-07-27 18:44:04.362:  ! LCM  --> GLO : Light dimmer, 255 (max)
2016-07-27 18:44:04.393:  80 05 E7 2A 00 00 48
2016-07-27 18:44:04.393:  ! IKE  --> ANZV: On-board computer special indicators, Aux_Heating_LED = Off
2016-07-27 18:44:04.424:  30 19 80 1A 30 00 20 20 20 20 20 20 20 20 20 20 20 20 20 20 20 20 20 20 20 20 83
2016-07-27 18:44:04.424:  ! CCM  --> IKE : IKE Text/Gong, "                    " Immediate Clear Gong_off Warning_symbol_off
2016-07-27 18:44:04.424:  30 04 BF 51 00 DA
2016-07-27 18:44:04.424:  ! CCM  --> GLO : Checkcontrol sensors, 
2016-07-27 18:44:04.456:  00 04 BF 72 00 C9
2016-07-27 18:44:04.456:  ! GM   --> GLO : ChkCtrl Remote Central Locking, No_Button_Pressed
2016-07-27 18:44:04.471:  00 05 BF 7A 13 3F EC
2016-07-27 18:44:04.471:  ! GM   --> GLO : Doors/flaps status, Open:  DvrDoorFr PgrDoorFr WndwDvr WndwPgr WndwDvrRr WndwPgrRr Sunroof Boot   Ctrl_Locking: Unlocked
2016-07-27 18:44:04.471:  80 04 30 1B 00 AF
2016-07-27 18:44:04.471:  ! IKE  --> CCM : IKE text status, 0 text messages acknowledged
2016-07-27 18:44:04.502:  44 05 BF 74 05 01 8E
2016-07-27 18:44:04.502:  ! EWS  --> GLO : Immobiliser status, Immobilisation_deactivated Valid_key_detected Key_1
2016-07-27 18:44:04.534:  80 04 BF 11 01 2B
2016-07-27 18:44:04.534:  ! IKE  --> GLO : Ignition status, Pos1_Acc
2016-07-27 18:44:04.549:  68 04 FF 02 01 90
2016-07-27 18:44:04.549:  ! RAD  --> LOC : Device status ready, after Reset
2016-07-27 18:44:04.565:  F0 04 68 4B 05 D2
2016-07-27 18:44:04.565:  ! BMBT --> RAD : Cassette status, No_Tape
2016-07-27 18:44:04.580:  80 04 BF 11 01 2B
2016-07-27 18:44:04.580:  ! IKE  --> GLO : Ignition status, Pos1_Acc
2016-07-27 18:44:04.612:  80 05 E7 2A 00 00 48
2016-07-27 18:44:04.612:  ! IKE  --> ANZV: On-board computer special indicators, Aux_Heating_LED = Off
2016-07-27 18:44:04.861:  68 05 18 38 00 00 4D
2016-07-27 18:44:04.861:  ! RAD  --> CDC : CD_control, Status_Request
2016-07-27 18:44:04.877:  68 03 80 14 FF
2016-07-27 18:44:04.877:  ! RAD  --> IKE : Country coding status request
2016-07-27 18:44:04.908:  80 04 BF 11 03 29
2016-07-27 18:44:04.908:  ! IKE  --> GLO : Ignition status, Pos1_Acc Pos2_On
2016-07-27 18:44:04.924:  D0 07 BF 5B 00 00 00 00 33
2016-07-27 18:44:04.924:  ! LCM  --> GLO : Lamp status, All_Off  All_OK
2016-07-27 18:44:04.939:  80 0A BF 13 03 00 00 00 00 00 41 64
2016-07-27 18:44:04.939:  ! IKE  --> GLO : IKE sensor status, Handbrake_On  Oil_Pressure_Low
2016-07-27 18:44:04.970:  80 06 BF 19 22 50 00 52
2016-07-27 18:44:04.970:  ! IKE  --> GLO : Temperature, Outside 34°C [93°F], Coolant 80°C [176°F]
2016-07-27 18:44:04.986:  80 07 BF 15 02 FD FA 04 2C
2016-07-27 18:44:04.986:  ! IKE  --> GLO : Country coding status, Ntwk=E38/E39 Lang=US_English Clock=12h OutTemp=°C AvgSpd=mph Limit=mls Dist=mls ArrTime=12h Consump=mpg Motor=Petrol
2016-07-27 18:44:05.017:  00 04 BF 72 00 C9
2016-07-27 18:44:05.017:  ! GM   --> GLO : ChkCtrl Remote Central Locking, No_Button_Pressed
2016-07-27 18:44:05.017:  80 06 60 07 00 00 00 E1
2016-07-27 18:44:05.017:  ! IKE  --> PDC : Gong status, Data="00 00 00"
2016-07-27 18:44:05.080:  A4 06 BF 70 03 00 05 6B
2016-07-27 18:44:05.080:  ! AB   --> GLO : Remote control central locking status, Data="03 00 05"
2016-07-27 18:44:05.329:  F0 04 BF 02 01 48
2016-07-27 18:44:05.329:  ! BMBT --> GLO : Device status ready, after Reset
2016-07-27 18:44:05.360:  80 04 BF 11 03 29
2016-07-27 18:44:05.360:  ! IKE  --> GLO : Ignition status, Pos1_Acc Pos2_On
2016-07-27 18:44:05.392:  68 04 F0 4A 90 46
2016-07-27 18:44:05.392:  ! RAD  --> BMBT: Cassette control, State_unknown, Data="90"
2016-07-27 18:44:05.392:  F0 04 68 4B 05 D2
2016-07-27 18:44:05.392:  ! BMBT --> RAD : Cassette status, No_Tape
2016-07-27 18:44:05.392:  68 04 F0 4A 00 D6
2016-07-27 18:44:05.392:  ! RAD  --> BMBT: Cassette control, Power_Off
2016-07-27 18:44:05.423:  F0 04 68 4B 05 D2
2016-07-27 18:44:05.423:  ! BMBT --> RAD : Cassette status, No_Tape
2016-07-27 18:44:05.438:  30 19 80 1A 37 04 43 48 45 43 4B 20 43 4F 4F 4C 41 4E 54 20 4C 45 56 45 4C 20 E4
2016-07-27 18:44:05.438:  ! CCM  --> IKE : IKE Text/Gong, "CHECK COOLANT LEVEL " Clear Gong_off Warning_symbol_off
2016-07-27 18:44:05.470:  68 04 F0 4A FF 29
2016-07-27 18:44:05.470:  ! RAD  --> BMBT: Cassette control, Power_On
2016-07-27 18:44:05.470:  F0 04 68 4B 05 D2
2016-07-27 18:44:05.470:  ! BMBT --> RAD : Cassette status, No_Tape
2016-07-27 18:44:05.501:  80 05 E7 2A 00 00 48
2016-07-27 18:44:05.501:  ! IKE  --> ANZV: On-board computer special indicators, Aux_Heating_LED = Off
2016-07-27 18:44:05.516:  80 03 30 50 E3
2016-07-27 18:44:05.516:  ! IKE  --> CCM : Checkcontrol sensor request
2016-07-27 18:44:05.516:  80 04 30 1B 00 AF
2016-07-27 18:44:05.516:  ! IKE  --> CCM : IKE text status, 0 text messages acknowledged
2016-07-27 18:44:05.532:  30 04 BF 51 00 DA
2016-07-27 18:44:05.532:  ! CCM  --> GLO : Checkcontrol sensors, 
2016-07-27 18:44:05.532:  E8 04 BF 02 01 50
2016-07-27 18:44:05.532:  ! RLS  --> GLO : Device status ready, after Reset
2016-07-27 18:44:05.563:  80 04 BF 11 03 29
2016-07-27 18:44:05.563:  ! IKE  --> GLO : Ignition status, Pos1_Acc Pos2_On
2016-07-27 18:44:05.579:  80 05 E7 2A 00 00 48
2016-07-27 18:44:05.579:  ! IKE  --> ANZV: On-board computer special indicators, Aux_Heating_LED = Off
2016-07-27 18:44:05.594:  50 03 C8 01 9A
2016-07-27 18:44:05.594:  ! MFL  --> TEL : Device status request
2016-07-27 18:44:05.782:  80 03 D0 53 00
2016-07-27 18:44:05.782:  ! IKE  --> LCM : Vehicle data request
2016-07-27 18:44:05.797:  68 03 18 01 72
2016-07-27 18:44:05.797:  ! RAD  --> CDC : Device status request
2016-07-27 18:44:05.813:  D0 10 80 54 47 43 95 64 60 07 CB 00 0E 00 00 00 00 43
2016-07-27 18:44:05.813:  ! LCM  --> IKE : Vehicle data status, VIN GC95646; Total dist 199,500 kms [123,964 mls]; SI-L 140 litres since last service; ; SI-T 0 days since last service
2016-07-27 18:44:05.922:  6A 04 FF 02 01 92
2016-07-27 18:44:05.922:  ! DSP  --> LOC : Device status ready, after Reset
2016-07-27 18:44:05.938:  80 04 BF 11 03 29
2016-07-27 18:44:05.938:  ! IKE  --> GLO : Ignition status, Pos1_Acc Pos2_On
2016-07-27 18:44:05.969:  68 04 FF 36 AF 0A
2016-07-27 18:44:05.969:  ! RAD  --> LOC : Audio_control, Source = Off
2016-07-27 18:44:05.969:  68 04 FF 36 68 CD
2016-07-27 18:44:05.969:  ! RAD  --> LOC : Audio_control, Bass = +8
2016-07-27 18:44:05.969:  68 04 FF 36 C2 67
2016-07-27 18:44:05.969:  ! RAD  --> LOC : Audio_control, Treble = +2
2016-07-27 18:44:05.984:  68 04 FF 36 80 25
2016-07-27 18:44:06.000:  ! RAD  --> LOC : Audio_control, Fader = Center0
2016-07-27 18:44:06.000:  68 04 FF 36 40 E5
2016-07-27 18:44:06.000:  ! RAD  --> LOC : Audio_control, Balance = Center_0
2016-07-27 18:44:06.000:  68 04 FF 36 E1 44
2016-07-27 18:44:06.000:  ! RAD  --> LOC : Audio_control, DSP_Function 1
2016-07-27 18:44:06.015:  68 04 FF 36 30 95
2016-07-27 18:44:06.015:  ! RAD  --> LOC : Audio_control, DSP_Function 0
2016-07-27 18:44:06.031:  68 04 FF 36 A1 04
2016-07-27 18:44:06.031:  ! RAD  --> LOC : Audio_control, Source = Tuner/Tape
2016-07-27 18:44:06.031:  68 04 6A 32 31 05
2016-07-27 18:44:06.031:  ! RAD  --> DSP : Volume Control, Increase 3 steps
2016-07-27 18:44:06.047:  80 05 E7 2A 00 00 48
2016-07-27 18:44:06.047:  ! IKE  --> ANZV: On-board computer special indicators, Aux_Heating_LED = Off
2016-07-27 18:44:06.078:  68 04 6A 32 11 25
2016-07-27 18:44:06.078:  ! RAD  --> DSP : Volume Control, Increase 1 step
2016-07-27 18:44:06.187:  50 03 B0 01 E2
2016-07-27 18:44:06.187:  ! MFL  --> SES : Device status request
2016-07-27 18:44:06.234:  80 0A BF 17 7A 0B 03 00 1F 00 00 4F
2016-07-27 18:44:06.234:  ! IKE  --> GLO : Odometer, 199,546 kms  [123,992 mls]
2016-07-27 18:44:06.702:  80 05 BF 18 00 00 22
2016-07-27 18:44:06.702:  ! IKE  --> GLO : Speed/RPM, Speed 0 km/h  [0 mph], 0 RPM
2016-07-27 18:44:07.310:  D0 07 BF 5B 00 40 00 00 73
2016-07-27 18:44:07.310:  ! LCM  --> GLO : Lamp status, All_Off Faulty: Indicator_Right
2016-07-27 18:44:07.607:  D0 07 BF 5B 00 40 00 00 73
2016-07-27 18:44:07.607:  ! LCM  --> GLO : Lamp status, All_Off Faulty: Indicator_Right
2016-07-27 18:44:07.794:  A4 06 BF 70 02 00 05 6A
2016-07-27 18:44:07.794:  ! AB   --> GLO : Remote control central locking status, Data="02 00 05"
2016-07-27 18:44:08.589:  30 05 80 1A 35 00 9A
2016-07-27 18:44:08.589:  ! CCM  --> IKE : IKE Text/Gong, "" Immediate Clear Gong_off Warning_symbol_off
2016-07-27 18:44:08.620:  80 04 30 1B 00 AF
2016-07-27 18:44:08.620:  ! IKE  --> CCM : IKE text status, 0 text messages acknowledged
2016-07-27 18:44:08.698:  80 05 BF 18 00 00 22
2016-07-27 18:44:08.698:  ! IKE  --> GLO : Speed/RPM, Speed 0 km/h  [0 mph], 0 RPM
2016-07-27 18:44:08.730:  50 03 B0 01 E2
2016-07-27 18:44:08.730:  ! MFL  --> SES : Device status request
2016-07-27 18:44:09.322:  50 03 C8 01 9A
2016-07-27 18:44:09.322:  ! MFL  --> TEL : Device status request
2016-07-27 18:44:09.931:  80 0A BF 13 03 00 00 02 00 80 41 E6
2016-07-27 18:44:09.931:  ! IKE  --> GLO : IKE sensor status, Handbrake_On  Oil_Pressure_Low
2016-07-27 18:44:10.617:  D0 07 BF 5B 00 40 00 00 73
2016-07-27 18:44:10.617:  ! LCM  --> GLO : Lamp status, All_Off Faulty: Indicator_Right
2016-07-27 18:44:10.711:  80 05 BF 18 00 FF DD
2016-07-27 18:44:10.711:  ! IKE  --> GLO : Speed/RPM, Speed 0 km/h  [0 mph], 25,500 RPM
2016-07-27 18:44:12.707:  80 05 BF 18 00 FF DD
2016-07-27 18:44:12.707:  ! IKE  --> GLO : Speed/RPM, Speed 0 km/h  [0 mph], 25,500 RPM
2016-07-27 18:44:13.627:  D0 07 BF 5B 00 40 00 00 73
2016-07-27 18:44:13.627:  ! LCM  --> GLO : Lamp status, All_Off Faulty: Indicator_Right
2016-07-27 18:44:13.799:  50 03 B0 01 E2
2016-07-27 18:44:13.799:  ! MFL  --> SES : Device status request
2016-07-27 18:44:14.345:  F0 03 68 01 9A
2016-07-27 18:44:14.345:  ! BMBT --> RAD : Device status request
2016-07-27 18:44:14.361:  68 04 FF 02 00 91
2016-07-27 18:44:14.361:  ! RAD  --> LOC : Device status ready, 
2016-07-27 18:44:14.361:  68 03 18 01 72
2016-07-27 18:44:14.361:  ! RAD  --> CDC : Device status request
2016-07-27 18:44:14.407:  50 03 C8 01 9A
2016-07-27 18:44:14.407:  ! MFL  --> TEL : Device status request
2016-07-27 18:44:14.719:  80 05 BF 18 00 FF DD
2016-07-27 18:44:14.719:  ! IKE  --> GLO : Speed/RPM, Speed 0 km/h  [0 mph], 25,500 RPM
2016-07-27 18:44:14.735:  80 06 BF 19 22 80 00 82
2016-07-27 18:44:14.735:  ! IKE  --> GLO : Temperature, Outside 34°C [93°F], Coolant -128°C [-198°F]
2016-07-27 18:44:15.562:  80 0A BF 13 02 00 00 02 00 80 41 E7
2016-07-27 18:44:15.562:  ! IKE  --> GLO : IKE sensor status, Oil_Pressure_Low
2016-07-27 18:44:15.608:  80 0A BF 13 02 00 00 00 00 00 41 65
2016-07-27 18:44:15.608:  ! IKE  --> GLO : IKE sensor status, Oil_Pressure_Low
2016-07-27 18:44:15.624:  80 04 BF 11 01 2B
2016-07-27 18:44:15.624:  ! IKE  --> GLO : Ignition status, Pos1_Acc
2016-07-27 18:44:15.655:  80 0A BF 13 00 00 00 00 00 00 41 67
2016-07-27 18:44:15.655:  ! IKE  --> GLO : IKE sensor status, 
2016-07-27 18:44:15.655:  68 04 FF 36 AF 0A
2016-07-27 18:44:15.655:  ! RAD  --> LOC : Audio_control, Source = Off
2016-07-27 18:44:15.655:  68 04 F0 4A 00 D6
2016-07-27 18:44:15.655:  ! RAD  --> BMBT: Cassette control, Power_Off
2016-07-27 18:44:15.686:  F0
2016-07-27 18:44:15.686:  ! WARNING: Discarded 1 bytes: [F0]
2016-07-27 18:44:15.702:  F0 04 68 4B 05 D2
2016-07-27 18:44:15.702:  ! BMBT --> RAD : Cassette status, No_Tape
2016-07-27 18:44:15.718:  30 05 80 1A 30 00 9F
2016-07-27 18:44:15.718:  ! CCM  --> IKE : IKE Text/Gong, "" Immediate Clear Gong_off Warning_symbol_off
2016-07-27 18:44:15.718:  80 04 30 1B 00 AF
2016-07-27 18:44:15.718:  ! IKE  --> CCM : IKE text status, 0 text messages acknowledged
2016-07-27 18:44:15.749:  80 04 BF 11 00 2A
2016-07-27 18:44:15.749:  ! IKE  --> GLO : Ignition status, Off
2016-07-27 18:44:15.796:  30 19 80 1A 30 00 20 20 20 20 20 20 20 20 20 20 20 20 20 20 20 20 20 20 20 20 83
2016-07-27 18:44:15.796:  ! CCM  --> IKE : IKE Text/Gong, "                    " Immediate Clear Gong_off Warning_symbol_off
2016-07-27 18:44:15.811:  30 04 BF 51 00 DA
2016-07-27 18:44:15.811:  ! CCM  --> GLO : Checkcontrol sensors, 
2016-07-27 18:44:15.827:  80 04 30 1B 00 AF
2016-07-27 18:44:15.827:  ! IKE  --> CCM : IKE text status, 0 text messages acknowledged
2016-07-27 18:44:16.357:  30 19 80 1A 37 04 43 48 45 43 4B 20 43 4F 4F 4C 41 4E 54 20 4C 45 56 45 4C 20 E4
2016-07-27 18:44:16.357:  ! CCM  --> IKE : IKE Text/Gong, "CHECK COOLANT LEVEL " Clear Gong_off Warning_symbol_off
2016-07-27 18:44:16.404:  80 04 30 1B 00 AF
2016-07-27 18:44:16.404:  ! IKE  --> CCM : IKE text status, 0 text messages acknowledged
2016-07-27 18:44:16.638:  D0 07 BF 5B 00 40 00 00 73
2016-07-27 18:44:16.638:  ! LCM  --> GLO : Lamp status, All_Off Faulty: Indicator_Right
2016-07-27 18:44:18.260:  ! NavCoder logging stopped, NavCoder closed
2016-07-27 18:44:18.260:  !
