2016-05-09 22:30:14.302:  !
2016-05-09 22:30:14.302:  ! NavCoder v2.9.183.Beta [EN-US] [i/k-bus] logging started
2016-05-09 22:30:14.302:  ! Running on Windows 7 Ultimate Edition, 32-bit (Service Pack 1)  [en-US]
2016-05-09 22:30:14.302:  ! [Debug Mode]
2016-05-09 22:30:14.302:  ! [Procotol = Auto]
2016-05-09 22:30:14.302:  ! Script: Setting Scripting state to Off
2016-05-09 22:30:14.442:  ! showBatteryVoltage: Nave not alive, exiting...
2016-05-09 22:30:14.754:  ! Setting COM port parameters for COM1
2016-05-09 22:30:14.941:  ! COM1 opened
2016-05-09 22:30:31.805:  ! Databus protocol unknown, starting Protocol Detection...
2016-05-09 22:30:31.805:  ! Detecting protocol via analysis of received data; trying i/k-bus protocol...
2016-05-09 22:30:31.805:  ! Bus protocol set to I/K-bus
2016-05-09 22:30:31.805:  ! Protocol detection successful
2016-05-09 22:30:33.115:  !------------------------------------------------------
2016-05-09 22:30:33.115:  !     Workbench Mode (no vehicle detected), Protocol = i/k-bus
2016-05-09 22:30:33.115:  !------------------------------------------------------
2016-05-09 22:30:33.115:  80 04 BF 02 01 38
2016-05-09 22:30:33.115:  ! IKE  --> GLO : Device status ready, after Reset
2016-05-09 22:30:33.115:  80 03 68 01 EA
2016-05-09 22:30:33.115:  ! IKE  --> RAD : Device status request
2016-05-09 22:30:33.583:  80 05 BF 18 00 00 22
2016-05-09 22:30:33.583:  ! IKE  --> GLO : Speed/RPM, Speed 0 km/h  [0 mph], 0 RPM
2016-05-09 22:30:33.599:  80 04 BF 11 03 29
2016-05-09 22:30:33.599:  ! IKE  --> GLO : Ignition status, Pos1_Acc Pos2_On
2016-05-09 22:30:33.599:  3F 04 D0 02 02 EB
2016-05-09 22:30:33.599:  ! DIA  --> LCM : Read AIS, Data="02"    [ ]
2016-05-09 22:30:33.599:  3F 04 D0 02 02 EB
2016-05-09 22:30:33.599:  ! DIA  --> LCM : Read AIS, Data="02"    [ ]
2016-05-09 22:30:33.599:  3F 04 D0 02 02 EB
2016-05-09 22:30:33.599:  ! DIA  --> LCM : Read AIS, Data="02"    [ ]
2016-05-09 22:30:33.614:  80 04 BF 11 00 2A
2016-05-09 22:30:33.614:  ! IKE  --> GLO : Ignition status, Off
2016-05-09 22:30:33.614:  80 04 BF 02 01 38
2016-05-09 22:30:33.614:  ! IKE  --> GLO : Device status ready, after Reset
2016-05-09 22:30:33.630:  80 03 68 01 EA
2016-05-09 22:30:33.630:  ! IKE  --> RAD : Device status request
2016-05-09 22:30:33.958:  80 05 BF 18 00 00 22
2016-05-09 22:30:33.958:  ! IKE  --> GLO : Speed/RPM, Speed 0 km/h  [0 mph], 0 RPM
2016-05-09 22:30:33.958:  80 04 BF 11 03 29
2016-05-09 22:30:33.958:  ! IKE  --> GLO : Ignition status, Pos1_Acc Pos2_On
2016-05-09 22:30:43.395:  ! Protocol watchdog timer fired: reverting protcol to Auto
2016-05-09 22:30:43.395:  ! Bus protocol set to Auto
2016-05-09 22:30:46.359:  ! Databus protocol unknown, starting Protocol Detection...
2016-05-09 22:30:46.359:  ! Detecting protocol via analysis of received data; trying i/k-bus protocol...
2016-05-09 22:30:46.359:  ! Bus protocol set to I/K-bus
2016-05-09 22:30:46.359:  ! Protocol detection successful
2016-05-09 22:30:47.670:  !------------------------------------------------------
2016-05-09 22:30:47.670:  !     Workbench Mode (no vehicle detected), Protocol = i/k-bus
2016-05-09 22:30:47.670:  !------------------------------------------------------
2016-05-09 22:30:47.670:  80 04 BF 11 00 2A
2016-05-09 22:30:47.670:  ! IKE  --> GLO : Ignition status, Off
2016-05-09 22:30:55.657:  ! Protocol watchdog timer fired: reverting protcol to Auto
2016-05-09 22:30:55.657:  ! Bus protocol set to Auto
2016-05-09 22:30:59.338:  ! Databus protocol unknown, starting Protocol Detection...
2016-05-09 22:30:59.338:  ! Detecting protocol via analysis of received data; trying i/k-bus protocol...
2016-05-09 22:30:59.338:  ! Bus protocol set to I/K-bus
2016-05-09 22:30:59.338:  ! Protocol detection successful
2016-05-09 22:31:00.649:  !------------------------------------------------------
2016-05-09 22:31:00.649:  !     Workbench Mode (no vehicle detected), Protocol = i/k-bus
2016-05-09 22:31:00.649:  !------------------------------------------------------
2016-05-09 22:31:00.649:  80 04 FF 57 02 2E
2016-05-09 22:31:00.649:  ! IKE  --> LOC : Check Control button, BC_pressed
2016-05-09 22:31:00.664:  3F 04 D0 02 02 EB
2016-05-09 22:31:00.664:  ! DIA  --> LCM : Read AIS, Data="02"    [ ]
2016-05-09 22:31:00.664:  3F 04 D0 02 02 EB
2016-05-09 22:31:00.664:  ! DIA  --> LCM : Read AIS, Data="02"    [ ]
2016-05-09 22:31:00.680:  3F 04 D0 02 02 EB
2016-05-09 22:31:00.680:  ! DIA  --> LCM : Read AIS, Data="02"    [ ]
2016-05-09 22:31:00.992:  80 04 FF 57 02 2E
2016-05-09 22:31:00.992:  ! IKE  --> LOC : Check Control button, BC_pressed
2016-05-09 22:31:00.992:  3F 04 D0 02 02 EB
2016-05-09 22:31:00.992:  ! DIA  --> LCM : Read AIS, Data="02"    [ ]
2016-05-09 22:31:01.008:  3F 04 D0 02 02 EB
2016-05-09 22:31:01.008:  ! DIA  --> LCM : Read AIS, Data="02"    [ ]
2016-05-09 22:31:01.008:  3F 04 D0 02 02 EB
2016-05-09 22:31:01.008:  ! DIA  --> LCM : Read AIS, Data="02"    [ ]
2016-05-09 22:31:07.513:  80 04 FF 57 02 2E
2016-05-09 22:31:07.528:  ! IKE  --> LOC : Check Control button, BC_pressed
2016-05-09 22:31:07.528:  80 04 FF 57 01 2D
2016-05-09 22:31:07.528:  ! IKE  --> LOC : Check Control button, CHECK_pressed
2016-05-09 22:31:09.041:  80 04 FF 57 41 6D
2016-05-09 22:31:09.041:  ! IKE  --> LOC : Check Control button, CHECK_released
2016-05-09 22:31:09.057:  80 04 FF 57 01 2D
2016-05-09 22:31:09.057:  ! IKE  --> LOC : Check Control button, CHECK_pressed
2016-05-09 22:31:18.979:  ! Protocol watchdog timer fired: reverting protcol to Auto
2016-05-09 22:31:18.979:  ! Bus protocol set to Auto
2016-05-09 22:31:19.587:  ! Databus protocol unknown, starting Protocol Detection...
2016-05-09 22:31:19.587:  ! Detecting protocol via VIN Request; trying OBD (d-bus) protocol...
2016-05-09 22:31:19.649:  80 04 FF 57 41 6D
2016-05-09 22:31:19.649:  ! WARNING: Discarded 6 bytes: [80 04 FF 57 41 6D]
2016-05-09 22:31:19.681:  D0 05 02 02 D5
2016-05-09 22:31:19.681:  ! DIA  --> LCM : Read AIS, Data="02"    [ ]
2016-05-09 22:31:20.008:  D0 0A A0 02 47 43 95 64 60 ED
2016-05-09 22:31:20.008:  ! LCM  --> DIA : Diagnostic command acknowledged, Data="02 47 43 95 64 60"    [ GC•d`]
2016-05-09 22:31:20.086:  ! Bus protocol set to D-bus
2016-05-09 22:31:20.086:  ! Protocol detection successful
2016-05-09 22:31:20.086:  !------------------------------------------------------
2016-05-09 22:31:20.086:  !     Connected to VIN GC95646 via OBD (d-bus)
2016-05-09 22:31:20.086:  !------------------------------------------------------
2016-05-09 22:31:20.149:  D0 05 02 02 D5
2016-05-09 22:31:20.149:  ! DIA  --> LCM : Read AIS, Data="02"    [ ]
2016-05-09 22:31:20.149:  D0 0A A0 02 47 43 95 64 60 ED
2016-05-09 22:31:20.149:  ! LCM  --> DIA : Diagnostic command acknowledged, Data="02 47 43 95 64 60"    [ GC•d`]
2016-05-09 22:31:20.351:  68 04 00 6C
2016-05-09 22:31:20.351:  ! DIA  --> RAD : Read identity
2016-05-09 22:31:20.414:  68 10 A0 86 90 27 18 45 00 25 09 07 00 17 42 CA
2016-05-09 22:31:20.414:  ! RAD  --> DIA : Diagnostic command acknowledged, Data="86 90 27 18 45 00 25 09 07 00 17 42"    [†' E %    B]
2016-05-09 22:31:20.617:  68 04 53 3F
2016-05-09 22:31:20.617:  ! DIA  --> RAD : Read manufacturer data
2016-05-09 22:31:20.679:  68 09 A0 42 00 24 68 99 56
2016-05-09 22:31:20.679:  ! RAD  --> DIA : Diagnostic command acknowledged, Data="42 00 24 68 99"    [B $h™]
2016-05-09 22:31:20.804:  68 04 0B 67
2016-05-09 22:31:20.804:  ! DIA  --> RAD : Read IO status
2016-05-09 22:31:20.882:  68 0E A0 05 08 56 30 30 30 30 30 30 32 AF
2016-05-09 22:31:20.882:  ! RAD  --> DIA : Diagnostic command acknowledged, Data="05 08 56 30 30 30 30 30 30 32"    [  V0000002]
2016-05-09 22:31:21.209:  68 04 0B 67
2016-05-09 22:31:21.209:  ! DIA  --> RAD : Read IO status
2016-05-09 22:31:21.272:  68 0E A0 05 08 56 30 30 30 30 30 30 30 AD
2016-05-09 22:31:21.272:  ! RAD  --> DIA : Diagnostic command acknowledged, Data="05 08 56 30 30 30 30 30 30 30"    [  V0000000]
2016-05-09 22:31:21.615:  68 04 0B 67
2016-05-09 22:31:21.615:  ! DIA  --> RAD : Read IO status
2016-05-09 22:31:21.677:  68 0E A0 05 08 56 30 30 30 30 30 30 30 AD
2016-05-09 22:31:21.677:  ! RAD  --> DIA : Diagnostic command acknowledged, Data="05 08 56 30 30 30 30 30 30 30"    [  V0000000]
2016-05-09 22:31:22.021:  68 04 0B 67
2016-05-09 22:31:22.021:  ! DIA  --> RAD : Read IO status
2016-05-09 22:31:22.099:  68 0E A0 05 08 56 30 30 30 30 30 30 30 AD
2016-05-09 22:31:22.099:  ! RAD  --> DIA : Diagnostic command acknowledged, Data="05 08 56 30 30 30 30 30 30 30"    [  V0000000]
2016-05-09 22:31:22.442:  68 04 0B 67
2016-05-09 22:31:22.442:  ! DIA  --> RAD : Read IO status
2016-05-09 22:31:22.520:  68 0E A0 05 08 56 30 30 30 30 30 30 31 AC
2016-05-09 22:31:22.520:  ! RAD  --> DIA : Diagnostic command acknowledged, Data="05 08 56 30 30 30 30 30 30 31"    [  V0000001]
2016-05-09 22:31:22.863:  68 04 0B 67
2016-05-09 22:31:22.863:  ! DIA  --> RAD : Read IO status
2016-05-09 22:31:22.941:  68 0E A0 05 08 56 30 30 30 30 30 30 31 AC
2016-05-09 22:31:22.941:  ! RAD  --> DIA : Diagnostic command acknowledged, Data="05 08 56 30 30 30 30 30 30 31"    [  V0000001]
2016-05-09 22:31:23.284:  68 04 0B 67
2016-05-09 22:31:23.284:  ! DIA  --> RAD : Read IO status
2016-05-09 22:31:23.362:  68 0E A0 05 08 56 30 30 30 30 30 30 31 AC
2016-05-09 22:31:23.362:  ! RAD  --> DIA : Diagnostic command acknowledged, Data="05 08 56 30 30 30 30 30 30 31"    [  V0000001]
2016-05-09 22:31:23.705:  68 04 0B 67
2016-05-09 22:31:23.705:  ! DIA  --> RAD : Read IO status
2016-05-09 22:31:23.783:  68 0E A0 05 08 56 30 30 30 30 30 30 32 AF
2016-05-09 22:31:23.783:  ! RAD  --> DIA : Diagnostic command acknowledged, Data="05 08 56 30 30 30 30 30 30 32"    [  V0000002]
2016-05-09 22:31:24.126:  68 04 0B 67
2016-05-09 22:31:24.126:  ! DIA  --> RAD : Read IO status
2016-05-09 22:31:24.204:  68 0E A0 04 08 56 30 30 30 30 30 30 30 AC
2016-05-09 22:31:24.204:  ! RAD  --> DIA : Diagnostic command acknowledged, Data="04 08 56 30 30 30 30 30 30 30"    [  V0000000]
2016-05-09 22:31:24.548:  68 04 0B 67
2016-05-09 22:31:24.548:  ! DIA  --> RAD : Read IO status
2016-05-09 22:31:24.626:  68 0E A0 04 08 56 30 30 30 30 30 30 30 AC
2016-05-09 22:31:24.626:  ! RAD  --> DIA : Diagnostic command acknowledged, Data="04 08 56 30 30 30 30 30 30 30"    [  V0000000]
2016-05-09 22:31:24.969:  68 04 0B 67
2016-05-09 22:31:24.969:  ! DIA  --> RAD : Read IO status
2016-05-09 22:31:25.047:  68 0E A0 04 08 56 30 30 30 30 30 30 30 AC
2016-05-09 22:31:25.047:  ! RAD  --> DIA : Diagnostic command acknowledged, Data="04 08 56 30 30 30 30 30 30 30"    [  V0000000]
2016-05-09 22:31:25.390:  68 04 0B 67
2016-05-09 22:31:25.390:  ! DIA  --> RAD : Read IO status
2016-05-09 22:31:25.468:  68 0E A0 05 08 56 30 30 30 30 30 30 30 AD
2016-05-09 22:31:25.468:  ! RAD  --> DIA : Diagnostic command acknowledged, Data="05 08 56 30 30 30 30 30 30 30"    [  V0000000]
2016-05-09 22:31:25.811:  68 04 0B 67
2016-05-09 22:31:25.811:  ! DIA  --> RAD : Read IO status
2016-05-09 22:31:25.889:  68 0E A0 05 08 56 30 30 30 30 31 30 30 AC
2016-05-09 22:31:25.889:  ! RAD  --> DIA : Diagnostic command acknowledged, Data="05 08 56 30 30 30 30 31 30 30"    [  V0000100]
2016-05-09 22:31:26.232:  68 04 0B 67
2016-05-09 22:31:26.232:  ! DIA  --> RAD : Read IO status
2016-05-09 22:31:26.310:  68 0E A0 05 08 56 30 30 30 30 31 30 30 AC
2016-05-09 22:31:26.310:  ! RAD  --> DIA : Diagnostic command acknowledged, Data="05 08 56 30 30 30 30 31 30 30"    [  V0000100]
2016-05-09 22:31:26.654:  68 04 0B 67
2016-05-09 22:31:26.654:  ! DIA  --> RAD : Read IO status
2016-05-09 22:31:26.732:  68 0E A0 05 08 56 30 30 30 30 31 30 31 AD
2016-05-09 22:31:26.732:  ! RAD  --> DIA : Diagnostic command acknowledged, Data="05 08 56 30 30 30 30 31 30 31"    [  V0000101]
2016-05-09 22:31:31.739:  ! Keep-alive fired (5.0s): requesting IKE identity...
2016-05-09 22:31:31.802:  80 04 00 84
2016-05-09 22:31:31.802:  ! DIA  --> IKE : Read identity
2016-05-09 22:31:31.880:  80 12 A0 F6 94 21 98 25 12 09 15 27 06 10 21 04 46 90
2016-05-09 22:31:31.880:  ! IKE  --> DIA : Diagnostic command acknowledged, Data="F6 94 21 98 25 12 09 15 27 06 10 21 04 46"    [ö”!˜%   '  ! F]
2016-05-09 22:31:36.965:  ! Keep-alive fired (5.0s): requesting IKE identity...
2016-05-09 22:31:37.028:  80 04 00 84
2016-05-09 22:31:37.028:  ! DIA  --> IKE : Read identity
2016-05-09 22:31:37.355:  80 12 A0 F6 94 21 98 25 12 09 15 27 06 10 21 04 46 90
2016-05-09 22:31:37.355:  ! IKE  --> DIA : Diagnostic command acknowledged, Data="F6 94 21 98 25 12 09 15 27 06 10 21 04 46"    [ö”!˜%   '  ! F]
2016-05-09 22:31:37.449:  80 04 00 84
2016-05-09 22:31:37.449:  ! DIA  --> IKE : Read identity
2016-05-09 22:31:37.464:  80 12 A0 F6 94 21 98 25 12 09 15 27 06 10 21 04 46 90
2016-05-09 22:31:37.464:  ! IKE  --> DIA : Diagnostic command acknowledged, Data="F6 94 21 98 25 12 09 15 27 06 10 21 04 46"    [ö”!˜%   '  ! F]
2016-05-09 22:31:42.456:  ! Keep-alive fired (5.0s): requesting IKE identity...
2016-05-09 22:31:42.519:  80 04 00 84
2016-05-09 22:31:42.519:  ! DIA  --> IKE : Read identity
2016-05-09 22:31:42.909:  80 12 A0 F6 94 21 98 25 12 09 15 27 06 10 21 04 46 90
2016-05-09 22:31:42.909:  ! IKE  --> DIA : Diagnostic command acknowledged, Data="F6 94 21 98 25 12 09 15 27 06 10 21 04 46"    [ö”!˜%   '  ! F]
2016-05-09 22:31:42.924:  80 04 00 84
2016-05-09 22:31:42.924:  ! DIA  --> IKE : Read identity
2016-05-09 22:31:48.025:  ! Keep-alive fired (5.0s): requesting IKE identity...
2016-05-09 22:31:48.088:  80 12 A0 F6 94 21 98 25 12 09 15 27 06 10 21 04 46 90
2016-05-09 22:31:48.088:  ! IKE  --> DIA : Diagnostic command acknowledged, Data="F6 94 21 98 25 12 09 15 27 06 10 21 04 46"    [ö”!˜%   '  ! F]
2016-05-09 22:31:48.103:  80 04 00 84
2016-05-09 22:31:48.103:  ! DIA  --> IKE : Read identity
2016-05-09 22:31:48.119:  80 12 A0 F6 94 21 98 25 12 09 15 27 06 10 21 04 46 90
2016-05-09 22:31:48.119:  ! IKE  --> DIA : Diagnostic command acknowledged, Data="F6 94 21 98 25 12 09 15 27 06 10 21 04 46"    [ö”!˜%   '  ! F]
2016-05-09 22:31:53.205:  ! Keep-alive fired (5.0s): requesting IKE identity...
2016-05-09 22:31:53.267:  80 04 00 84
2016-05-09 22:31:53.267:  ! DIA  --> IKE : Read identity
2016-05-09 22:31:53.345:  80 12 A0 F6 94 21 98 25 12 09 15 27 06 10 21 04 46 90
2016-05-09 22:31:53.345:  ! IKE  --> DIA : Diagnostic command acknowledged, Data="F6 94 21 98 25 12 09 15 27 06 10 21 04 46"    [ö”!˜%   '  ! F]
2016-05-09 22:31:58.352:  ! Keep-alive fired (5.0s): requesting IKE identity...
2016-05-09 22:31:58.415:  80 04 00 84
2016-05-09 22:31:58.415:  ! DIA  --> IKE : Read identity
2016-05-09 22:31:58.805:  80 12 A0 F6 94 21 98 25 12 09 15 27 06 10 21 04 46 90
2016-05-09 22:31:58.805:  ! IKE  --> DIA : Diagnostic command acknowledged, Data="F6 94 21 98 25 12 09 15 27 06 10 21 04 46"    [ö”!˜%   '  ! F]
2016-05-09 22:31:58.820:  80 04 00 84
2016-05-09 22:31:58.820:  ! DIA  --> IKE : Read identity
2016-05-09 22:32:03.906:  ! Keep-alive fired (5.0s): requesting IKE identity...
2016-05-09 22:32:03.906:  80 12 A0 F6 94 21 98 25 12 09 15 27 06 10 21 04 46 90
2016-05-09 22:32:03.906:  ! IKE  --> DIA : Diagnostic command acknowledged, Data="F6 94 21 98 25 12 09 15 27 06 10 21 04 46"    [ö”!˜%   '  ! F]
2016-05-09 22:32:03.984:  80 04 00 84
2016-05-09 22:32:03.984:  ! DIA  --> IKE : Read identity
2016-05-09 22:32:04.000:  80 12 A0 F6 94 21 98 25 12 09 15 27 06 10 21 04 46 90
2016-05-09 22:32:04.000:  ! IKE  --> DIA : Diagnostic command acknowledged, Data="F6 94 21 98 25 12 09 15 27 06 10 21 04 46"    [ö”!˜%   '  ! F]
2016-05-09 22:32:05.794:  6A 04 00 6E
2016-05-09 22:32:05.794:  ! DIA  --> DSP : Read identity
2016-05-09 22:32:05.872:  6A 10 A0 86 94 09 77 03 02 04 13 19 10 09 03 A3
2016-05-09 22:32:05.872:  ! DSP  --> DIA : Diagnostic command acknowledged, Data="86 94 09 77 03 02 04 13 19 10 09 03"    [†” w        ]
2016-05-09 22:32:06.012:  ! ERROR: Cmd_Read_Click
2016-05-09 22:32:06.012:  ! ERROR: NavCoder - Coding Index not known. Please contact NavCoder Author for further details.; ; 
2016-05-09 22:32:10.879:  ! Keep-alive fired (5.0s): requesting IKE identity...
2016-05-09 22:32:10.941:  80 04 00 84
2016-05-09 22:32:10.941:  ! DIA  --> IKE : Read identity
2016-05-09 22:32:10.957:  80 12 A0 F6 94 21 98 25 12 09 15 27 06 10 21 04 46 90
2016-05-09 22:32:10.957:  ! IKE  --> DIA : Diagnostic command acknowledged, Data="F6 94 21 98 25 12 09 15 27 06 10 21 04 46"    [ö”!˜%   '  ! F]
2016-05-09 22:32:13.625:  D0 04 00 D4
2016-05-09 22:32:13.625:  ! DIA  --> LCM : Read identity
2016-05-09 22:32:13.703:  D0 10 A0 08 38 62 08 01 18 13 00 16 00 09 41 6E
2016-05-09 22:32:13.703:  ! LCM  --> DIA : Diagnostic command acknowledged, Data="08 38 62 08 01 18 13 00 16 00 09 41"    [ 8b        A]
2016-05-09 22:32:13.781:  D0 05 08 00 DD
2016-05-09 22:32:13.781:  ! DIA  --> LCM : Read coding data, Data="00"    [ ]
2016-05-09 22:32:13.999:  D0 24 A0 00 02 B3 5F 00 00 2C 74 00 00 00 00 00 00 00 B0 A7 55 40 90 00 0C 10 02 00 02 00 5A 94 00 00 00 A2
2016-05-09 22:32:13.999:  ! LCM  --> DIA : Diagnostic command acknowledged, Data="00 02 B3 5F 00 00 2C 74 00 00 00 00 00 00 00 B0 A7 55 40 90 00 0C 10 02 00 02 00 5A 94 00 00 00"    [  ³_  ,t       °§U@       Z”   ]
2016-05-09 22:32:14.139:  D0 05 08 12 CF
2016-05-09 22:32:14.139:  ! DIA  --> LCM : Read coding data, Data="12"    [ ]
2016-05-09 22:32:14.280:  D0 24 A0 12 3F FE FF FF 71 00 00 F0 FF FF 0F 00 C7 8F 1F C7 7F 00 FF 8F 1F FF FF FF FF 01 23 40 00 00 00 EB
2016-05-09 22:32:14.280:  ! LCM  --> DIA : Diagnostic command acknowledged, Data="12 3F FE FF FF 71 00 00 F0 FF FF 0F 00 C7 8F 1F C7 7F 00 FF 8F 1F FF FF FF FF 01 23 40 00 00 00"    [ ?þÿÿq  ðÿÿ  Ç Ç ÿ ÿÿÿÿ #@   ]
2016-05-09 22:32:14.358:  ! Read LCM - LCM coding successfully read.  NavCoder has been updated with the current LCM settings.
2016-05-09 22:32:19.287:  ! Keep-alive fired (5.0s): requesting IKE identity...
2016-05-09 22:32:19.350:  80 04 00 84
2016-05-09 22:32:19.350:  ! DIA  --> IKE : Read identity
2016-05-09 22:32:19.428:  80 12 A0 F6 94 21 98 25 12 09 15 27 06 10 21 04 46 90
2016-05-09 22:32:19.428:  ! IKE  --> DIA : Diagnostic command acknowledged, Data="F6 94 21 98 25 12 09 15 27 06 10 21 04 46"    [ö”!˜%   '  ! F]
2016-05-09 22:32:23.936:  D0 04 00 D4
2016-05-09 22:32:23.936:  ! DIA  --> LCM : Read identity
2016-05-09 22:32:24.014:  D0 10 A0 08 38 62 08 01 18 13 00 16 00 09 41 6E
2016-05-09 22:32:24.014:  ! LCM  --> DIA : Diagnostic command acknowledged, Data="08 38 62 08 01 18 13 00 16 00 09 41"    [ 8b        A]
2016-05-09 22:32:24.154:  D0 05 08 00 DD
2016-05-09 22:32:24.154:  ! DIA  --> LCM : Read coding data, Data="00"    [ ]
2016-05-09 22:32:24.295:  D0 24 A0 00 02 B3 5F 00 00 2C 74 00 00 00 00 00 00 00 B0 A7 55 40 90 00 0C 10 02 00 02 00 5A 94 00 00 00 A2
2016-05-09 22:32:24.295:  ! LCM  --> DIA : Diagnostic command acknowledged, Data="00 02 B3 5F 00 00 2C 74 00 00 00 00 00 00 00 B0 A7 55 40 90 00 0C 10 02 00 02 00 5A 94 00 00 00"    [  ³_  ,t       °§U@       Z”   ]
2016-05-09 22:32:24.435:  D0 05 08 12 CF
2016-05-09 22:32:24.435:  ! DIA  --> LCM : Read coding data, Data="12"    [ ]
2016-05-09 22:32:24.575:  D0 24 A0 12 3F FE FF FF 71 00 00 F0 FF FF 0F 00 C7 8F 1F C7 7F 00 FF 8F 1F FF FF FF FF 01 23 40 00 00 00 EB
2016-05-09 22:32:24.575:  ! LCM  --> DIA : Diagnostic command acknowledged, Data="12 3F FE FF FF 71 00 00 F0 FF FF 0F 00 C7 8F 1F C7 7F 00 FF 8F 1F FF FF FF FF 01 23 40 00 00 00"    [ ?þÿÿq  ðÿÿ  Ç Ç ÿ ÿÿÿÿ #@   ]
2016-05-09 22:32:24.716:  D0 24 09 00 02 B3 57 00 00 2C 74 00 00 00 00 00 00 00 30 A7 55 40 90 00 0C 10 02 00 02 00 5A 94 00 00 00 83
2016-05-09 22:32:24.716:  ! DIA  --> LCM : Write coding data, Data="00 02 B3 57 00 00 2C 74 00 00 00 00 00 00 00 30 A7 55 40 90 00 0C 10 02 00 02 00 5A 94 00 00 00"    [  ³W  ,t       0§U@       Z”   ]
2016-05-09 22:32:24.919:  D0 04 A0 74
2016-05-09 22:32:24.919:  ! LCM  --> DIA : Diagnostic command acknowledged
2016-05-09 22:32:25.059:  D0 24 09 12 3F FE FF F1 71 00 00 80 FF FF 0F 00 C7 8F 1F C0 7F 00 FF 8F 1F FF FF FF FF 01 23 40 00 00 00 3B
2016-05-09 22:32:25.059:  ! DIA  --> LCM : Write coding data, Data="12 3F FE FF F1 71 00 00 80 FF FF 0F 00 C7 8F 1F C0 7F 00 FF 8F 1F FF FF FF FF 01 23 40 00 00 00"    [ ?þÿñq  €ÿÿ  Ç À ÿ ÿÿÿÿ #@   ]
2016-05-09 22:32:25.199:  D0 04 A0 74
2016-05-09 22:32:25.199:  ! LCM  --> DIA : Diagnostic command acknowledged
2016-05-09 22:32:25.277:  ! Code LCM - The LCM has confirmed the coding was successful.  Please switch the ignition off, wait 10s, then on to reset the LCM.  Please check the function that you changed is working properly.
2016-05-09 22:32:30.207:  ! Keep-alive fired (5.0s): requesting IKE identity...
2016-05-09 22:32:30.269:  80 04 00 84
2016-05-09 22:32:30.269:  ! DIA  --> IKE : Read identity
2016-05-09 22:32:30.597:  80 12 A0 F6 94 21 98 25 12 09 15 27 06 10 21 04 46 90
2016-05-09 22:32:30.597:  ! IKE  --> DIA : Diagnostic command acknowledged, Data="F6 94 21 98 25 12 09 15 27 06 10 21 04 46"    [ö”!˜%   '  ! F]
2016-05-09 22:32:30.675:  80 04 00 84
2016-05-09 22:32:30.675:  ! DIA  --> IKE : Read identity
2016-05-09 22:32:35.682:  ! Keep-alive fired (5.0s): requesting IKE identity...
2016-05-09 22:32:35.682:  80 12 A0 F6 94 21 98 25 12 09 15 27 06 10 21 04 46 90
2016-05-09 22:32:35.682:  ! IKE  --> DIA : Diagnostic command acknowledged, Data="F6 94 21 98 25 12 09 15 27 06 10 21 04 46"    [ö”!˜%   '  ! F]
2016-05-09 22:32:35.760:  80 04 00 84
2016-05-09 22:32:35.760:  ! DIA  --> IKE : Read identity
2016-05-09 22:32:35.776:  80 12 A0 F6 94 21 98 25 12 09 15 27 06 10 21 04 46 90
2016-05-09 22:32:35.776:  ! IKE  --> DIA : Diagnostic command acknowledged, Data="F6 94 21 98 25 12 09 15 27 06 10 21 04 46"    [ö”!˜%   '  ! F]
2016-05-09 22:32:40.768:  ! Keep-alive fired (5.0s): requesting IKE identity...
2016-05-09 22:32:40.830:  80 04 00 84
2016-05-09 22:32:40.830:  ! DIA  --> IKE : Read identity
2016-05-09 22:32:40.846:  80 12 A0 F6 94 21 98 25 12 09 15 27 06 10 21 04 46 90
2016-05-09 22:32:40.846:  ! IKE  --> DIA : Diagnostic command acknowledged, Data="F6 94 21 98 25 12 09 15 27 06 10 21 04 46"    [ö”!˜%   '  ! F]
2016-05-09 22:32:45.994:  ! Keep-alive fired (5.0s): requesting IKE identity...
2016-05-09 22:32:46.056:  80 04 00 84
2016-05-09 22:32:46.056:  ! DIA  --> IKE : Read identity
2016-05-09 22:32:46.134:  80 12 A0 F6 94 21 98 25 12 09 15 27 06 10 21 04 46 90
2016-05-09 22:32:46.134:  ! IKE  --> DIA : Diagnostic command acknowledged, Data="F6 94 21 98 25 12 09 15 27 06 10 21 04 46"    [ö”!˜%   '  ! F]
2016-05-09 22:32:51.220:  ! Keep-alive fired (5.0s): requesting IKE identity...
2016-05-09 22:32:51.282:  80 04 00 84
2016-05-09 22:32:51.282:  ! DIA  --> IKE : Read identity
2016-05-09 22:32:51.360:  80 12 A0 F6 94 21 98 25 12 09 15 27 06 10 21 04 46 90
2016-05-09 22:32:51.360:  ! IKE  --> DIA : Diagnostic command acknowledged, Data="F6 94 21 98 25 12 09 15 27 06 10 21 04 46"    [ö”!˜%   '  ! F]
2016-05-09 22:32:56.445:  ! Keep-alive fired (5.0s): requesting IKE identity...
2016-05-09 22:32:56.508:  80 04 00 84
2016-05-09 22:32:56.508:  ! DIA  --> IKE : Read identity
2016-05-09 22:32:56.835:  80 12 A0 F6 94 21 98 25 12 09 15 27 06 10 21 04 46 90
2016-05-09 22:32:56.835:  ! IKE  --> DIA : Diagnostic command acknowledged, Data="F6 94 21 98 25 12 09 15 27 06 10 21 04 46"    [ö”!˜%   '  ! F]
2016-05-09 22:32:56.929:  80 04 00 84
2016-05-09 22:32:56.929:  ! DIA  --> IKE : Read identity
2016-05-09 22:33:01.936:  ! Keep-alive fired (5.0s): requesting IKE identity...
2016-05-09 22:33:01.936:  80 12 A0 F6 94 21 98 25 12 09 15 27 06 10 21 04 46 90
2016-05-09 22:33:01.936:  ! IKE  --> DIA : Diagnostic command acknowledged, Data="F6 94 21 98 25 12 09 15 27 06 10 21 04 46"    [ö”!˜%   '  ! F]
2016-05-09 22:33:02.030:  80 04 00 84
2016-05-09 22:33:02.030:  ! DIA  --> IKE : Read identity
2016-05-09 22:33:02.046:  80 12 A0 F6 94 21 98 25 12 09 15 27 06 10 21 04 46 90
2016-05-09 22:33:02.046:  ! IKE  --> DIA : Diagnostic command acknowledged, Data="F6 94 21 98 25 12 09 15 27 06 10 21 04 46"    [ö”!˜%   '  ! F]
2016-05-09 22:33:07.038:  ! Keep-alive fired (5.0s): requesting IKE identity...
2016-05-09 22:33:07.100:  80 04 00 84
2016-05-09 22:33:07.100:  ! DIA  --> IKE : Read identity
2016-05-09 22:33:07.490:  80 12 A0 F6 94 21 98 25 12 09 15 27 06 10 21 04 46 90
2016-05-09 22:33:07.490:  ! IKE  --> DIA : Diagnostic command acknowledged, Data="F6 94 21 98 25 12 09 15 27 06 10 21 04 46"    [ö”!˜%   '  ! F]
2016-05-09 22:33:07.506:  80 04 00 84
2016-05-09 22:33:07.506:  ! DIA  --> IKE : Read identity
2016-05-09 22:33:11.327:  80 12 A0 F6 94 21 98 25 12 09 15 27 06 10 21 04 46 90
2016-05-09 22:33:11.327:  ! IKE  --> DIA : Diagnostic command acknowledged, Data="F6 94 21 98 25 12 09 15 27 06 10 21 04 46"    [ö”!˜%   '  ! F]
2016-05-09 22:33:11.343:  D0 04 00 D4
2016-05-09 22:33:11.343:  ! DIA  --> LCM : Read identity
2016-05-09 22:33:11.421:  D0 10 A0 08 38 62 08 01 18 13 00 16 00 09 41 6E
2016-05-09 22:33:11.421:  ! LCM  --> DIA : Diagnostic command acknowledged, Data="08 38 62 08 01 18 13 00 16 00 09 41"    [ 8b        A]
2016-05-09 22:33:11.624:  D0 05 08 00 DD
2016-05-09 22:33:11.624:  ! DIA  --> LCM : Read coding data, Data="00"    [ ]
2016-05-09 22:33:11.764:  D0 24 A0 00 02 B3 57 00 00 2C 74 00 00 00 00 00 00 00 30 A7 55 40 90 00 0C 10 02 00 02 00 5A 94 00 00 00 2A
2016-05-09 22:33:11.764:  ! LCM  --> DIA : Diagnostic command acknowledged, Data="00 02 B3 57 00 00 2C 74 00 00 00 00 00 00 00 30 A7 55 40 90 00 0C 10 02 00 02 00 5A 94 00 00 00"    [  ³W  ,t       0§U@       Z”   ]
2016-05-09 22:33:11.905:  D0 05 08 12 CF
2016-05-09 22:33:11.905:  ! DIA  --> LCM : Read coding data, Data="12"    [ ]
2016-05-09 22:33:12.107:  D0 24 A0 12 3F FE FF F1 71 00 00 80 FF FF 0F 00 C7 8F 1F C0 7F 00 FF 8F 1F FF FF FF FF 01 23 40 00 00 00 92
2016-05-09 22:33:12.107:  ! LCM  --> DIA : Diagnostic command acknowledged, Data="12 3F FE FF F1 71 00 00 80 FF FF 0F 00 C7 8F 1F C0 7F 00 FF 8F 1F FF FF FF FF 01 23 40 00 00 00"    [ ?þÿñq  €ÿÿ  Ç À ÿ ÿÿÿÿ #@   ]
2016-05-09 22:33:12.248:  D0 24 09 00 02 BF 57 00 00 3C 74 00 00 00 00 00 00 00 30 A7 55 40 90 00 0C 10 02 00 02 00 5A 94 00 00 00 9F
2016-05-09 22:33:12.248:  ! DIA  --> LCM : Write coding data, Data="00 02 BF 57 00 00 3C 74 00 00 00 00 00 00 00 30 A7 55 40 90 00 0C 10 02 00 02 00 5A 94 00 00 00"    [  ¿W  <t       0§U@       Z”   ]
2016-05-09 22:33:12.451:  D0 04 A0 74
2016-05-09 22:33:12.451:  ! LCM  --> DIA : Diagnostic command acknowledged
2016-05-09 22:33:12.591:  D0 24 09 12 3F FE FF F1 71 00 00 80 FF FF 0F 00 C7 8F 1F C0 7F 00 FF 8F 1F FF FF FF FF 01 23 40 00 00 00 3B
2016-05-09 22:33:12.591:  ! DIA  --> LCM : Write coding data, Data="12 3F FE FF F1 71 00 00 80 FF FF 0F 00 C7 8F 1F C0 7F 00 FF 8F 1F FF FF FF FF 01 23 40 00 00 00"    [ ?þÿñq  €ÿÿ  Ç À ÿ ÿÿÿÿ #@   ]
2016-05-09 22:33:12.731:  D0 04 A0 74
2016-05-09 22:33:12.731:  ! LCM  --> DIA : Diagnostic command acknowledged
2016-05-09 22:33:12.809:  ! Code LCM - The LCM has confirmed the coding was successful.  Please switch the ignition off, wait 10s, then on to reset the LCM.  Please check the function that you changed is working properly.
2016-05-09 22:33:17.739:  ! Keep-alive fired (5.0s): requesting IKE identity...
2016-05-09 22:33:17.817:  80 04 00 84
2016-05-09 22:33:17.817:  ! DIA  --> IKE : Read identity
2016-05-09 22:33:17.895:  80 12 A0 F6 94 21 98 25 12 09 15 27 06 10 21 04 46 90
2016-05-09 22:33:17.895:  ! IKE  --> DIA : Diagnostic command acknowledged, Data="F6 94 21 98 25 12 09 15 27 06 10 21 04 46"    [ö”!˜%   '  ! F]
2016-05-09 22:33:22.980:  ! Keep-alive fired (5.0s): requesting IKE identity...
2016-05-09 22:33:23.043:  80 04 00 84
2016-05-09 22:33:23.043:  ! DIA  --> IKE : Read identity
2016-05-09 22:33:23.058:  80 12 A0 F6 94 21 98 25 12 09 15 27 06 10 21 04 46 90
2016-05-09 22:33:23.058:  ! IKE  --> DIA : Diagnostic command acknowledged, Data="F6 94 21 98 25 12 09 15 27 06 10 21 04 46"    [ö”!˜%   '  ! F]
2016-05-09 22:33:28.206:  ! Keep-alive fired (5.0s): requesting IKE identity...
2016-05-09 22:33:28.269:  80 04 00 84
2016-05-09 22:33:28.269:  ! DIA  --> IKE : Read identity
2016-05-09 22:33:28.284:  80 12 A0 F6 94 21 98 25 12 09 15 27 06 10 21 04 46 90
2016-05-09 22:33:28.284:  ! IKE  --> DIA : Diagnostic command acknowledged, Data="F6 94 21 98 25 12 09 15 27 06 10 21 04 46"    [ö”!˜%   '  ! F]
2016-05-09 22:33:32.683:  7F 05 40 01 3B
2016-05-09 22:33:32.683:  ! DIA  --> NAV : Read adjustment value, Data="01"    [ ]
2016-05-09 22:33:33.151:  7F 05 40 01 3B
2016-05-09 22:33:33.151:  ! DIA  --> NAV : Read adjustment value, Data="01"    [ ]
2016-05-09 22:33:33.541:  7F 05 40 01 3B
2016-05-09 22:33:33.541:  ! DIA  --> NAV : Read adjustment value, Data="01"    [ ]
2016-05-09 22:33:37.582:  D0 05 02 02 D5
2016-05-09 22:33:37.582:  ! DIA  --> LCM : Read AIS, Data="02"    [ ]
2016-05-09 22:33:37.660:  D0 0A A0 02 47 43 95 64 60 ED
2016-05-09 22:33:37.660:  ! LCM  --> DIA : Diagnostic command acknowledged, Data="02 47 43 95 64 60"    [ GC•d`]
2016-05-09 22:33:41.560:  3B 04 06 39
2016-05-09 22:33:41.560:  ! DIA  --> GT  : Read memory
2016-05-09 22:33:41.950:  3B 04 06 39
2016-05-09 22:33:41.950:  ! DIA  --> GT  : Read memory
2016-05-09 22:33:42.340:  3B 04 06 39
2016-05-09 22:33:42.340:  ! DIA  --> GT  : Read memory
2016-05-09 22:33:42.667:  ! ERROR: Cmd_ReadLang.CheckResponse
2016-05-09 22:33:42.667:  ! ERROR: Read Language - Error - No response from device (timeout); ;  Check interface connections, and check that the device is switched on
2016-05-09 22:33:42.667:  ! ERROR: ibus Msg = 
2016-05-09 22:33:47.347:  ! Keep-alive fired (5.0s): requesting IKE identity...
2016-05-09 22:33:47.410:  80 04 00 84
2016-05-09 22:33:47.410:  ! DIA  --> IKE : Read identity
2016-05-09 22:33:47.503:  80 12 A0 F6 94 21 98 25 12 09 15 27 06 10 21 04 46 90
2016-05-09 22:33:47.503:  ! IKE  --> DIA : Diagnostic command acknowledged, Data="F6 94 21 98 25 12 09 15 27 06 10 21 04 46"    [ö”!˜%   '  ! F]
2016-05-09 22:33:52.573:  ! Keep-alive fired (5.0s): requesting IKE identity...
2016-05-09 22:33:52.636:  80 04 00 84
2016-05-09 22:33:52.636:  ! DIA  --> IKE : Read identity
2016-05-09 22:33:52.698:  80 12 A0 F6 94 21 98 25 12 09 15 27 06 10 21 04 46 90
2016-05-09 22:33:52.698:  ! IKE  --> DIA : Diagnostic command acknowledged, Data="F6 94 21 98 25 12 09 15 27 06 10 21 04 46"    [ö”!˜%   '  ! F]
2016-05-09 22:33:57.799:  68 04 00 6C
2016-05-09 22:33:57.799:  ! DIA  --> RAD : Read identity
2016-05-09 22:33:57.861:  68 10 A0 86 90 27 18 45 00 25 09 07 00 17 42 CA
2016-05-09 22:33:57.861:  ! RAD  --> DIA : Diagnostic command acknowledged, Data="86 90 27 18 45 00 25 09 07 00 17 42"    [†' E %    B]
2016-05-09 22:33:57.986:  68 04 53 3F
2016-05-09 22:33:57.986:  ! DIA  --> RAD : Read manufacturer data
2016-05-09 22:33:58.049:  68 09 A0 42 00 24 68 99 56
2016-05-09 22:33:58.049:  ! RAD  --> DIA : Diagnostic command acknowledged, Data="42 00 24 68 99"    [B $h™]
2016-05-09 22:33:58.111:  ! RAD: Read - No coding possible with this device (Coding Index 00)
2016-05-09 22:34:03.056:  ! Keep-alive fired (5.0s): requesting IKE identity...
2016-05-09 22:34:03.119:  80 04 00 84
2016-05-09 22:34:03.119:  ! DIA  --> IKE : Read identity
2016-05-09 22:34:03.181:  80 12 A0 F6 94 21 98 25 12 09 15 27 06 10 21 04 46 90
2016-05-09 22:34:03.181:  ! IKE  --> DIA : Diagnostic command acknowledged, Data="F6 94 21 98 25 12 09 15 27 06 10 21 04 46"    [ö”!˜%   '  ! F]
2016-05-09 22:34:04.725:  68 04 0B 67
2016-05-09 22:34:04.725:  ! DIA  --> RAD : Read IO status
2016-05-09 22:34:04.788:  68 0E A0 05 08 56 30 30 30 30 30 30 32 AF
2016-05-09 22:34:04.788:  ! RAD  --> DIA : Diagnostic command acknowledged, Data="05 08 56 30 30 30 30 30 30 32"    [  V0000002]
2016-05-09 22:34:05.115:  68 04 0B 67
2016-05-09 22:34:05.115:  ! DIA  --> RAD : Read IO status
2016-05-09 22:34:05.178:  68 0E A0 05 08 56 30 30 30 30 31 30 32 AE
2016-05-09 22:34:05.178:  ! RAD  --> DIA : Diagnostic command acknowledged, Data="05 08 56 30 30 30 30 31 30 32"    [  V0000102]
2016-05-09 22:34:05.505:  68 04 0B 67
2016-05-09 22:34:05.505:  ! DIA  --> RAD : Read IO status
2016-05-09 22:34:05.568:  68 0E A0 05 08 56 30 30 30 30 31 30 31 AD
2016-05-09 22:34:05.568:  ! RAD  --> DIA : Diagnostic command acknowledged, Data="05 08 56 30 30 30 30 31 30 31"    [  V0000101]
2016-05-09 22:34:05.895:  68 04 0B 67
2016-05-09 22:34:05.895:  ! DIA  --> RAD : Read IO status
2016-05-09 22:34:05.958:  68 0E A0 05 08 56 30 30 30 30 30 30 31 AC
2016-05-09 22:34:05.958:  ! RAD  --> DIA : Diagnostic command acknowledged, Data="05 08 56 30 30 30 30 30 30 31"    [  V0000001]
2016-05-09 22:34:07.939:  12 04 00 16
2016-05-09 22:34:07.939:  ! DIA  --> DME : Read identity
2016-05-09 22:34:08.313:  12 04 00 16
2016-05-09 22:34:08.313:  ! DIA  --> DME : Read identity
2016-05-09 22:34:08.688:  12 04 00 16
2016-05-09 22:34:08.688:  ! DIA  --> DME : Read identity
2016-05-09 22:34:09.046:  12 04 0B 1D
2016-05-09 22:34:09.046:  ! DIA  --> DME : Read IO status
2016-05-09 22:34:09.483:  12 04 0B 1D
2016-05-09 22:34:09.483:  ! DIA  --> DME : Read IO status
2016-05-09 22:34:09.858:  12 04 0B 1D
2016-05-09 22:34:09.858:  ! DIA  --> DME : Read IO status
2016-05-09 22:34:14.865:  ! Keep-alive fired (5.0s): requesting IKE identity...
2016-05-09 22:34:14.927:  80 04 00 84
2016-05-09 22:34:14.927:  ! DIA  --> IKE : Read identity
2016-05-09 22:34:14.927:  80 04 FF 7B
2016-05-09 22:34:14.927:  ! IKE  --> DIA : Diagnostic command not acknowledged
2016-05-09 22:34:15.115:  80 04 00 84
2016-05-09 22:34:15.115:  ! DIA  --> IKE : Read identity
2016-05-09 22:34:15.177:  80 12 A0 F6 94 21 98 25 12 09 15 27 06 10 21 04 46 90
2016-05-09 22:34:15.177:  ! IKE  --> DIA : Diagnostic command acknowledged, Data="F6 94 21 98 25 12 09 15 27 06 10 21 04 46"    [ö”!˜%   '  ! F]
2016-05-09 22:34:19.327:  !
2016-05-09 22:34:19.327:  ! Single device scan started
2016-05-09 22:34:19.342:  ! Scanning device: IKE
2016-05-09 22:34:19.420:  80 04 00 84
2016-05-09 22:34:19.420:  ! DIA  --> IKE : Read identity
2016-05-09 22:34:19.483:  80 12 A0 F6 94 21 98 25 12 09 15 27 06 10 21 04 46 90
2016-05-09 22:34:19.483:  ! IKE  --> DIA : Diagnostic command acknowledged, Data="F6 94 21 98 25 12 09 15 27 06 10 21 04 46"    [ö”!˜%   '  ! F]
2016-05-09 22:34:19.623:  80 05 04 00 81
2016-05-09 22:34:19.623:  ! DIA  --> IKE : Read fault memory, Data="00"    [ ]
2016-05-09 22:34:19.685:  80 05 A0 05 20
2016-05-09 22:34:19.685:  ! IKE  --> DIA : Diagnostic command acknowledged, Data="05"    [ ]
2016-05-09 22:34:19.810:  80 05 04 01 80
2016-05-09 22:34:19.810:  ! DIA  --> IKE : Read fault memory, Data="01"    [ ]
2016-05-09 22:34:20.122:  80 14 A0 05 BF 88 2E F7 84 12 F8 84 12 44 C8 38 F6 84 12 F3
2016-05-09 22:34:20.122:  ! IKE  --> DIA : Diagnostic command acknowledged, Data="05 BF 88 2E F7 84 12 F8 84 12 44 C8 38 F6 84 12"    [ ¿ˆ.÷„ ø„ DÈ8ö„ ]
2016-05-09 22:34:20.122:  80 05 04 01 80
2016-05-09 22:34:20.122:  ! DIA  --> IKE : Read fault memory, Data="01"    [ ]
2016-05-09 22:34:20.200:  ! Scan completed
2016-05-09 22:34:20.200:  80 14 A0 05 BF 88 2E F7 84 12 F8 84 12 44 C8 38 F6 84 12 F3
2016-05-09 22:34:20.200:  ! IKE  --> DIA : Diagnostic command acknowledged, Data="05 BF 88 2E F7 84 12 F8 84 12 44 C8 38 F6 84 12"    [ ¿ˆ.÷„ ø„ DÈ8ö„ ]
2016-05-09 22:34:25.208:  ! Keep-alive fired (5.0s): requesting IKE identity...
2016-05-09 22:34:25.270:  80 04 00 84
2016-05-09 22:34:25.270:  ! DIA  --> IKE : Read identity
2016-05-09 22:34:25.644:  80 12 A0 F6 94 21 98 25 12 09 15 27 06 10 21 04 46 90
2016-05-09 22:34:25.644:  ! IKE  --> DIA : Diagnostic command acknowledged, Data="F6 94 21 98 25 12 09 15 27 06 10 21 04 46"    [ö”!˜%   '  ! F]
2016-05-09 22:34:25.644:  80 04 00 84
2016-05-09 22:34:25.644:  ! DIA  --> IKE : Read identity
2016-05-09 22:34:25.707:  80 12 A0 F6 94 21 98 25 12 09 15 27 06 10 21 04 46 90
2016-05-09 22:34:25.707:  ! IKE  --> DIA : Diagnostic command acknowledged, Data="F6 94 21 98 25 12 09 15 27 06 10 21 04 46"    [ö”!˜%   '  ! F]
2016-05-09 22:34:30.714:  ! Keep-alive fired (5.0s): requesting IKE identity...
2016-05-09 22:34:30.777:  80 04 00 84
2016-05-09 22:34:30.777:  ! DIA  --> IKE : Read identity
2016-05-09 22:34:30.839:  80 12 A0 F6 94 21 98 25 12 09 15 27 06 10 21 04 46 90
2016-05-09 22:34:30.839:  ! IKE  --> DIA : Diagnostic command acknowledged, Data="F6 94 21 98 25 12 09 15 27 06 10 21 04 46"    [ö”!˜%   '  ! F]
2016-05-09 22:34:30.948:  !
2016-05-09 22:34:31.042:  D0 05 02 02 D5
2016-05-09 22:34:31.042:  ! DIA  --> LCM : Read AIS, Data="02"    [ ]
2016-05-09 22:34:31.104:  D0 0A A0 02 47 43 95 64 60 ED
2016-05-09 22:34:31.104:  ! LCM  --> DIA : Diagnostic command acknowledged, Data="02 47 43 95 64 60"    [ GC•d`]
2016-05-09 22:34:31.229:  3B 07 08 00 04 07 37
2016-05-09 22:34:31.229:  ! DIA  --> GT  : Read coding data, Data="00 04 07"    [   ]
2016-05-09 22:34:31.604:  3B 07 08 00 04 07 37
2016-05-09 22:34:31.604:  ! DIA  --> GT  : Read coding data, Data="00 04 07"    [   ]
2016-05-09 22:34:31.978:  3B 07 08 00 04 07 37
2016-05-09 22:34:31.978:  ! DIA  --> GT  : Read coding data, Data="00 04 07"    [   ]
2016-05-09 22:34:32.306:  ! Scan completed
2016-05-09 22:34:36.985:  ! Keep-alive fired (5.0s): requesting IKE identity...
2016-05-09 22:34:37.048:  80 04 00 84
2016-05-09 22:34:37.048:  ! DIA  --> IKE : Read identity
2016-05-09 22:34:37.110:  80 12 A0 F6 94 21 98 25 12 09 15 27 06 10 21 04 46 90
2016-05-09 22:34:37.110:  ! IKE  --> DIA : Diagnostic command acknowledged, Data="F6 94 21 98 25 12 09 15 27 06 10 21 04 46"    [ö”!˜%   '  ! F]
2016-05-09 22:34:42.180:  ! Keep-alive fired (5.0s): requesting IKE identity...
2016-05-09 22:34:42.243:  80 04 00 84
2016-05-09 22:34:42.243:  ! DIA  --> IKE : Read identity
2016-05-09 22:34:42.243:  80 12 A0 F6 94 21 98 25 12 09 15 27 06 10 21 04 46 90
2016-05-09 22:34:42.243:  ! IKE  --> DIA : Diagnostic command acknowledged, Data="F6 94 21 98 25 12 09 15 27 06 10 21 04 46"    [ö”!˜%   '  ! F]
2016-05-09 22:34:45.175:  80 04 05 81
2016-05-09 22:34:45.175:  ! DIA  --> IKE : Clear fault memory
2016-05-09 22:34:45.238:  80 04 A0 24
2016-05-09 22:34:45.238:  ! IKE  --> DIA : Diagnostic command acknowledged
2016-05-09 22:34:50.136:  !
2016-05-09 22:34:50.136:  ! Single device scan started
2016-05-09 22:34:50.167:  ! Scanning device: IKE
2016-05-09 22:34:50.230:  80 04 00 84
2016-05-09 22:34:50.230:  ! DIA  --> IKE : Read identity
2016-05-09 22:34:50.230:  80 12 A0 F6 94 21 98 25 12 09 15 27 06 10 21 04 46 90
2016-05-09 22:34:50.230:  ! IKE  --> DIA : Diagnostic command acknowledged, Data="F6 94 21 98 25 12 09 15 27 06 10 21 04 46"    [ö”!˜%   '  ! F]
2016-05-09 22:34:50.432:  80 05 04 00 81
2016-05-09 22:34:50.432:  ! DIA  --> IKE : Read fault memory, Data="00"    [ ]
2016-05-09 22:34:50.432:  80 05 A0 00 25
2016-05-09 22:34:50.432:  ! IKE  --> DIA : Diagnostic command acknowledged, Data="00"    [ ]
2016-05-09 22:34:50.573:  ! Scan completed
2016-05-09 22:34:55.440:  ! Keep-alive fired (5.0s): requesting IKE identity...
2016-05-09 22:34:55.502:  80 04 00 84
2016-05-09 22:34:55.502:  ! DIA  --> IKE : Read identity
2016-05-09 22:34:55.565:  80 12 A0 F6 94 21 98 25 12 09 15 27 06 10 21 04 46 90
2016-05-09 22:34:55.565:  ! IKE  --> DIA : Diagnostic command acknowledged, Data="F6 94 21 98 25 12 09 15 27 06 10 21 04 46"    [ö”!˜%   '  ! F]
2016-05-09 22:35:00.635:  ! Keep-alive fired (5.0s): requesting IKE identity...
2016-05-09 22:35:00.697:  80 04 00 84
2016-05-09 22:35:00.697:  ! DIA  --> IKE : Read identity
2016-05-09 22:35:00.759:  80 12 A0 F6 94 21 98 25 12 09 15 27 06 10 21 04 46 90
2016-05-09 22:35:00.759:  ! IKE  --> DIA : Diagnostic command acknowledged, Data="F6 94 21 98 25 12 09 15 27 06 10 21 04 46"    [ö”!˜%   '  ! F]
2016-05-09 22:35:05.829:  ! Keep-alive fired (5.0s): requesting IKE identity...
2016-05-09 22:35:05.892:  80 04 00 84
2016-05-09 22:35:05.892:  ! DIA  --> IKE : Read identity
2016-05-09 22:35:05.954:  80 12 A0 F6 94 21 98 25 12 09 15 27 06 10 21 04 46 90
2016-05-09 22:35:05.954:  ! IKE  --> DIA : Diagnostic command acknowledged, Data="F6 94 21 98 25 12 09 15 27 06 10 21 04 46"    [ö”!˜%   '  ! F]
2016-05-09 22:35:11.024:  ! Keep-alive fired (5.0s): requesting IKE identity...
2016-05-09 22:35:11.086:  80 04 00 84
2016-05-09 22:35:11.086:  ! DIA  --> IKE : Read identity
2016-05-09 22:35:11.149:  80 12 A0 F6 94 21 98 25 12 09 15 27 06 10 21 04 46 90
2016-05-09 22:35:11.149:  ! IKE  --> DIA : Diagnostic command acknowledged, Data="F6 94 21 98 25 12 09 15 27 06 10 21 04 46"    [ö”!˜%   '  ! F]
2016-05-09 22:35:16.219:  ! Keep-alive fired (5.0s): requesting IKE identity...
2016-05-09 22:35:16.281:  80 04 00 84
2016-05-09 22:35:16.281:  ! DIA  --> IKE : Read identity
2016-05-09 22:35:16.655:  80 12 A0 F6 94 21 98 25 12 09 15 27 06 10 21 04 46 90
2016-05-09 22:35:16.655:  ! IKE  --> DIA : Diagnostic command acknowledged, Data="F6 94 21 98 25 12 09 15 27 06 10 21 04 46"    [ö”!˜%   '  ! F]
2016-05-09 22:35:16.655:  80 04 00 84
2016-05-09 22:35:16.655:  ! DIA  --> IKE : Read identity
2016-05-09 22:35:16.718:  80 12 A0 F6 94 21 98 25 12 09 15 27 06 10 21 04 46 90
2016-05-09 22:35:16.718:  ! IKE  --> DIA : Diagnostic command acknowledged, Data="F6 94 21 98 25 12 09 15 27 06 10 21 04 46"    [ö”!˜%   '  ! F]
2016-05-09 22:35:21.725:  ! Keep-alive fired (5.0s): requesting IKE identity...
2016-05-09 22:35:21.788:  80 04 00 84
2016-05-09 22:35:21.788:  ! DIA  --> IKE : Read identity
2016-05-09 22:35:21.850:  80 12 A0 F6 94 21 98 25 12 09 15 27 06 10 21 04 46 90
2016-05-09 22:35:21.850:  ! IKE  --> DIA : Diagnostic command acknowledged, Data="F6 94 21 98 25 12 09 15 27 06 10 21 04 46"    [ö”!˜%   '  ! F]
2016-05-09 22:35:26.920:  ! Keep-alive fired (5.0s): requesting IKE identity...
2016-05-09 22:35:26.982:  80 04 00 84
2016-05-09 22:35:26.982:  ! DIA  --> IKE : Read identity
2016-05-09 22:35:27.045:  80 12 A0 F6 94 21 98 25 12 09 15 27 06 10 21 04 46 90
2016-05-09 22:35:27.045:  ! IKE  --> DIA : Diagnostic command acknowledged, Data="F6 94 21 98 25 12 09 15 27 06 10 21 04 46"    [ö”!˜%   '  ! F]
2016-05-09 22:35:32.114:  ! Keep-alive fired (5.0s): requesting IKE identity...
2016-05-09 22:35:32.177:  80 04 00 84
2016-05-09 22:35:32.177:  ! DIA  --> IKE : Read identity
2016-05-09 22:35:32.239:  80 12 A0 F6 94 21 98 25 12 09 15 27 06 10 21 04 46 90
2016-05-09 22:35:32.239:  ! IKE  --> DIA : Diagnostic command acknowledged, Data="F6 94 21 98 25 12 09 15 27 06 10 21 04 46"    [ö”!˜%   '  ! F]
2016-05-09 22:35:37.309:  ! Keep-alive fired (5.0s): requesting IKE identity...
2016-05-09 22:35:37.371:  80 04 00 84
2016-05-09 22:35:37.371:  ! DIA  --> IKE : Read identity
2016-05-09 22:35:37.434:  80 12 A0 F6 94 21 98 25 12 09 15 27 06 10 21 04 46 90
2016-05-09 22:35:37.434:  ! IKE  --> DIA : Diagnostic command acknowledged, Data="F6 94 21 98 25 12 09 15 27 06 10 21 04 46"    [ö”!˜%   '  ! F]
2016-05-09 22:35:42.504:  ! Keep-alive fired (5.0s): requesting IKE identity...
2016-05-09 22:35:42.566:  80 04 00 84
2016-05-09 22:35:42.566:  ! DIA  --> IKE : Read identity
2016-05-09 22:35:42.566:  80 12 A0 F6 94 21 98 25 12 09 15 27 06 10 21 04 46 90
2016-05-09 22:35:42.566:  ! IKE  --> DIA : Diagnostic command acknowledged, Data="F6 94 21 98 25 12 09 15 27 06 10 21 04 46"    [ö”!˜%   '  ! F]
2016-05-09 22:35:47.714:  ! Keep-alive fired (5.0s): requesting IKE identity...
2016-05-09 22:35:47.776:  80 04 00 84
2016-05-09 22:35:47.776:  ! DIA  --> IKE : Read identity
2016-05-09 22:35:48.151:  80 12 A0 F6 94 21 98 25 12 09 15 27 06 10 21 04 46 90
2016-05-09 22:35:48.151:  ! IKE  --> DIA : Diagnostic command acknowledged, Data="F6 94 21 98 25 12 09 15 27 06 10 21 04 46"    [ö”!˜%   '  ! F]
2016-05-09 22:35:48.151:  80 04 00 84
2016-05-09 22:35:48.151:  ! DIA  --> IKE : Read identity
2016-05-09 22:35:53.236:  ! Keep-alive fired (5.0s): requesting IKE identity...
2016-05-09 22:35:53.236:  80 12 A0 F6 94 21 98 25 12 09 15 27 06 10 21 04 46 90
2016-05-09 22:35:53.236:  ! IKE  --> DIA : Diagnostic command acknowledged, Data="F6 94 21 98 25 12 09 15 27 06 10 21 04 46"    [ö”!˜%   '  ! F]
2016-05-09 22:35:53.314:  80 04 00 84
2016-05-09 22:35:53.314:  ! DIA  --> IKE : Read identity
2016-05-09 22:35:53.377:  80 12 A0 F6 94 21 98 25 12 09 15 27 06 10 21 04 46 90
2016-05-09 22:35:53.377:  ! IKE  --> DIA : Diagnostic command acknowledged, Data="F6 94 21 98 25 12 09 15 27 06 10 21 04 46"    [ö”!˜%   '  ! F]
2016-05-09 22:35:56.200:  ! NavCoder logging stopped, NavCoder closed
2016-05-09 22:35:56.200:  !
