2016-05-09 22:03:41.823:  !
2016-05-09 22:03:41.823:  ! NavCoder v2.9.183.Beta [EN-US] [i/k-bus] logging started
2016-05-09 22:03:41.823:  ! Running on Windows 7 Ultimate Edition, 32-bit (Service Pack 1)  [en-US]
2016-05-09 22:03:41.823:  ! [Debug Mode]
2016-05-09 22:03:41.823:  ! [Procotol = Auto]
2016-05-09 22:03:41.838:  ! Script: Setting Scripting state to Off
2016-05-09 22:03:41.963:  ! showBatteryVoltage: Nave not alive, exiting...
2016-05-09 22:03:42.276:  ! Setting COM port parameters for COM1
2016-05-09 22:03:42.463:  ! COM1 opened
2016-05-09 22:04:01.766:  ! Databus protocol unknown, starting Protocol Detection...
2016-05-09 22:04:01.766:  ! Detecting protocol via VIN Request; trying OBD (d-bus) protocol...
2016-05-09 22:04:01.782:  ! Protocol watchdog timer fired: reverting protcol to Auto
2016-05-09 22:04:01.782:  ! Bus protocol set to Auto
2016-05-09 22:04:01.782:  ! Databus protocol unknown, starting Protocol Detection...
2016-05-09 22:04:01.782:  ! Detecting protocol via analysis of received data; trying i/k-bus protocol...
2016-05-09 22:04:01.782:  ! Detecting protocol via analysis of received data; trying OBD (d-bus) protocol...
2016-05-09 22:04:01.782:  ! Bus protocol set to D-bus
2016-05-09 22:04:01.782:  ! Protocol detection successful
2016-05-09 22:04:02.906:  !------------------------------------------------------
2016-05-09 22:04:02.906:  !     Workbench Mode (no vehicle detected), Protocol = OBD (d-bus)
2016-05-09 22:04:02.906:  !------------------------------------------------------
2016-05-09 22:04:02.906:  ! DIA  --> LCM : Read AIS, Data="02"    [ ]
2016-05-09 22:04:03.031:  ! LCM  --> DIA : Diagnostic command acknowledged, Data="02 47 43 95 64 60"    [ GC•d`]
2016-05-09 22:04:03.031:  ! DIA  --> LCM : Read AIS, Data="02"    [ ]
2016-05-09 22:04:03.031:  ! LCM  --> DIA : Diagnostic command acknowledged, Data="02 47 43 95 64 60"    [ GC•d`]
2016-05-09 22:04:03.031:  ! DIA  --> LCM : Read AIS, Data="02"    [ ]
2016-05-09 22:04:03.031:  ! LCM  --> DIA : Diagnostic command acknowledged, Data="02 47 43 95 64 60"    [ GC•d`]
2016-05-09 22:04:03.031:  ! DIA  --> LCM : Read AIS, Data="02"    [ ]
2016-05-09 22:04:03.031:  ! LCM  --> DIA : Diagnostic command acknowledged, Data="02 47 43 95 64 60"    [ GC•d`]
2016-05-09 22:04:03.031:  ! DIA  --> LCM : Read AIS, Data="02"    [ ]
2016-05-09 22:04:03.094:  ! Bus protocol set to D-bus
2016-05-09 22:04:03.094:  ! Protocol detection successful
2016-05-09 22:04:03.094:  !------------------------------------------------------
2016-05-09 22:04:03.094:  !     Connected to VIN GC95646 via OBD (d-bus)
2016-05-09 22:04:03.094:  !------------------------------------------------------
2016-05-09 22:04:03.094:  ! LCM  --> DIA : Diagnostic command acknowledged, Data="02 47 43 95 64 60"    [ GC•d`]
2016-05-09 22:04:03.094:  ! DIA  --> LCM : Read identity
2016-05-09 22:04:03.234:  ! ERROR: Cmd_Read_Click.CheckResponse
2016-05-09 22:04:03.234:  ! ERROR: NavCoder - Error - No response from device (timeout); ;  Check interface connections, and check that the device is switched on
2016-05-09 22:04:03.234:  ! ERROR: ibus Msg = ID.RawData=02 47 43 95 64 60
2016-05-09 22:04:03.250:  ! LCM  --> DIA : Diagnostic command acknowledged, Data="08 38 62 08 01 18 13 00 16 00 09 41"    [ 8b        A]
2016-05-09 22:04:08.260:  ! Keep-alive fired (5.0s): requesting IKE identity...
2016-05-09 22:04:08.323:  ! DIA  --> IKE : Read identity
2016-05-09 22:04:08.385:  ! IKE  --> DIA : Diagnostic command acknowledged, Data="F6 94 21 98 25 12 09 15 27 06 10 21 04 46"    [ö”!˜%   '  ! F]
2016-05-09 22:04:08.697:  ! DIA  --> IKE : Read identity
2016-05-09 22:04:08.697:  ! IKE  --> DIA : Diagnostic command acknowledged, Data="F6 94 21 98 25 12 09 15 27 06 10 21 04 46"    [ö”!˜%   '  ! F]
2016-05-09 22:04:13.847:  ! Keep-alive fired (5.0s): requesting IKE identity...
2016-05-09 22:04:13.909:  ! DIA  --> IKE : Read identity
2016-05-09 22:04:13.971:  ! IKE  --> DIA : Diagnostic command acknowledged, Data="F6 94 21 98 25 12 09 15 27 06 10 21 04 46"    [ö”!˜%   '  ! F]
2016-05-09 22:04:18.980:  ! Keep-alive fired (5.0s): requesting IKE identity...
2016-05-09 22:04:19.043:  ! DIA  --> IKE : Read identity
2016-05-09 22:04:19.105:  ! IKE  --> DIA : Diagnostic command acknowledged, Data="F6 94 21 98 25 12 09 15 27 06 10 21 04 46"    [ö”!˜%   '  ! F]
2016-05-09 22:04:24.177:  ! Keep-alive fired (5.0s): requesting IKE identity...
2016-05-09 22:04:24.239:  ! DIA  --> IKE : Read identity
2016-05-09 22:04:24.239:  ! IKE  --> DIA : Diagnostic command acknowledged, Data="F6 94 21 98 25 12 09 15 27 06 10 21 04 46"    [ö”!˜%   '  ! F]
2016-05-09 22:04:29.373:  ! Keep-alive fired (5.0s): requesting IKE identity...
2016-05-09 22:04:29.436:  ! DIA  --> IKE : Read identity
2016-05-09 22:04:29.436:  ! IKE  --> DIA : Diagnostic command acknowledged, Data="F6 94 21 98 25 12 09 15 27 06 10 21 04 46"    [ö”!˜%   '  ! F]
2016-05-09 22:04:34.569:  ! Keep-alive fired (5.0s): requesting IKE identity...
2016-05-09 22:04:34.632:  ! DIA  --> IKE : Read identity
2016-05-09 22:04:34.694:  ! IKE  --> DIA : Diagnostic command acknowledged, Data="F6 94 21 98 25 12 09 15 27 06 10 21 04 46"    [ö”!˜%   '  ! F]
2016-05-09 22:04:39.766:  ! Keep-alive fired (5.0s): requesting IKE identity...
2016-05-09 22:04:39.828:  ! DIA  --> IKE : Read identity
2016-05-09 22:04:39.828:  ! IKE  --> DIA : Diagnostic command acknowledged, Data="F6 94 21 98 25 12 09 15 27 06 10 21 04 46"    [ö”!˜%   '  ! F]
2016-05-09 22:04:44.978:  ! Keep-alive fired (5.0s): requesting IKE identity...
2016-05-09 22:04:44.978:  ! DIA  --> IKE : Read identity
2016-05-09 22:04:45.056:  ! IKE  --> DIA : Diagnostic command acknowledged, Data="F6 94 21 98 25 12 09 15 27 06 10 21 04 46"    [ö”!˜%   '  ! F]
2016-05-09 22:04:50.127:  ! Keep-alive fired (5.0s): requesting IKE identity...
2016-05-09 22:04:50.190:  ! DIA  --> IKE : Read identity
2016-05-09 22:04:50.268:  ! IKE  --> DIA : Diagnostic command acknowledged, Data="F6 94 21 98 25 12 09 15 27 06 10 21 04 46"    [ö”!˜%   '  ! F]
2016-05-09 22:04:55.355:  ! Keep-alive fired (5.0s): requesting IKE identity...
2016-05-09 22:04:55.417:  ! DIA  --> IKE : Read identity
2016-05-09 22:04:55.495:  ! IKE  --> DIA : Diagnostic command acknowledged, Data="F6 94 21 98 25 12 09 15 27 06 10 21 04 46"    [ö”!˜%   '  ! F]
2016-05-09 22:05:00.582:  ! Keep-alive fired (5.0s): requesting IKE identity...
2016-05-09 22:05:00.645:  ! DIA  --> IKE : Read identity
2016-05-09 22:05:00.707:  ! IKE  --> DIA : Diagnostic command acknowledged, Data="F6 94 21 98 25 12 09 15 27 06 10 21 04 46"    [ö”!˜%   '  ! F]
2016-05-09 22:05:05.778:  ! Keep-alive fired (5.0s): requesting IKE identity...
2016-05-09 22:05:05.841:  ! DIA  --> IKE : Read identity
2016-05-09 22:05:05.841:  ! IKE  --> DIA : Diagnostic command acknowledged, Data="F6 94 21 98 25 12 09 15 27 06 10 21 04 46"    [ö”!˜%   '  ! F]
2016-05-09 22:05:10.974:  ! Keep-alive fired (5.0s): requesting IKE identity...
2016-05-09 22:05:11.036:  ! DIA  --> IKE : Read identity
2016-05-09 22:05:11.099:  ! IKE  --> DIA : Diagnostic command acknowledged, Data="F6 94 21 98 25 12 09 15 27 06 10 21 04 46"    [ö”!˜%   '  ! F]
2016-05-09 22:05:12.441:  ! DIA  --> RAD : Read identity
2016-05-09 22:05:12.503:  ! RAD  --> DIA : Diagnostic command acknowledged, Data="86 90 27 18 45 00 25 09 07 00 17 42"    [†' E %    B]
2016-05-09 22:05:12.628:  ! DIA  --> RAD : Read manufacturer data
2016-05-09 22:05:12.628:  ! RAD  --> DIA : Diagnostic command acknowledged, Data="42 00 24 68 99"    [B $h™]
2016-05-09 22:05:12.831:  ! DIA  --> RAD : Read IO status
2016-05-09 22:05:12.893:  ! RAD  --> DIA : Diagnostic command acknowledged, Data="05 08 56 30 30 30 30 30 30 31"    [  V0000001]
2016-05-09 22:05:13.221:  ! DIA  --> RAD : Read IO status
2016-05-09 22:05:13.283:  ! RAD  --> DIA : Diagnostic command acknowledged, Data="05 08 56 30 30 30 30 30 30 33"    [  V0000003]
2016-05-09 22:05:13.611:  ! DIA  --> RAD : Read IO status
2016-05-09 22:05:13.673:  ! RAD  --> DIA : Diagnostic command acknowledged, Data="05 08 56 30 30 30 30 30 30 33"    [  V0000003]
2016-05-09 22:05:14.001:  ! DIA  --> RAD : Read IO status
2016-05-09 22:05:14.063:  ! RAD  --> DIA : Diagnostic command acknowledged, Data="05 08 56 30 30 30 30 31 30 33"    [  V0000103]
2016-05-09 22:05:14.391:  ! DIA  --> RAD : Read IO status
2016-05-09 22:05:14.453:  ! RAD  --> DIA : Diagnostic command acknowledged, Data="05 08 56 30 30 30 30 30 30 32"    [  V0000002]
2016-05-09 22:05:14.781:  ! DIA  --> RAD : Read IO status
2016-05-09 22:05:14.843:  ! RAD  --> DIA : Diagnostic command acknowledged, Data="05 08 56 30 30 30 30 30 30 32"    [  V0000002]
2016-05-09 22:05:15.171:  ! DIA  --> RAD : Read IO status
2016-05-09 22:05:15.233:  ! RAD  --> DIA : Diagnostic command acknowledged, Data="05 08 56 30 30 30 30 30 30 32"    [  V0000002]
2016-05-09 22:05:15.561:  ! DIA  --> RAD : Read IO status
2016-05-09 22:05:15.623:  ! RAD  --> DIA : Diagnostic command acknowledged, Data="05 08 56 30 30 30 30 31 30 32"    [  V0000102]
2016-05-09 22:05:15.951:  ! DIA  --> RAD : Read IO status
2016-05-09 22:05:16.076:  ! RAD  --> DIA : Diagnostic command acknowledged, Data="05 08 56 30 30 30 30 31 30 32"    [  V0000102]
2016-05-09 22:05:16.403:  ! DIA  --> RAD : Read IO status
2016-05-09 22:05:16.466:  ! RAD  --> DIA : Diagnostic command acknowledged, Data="05 08 56 30 30 30 30 31 30 31"    [  V0000101]
2016-05-09 22:05:16.793:  ! DIA  --> RAD : Read IO status
2016-05-09 22:05:16.856:  ! RAD  --> DIA : Diagnostic command acknowledged, Data="05 08 56 30 30 30 30 31 30 31"    [  V0000101]
2016-05-09 22:05:17.199:  ! DIA  --> RAD : Read IO status
2016-05-09 22:05:17.277:  ! RAD  --> DIA : Diagnostic command acknowledged, Data="05 08 56 30 30 30 30 31 30 31"    [  V0000101]
2016-05-09 22:05:17.620:  ! DIA  --> RAD : Read IO status
2016-05-09 22:05:17.698:  ! RAD  --> DIA : Diagnostic command acknowledged, Data="05 08 56 30 30 30 30 31 30 32"    [  V0000102]
2016-05-09 22:05:17.979:  ! DIA  --> RAD : Read IO status
2016-05-09 22:05:18.120:  ! RAD  --> DIA : Diagnostic command acknowledged, Data="05 08 56 30 30 30 30 31 30 32"    [  V0000102]
2016-05-09 22:05:18.463:  ! DIA  --> RAD : Read IO status
2016-05-09 22:05:18.541:  ! RAD  --> DIA : Diagnostic command acknowledged, Data="05 08 56 30 30 30 30 31 30 32"    [  V0000102]
2016-05-09 22:05:18.884:  ! DIA  --> RAD : Read IO status
2016-05-09 22:05:18.962:  ! RAD  --> DIA : Diagnostic command acknowledged, Data="05 08 56 30 30 30 30 31 30 32"    [  V0000102]
2016-05-09 22:05:19.305:  ! DIA  --> RAD : Read IO status
2016-05-09 22:05:19.383:  ! RAD  --> DIA : Diagnostic command acknowledged, Data="04 08 56 30 30 30 30 30 30 30"    [  V0000000]
2016-05-09 22:05:19.727:  ! DIA  --> RAD : Read IO status
2016-05-09 22:05:19.805:  ! RAD  --> DIA : Diagnostic command acknowledged, Data="04 08 56 30 30 30 30 30 30 30"    [  V0000000]
2016-05-09 22:05:20.148:  ! DIA  --> RAD : Read IO status
2016-05-09 22:05:20.226:  ! RAD  --> DIA : Diagnostic command acknowledged, Data="04 08 56 30 30 30 30 30 30 30"    [  V0000000]
2016-05-09 22:05:20.569:  ! DIA  --> RAD : Read IO status
2016-05-09 22:05:20.647:  ! RAD  --> DIA : Diagnostic command acknowledged, Data="04 08 56 30 30 30 30 30 30 30"    [  V0000000]
2016-05-09 22:05:20.990:  ! DIA  --> RAD : Read IO status
2016-05-09 22:05:21.068:  ! RAD  --> DIA : Diagnostic command acknowledged, Data="05 08 56 30 30 30 30 30 30 30"    [  V0000000]
2016-05-09 22:05:21.412:  ! DIA  --> RAD : Read IO status
2016-05-09 22:05:21.552:  ! RAD  --> DIA : Diagnostic command acknowledged, Data="05 08 56 30 30 30 30 31 30 30"    [  V0000100]
2016-05-09 22:05:21.895:  ! DIA  --> RAD : Read IO status
2016-05-09 22:05:21.973:  ! RAD  --> DIA : Diagnostic command acknowledged, Data="05 08 56 30 30 30 30 31 30 31"    [  V0000101]
2016-05-09 22:05:22.317:  ! DIA  --> RAD : Read IO status
2016-05-09 22:05:22.395:  ! RAD  --> DIA : Diagnostic command acknowledged, Data="05 08 56 30 30 30 30 31 30 31"    [  V0000101]
2016-05-09 22:05:22.738:  ! DIA  --> RAD : Read IO status
2016-05-09 22:05:22.816:  ! RAD  --> DIA : Diagnostic command acknowledged, Data="05 08 56 30 30 30 30 31 30 31"    [  V0000101]
2016-05-09 22:05:23.159:  ! DIA  --> RAD : Read IO status
2016-05-09 22:05:23.237:  ! RAD  --> DIA : Diagnostic command acknowledged, Data="05 08 56 30 30 30 30 31 30 32"    [  V0000102]
2016-05-09 22:05:23.580:  ! DIA  --> RAD : Read IO status
2016-05-09 22:05:23.658:  ! RAD  --> DIA : Diagnostic command acknowledged, Data="05 08 56 30 30 30 30 31 30 32"    [  V0000102]
2016-05-09 22:05:24.002:  ! DIA  --> RAD : Read IO status
2016-05-09 22:05:24.080:  ! RAD  --> DIA : Diagnostic command acknowledged, Data="05 08 56 30 30 30 30 31 30 30"    [  V0000100]
2016-05-09 22:05:24.423:  ! DIA  --> RAD : Read IO status
2016-05-09 22:05:24.501:  ! RAD  --> DIA : Diagnostic command acknowledged, Data="05 08 56 30 30 30 30 31 30 30"    [  V0000100]
2016-05-09 22:05:24.844:  ! DIA  --> RAD : Read IO status
2016-05-09 22:05:24.922:  ! RAD  --> DIA : Diagnostic command acknowledged, Data="05 08 56 30 30 30 30 31 30 30"    [  V0000100]
2016-05-09 22:05:25.203:  ! DIA  --> RAD : Read IO status
2016-05-09 22:05:25.343:  ! RAD  --> DIA : Diagnostic command acknowledged, Data="05 08 56 30 30 30 30 31 30 32"    [  V0000102]
2016-05-09 22:05:25.687:  ! DIA  --> RAD : Read IO status
2016-05-09 22:05:25.765:  ! RAD  --> DIA : Diagnostic command acknowledged, Data="05 08 56 30 30 30 30 31 30 32"    [  V0000102]
2016-05-09 22:05:26.108:  ! DIA  --> RAD : Read IO status
2016-05-09 22:05:26.186:  ! RAD  --> DIA : Diagnostic command acknowledged, Data="05 08 56 30 30 30 30 31 30 32"    [  V0000102]
2016-05-09 22:05:26.529:  ! DIA  --> RAD : Read IO status
2016-05-09 22:05:26.607:  ! RAD  --> DIA : Diagnostic command acknowledged, Data="05 08 56 30 30 30 30 31 30 32"    [  V0000102]
2016-05-09 22:05:26.950:  ! DIA  --> RAD : Read IO status
2016-05-09 22:05:27.028:  ! RAD  --> DIA : Diagnostic command acknowledged, Data="05 08 56 30 30 30 30 31 30 32"    [  V0000102]
2016-05-09 22:05:27.372:  ! DIA  --> RAD : Read IO status
2016-05-09 22:05:27.450:  ! RAD  --> DIA : Diagnostic command acknowledged, Data="05 08 56 30 30 30 30 31 30 32"    [  V0000102]
2016-05-09 22:05:31.927:  ! DIA  --> DME : Read identity
2016-05-09 22:05:32.317:  ! DIA  --> DME : Read identity
2016-05-09 22:05:32.708:  ! DIA  --> DME : Read identity
2016-05-09 22:05:37.716:  ! Keep-alive fired (5.0s): requesting IKE identity...
2016-05-09 22:05:37.778:  ! DIA  --> IKE : Read identity
2016-05-09 22:05:37.856:  ! IKE  --> DIA : Diagnostic command acknowledged, Data="F6 94 21 98 25 12 09 15 27 06 10 21 04 46"    [ö”!˜%   '  ! F]
2016-05-09 22:05:38.558:  ! DIA  --> NAV : Read identity
2016-05-09 22:05:38.948:  ! DIA  --> NAV : Read identity
2016-05-09 22:05:39.338:  ! DIA  --> NAV : Read identity
2016-05-09 22:05:39.713:  ! DIA  --> NAV : Read IO status
2016-05-09 22:05:40.165:  ! DIA  --> NAV : Read IO status
2016-05-09 22:05:40.555:  ! DIA  --> NAV : Read IO status
2016-05-09 22:05:45.564:  ! Keep-alive fired (5.0s): requesting IKE identity...
2016-05-09 22:05:45.626:  ! DIA  --> IKE : Read identity
2016-05-09 22:05:45.642:  ! IKE  --> DIA : Diagnostic command acknowledged, Data="F6 94 21 98 25 12 09 15 27 06 10 21 04 46"    [ö”!˜%   '  ! F]
2016-05-09 22:05:49.714:  ! DIA  --> RAD : Read identity
2016-05-09 22:05:49.854:  ! RAD  --> DIA : Diagnostic command acknowledged, Data="86 90 27 18 45 00 25 09 07 00 17 42"    [†' E %    B]
2016-05-09 22:05:49.932:  ! DIA  --> RAD : Read manufacturer data
2016-05-09 22:05:50.073:  ! RAD  --> DIA : Diagnostic command acknowledged, Data="42 00 24 68 99"    [B $h™]
2016-05-09 22:05:50.151:  ! RAD: Read - No coding possible with this device (Coding Index 00)
2016-05-09 22:05:55.081:  ! Keep-alive fired (5.0s): requesting IKE identity...
2016-05-09 22:05:55.143:  ! DIA  --> IKE : Read identity
2016-05-09 22:05:55.159:  ! IKE  --> DIA : Diagnostic command acknowledged, Data="F6 94 21 98 25 12 09 15 27 06 10 21 04 46"    [ö”!˜%   '  ! F]
2016-05-09 22:06:00.307:  ! Keep-alive fired (5.0s): requesting IKE identity...
2016-05-09 22:06:00.370:  ! DIA  --> IKE : Read identity
2016-05-09 22:06:00.385:  ! IKE  --> DIA : Diagnostic command acknowledged, Data="F6 94 21 98 25 12 09 15 27 06 10 21 04 46"    [ö”!˜%   '  ! F]
2016-05-09 22:06:05.534:  ! Keep-alive fired (5.0s): requesting IKE identity...
2016-05-09 22:06:05.596:  ! DIA  --> IKE : Read identity
2016-05-09 22:06:05.596:  ! IKE  --> DIA : Diagnostic command acknowledged, Data="F6 94 21 98 25 12 09 15 27 06 10 21 04 46"    [ö”!˜%   '  ! F]
2016-05-09 22:06:06.361:  ! DIA  --> DSP : Read identity
2016-05-09 22:06:06.501:  ! DSP  --> DIA : Diagnostic command acknowledged, Data="86 94 09 77 03 02 04 13 19 10 09 03"    [†” w        ]
2016-05-09 22:06:06.579:  ! ERROR: Cmd_Read_Click
2016-05-09 22:06:06.579:  ! ERROR: NavCoder - Coding Index not known. Please contact NavCoder Author for further details.; ; 
2016-05-09 22:06:11.509:  ! Keep-alive fired (5.0s): requesting IKE identity...
2016-05-09 22:06:11.572:  ! DIA  --> IKE : Read identity
2016-05-09 22:06:11.650:  ! IKE  --> DIA : Diagnostic command acknowledged, Data="F6 94 21 98 25 12 09 15 27 06 10 21 04 46"    [ö”!˜%   '  ! F]
2016-05-09 22:06:16.735:  ! Keep-alive fired (5.0s): requesting IKE identity...
2016-05-09 22:06:16.798:  ! DIA  --> IKE : Read identity
2016-05-09 22:06:16.813:  ! IKE  --> DIA : Diagnostic command acknowledged, Data="F6 94 21 98 25 12 09 15 27 06 10 21 04 46"    [ö”!˜%   '  ! F]
2016-05-09 22:06:17.625:  !
2016-05-09 22:06:17.718:  ! DIA  --> LCM : Read AIS, Data="02"    [ ]
2016-05-09 22:06:17.796:  ! LCM  --> DIA : Diagnostic command acknowledged, Data="02 47 43 95 64 60"    [ GC•d`]
2016-05-09 22:06:17.937:  ! DIA  --> GT  : Read coding data, Data="00 04 07"    [   ]
2016-05-09 22:06:18.327:  ! DIA  --> GT  : Read coding data, Data="00 04 07"    [   ]
2016-05-09 22:06:18.717:  ! DIA  --> GT  : Read coding data, Data="00 04 07"    [   ]
2016-05-09 22:06:19.060:  ! Scan completed
2016-05-09 22:06:23.725:  ! Keep-alive fired (5.0s): requesting IKE identity...
2016-05-09 22:06:23.787:  ! DIA  --> IKE : Read identity
2016-05-09 22:06:23.865:  ! IKE  --> DIA : Diagnostic command acknowledged, Data="F6 94 21 98 25 12 09 15 27 06 10 21 04 46"    [ö”!˜%   '  ! F]
2016-05-09 22:06:28.951:  ! Keep-alive fired (5.0s): requesting IKE identity...
2016-05-09 22:06:29.013:  ! DIA  --> IKE : Read identity
2016-05-09 22:06:29.091:  ! IKE  --> DIA : Diagnostic command acknowledged, Data="F6 94 21 98 25 12 09 15 27 06 10 21 04 46"    [ö”!˜%   '  ! F]
2016-05-09 22:06:34.177:  ! Keep-alive fired (5.0s): requesting IKE identity...
2016-05-09 22:06:34.240:  ! DIA  --> IKE : Read identity
2016-05-09 22:06:34.255:  ! IKE  --> DIA : Diagnostic command acknowledged, Data="F6 94 21 98 25 12 09 15 27 06 10 21 04 46"    [ö”!˜%   '  ! F]
2016-05-09 22:06:39.403:  ! Keep-alive fired (5.0s): requesting IKE identity...
2016-05-09 22:06:39.466:  ! DIA  --> IKE : Read identity
2016-05-09 22:06:39.481:  ! IKE  --> DIA : Diagnostic command acknowledged, Data="F6 94 21 98 25 12 09 15 27 06 10 21 04 46"    [ö”!˜%   '  ! F]
2016-05-09 22:06:40.059:  !
2016-05-09 22:06:40.059:  ! Single device scan started
2016-05-09 22:06:40.090:  ! Scanning device: GM
2016-05-09 22:06:40.152:  ! DIA  --> GM  : Read identity
2016-05-09 22:06:40.230:  ! GM   --> DIA : Diagnostic command acknowledged, Data="86 90 12 27 20 05 21 09 17 00 06 22"    [† '  !    "]
2016-05-09 22:06:40.339:  ! Scan completed
2016-05-09 22:06:45.238:  ! Keep-alive fired (5.0s): requesting IKE identity...
2016-05-09 22:06:45.301:  ! DIA  --> IKE : Read identity
2016-05-09 22:06:45.316:  ! IKE  --> DIA : Diagnostic command acknowledged, Data="F6 94 21 98 25 12 09 15 27 06 10 21 04 46"    [ö”!˜%   '  ! F]
2016-05-09 22:06:50.464:  ! Keep-alive fired (5.0s): requesting IKE identity...
2016-05-09 22:06:50.527:  ! DIA  --> IKE : Read identity
2016-05-09 22:06:50.542:  ! IKE  --> DIA : Diagnostic command acknowledged, Data="F6 94 21 98 25 12 09 15 27 06 10 21 04 46"    [ö”!˜%   '  ! F]
2016-05-09 22:06:52.945:  !
2016-05-09 22:06:52.945:  ! Audio scan started
2016-05-09 22:06:52.961:  ! Scanning device: BMBT
2016-05-09 22:06:52.976:  ! DIA  --> BMBT: Read identity
2016-05-09 22:06:53.117:  ! BMBT --> DIA : Diagnostic command acknowledged, Data="88 37 59 43 51 00 04 05 16 00 16 50 02 00 00 00"    [ˆ7YCQ      P    ]
2016-05-09 22:06:53.257:  ! Scanning device: FMBT
2016-05-09 22:06:53.319:  ! DIA  --> FMBT: Read identity
2016-05-09 22:06:53.709:  ! DIA  --> FMBT: Read identity
2016-05-09 22:06:54.099:  ! DIA  --> FMBT: Read identity
2016-05-09 22:06:54.427:  ! Scanning device: MFL
2016-05-09 22:06:54.489:  ! DIA  --> MFL : Read identity
2016-05-09 22:06:54.567:  ! MFL  --> DIA : Diagnostic command acknowledged, Data="00 00 00 00 01 00 03 78 00 00 02 08"    [       x    ]
2016-05-09 22:06:54.661:  ! Scanning device: MID
2016-05-09 22:06:54.723:  ! DIA  --> MID : Read identity
2016-05-09 22:06:55.113:  ! DIA  --> MID : Read identity
2016-05-09 22:06:55.503:  ! DIA  --> MID : Read identity
2016-05-09 22:06:55.831:  ! Scanning device: FID
2016-05-09 22:06:55.893:  ! DIA  --> FID : Read identity
2016-05-09 22:06:56.283:  ! DIA  --> FID : Read identity
2016-05-09 22:06:56.673:  ! DIA  --> FID : Read identity
2016-05-09 22:06:57.001:  ! Scanning device: IRIS
2016-05-09 22:06:57.064:  ! DIA  --> IRIS: Read identity
2016-05-09 22:06:57.454:  ! DIA  --> IRIS: Read identity
2016-05-09 22:06:57.844:  ! DIA  --> IRIS: Read identity
2016-05-09 22:06:58.171:  ! Scanning device: GT
2016-05-09 22:06:58.234:  ! DIA  --> GT  : Read identity
2016-05-09 22:06:58.624:  ! DIA  --> GT  : Read identity
2016-05-09 22:06:59.014:  ! DIA  --> GT  : Read identity
2016-05-09 22:06:59.341:  ! Scanning device: NAV
2016-05-09 22:06:59.404:  ! DIA  --> NAV : Read identity
2016-05-09 22:06:59.794:  ! DIA  --> NAV : Read identity
2016-05-09 22:07:00.184:  ! DIA  --> NAV : Read identity
2016-05-09 22:07:00.511:  ! Scanning device: RAD
2016-05-09 22:07:00.574:  ! DIA  --> RAD : Read identity
2016-05-09 22:07:00.652:  ! RAD  --> DIA : Diagnostic command acknowledged, Data="86 90 27 18 45 00 25 09 07 00 17 42"    [†' E %    B]
2016-05-09 22:07:00.745:  ! Scanning device: DSP
2016-05-09 22:07:00.808:  ! DIA  --> DSP : Read identity
2016-05-09 22:07:00.886:  ! DSP  --> DIA : Diagnostic command acknowledged, Data="86 94 09 77 03 02 04 13 19 10 09 03"    [†” w        ]
2016-05-09 22:07:00.979:  ! Scanning device: DSPC
2016-05-09 22:07:01.042:  ! DIA  --> DSPC: Read identity
2016-05-09 22:07:01.432:  ! DIA  --> DSPC: Read identity
2016-05-09 22:07:01.822:  ! DIA  --> DSPC: Read identity
2016-05-09 22:07:02.149:  ! Scanning device: CDC
2016-05-09 22:07:02.165:  ! DIA  --> CDC : Read identity
2016-05-09 22:07:02.617:  ! DIA  --> CDC : Read identity
2016-05-09 22:07:03.007:  ! DIA  --> CDC : Read identity
2016-05-09 22:07:03.335:  ! Scanning device: CDCD
2016-05-09 22:07:03.397:  ! DIA  --> CDCD: Read identity
2016-05-09 22:07:03.787:  ! DIA  --> CDCD: Read identity
2016-05-09 22:07:04.177:  ! DIA  --> CDCD: Read identity
2016-05-09 22:07:04.505:  ! Scanning device: VID
2016-05-09 22:07:04.568:  ! DIA  --> VID : Read identity
2016-05-09 22:07:04.958:  ! DIA  --> VID : Read identity
2016-05-09 22:07:05.348:  ! DIA  --> VID : Read identity
2016-05-09 22:07:05.675:  ! Scanning device: TEL
2016-05-09 22:07:05.738:  ! DIA  --> TEL : Read identity
2016-05-09 22:07:06.128:  ! DIA  --> TEL : Read identity
2016-05-09 22:07:06.518:  ! DIA  --> TEL : Read identity
2016-05-09 22:07:06.861:  ! Scan completed
2016-05-09 22:07:06.939:  ! DIA  --> IKE : Read identity
2016-05-09 22:07:07.079:  ! IKE  --> DIA : Diagnostic command acknowledged, Data="F6 94 21 98 25 12 09 15 27 06 10 21 04 46"    [ö”!˜%   '  ! F]
2016-05-09 22:07:12.165:  ! Keep-alive fired (5.0s): requesting IKE identity...
2016-05-09 22:07:12.227:  ! DIA  --> IKE : Read identity
2016-05-09 22:07:12.305:  ! IKE  --> DIA : Diagnostic command acknowledged, Data="F6 94 21 98 25 12 09 15 27 06 10 21 04 46"    [ö”!˜%   '  ! F]
2016-05-09 22:07:17.391:  ! Keep-alive fired (5.0s): requesting IKE identity...
2016-05-09 22:07:17.453:  ! DIA  --> IKE : Read identity
2016-05-09 22:07:17.531:  ! IKE  --> DIA : Diagnostic command acknowledged, Data="F6 94 21 98 25 12 09 15 27 06 10 21 04 46"    [ö”!˜%   '  ! F]
2016-05-09 22:07:22.617:  ! Keep-alive fired (5.0s): requesting IKE identity...
2016-05-09 22:07:22.679:  ! DIA  --> IKE : Read identity
2016-05-09 22:07:22.757:  ! IKE  --> DIA : Diagnostic command acknowledged, Data="F6 94 21 98 25 12 09 15 27 06 10 21 04 46"    [ö”!˜%   '  ! F]
2016-05-09 22:07:27.843:  ! Keep-alive fired (5.0s): requesting IKE identity...
2016-05-09 22:07:27.905:  ! DIA  --> IKE : Read identity
2016-05-09 22:07:27.983:  ! IKE  --> DIA : Diagnostic command acknowledged, Data="F6 94 21 98 25 12 09 15 27 06 10 21 04 46"    [ö”!˜%   '  ! F]
2016-05-09 22:07:33.069:  ! Keep-alive fired (5.0s): requesting IKE identity...
2016-05-09 22:07:33.131:  ! DIA  --> IKE : Read identity
2016-05-09 22:07:33.147:  ! IKE  --> DIA : Diagnostic command acknowledged, Data="F6 94 21 98 25 12 09 15 27 06 10 21 04 46"    [ö”!˜%   '  ! F]
2016-05-09 22:07:38.295:  ! Keep-alive fired (5.0s): requesting IKE identity...
2016-05-09 22:07:38.358:  ! DIA  --> IKE : Read identity
2016-05-09 22:07:38.373:  ! IKE  --> DIA : Diagnostic command acknowledged, Data="F6 94 21 98 25 12 09 15 27 06 10 21 04 46"    [ö”!˜%   '  ! F]
2016-05-09 22:07:43.521:  ! Keep-alive fired (5.0s): requesting IKE identity...
2016-05-09 22:07:43.584:  ! DIA  --> IKE : Read identity
2016-05-09 22:07:43.662:  ! IKE  --> DIA : Diagnostic command acknowledged, Data="F6 94 21 98 25 12 09 15 27 06 10 21 04 46"    [ö”!˜%   '  ! F]
2016-05-09 22:07:48.747:  ! Keep-alive fired (5.0s): requesting IKE identity...
2016-05-09 22:07:48.810:  ! DIA  --> IKE : Read identity
2016-05-09 22:07:48.825:  ! IKE  --> DIA : Diagnostic command acknowledged, Data="F6 94 21 98 25 12 09 15 27 06 10 21 04 46"    [ö”!˜%   '  ! F]
2016-05-09 22:07:53.973:  ! Keep-alive fired (5.0s): requesting IKE identity...
2016-05-09 22:07:54.036:  ! DIA  --> IKE : Read identity
2016-05-09 22:07:54.114:  ! IKE  --> DIA : Diagnostic command acknowledged, Data="F6 94 21 98 25 12 09 15 27 06 10 21 04 46"    [ö”!˜%   '  ! F]
2016-05-09 22:07:59.199:  ! Keep-alive fired (5.0s): requesting IKE identity...
2016-05-09 22:07:59.262:  ! DIA  --> IKE : Read identity
2016-05-09 22:07:59.340:  ! IKE  --> DIA : Diagnostic command acknowledged, Data="F6 94 21 98 25 12 09 15 27 06 10 21 04 46"    [ö”!˜%   '  ! F]
2016-05-09 22:08:04.425:  ! Keep-alive fired (5.0s): requesting IKE identity...
2016-05-09 22:08:04.488:  ! DIA  --> IKE : Read identity
2016-05-09 22:08:04.566:  ! IKE  --> DIA : Diagnostic command acknowledged, Data="F6 94 21 98 25 12 09 15 27 06 10 21 04 46"    [ö”!˜%   '  ! F]
2016-05-09 22:08:09.651:  ! Keep-alive fired (5.0s): requesting IKE identity...
2016-05-09 22:08:09.714:  ! DIA  --> IKE : Read identity
2016-05-09 22:08:09.792:  ! IKE  --> DIA : Diagnostic command acknowledged, Data="F6 94 21 98 25 12 09 15 27 06 10 21 04 46"    [ö”!˜%   '  ! F]
2016-05-09 22:08:14.877:  ! Keep-alive fired (5.0s): requesting IKE identity...
2016-05-09 22:08:14.940:  ! DIA  --> IKE : Read identity
2016-05-09 22:08:14.940:  ! IKE  --> DIA : Diagnostic command acknowledged, Data="F6 94 21 98 25 12 09 15 27 06 10 21 04 46"    [ö”!˜%   '  ! F]
2016-05-09 22:08:20.088:  ! Keep-alive fired (5.0s): requesting IKE identity...
2016-05-09 22:08:20.150:  ! DIA  --> IKE : Read identity
2016-05-09 22:08:20.166:  ! IKE  --> DIA : Diagnostic command acknowledged, Data="F6 94 21 98 25 12 09 15 27 06 10 21 04 46"    [ö”!˜%   '  ! F]
2016-05-09 22:08:21.258:  ! DIA  --> TEL : Read identity
2016-05-09 22:08:21.648:  ! DIA  --> TEL : Read identity
2016-05-09 22:08:22.038:  ! DIA  --> TEL : Read identity
2016-05-09 22:08:27.045:  ! Keep-alive fired (5.0s): requesting IKE identity...
2016-05-09 22:08:27.108:  ! DIA  --> IKE : Read identity
2016-05-09 22:08:27.123:  ! IKE  --> DIA : Diagnostic command acknowledged, Data="F6 94 21 98 25 12 09 15 27 06 10 21 04 46"    [ö”!˜%   '  ! F]
2016-05-09 22:08:32.271:  ! Keep-alive fired (5.0s): requesting IKE identity...
2016-05-09 22:08:32.334:  ! DIA  --> IKE : Read identity
2016-05-09 22:08:32.412:  ! IKE  --> DIA : Diagnostic command acknowledged, Data="F6 94 21 98 25 12 09 15 27 06 10 21 04 46"    [ö”!˜%   '  ! F]
2016-05-09 22:08:37.232:  !
2016-05-09 22:08:37.232:  ! Full scan started
2016-05-09 22:08:37.248:  ! Scanning device: GM
2016-05-09 22:08:37.326:  ! DIA  --> GM  : Read identity
2016-05-09 22:08:37.404:  ! GM   --> DIA : Diagnostic command acknowledged, Data="86 90 12 27 20 05 21 09 17 00 06 22"    [† '  !    "]
2016-05-09 22:08:37.497:  ! Scanning device: MID1
2016-05-09 22:08:37.560:  ! DIA  --> MID1: Read identity
2016-05-09 22:08:37.950:  ! DIA  --> MID1: Read identity
2016-05-09 22:08:38.340:  ! DIA  --> MID1: Read identity
2016-05-09 22:08:38.667:  ! Scanning device: EKM
2016-05-09 22:08:38.730:  ! DIA  --> EKM : Read identity
2016-05-09 22:08:39.120:  ! DIA  --> EKM : Read identity
2016-05-09 22:08:39.510:  ! DIA  --> EKM : Read identity
2016-05-09 22:08:39.837:  ! Scanning device: 0x03
2016-05-09 22:08:39.900:  ! DIA  --> 0x03: Read identity
2016-05-09 22:08:40.290:  ! DIA  --> 0x03: Read identity
2016-05-09 22:08:40.680:  ! DIA  --> 0x03: Read identity
2016-05-09 22:08:41.007:  ! Scanning device: 0x04
2016-05-09 22:08:41.070:  ! DIA  --> 0x04: Read identity
2016-05-09 22:08:41.460:  ! DIA  --> 0x04: Read identity
2016-05-09 22:08:41.850:  ! DIA  --> 0x04: Read identity
2016-05-09 22:08:42.177:  ! Scanning device: 0x05
2016-05-09 22:08:42.240:  ! DIA  --> 0x05: Read identity
2016-05-09 22:08:42.630:  ! DIA  --> 0x05: Read identity
2016-05-09 22:08:43.020:  ! DIA  --> 0x05: Read identity
2016-05-09 22:08:43.347:  ! Scanning device: 0x06
2016-05-09 22:08:43.410:  ! DIA  --> 0x06: Read identity
2016-05-09 22:08:43.800:  ! DIA  --> 0x06: Read identity
2016-05-09 22:08:44.190:  ! DIA  --> 0x06: Read identity
2016-05-09 22:08:44.517:  ! Scanning device: 0x07
2016-05-09 22:08:44.580:  ! DIA  --> 0x07: Read identity
2016-05-09 22:08:44.970:  ! DIA  --> 0x07: Read identity
2016-05-09 22:08:45.360:  ! DIA  --> 0x07: Read identity
2016-05-09 22:08:45.687:  ! Scanning device: SHD
2016-05-09 22:08:45.750:  ! DIA  --> SHD : Read identity
2016-05-09 22:08:46.140:  ! DIA  --> SHD : Read identity
2016-05-09 22:08:46.530:  ! DIA  --> SHD : Read identity
2016-05-09 22:08:46.857:  ! Scanning device: ZKE
2016-05-09 22:08:46.920:  ! DIA  --> ZKE : Read identity
2016-05-09 22:08:47.310:  ! DIA  --> ZKE : Read identity
2016-05-09 22:08:47.700:  ! DIA  --> ZKE : Read identity
2016-05-09 22:08:48.027:  ! Scanning device: 0x0A
2016-05-09 22:08:48.090:  ! DIA  --> 0x0A: Read identity
2016-05-09 22:08:48.480:  ! DIA  --> 0x0A: Read identity
2016-05-09 22:08:48.870:  ! DIA  --> 0x0A: Read identity
2016-05-09 22:08:49.197:  ! Scan canceled
2016-05-09 22:08:53.877:  ! Keep-alive fired (5.0s): requesting IKE identity...
2016-05-09 22:08:53.940:  ! DIA  --> IKE : Read identity
2016-05-09 22:08:53.955:  ! IKE  --> DIA : Diagnostic command acknowledged, Data="F6 94 21 98 25 12 09 15 27 06 10 21 04 46"    [ö”!˜%   '  ! F]
2016-05-09 22:08:58.729:  !
2016-05-09 22:08:58.729:  ! Single device scan started
2016-05-09 22:08:58.760:  ! Scanning device: IKE
2016-05-09 22:08:58.823:  ! DIA  --> IKE : Read identity
2016-05-09 22:08:58.901:  ! IKE  --> DIA : Diagnostic command acknowledged, Data="F6 94 21 98 25 12 09 15 27 06 10 21 04 46"    [ö”!˜%   '  ! F]
2016-05-09 22:08:59.010:  ! Scan completed
2016-05-09 22:09:03.908:  ! Keep-alive fired (5.0s): requesting IKE identity...
2016-05-09 22:09:03.971:  ! DIA  --> IKE : Read identity
2016-05-09 22:09:03.986:  ! IKE  --> DIA : Diagnostic command acknowledged, Data="F6 94 21 98 25 12 09 15 27 06 10 21 04 46"    [ö”!˜%   '  ! F]
2016-05-09 22:09:09.150:  ! Keep-alive fired (5.0s): requesting IKE identity...
2016-05-09 22:09:09.212:  ! DIA  --> IKE : Read identity
2016-05-09 22:09:09.228:  ! IKE  --> DIA : Diagnostic command acknowledged, Data="F6 94 21 98 25 12 09 15 27 06 10 21 04 46"    [ö”!˜%   '  ! F]
2016-05-09 22:09:14.376:  ! Keep-alive fired (5.0s): requesting IKE identity...
2016-05-09 22:09:14.438:  ! DIA  --> IKE : Read identity
2016-05-09 22:09:14.516:  ! IKE  --> DIA : Diagnostic command acknowledged, Data="F6 94 21 98 25 12 09 15 27 06 10 21 04 46"    [ö”!˜%   '  ! F]
2016-05-09 22:09:19.602:  ! Keep-alive fired (5.0s): requesting IKE identity...
2016-05-09 22:09:19.664:  ! DIA  --> IKE : Read identity
2016-05-09 22:09:19.664:  ! IKE  --> DIA : Diagnostic command acknowledged, Data="F6 94 21 98 25 12 09 15 27 06 10 21 04 46"    [ö”!˜%   '  ! F]
2016-05-09 22:09:24.874:  ! Keep-alive fired (5.0s): requesting IKE identity...
2016-05-09 22:09:24.937:  ! DIA  --> IKE : Read identity
2016-05-09 22:09:25.015:  ! IKE  --> DIA : Diagnostic command acknowledged, Data="F6 94 21 98 25 12 09 15 27 06 10 21 04 46"    [ö”!˜%   '  ! F]
2016-05-09 22:09:30.225:  ! Keep-alive fired (5.0s): requesting IKE identity...
2016-05-09 22:09:30.288:  ! DIA  --> IKE : Read identity
2016-05-09 22:09:30.366:  ! IKE  --> DIA : Diagnostic command acknowledged, Data="F6 94 21 98 25 12 09 15 27 06 10 21 04 46"    [ö”!˜%   '  ! F]
2016-05-09 22:09:35.576:  ! Keep-alive fired (5.0s): requesting IKE identity...
2016-05-09 22:09:35.638:  ! DIA  --> IKE : Read identity
2016-05-09 22:09:35.716:  ! IKE  --> DIA : Diagnostic command acknowledged, Data="F6 94 21 98 25 12 09 15 27 06 10 21 04 46"    [ö”!˜%   '  ! F]
2016-05-09 22:09:40.927:  ! Keep-alive fired (5.0s): requesting IKE identity...
2016-05-09 22:09:40.989:  ! DIA  --> IKE : Read identity
2016-05-09 22:09:41.067:  ! IKE  --> DIA : Diagnostic command acknowledged, Data="F6 94 21 98 25 12 09 15 27 06 10 21 04 46"    [ö”!˜%   '  ! F]
2016-05-09 22:09:46.277:  ! Keep-alive fired (5.0s): requesting IKE identity...
2016-05-09 22:09:46.340:  ! DIA  --> IKE : Read identity
2016-05-09 22:09:46.418:  ! IKE  --> DIA : Diagnostic command acknowledged, Data="F6 94 21 98 25 12 09 15 27 06 10 21 04 46"    [ö”!˜%   '  ! F]
2016-05-09 22:09:51.628:  ! Keep-alive fired (5.0s): requesting IKE identity...
2016-05-09 22:09:51.690:  ! DIA  --> IKE : Read identity
2016-05-09 22:09:51.768:  ! IKE  --> DIA : Diagnostic command acknowledged, Data="F6 94 21 98 25 12 09 15 27 06 10 21 04 46"    [ö”!˜%   '  ! F]
2016-05-09 22:09:56.979:  ! Keep-alive fired (5.0s): requesting IKE identity...
2016-05-09 22:09:57.041:  ! DIA  --> IKE : Read identity
2016-05-09 22:09:57.119:  ! IKE  --> DIA : Diagnostic command acknowledged, Data="F6 94 21 98 25 12 09 15 27 06 10 21 04 46"    [ö”!˜%   '  ! F]
2016-05-09 22:10:02.330:  ! Keep-alive fired (5.0s): requesting IKE identity...
2016-05-09 22:10:02.392:  ! DIA  --> IKE : Read identity
2016-05-09 22:10:02.392:  ! IKE  --> DIA : Diagnostic command acknowledged, Data="F6 94 21 98 25 12 09 15 27 06 10 21 04 46"    [ö”!˜%   '  ! F]
2016-05-09 22:10:07.602:  ! Keep-alive fired (5.0s): requesting IKE identity...
2016-05-09 22:10:07.665:  ! DIA  --> IKE : Read identity
2016-05-09 22:10:07.758:  ! IKE  --> DIA : Diagnostic command acknowledged, Data="F6 94 21 98 25 12 09 15 27 06 10 21 04 46"    [ö”!˜%   '  ! F]
2016-05-09 22:10:09.381:  ! NavCoder logging stopped, NavCoder closed
2016-05-09 22:10:09.381:  !
